2026-04-18 22:20:40,938 | INFO | Nifty 100 Daily EMA Cross Reporter | Version 3.3.8 | Released 2026-04-17
2026-04-18 22:20:40,938 | INFO | Base directory: /home/runner/work/nifty100-reporter/nifty100-reporter
2026-04-18 22:20:40,938 | INFO | Loaded config. Email enabled: True | Recipients: 1
2026-04-18 22:20:41,019 | WARNING | NSE session bootstrap HTTP 403 (attempt 1/5) — refreshing NSE session cookie …
2026-04-18 22:20:51,224 | WARNING | NSE session bootstrap HTTP 403 (attempt 2/5) — refreshing NSE session cookie …
2026-04-18 22:21:01,491 | WARNING | NSE session bootstrap HTTP 403 (attempt 3/5) — refreshing NSE session cookie …
2026-04-18 22:21:11,702 | WARNING | NSE session bootstrap HTTP 403 (attempt 4/5) — refreshing NSE session cookie …
2026-04-18 22:21:21,865 | INFO | NSE session bootstrap status: 403
2026-04-18 22:21:21,867 | INFO | Downloading Nifty 100 universe from https://www.niftyindices.com/IndexConstituent/ind_nifty100list.csv
2026-04-18 22:21:22,495 | INFO | Universe download status: 200
2026-04-18 22:21:22,501 | INFO | Universe rows loaded: 100
2026-04-18 22:21:22,616 | INFO | Loaded history rows: 125464
2026-04-18 22:21:22,623 | INFO | yfinance history update: 100 symbols | 2026-04-16 → 2026-04-20
2026-04-18 22:21:22,623 | INFO | yfinance batch download: 100 symbols | 2026-04-16 → 2026-04-20
2026-04-18 22:21:22,626 | INFO | Failed to create TzCache, reason: Error creating TzCache folder: '/home/runner/.cache/py-yfinance' reason: [Errno 17] File exists: '/home/runner/.cache/py-yfinance'. TzCache will not be used. Tip: You can direct cache to use a different location with 'set_tz_cache_location(mylocation)'
2026-04-18 22:21:27,666 | INFO | yfinance raw shape: (2, 500)
2026-04-18 22:21:27,987 | INFO | yfinance parsed rows after date-filter: 200
2026-04-18 22:21:27,988 | INFO | New rows from yfinance: 200
2026-04-18 22:21:28,776 | INFO | Saved history rows: 125464 | file: /home/runner/work/nifty100-reporter/nifty100-reporter/data/nifty100_ohlcv_history.csv
2026-04-18 22:21:28,873 | INFO | Loaded history rows: 125464
2026-04-18 22:21:28,874 | INFO | Latest OHLCV data is from 2026-04-17
2026-04-18 22:21:28,902 | INFO | Latest Delivery data is from 2026-04-17
2026-04-18 22:21:28,948 | INFO | Delivery cache has 34 dates — skipping backfill.
2026-04-18 22:21:28,948 | INFO | Delivery fetch attempt [2/7] — URL: https://archives.nseindia.com/products/content/sec_bhavdata_full_17042026.csv
2026-04-18 22:21:29,485 | INFO | Delivery fetch SUCCESS — date: 2026-04-17 | size: 361601 bytes | URL: https://archives.nseindia.com/products/content/sec_bhavdata_full_17042026.csv
2026-04-18 22:21:29,832 | INFO | Delivery cache updated: 2403 symbols for 2026-04-17 (rows in cache: 82966)
2026-04-18 22:21:29,833 | INFO | Delivery data: 2403 symbols | fallback=False
2026-04-18 22:21:30,156 | INFO | Corporate actions bulk OK: 0 raw rows | 0 Nifty100 symbols with events
2026-04-18 22:22:05,563 | INFO | Corporate actions: 0/100 symbols have events (window 19-04-2026 to 19-05-2026) | Symbols: none
2026-04-18 22:22:05,563 | INFO | Index membership from cache: NIFTY 50 (50 symbols)
2026-04-18 22:22:05,563 | INFO | Index membership from cache: Nifty Next 50 (50 symbols)
2026-04-18 22:22:05,563 | INFO | Index membership ready: 100 symbols mapped
2026-04-18 22:22:06,178 | INFO | News RSS query for ABB: https://news.google.com/rss/search?q=%22ABB+India+Ltd.%22+NSE+when:10d&hl=en-IN&gl=IN&ceid=IN:en
2026-04-18 22:22:06,445 | INFO | News RSS status for ABB: 200
2026-04-18 22:22:06,789 | INFO | News RSS query for ADANIENSOL: https://news.google.com/rss/search?q=%22Adani+Energy+Solutions+Ltd.%22+NSE+when:10d&hl=en-IN&gl=IN&ceid=IN:en
2026-04-18 22:22:07,018 | INFO | News RSS status for ADANIENSOL: 200
2026-04-18 22:22:08,735 | INFO | News RSS query for ADANIPORTS: https://news.google.com/rss/search?q=%22Adani+Ports+and+Special+Economic+Zone+Ltd.%22+NSE+when:10d&hl=en-IN&gl=IN&ceid=IN:en
2026-04-18 22:22:09,042 | INFO | News RSS status for ADANIPORTS: 200
2026-04-18 22:22:09,115 | INFO | News RSS query for ADANIPORTS: https://news.google.com/rss/search?q=%22Adani+Ports+and+Special+Economic+Zone+Ltd.%22+NSE+when:10d&hl=en-IN&gl=IN&ceid=IN:en
2026-04-18 22:22:09,119 | INFO | News RSS status for ADANIPORTS: 200
2026-04-18 22:22:09,190 | INFO | News RSS query for ADANIPORTS: https://news.google.com/rss/search?q=%22Adani+Ports+and+Special+Economic+Zone+Ltd.%22+NSE+when:10d&hl=en-IN&gl=IN&ceid=IN:en
2026-04-18 22:22:09,195 | INFO | News RSS status for ADANIPORTS: 200
2026-04-18 22:22:09,852 | INFO | News RSS query for ADANIPOWER: https://news.google.com/rss/search?q=%22Adani+Power+Ltd.%22+NSE+when:10d&hl=en-IN&gl=IN&ceid=IN:en
2026-04-18 22:22:10,091 | INFO | News RSS status for ADANIPOWER: 200
2026-04-18 22:22:11,264 | INFO | News RSS query for APOLLOHOSP: https://news.google.com/rss/search?q=%22Apollo+Hospitals+Enterprise+Ltd.%22+NSE+when:10d&hl=en-IN&gl=IN&ceid=IN:en
2026-04-18 22:22:11,501 | INFO | News RSS status for APOLLOHOSP: 200
2026-04-18 22:22:12,657 | INFO | News RSS query for AXISBANK: https://news.google.com/rss/search?q=%22Axis+Bank+Ltd.%22+NSE+when:10d&hl=en-IN&gl=IN&ceid=IN:en
2026-04-18 22:22:12,861 | INFO | News RSS status for AXISBANK: 200
2026-04-18 22:22:12,933 | INFO | News RSS query for AXISBANK: https://news.google.com/rss/search?q=%22Axis+Bank+Ltd.%22+NSE+when:10d&hl=en-IN&gl=IN&ceid=IN:en
2026-04-18 22:22:12,938 | INFO | News RSS status for AXISBANK: 200
2026-04-18 22:22:13,557 | INFO | News RSS query for BAJAJ-AUTO: https://news.google.com/rss/search?q=%22Bajaj+Auto+Ltd.%22+NSE+when:10d&hl=en-IN&gl=IN&ceid=IN:en
2026-04-18 22:22:13,831 | INFO | News RSS status for BAJAJ-AUTO: 200
2026-04-18 22:22:13,904 | INFO | News RSS query for BAJAJ-AUTO: https://news.google.com/rss/search?q=%22Bajaj+Auto+Ltd.%22+NSE+when:10d&hl=en-IN&gl=IN&ceid=IN:en
2026-04-18 22:22:13,908 | INFO | News RSS status for BAJAJ-AUTO: 200
2026-04-18 22:22:16,733 | INFO | News RSS query for BEL: https://news.google.com/rss/search?q=%22Bharat+Electronics+Ltd.%22+NSE+when:10d&hl=en-IN&gl=IN&ceid=IN:en
2026-04-18 22:22:16,942 | INFO | News RSS status for BEL: 200
2026-04-18 22:22:18,114 | INFO | News RSS query for BOSCHLTD: https://news.google.com/rss/search?q=%22Bosch+Ltd.%22+NSE+when:10d&hl=en-IN&gl=IN&ceid=IN:en
2026-04-18 22:22:18,338 | INFO | News RSS status for BOSCHLTD: 200
2026-04-18 22:22:20,592 | INFO | News RSS query for CGPOWER: https://news.google.com/rss/search?q=%22CG+Power+and+Industrial+Solutions+Ltd.%22+NSE+when:10d&hl=en-IN&gl=IN&ceid=IN:en
2026-04-18 22:22:20,815 | INFO | News RSS status for CGPOWER: 200
2026-04-18 22:22:23,089 | INFO | News RSS query for CUMMINSIND: https://news.google.com/rss/search?q=%22Cummins+India+Ltd.%22+NSE+when:10d&hl=en-IN&gl=IN&ceid=IN:en
2026-04-18 22:22:23,281 | INFO | News RSS status for CUMMINSIND: 200
2026-04-18 22:22:23,283 | INFO | News RSS query for CUMMINSIND: https://news.google.com/rss/search?q=%22Cummins+India+Ltd.%22+stock+when:10d&hl=en-IN&gl=IN&ceid=IN:en
2026-04-18 22:22:23,533 | INFO | News RSS status for CUMMINSIND: 200
2026-04-18 22:22:25,261 | INFO | News RSS query for DMART: https://news.google.com/rss/search?q=%22Avenue+Supermarts+Ltd.%22+NSE+when:10d&hl=en-IN&gl=IN&ceid=IN:en
2026-04-18 22:22:25,488 | INFO | News RSS status for DMART: 200
2026-04-18 22:22:25,489 | INFO | News RSS query for DMART: https://news.google.com/rss/search?q=%22Avenue+Supermarts+Ltd.%22+stock+when:10d&hl=en-IN&gl=IN&ceid=IN:en
2026-04-18 22:22:25,744 | INFO | News RSS status for DMART: 200
2026-04-18 22:22:25,815 | INFO | News RSS query for DMART: https://news.google.com/rss/search?q=%22Avenue+Supermarts+Ltd.%22+NSE+when:10d&hl=en-IN&gl=IN&ceid=IN:en
2026-04-18 22:22:25,819 | INFO | News RSS status for DMART: 200
2026-04-18 22:22:25,820 | INFO | News RSS query for DMART: https://news.google.com/rss/search?q=%22Avenue+Supermarts+Ltd.%22+stock+when:10d&hl=en-IN&gl=IN&ceid=IN:en
2026-04-18 22:22:25,824 | INFO | News RSS status for DMART: 200
2026-04-18 22:22:26,908 | WARNING | Skipping ENRIN — only 203 bars available (need 220). Extend history_backfill_days in config.json to include this symbol.
2026-04-18 22:22:32,312 | INFO | News RSS query for HINDALCO: https://news.google.com/rss/search?q=%22Hindalco+Industries+Ltd.%22+NSE+when:10d&hl=en-IN&gl=IN&ceid=IN:en
2026-04-18 22:22:32,586 | INFO | News RSS status for HINDALCO: 200
2026-04-18 22:22:33,204 | INFO | News RSS query for HINDUNILVR: https://news.google.com/rss/search?q=%22Hindustan+Unilever+Ltd.%22+NSE+when:10d&hl=en-IN&gl=IN&ceid=IN:en
2026-04-18 22:22:33,431 | INFO | News RSS status for HINDUNILVR: 200
2026-04-18 22:22:37,950 | INFO | News RSS query for ITC: https://news.google.com/rss/search?q=%22ITC+Ltd.%22+NSE+when:10d&hl=en-IN&gl=IN&ceid=IN:en
2026-04-18 22:22:38,231 | INFO | News RSS status for ITC: 200
2026-04-18 22:22:38,854 | INFO | News RSS query for JINDALSTEL: https://news.google.com/rss/search?q=%22Jindal+Steel+Ltd.%22+NSE+when:10d&hl=en-IN&gl=IN&ceid=IN:en
2026-04-18 22:22:39,120 | INFO | News RSS status for JINDALSTEL: 200
2026-04-18 22:22:39,123 | INFO | News RSS query for JINDALSTEL: https://news.google.com/rss/search?q=%22Jindal+Steel+Ltd.%22+stock+when:10d&hl=en-IN&gl=IN&ceid=IN:en
2026-04-18 22:22:39,386 | INFO | News RSS status for JINDALSTEL: 200
2026-04-18 22:22:39,716 | INFO | News RSS query for JIOFIN: https://news.google.com/rss/search?q=%22Jio+Financial+Services+Ltd.%22+NSE+when:10d&hl=en-IN&gl=IN&ceid=IN:en
2026-04-18 22:22:39,990 | INFO | News RSS status for JIOFIN: 200
2026-04-18 22:22:40,616 | INFO | News RSS query for JSWSTEEL: https://news.google.com/rss/search?q=%22JSW+Steel+Ltd.%22+NSE+when:10d&hl=en-IN&gl=IN&ceid=IN:en
2026-04-18 22:22:40,821 | INFO | News RSS status for JSWSTEEL: 200
2026-04-18 22:22:40,892 | INFO | News RSS query for JSWSTEEL: https://news.google.com/rss/search?q=%22JSW+Steel+Ltd.%22+NSE+when:10d&hl=en-IN&gl=IN&ceid=IN:en
2026-04-18 22:22:40,897 | INFO | News RSS status for JSWSTEEL: 200
2026-04-18 22:22:40,968 | INFO | News RSS query for JSWSTEEL: https://news.google.com/rss/search?q=%22JSW+Steel+Ltd.%22+NSE+when:10d&hl=en-IN&gl=IN&ceid=IN:en
2026-04-18 22:22:40,971 | INFO | News RSS status for JSWSTEEL: 200
2026-04-18 22:22:42,085 | INFO | News RSS query for LODHA: https://news.google.com/rss/search?q=%22Lodha+Developers+Ltd.%22+NSE+when:10d&hl=en-IN&gl=IN&ceid=IN:en
2026-04-18 22:22:42,245 | INFO | News RSS status for LODHA: 200
2026-04-18 22:22:42,245 | INFO | News RSS query for LODHA: https://news.google.com/rss/search?q=%22Lodha+Developers+Ltd.%22+stock+when:10d&hl=en-IN&gl=IN&ceid=IN:en
2026-04-18 22:22:42,471 | INFO | News RSS status for LODHA: 200
2026-04-18 22:22:43,018 | WARNING | Skipping LTM — only 38 bars available (need 220). Extend history_backfill_days in config.json to include this symbol.
2026-04-18 22:22:44,169 | INFO | News RSS query for MARUTI: https://news.google.com/rss/search?q=%22Maruti+Suzuki+India+Ltd.%22+NSE+when:10d&hl=en-IN&gl=IN&ceid=IN:en
2026-04-18 22:22:44,392 | INFO | News RSS status for MARUTI: 200
2026-04-18 22:22:47,718 | INFO | News RSS query for NTPC: https://news.google.com/rss/search?q=%22NTPC+Ltd.%22+NSE+when:10d&hl=en-IN&gl=IN&ceid=IN:en
2026-04-18 22:22:47,974 | INFO | News RSS status for NTPC: 200
2026-04-18 22:22:47,977 | INFO | News RSS query for NTPC: https://news.google.com/rss/search?q=%22NTPC+Ltd.%22+stock+when:10d&hl=en-IN&gl=IN&ceid=IN:en
2026-04-18 22:22:48,210 | INFO | News RSS status for NTPC: 200
2026-04-18 22:22:48,826 | INFO | News RSS query for ONGC: https://news.google.com/rss/search?q=%22Oil+%26+Natural+Gas+Corporation+Ltd.%22+NSE+when:10d&hl=en-IN&gl=IN&ceid=IN:en
2026-04-18 22:22:49,008 | INFO | News RSS status for ONGC: 200
2026-04-18 22:22:49,008 | INFO | News RSS query for ONGC: https://news.google.com/rss/search?q=%22Oil+%26+Natural+Gas+Corporation+Ltd.%22+stock+when:10d&hl=en-IN&gl=IN&ceid=IN:en
2026-04-18 22:22:49,236 | INFO | News RSS status for ONGC: 200
2026-04-18 22:22:49,308 | INFO | News RSS query for ONGC: https://news.google.com/rss/search?q=%22Oil+%26+Natural+Gas+Corporation+Ltd.%22+NSE+when:10d&hl=en-IN&gl=IN&ceid=IN:en
2026-04-18 22:22:49,314 | INFO | News RSS status for ONGC: 200
2026-04-18 22:22:49,314 | INFO | News RSS query for ONGC: https://news.google.com/rss/search?q=%22Oil+%26+Natural+Gas+Corporation+Ltd.%22+stock+when:10d&hl=en-IN&gl=IN&ceid=IN:en
2026-04-18 22:22:49,319 | INFO | News RSS status for ONGC: 200
2026-04-18 22:22:49,936 | INFO | News RSS query for PFC: https://news.google.com/rss/search?q=%22Power+Finance+Corporation+Ltd.%22+NSE+when:10d&hl=en-IN&gl=IN&ceid=IN:en
2026-04-18 22:22:50,199 | INFO | News RSS status for PFC: 200
2026-04-18 22:22:50,202 | INFO | News RSS query for PFC: https://news.google.com/rss/search?q=%22Power+Finance+Corporation+Ltd.%22+stock+when:10d&hl=en-IN&gl=IN&ceid=IN:en
2026-04-18 22:22:50,477 | INFO | News RSS status for PFC: 200
2026-04-18 22:22:52,168 | INFO | News RSS query for POWERGRID: https://news.google.com/rss/search?q=%22Power+Grid+Corporation+of+India+Ltd.%22+NSE+when:10d&hl=en-IN&gl=IN&ceid=IN:en
2026-04-18 22:22:52,415 | INFO | News RSS status for POWERGRID: 200
2026-04-18 22:22:55,765 | INFO | News RSS query for SHRIRAMFIN: https://news.google.com/rss/search?q=%22Shriram+Finance+Ltd.%22+NSE+when:10d&hl=en-IN&gl=IN&ceid=IN:en
2026-04-18 22:22:55,971 | INFO | News RSS status for SHRIRAMFIN: 200
2026-04-18 22:22:56,044 | INFO | News RSS query for SHRIRAMFIN: https://news.google.com/rss/search?q=%22Shriram+Finance+Ltd.%22+NSE+when:10d&hl=en-IN&gl=IN&ceid=IN:en
2026-04-18 22:22:56,049 | INFO | News RSS status for SHRIRAMFIN: 200
2026-04-18 22:22:56,121 | INFO | News RSS query for SHRIRAMFIN: https://news.google.com/rss/search?q=%22Shriram+Finance+Ltd.%22+NSE+when:10d&hl=en-IN&gl=IN&ceid=IN:en
2026-04-18 22:22:56,125 | INFO | News RSS status for SHRIRAMFIN: 200
2026-04-18 22:22:56,739 | INFO | News RSS query for SIEMENS: https://news.google.com/rss/search?q=%22Siemens+Ltd.%22+NSE+when:10d&hl=en-IN&gl=IN&ceid=IN:en
2026-04-18 22:22:56,973 | INFO | News RSS status for SIEMENS: 200
2026-04-18 22:22:56,975 | INFO | News RSS query for SIEMENS: https://news.google.com/rss/search?q=%22Siemens+Ltd.%22+stock+when:10d&hl=en-IN&gl=IN&ceid=IN:en
2026-04-18 22:22:57,249 | INFO | News RSS status for SIEMENS: 200
2026-04-18 22:22:57,862 | INFO | News RSS query for SOLARINDS: https://news.google.com/rss/search?q=%22Solar+Industries+India+Ltd.%22+NSE+when:10d&hl=en-IN&gl=IN&ceid=IN:en
2026-04-18 22:22:58,109 | INFO | News RSS status for SOLARINDS: 200
2026-04-18 22:22:58,660 | WARNING | Skipping TATACAP — only 126 bars available (need 220). Extend history_backfill_days in config.json to include this symbol.
2026-04-18 22:22:59,809 | INFO | News RSS query for TATAPOWER: https://news.google.com/rss/search?q=%22Tata+Power+Co.+Ltd.%22+NSE+when:10d&hl=en-IN&gl=IN&ceid=IN:en
2026-04-18 22:23:00,019 | INFO | News RSS status for TATAPOWER: 200
2026-04-18 22:23:00,020 | INFO | News RSS query for TATAPOWER: https://news.google.com/rss/search?q=%22Tata+Power+Co.+Ltd.%22+stock+when:10d&hl=en-IN&gl=IN&ceid=IN:en
2026-04-18 22:23:00,243 | INFO | News RSS status for TATAPOWER: 200
2026-04-18 22:23:00,861 | INFO | News RSS query for TATASTEEL: https://news.google.com/rss/search?q=%22Tata+Steel+Ltd.%22+NSE+when:10d&hl=en-IN&gl=IN&ceid=IN:en
2026-04-18 22:23:01,052 | INFO | News RSS status for TATASTEEL: 200
2026-04-18 22:23:02,776 | INFO | News RSS query for TITAN: https://news.google.com/rss/search?q=%22Titan+Company+Ltd.%22+NSE+when:10d&hl=en-IN&gl=IN&ceid=IN:en
2026-04-18 22:23:03,030 | INFO | News RSS status for TITAN: 200
2026-04-18 22:23:03,034 | WARNING | Skipping TMCV — only 106 bars available (need 220). Extend history_backfill_days in config.json to include this symbol.
2026-04-18 22:23:03,035 | WARNING | Skipping TMPV — only 123 bars available (need 220). Extend history_backfill_days in config.json to include this symbol.
2026-04-18 22:23:05,852 | INFO | News RSS query for UNIONBANK: https://news.google.com/rss/search?q=%22Union+Bank+of+India%22+NSE+when:10d&hl=en-IN&gl=IN&ceid=IN:en
2026-04-18 22:23:06,117 | INFO | News RSS status for UNIONBANK: 200
2026-04-18 22:23:07,487 | INFO | News RSS query for VEDL: https://news.google.com/rss/search?q=%22Vedanta+Ltd.%22+NSE+when:10d&hl=en-IN&gl=IN&ceid=IN:en
2026-04-18 22:23:07,809 | INFO | News RSS status for VEDL: 200
2026-04-18 22:23:08,965 | INFO | News RSS query for ZYDUSLIFE: https://news.google.com/rss/search?q=%22Zydus+Lifesciences+Ltd.%22+NSE+when:10d&hl=en-IN&gl=IN&ceid=IN:en
2026-04-18 22:23:09,164 | INFO | News RSS status for ZYDUSLIFE: 200
2026-04-18 22:23:09,167 | INFO | News RSS query for ZYDUSLIFE: https://news.google.com/rss/search?q=%22Zydus+Lifesciences+Ltd.%22+stock+when:10d&hl=en-IN&gl=IN&ceid=IN:en
2026-04-18 22:23:09,402 | INFO | News RSS status for ZYDUSLIFE: 200
2026-04-18 22:23:09,413 | INFO | Index membership from cache: NIFTY 50 (50 symbols)
2026-04-18 22:23:09,413 | INFO | Index membership from cache: Nifty Next 50 (50 symbols)
2026-04-18 22:23:09,413 | INFO | Index membership ready: 100 symbols mapped
2026-04-18 22:23:09,413 | INFO | Market Health: fetching index OHLCV...
2026-04-18 22:23:09,416 | INFO | Index OHLCV cache fresh for NIFTY 50 (1362 rows)
2026-04-18 22:23:09,419 | INFO | Index OHLCV cache fresh for NIFTY NEXT 50 (1362 rows)
2026-04-18 22:23:09,419 | INFO | Market Health: fetching VIX...
2026-04-18 22:23:09,421 | INFO | VIX cache fresh (60 rows)
2026-04-18 22:23:09,421 | INFO | Market Health: updating breadth EMA cache...
2026-04-18 22:23:10,619 | INFO | Market Health [NIFTY 50]: Score=32.0 | Weak Bull &#x1F7E1;
2026-04-18 22:23:10,636 | INFO | Market Health [Nifty Next 50]: Score=48.0 | Weak Bull &#x1F7E1;
2026-04-18 22:23:10,717 | INFO | Signal log: skipping new signal insertion — 2026-04-19 is a weekend.
2026-04-18 22:23:10,852 | INFO | Signal tracker: updated 17 Active signal rows.
2026-04-18 22:23:10,871 | INFO | HTML report written: /home/runner/work/nifty100-reporter/nifty100-reporter/reports/nifty100_daily_report_20260419.html
2026-04-18 22:23:10,880 | INFO | Market Health Excel sheet written.
2026-04-18 22:23:10,983 | INFO | Excel report written: /home/runner/work/nifty100-reporter/nifty100-reporter/reports/nifty100_daily_report_20260419.xlsx
2026-04-18 22:23:10,984 | INFO | GitHub Actions detected — skipping Gmail API send (workflow handles email).
2026-04-18 22:23:10,984 | INFO | Run completed successfully.
2026-04-18 22:23:10,984 | INFO | Artifacts: /home/runner/work/nifty100-reporter/nifty100-reporter/reports/nifty100_daily_report_20260419.html | /home/runner/work/nifty100-reporter/nifty100-reporter/reports/nifty100_daily_report_20260419.xlsx | log: /home/runner/work/nifty100-reporter/nifty100-reporter/logs/run_20260419_035040.log
