2026-04-19 08:47:37,634 | INFO | Nifty 100 Daily EMA Cross Reporter | Version 3.3.8 | Released 2026-04-17
2026-04-19 08:47:37,635 | INFO | Base directory: /home/runner/work/nifty100-reporter/nifty100-reporter
2026-04-19 08:47:37,635 | INFO | Loaded config. Email enabled: True | Recipients: 1
2026-04-19 08:47:37,778 | WARNING | NSE session bootstrap HTTP 403 (attempt 1/5) — refreshing NSE session cookie …
2026-04-19 08:47:47,976 | WARNING | NSE session bootstrap HTTP 403 (attempt 2/5) — refreshing NSE session cookie …
2026-04-19 08:47:58,180 | WARNING | NSE session bootstrap HTTP 403 (attempt 3/5) — refreshing NSE session cookie …
2026-04-19 08:48:08,376 | WARNING | NSE session bootstrap HTTP 403 (attempt 4/5) — refreshing NSE session cookie …
2026-04-19 08:48:18,599 | INFO | NSE session bootstrap status: 403
2026-04-19 08:48:18,600 | INFO | Downloading Nifty 100 universe from https://www.niftyindices.com/IndexConstituent/ind_nifty100list.csv
2026-04-19 08:48:18,942 | INFO | Universe download status: 200
2026-04-19 08:48:18,948 | INFO | Universe rows loaded: 100
2026-04-19 08:48:19,055 | INFO | Loaded history rows: 125464
2026-04-19 08:48:19,063 | INFO | yfinance history update: 100 symbols | 2026-04-16 → 2026-04-20
2026-04-19 08:48:19,063 | INFO | yfinance batch download: 100 symbols | 2026-04-16 → 2026-04-20
2026-04-19 08:48:19,064 | INFO | Failed to create TzCache, reason: Error creating TzCache folder: '/home/runner/.cache/py-yfinance' reason: [Errno 17] File exists: '/home/runner/.cache/py-yfinance'. TzCache will not be used. Tip: You can direct cache to use a different location with 'set_tz_cache_location(mylocation)'
2026-04-19 08:48:22,506 | INFO | yfinance raw shape: (2, 500)
2026-04-19 08:48:22,834 | INFO | yfinance parsed rows after date-filter: 200
2026-04-19 08:48:22,835 | INFO | New rows from yfinance: 200
2026-04-19 08:48:23,614 | INFO | Saved history rows: 125464 | file: /home/runner/work/nifty100-reporter/nifty100-reporter/data/nifty100_ohlcv_history.csv
2026-04-19 08:48:23,721 | INFO | Loaded history rows: 125464
2026-04-19 08:48:23,722 | INFO | Latest OHLCV data is from 2026-04-17
2026-04-19 08:48:23,749 | INFO | Latest Delivery data is from 2026-04-17
2026-04-19 08:48:23,795 | INFO | Delivery cache has 34 dates — skipping backfill.
2026-04-19 08:48:23,795 | INFO | Delivery fetch attempt [2/7] — URL: https://archives.nseindia.com/products/content/sec_bhavdata_full_17042026.csv
2026-04-19 08:48:37,401 | INFO | Delivery fetch SUCCESS — date: 2026-04-17 | size: 361601 bytes | URL: https://archives.nseindia.com/products/content/sec_bhavdata_full_17042026.csv
2026-04-19 08:48:37,758 | INFO | Delivery cache updated: 2403 symbols for 2026-04-17 (rows in cache: 82966)
2026-04-19 08:48:37,759 | INFO | Delivery data: 2403 symbols | fallback=False
2026-04-19 08:48:38,208 | INFO | Corporate actions bulk OK: 8 raw rows | 1 Nifty100 symbols with events
2026-04-19 08:49:12,902 | INFO | Corporate actions: 1/100 symbols have events (window 19-04-2026 to 19-05-2026) | Symbols: ABB
2026-04-19 08:49:12,902 | INFO | Index membership from cache: NIFTY 50 (50 symbols)
2026-04-19 08:49:12,902 | INFO | Index membership from cache: Nifty Next 50 (50 symbols)
2026-04-19 08:49:12,902 | INFO | Index membership ready: 100 symbols mapped
2026-04-19 08:49:13,521 | INFO | News RSS query for ABB: https://news.google.com/rss/search?q=%22ABB+India+Ltd.%22+NSE+when:10d&hl=en-IN&gl=IN&ceid=IN:en
2026-04-19 08:49:13,757 | INFO | News RSS status for ABB: 200
2026-04-19 08:49:14,101 | INFO | News RSS query for ADANIENSOL: https://news.google.com/rss/search?q=%22Adani+Energy+Solutions+Ltd.%22+NSE+when:10d&hl=en-IN&gl=IN&ceid=IN:en
2026-04-19 08:49:14,299 | INFO | News RSS status for ADANIENSOL: 200
2026-04-19 08:49:16,023 | INFO | News RSS query for ADANIPORTS: https://news.google.com/rss/search?q=%22Adani+Ports+and+Special+Economic+Zone+Ltd.%22+NSE+when:10d&hl=en-IN&gl=IN&ceid=IN:en
2026-04-19 08:49:16,231 | INFO | News RSS status for ADANIPORTS: 200
2026-04-19 08:49:16,302 | INFO | News RSS query for ADANIPORTS: https://news.google.com/rss/search?q=%22Adani+Ports+and+Special+Economic+Zone+Ltd.%22+NSE+when:10d&hl=en-IN&gl=IN&ceid=IN:en
2026-04-19 08:49:16,307 | INFO | News RSS status for ADANIPORTS: 200
2026-04-19 08:49:16,375 | INFO | News RSS query for ADANIPORTS: https://news.google.com/rss/search?q=%22Adani+Ports+and+Special+Economic+Zone+Ltd.%22+NSE+when:10d&hl=en-IN&gl=IN&ceid=IN:en
2026-04-19 08:49:16,380 | INFO | News RSS status for ADANIPORTS: 200
2026-04-19 08:49:16,999 | INFO | News RSS query for ADANIPOWER: https://news.google.com/rss/search?q=%22Adani+Power+Ltd.%22+NSE+when:10d&hl=en-IN&gl=IN&ceid=IN:en
2026-04-19 08:49:17,203 | INFO | News RSS status for ADANIPOWER: 200
2026-04-19 08:49:18,404 | INFO | News RSS query for APOLLOHOSP: https://news.google.com/rss/search?q=%22Apollo+Hospitals+Enterprise+Ltd.%22+NSE+when:10d&hl=en-IN&gl=IN&ceid=IN:en
2026-04-19 08:49:18,652 | INFO | News RSS status for APOLLOHOSP: 200
2026-04-19 08:49:19,820 | INFO | News RSS query for AXISBANK: https://news.google.com/rss/search?q=%22Axis+Bank+Ltd.%22+NSE+when:10d&hl=en-IN&gl=IN&ceid=IN:en
2026-04-19 08:49:20,026 | INFO | News RSS status for AXISBANK: 200
2026-04-19 08:49:20,101 | INFO | News RSS query for AXISBANK: https://news.google.com/rss/search?q=%22Axis+Bank+Ltd.%22+NSE+when:10d&hl=en-IN&gl=IN&ceid=IN:en
2026-04-19 08:49:20,105 | INFO | News RSS status for AXISBANK: 200
2026-04-19 08:49:20,705 | INFO | News RSS query for BAJAJ-AUTO: https://news.google.com/rss/search?q=%22Bajaj+Auto+Ltd.%22+NSE+when:10d&hl=en-IN&gl=IN&ceid=IN:en
2026-04-19 08:49:20,964 | INFO | News RSS status for BAJAJ-AUTO: 200
2026-04-19 08:49:21,035 | INFO | News RSS query for BAJAJ-AUTO: https://news.google.com/rss/search?q=%22Bajaj+Auto+Ltd.%22+NSE+when:10d&hl=en-IN&gl=IN&ceid=IN:en
2026-04-19 08:49:21,039 | INFO | News RSS status for BAJAJ-AUTO: 200
2026-04-19 08:49:23,823 | INFO | News RSS query for BEL: https://news.google.com/rss/search?q=%22Bharat+Electronics+Ltd.%22+NSE+when:10d&hl=en-IN&gl=IN&ceid=IN:en
2026-04-19 08:49:24,015 | INFO | News RSS status for BEL: 200
2026-04-19 08:49:25,171 | INFO | News RSS query for BOSCHLTD: https://news.google.com/rss/search?q=%22Bosch+Ltd.%22+NSE+when:10d&hl=en-IN&gl=IN&ceid=IN:en
2026-04-19 08:49:25,435 | INFO | News RSS status for BOSCHLTD: 200
2026-04-19 08:49:27,715 | INFO | News RSS query for CGPOWER: https://news.google.com/rss/search?q=%22CG+Power+and+Industrial+Solutions+Ltd.%22+NSE+when:10d&hl=en-IN&gl=IN&ceid=IN:en
2026-04-19 08:49:27,957 | INFO | News RSS status for CGPOWER: 200
2026-04-19 08:49:30,239 | INFO | News RSS query for CUMMINSIND: https://news.google.com/rss/search?q=%22Cummins+India+Ltd.%22+NSE+when:10d&hl=en-IN&gl=IN&ceid=IN:en
2026-04-19 08:49:30,452 | INFO | News RSS status for CUMMINSIND: 200
2026-04-19 08:49:30,454 | INFO | News RSS query for CUMMINSIND: https://news.google.com/rss/search?q=%22Cummins+India+Ltd.%22+stock+when:10d&hl=en-IN&gl=IN&ceid=IN:en
2026-04-19 08:49:30,660 | INFO | News RSS status for CUMMINSIND: 200
2026-04-19 08:49:32,375 | INFO | News RSS query for DMART: https://news.google.com/rss/search?q=%22Avenue+Supermarts+Ltd.%22+NSE+when:10d&hl=en-IN&gl=IN&ceid=IN:en
2026-04-19 08:49:32,545 | INFO | News RSS status for DMART: 200
2026-04-19 08:49:32,546 | INFO | News RSS query for DMART: https://news.google.com/rss/search?q=%22Avenue+Supermarts+Ltd.%22+stock+when:10d&hl=en-IN&gl=IN&ceid=IN:en
2026-04-19 08:49:32,753 | INFO | News RSS status for DMART: 200
2026-04-19 08:49:32,823 | INFO | News RSS query for DMART: https://news.google.com/rss/search?q=%22Avenue+Supermarts+Ltd.%22+NSE+when:10d&hl=en-IN&gl=IN&ceid=IN:en
2026-04-19 08:49:32,828 | INFO | News RSS status for DMART: 200
2026-04-19 08:49:32,829 | INFO | News RSS query for DMART: https://news.google.com/rss/search?q=%22Avenue+Supermarts+Ltd.%22+stock+when:10d&hl=en-IN&gl=IN&ceid=IN:en
2026-04-19 08:49:32,834 | INFO | News RSS status for DMART: 200
2026-04-19 08:49:33,939 | WARNING | Skipping ENRIN — only 203 bars available (need 220). Extend history_backfill_days in config.json to include this symbol.
2026-04-19 08:49:39,449 | INFO | News RSS query for HINDALCO: https://news.google.com/rss/search?q=%22Hindalco+Industries+Ltd.%22+NSE+when:10d&hl=en-IN&gl=IN&ceid=IN:en
2026-04-19 08:49:39,654 | INFO | News RSS status for HINDALCO: 200
2026-04-19 08:49:40,283 | INFO | News RSS query for HINDUNILVR: https://news.google.com/rss/search?q=%22Hindustan+Unilever+Ltd.%22+NSE+when:10d&hl=en-IN&gl=IN&ceid=IN:en
2026-04-19 08:49:40,511 | INFO | News RSS status for HINDUNILVR: 200
2026-04-19 08:49:45,054 | INFO | News RSS query for ITC: https://news.google.com/rss/search?q=%22ITC+Ltd.%22+NSE+when:10d&hl=en-IN&gl=IN&ceid=IN:en
2026-04-19 08:49:45,268 | INFO | News RSS status for ITC: 200
2026-04-19 08:49:45,889 | INFO | News RSS query for JINDALSTEL: https://news.google.com/rss/search?q=%22Jindal+Steel+Ltd.%22+NSE+when:10d&hl=en-IN&gl=IN&ceid=IN:en
2026-04-19 08:49:46,073 | INFO | News RSS status for JINDALSTEL: 200
2026-04-19 08:49:46,419 | INFO | News RSS query for JIOFIN: https://news.google.com/rss/search?q=%22Jio+Financial+Services+Ltd.%22+NSE+when:10d&hl=en-IN&gl=IN&ceid=IN:en
2026-04-19 08:49:46,624 | INFO | News RSS status for JIOFIN: 200
2026-04-19 08:49:47,245 | INFO | News RSS query for JSWSTEEL: https://news.google.com/rss/search?q=%22JSW+Steel+Ltd.%22+NSE+when:10d&hl=en-IN&gl=IN&ceid=IN:en
2026-04-19 08:49:47,451 | INFO | News RSS status for JSWSTEEL: 200
2026-04-19 08:49:47,522 | INFO | News RSS query for JSWSTEEL: https://news.google.com/rss/search?q=%22JSW+Steel+Ltd.%22+NSE+when:10d&hl=en-IN&gl=IN&ceid=IN:en
2026-04-19 08:49:47,528 | INFO | News RSS status for JSWSTEEL: 200
2026-04-19 08:49:47,597 | INFO | News RSS query for JSWSTEEL: https://news.google.com/rss/search?q=%22JSW+Steel+Ltd.%22+NSE+when:10d&hl=en-IN&gl=IN&ceid=IN:en
2026-04-19 08:49:47,602 | INFO | News RSS status for JSWSTEEL: 200
2026-04-19 08:49:48,714 | INFO | News RSS query for LODHA: https://news.google.com/rss/search?q=%22Lodha+Developers+Ltd.%22+NSE+when:10d&hl=en-IN&gl=IN&ceid=IN:en
2026-04-19 08:49:48,881 | INFO | News RSS status for LODHA: 200
2026-04-19 08:49:48,881 | INFO | News RSS query for LODHA: https://news.google.com/rss/search?q=%22Lodha+Developers+Ltd.%22+stock+when:10d&hl=en-IN&gl=IN&ceid=IN:en
2026-04-19 08:49:49,075 | INFO | News RSS status for LODHA: 200
2026-04-19 08:49:49,628 | WARNING | Skipping LTM — only 38 bars available (need 220). Extend history_backfill_days in config.json to include this symbol.
2026-04-19 08:49:50,803 | INFO | News RSS query for MARUTI: https://news.google.com/rss/search?q=%22Maruti+Suzuki+India+Ltd.%22+NSE+when:10d&hl=en-IN&gl=IN&ceid=IN:en
2026-04-19 08:49:51,028 | INFO | News RSS status for MARUTI: 200
2026-04-19 08:49:54,464 | INFO | News RSS query for NTPC: https://news.google.com/rss/search?q=%22NTPC+Ltd.%22+NSE+when:10d&hl=en-IN&gl=IN&ceid=IN:en
2026-04-19 08:49:54,659 | INFO | News RSS status for NTPC: 200
2026-04-19 08:49:54,661 | INFO | News RSS query for NTPC: https://news.google.com/rss/search?q=%22NTPC+Ltd.%22+stock+when:10d&hl=en-IN&gl=IN&ceid=IN:en
2026-04-19 08:49:54,888 | INFO | News RSS status for NTPC: 200
2026-04-19 08:49:55,500 | INFO | News RSS query for ONGC: https://news.google.com/rss/search?q=%22Oil+%26+Natural+Gas+Corporation+Ltd.%22+NSE+when:10d&hl=en-IN&gl=IN&ceid=IN:en
2026-04-19 08:49:55,715 | INFO | News RSS status for ONGC: 200
2026-04-19 08:49:55,717 | INFO | News RSS query for ONGC: https://news.google.com/rss/search?q=%22Oil+%26+Natural+Gas+Corporation+Ltd.%22+stock+when:10d&hl=en-IN&gl=IN&ceid=IN:en
2026-04-19 08:49:55,934 | INFO | News RSS status for ONGC: 200
2026-04-19 08:49:56,005 | INFO | News RSS query for ONGC: https://news.google.com/rss/search?q=%22Oil+%26+Natural+Gas+Corporation+Ltd.%22+NSE+when:10d&hl=en-IN&gl=IN&ceid=IN:en
2026-04-19 08:49:56,012 | INFO | News RSS status for ONGC: 200
2026-04-19 08:49:56,013 | INFO | News RSS query for ONGC: https://news.google.com/rss/search?q=%22Oil+%26+Natural+Gas+Corporation+Ltd.%22+stock+when:10d&hl=en-IN&gl=IN&ceid=IN:en
2026-04-19 08:49:56,019 | INFO | News RSS status for ONGC: 200
2026-04-19 08:49:56,641 | INFO | News RSS query for PFC: https://news.google.com/rss/search?q=%22Power+Finance+Corporation+Ltd.%22+NSE+when:10d&hl=en-IN&gl=IN&ceid=IN:en
2026-04-19 08:49:56,826 | INFO | News RSS status for PFC: 200
2026-04-19 08:49:56,829 | INFO | News RSS query for PFC: https://news.google.com/rss/search?q=%22Power+Finance+Corporation+Ltd.%22+stock+when:10d&hl=en-IN&gl=IN&ceid=IN:en
2026-04-19 08:49:57,074 | INFO | News RSS status for PFC: 200
2026-04-19 08:49:58,763 | INFO | News RSS query for POWERGRID: https://news.google.com/rss/search?q=%22Power+Grid+Corporation+of+India+Ltd.%22+NSE+when:10d&hl=en-IN&gl=IN&ceid=IN:en
2026-04-19 08:49:58,978 | INFO | News RSS status for POWERGRID: 200
2026-04-19 08:50:02,302 | INFO | News RSS query for SHRIRAMFIN: https://news.google.com/rss/search?q=%22Shriram+Finance+Ltd.%22+NSE+when:10d&hl=en-IN&gl=IN&ceid=IN:en
2026-04-19 08:50:02,516 | INFO | News RSS status for SHRIRAMFIN: 200
2026-04-19 08:50:02,588 | INFO | News RSS query for SHRIRAMFIN: https://news.google.com/rss/search?q=%22Shriram+Finance+Ltd.%22+NSE+when:10d&hl=en-IN&gl=IN&ceid=IN:en
2026-04-19 08:50:02,592 | INFO | News RSS status for SHRIRAMFIN: 200
2026-04-19 08:50:02,661 | INFO | News RSS query for SHRIRAMFIN: https://news.google.com/rss/search?q=%22Shriram+Finance+Ltd.%22+NSE+when:10d&hl=en-IN&gl=IN&ceid=IN:en
2026-04-19 08:50:02,666 | INFO | News RSS status for SHRIRAMFIN: 200
2026-04-19 08:50:03,277 | INFO | News RSS query for SIEMENS: https://news.google.com/rss/search?q=%22Siemens+Ltd.%22+NSE+when:10d&hl=en-IN&gl=IN&ceid=IN:en
2026-04-19 08:50:03,470 | INFO | News RSS status for SIEMENS: 200
2026-04-19 08:50:03,473 | INFO | News RSS query for SIEMENS: https://news.google.com/rss/search?q=%22Siemens+Ltd.%22+stock+when:10d&hl=en-IN&gl=IN&ceid=IN:en
2026-04-19 08:50:03,683 | INFO | News RSS status for SIEMENS: 200
2026-04-19 08:50:04,304 | INFO | News RSS query for SOLARINDS: https://news.google.com/rss/search?q=%22Solar+Industries+India+Ltd.%22+NSE+when:10d&hl=en-IN&gl=IN&ceid=IN:en
2026-04-19 08:50:04,495 | INFO | News RSS status for SOLARINDS: 200
2026-04-19 08:50:05,047 | WARNING | Skipping TATACAP — only 126 bars available (need 220). Extend history_backfill_days in config.json to include this symbol.
2026-04-19 08:50:06,210 | INFO | News RSS query for TATAPOWER: https://news.google.com/rss/search?q=%22Tata+Power+Co.+Ltd.%22+NSE+when:10d&hl=en-IN&gl=IN&ceid=IN:en
2026-04-19 08:50:06,393 | INFO | News RSS status for TATAPOWER: 200
2026-04-19 08:50:06,394 | INFO | News RSS query for TATAPOWER: https://news.google.com/rss/search?q=%22Tata+Power+Co.+Ltd.%22+stock+when:10d&hl=en-IN&gl=IN&ceid=IN:en
2026-04-19 08:50:06,569 | INFO | News RSS status for TATAPOWER: 200
2026-04-19 08:50:07,181 | INFO | News RSS query for TATASTEEL: https://news.google.com/rss/search?q=%22Tata+Steel+Ltd.%22+NSE+when:10d&hl=en-IN&gl=IN&ceid=IN:en
2026-04-19 08:50:07,432 | INFO | News RSS status for TATASTEEL: 200
2026-04-19 08:50:09,135 | INFO | News RSS query for TITAN: https://news.google.com/rss/search?q=%22Titan+Company+Ltd.%22+NSE+when:10d&hl=en-IN&gl=IN&ceid=IN:en
2026-04-19 08:50:09,351 | INFO | News RSS status for TITAN: 200
2026-04-19 08:50:09,357 | WARNING | Skipping TMCV — only 106 bars available (need 220). Extend history_backfill_days in config.json to include this symbol.
2026-04-19 08:50:09,358 | WARNING | Skipping TMPV — only 123 bars available (need 220). Extend history_backfill_days in config.json to include this symbol.
2026-04-19 08:50:12,177 | INFO | News RSS query for UNIONBANK: https://news.google.com/rss/search?q=%22Union+Bank+of+India%22+NSE+when:10d&hl=en-IN&gl=IN&ceid=IN:en
2026-04-19 08:50:12,421 | INFO | News RSS status for UNIONBANK: 200
2026-04-19 08:50:13,794 | INFO | News RSS query for VEDL: https://news.google.com/rss/search?q=%22Vedanta+Ltd.%22+NSE+when:10d&hl=en-IN&gl=IN&ceid=IN:en
2026-04-19 08:50:13,982 | INFO | News RSS status for VEDL: 200
2026-04-19 08:50:15,144 | INFO | News RSS query for ZYDUSLIFE: https://news.google.com/rss/search?q=%22Zydus+Lifesciences+Ltd.%22+NSE+when:10d&hl=en-IN&gl=IN&ceid=IN:en
2026-04-19 08:50:15,356 | INFO | News RSS status for ZYDUSLIFE: 200
2026-04-19 08:50:15,357 | INFO | News RSS query for ZYDUSLIFE: https://news.google.com/rss/search?q=%22Zydus+Lifesciences+Ltd.%22+stock+when:10d&hl=en-IN&gl=IN&ceid=IN:en
2026-04-19 08:50:15,557 | INFO | News RSS status for ZYDUSLIFE: 200
2026-04-19 08:50:15,570 | INFO | Index membership from cache: NIFTY 50 (50 symbols)
2026-04-19 08:50:15,570 | INFO | Index membership from cache: Nifty Next 50 (50 symbols)
2026-04-19 08:50:15,570 | INFO | Index membership ready: 100 symbols mapped
2026-04-19 08:50:15,570 | INFO | Market Health: fetching index OHLCV...
2026-04-19 08:50:15,573 | INFO | Index OHLCV cache fresh for NIFTY 50 (1362 rows)
2026-04-19 08:50:15,576 | INFO | Index OHLCV cache fresh for NIFTY NEXT 50 (1362 rows)
2026-04-19 08:50:15,576 | INFO | Market Health: fetching VIX...
2026-04-19 08:50:15,577 | INFO | VIX cache fresh (60 rows)
2026-04-19 08:50:15,577 | INFO | Market Health: updating breadth EMA cache...
2026-04-19 08:50:16,738 | INFO | Market Health [NIFTY 50]: Score=32.0 | Weak Bull &#x1F7E1;
2026-04-19 08:50:16,755 | INFO | Market Health [Nifty Next 50]: Score=48.0 | Weak Bull &#x1F7E1;
2026-04-19 08:50:16,835 | INFO | Signal log: skipping new signal insertion — 2026-04-19 is a weekend.
2026-04-19 08:50:16,969 | INFO | Signal tracker: updated 17 Active signal rows.
2026-04-19 08:50:16,989 | INFO | HTML report written: /home/runner/work/nifty100-reporter/nifty100-reporter/reports/nifty100_daily_report_20260419.html
2026-04-19 08:50:16,999 | INFO | Market Health Excel sheet written.
2026-04-19 08:50:17,103 | INFO | Excel report written: /home/runner/work/nifty100-reporter/nifty100-reporter/reports/nifty100_daily_report_20260419.xlsx
2026-04-19 08:50:17,120 | INFO | Starting Gmail OAuth flow in browser...
2026-04-19 08:50:17,120 | ERROR | Run failed: [Errno 2] No such file or directory: '/home/runner/work/nifty100-reporter/nifty100-reporter/credentials.json'
Traceback (most recent call last):
  File "/home/runner/work/nifty100-reporter/nifty100-reporter/nifty100_Report_Final_19042026.py", line 6704, in <module>
    main()
  File "/home/runner/work/nifty100-reporter/nifty100-reporter/nifty100_Report_Final_19042026.py", line 6697, in main
    send_email_with_reports_via_gmail_api(cfg, html_path, xlsx_path)
  File "/home/runner/work/nifty100-reporter/nifty100-reporter/nifty100_Report_Final_19042026.py", line 6548, in send_email_with_reports_via_gmail_api
    service = get_gmail_service()
              ^^^^^^^^^^^^^^^^^^^
  File "/home/runner/work/nifty100-reporter/nifty100-reporter/nifty100_Report_Final_19042026.py", line 6492, in get_gmail_service
    flow = InstalledAppFlow.from_client_secrets_file(
           ^^^^^^^^^^^^^^^^^^^^^^^^^^^^^^^^^^^^^^^^^^
  File "/opt/hostedtoolcache/Python/3.11.15/x64/lib/python3.11/site-packages/google_auth_oauthlib/flow.py", line 198, in from_client_secrets_file
    with open(client_secrets_file, "r") as json_file:
         ^^^^^^^^^^^^^^^^^^^^^^^^^^^^^^
FileNotFoundError: [Errno 2] No such file or directory: '/home/runner/work/nifty100-reporter/nifty100-reporter/credentials.json'
