2026-04-19 09:12:36,195 | INFO | Nifty 100 Daily EMA Cross Reporter | Version 3.3.8 | Released 2026-04-17
2026-04-19 09:12:36,195 | INFO | Base directory: /home/runner/work/nifty100-reporter/nifty100-reporter
2026-04-19 09:12:36,195 | INFO | Loaded config. Email enabled: True | Recipients: 1
2026-04-19 09:12:36,331 | WARNING | NSE session bootstrap HTTP 403 (attempt 1/5) — refreshing NSE session cookie …
2026-04-19 09:12:46,482 | WARNING | NSE session bootstrap HTTP 403 (attempt 2/5) — refreshing NSE session cookie …
2026-04-19 09:12:56,703 | WARNING | NSE session bootstrap HTTP 403 (attempt 3/5) — refreshing NSE session cookie …
2026-04-19 09:13:06,850 | WARNING | NSE session bootstrap HTTP 403 (attempt 4/5) — refreshing NSE session cookie …
2026-04-19 09:13:17,117 | INFO | NSE session bootstrap status: 403
2026-04-19 09:13:17,118 | INFO | Downloading Nifty 100 universe from https://www.niftyindices.com/IndexConstituent/ind_nifty100list.csv
2026-04-19 09:13:17,607 | INFO | Universe download status: 200
2026-04-19 09:13:17,612 | INFO | Universe rows loaded: 100
2026-04-19 09:13:17,716 | INFO | Loaded history rows: 125464
2026-04-19 09:13:17,724 | INFO | yfinance history update: 100 symbols | 2026-04-16 → 2026-04-20
2026-04-19 09:13:17,724 | INFO | yfinance batch download: 100 symbols | 2026-04-16 → 2026-04-20
2026-04-19 09:13:17,725 | INFO | Failed to create TzCache, reason: Error creating TzCache folder: '/home/runner/.cache/py-yfinance' reason: [Errno 17] File exists: '/home/runner/.cache/py-yfinance'. TzCache will not be used. Tip: You can direct cache to use a different location with 'set_tz_cache_location(mylocation)'
2026-04-19 09:13:22,483 | INFO | yfinance raw shape: (2, 500)
2026-04-19 09:13:22,811 | INFO | yfinance parsed rows after date-filter: 200
2026-04-19 09:13:22,812 | INFO | New rows from yfinance: 200
2026-04-19 09:13:23,589 | INFO | Saved history rows: 125464 | file: /home/runner/work/nifty100-reporter/nifty100-reporter/data/nifty100_ohlcv_history.csv
2026-04-19 09:13:23,695 | INFO | Loaded history rows: 125464
2026-04-19 09:13:23,696 | INFO | Latest OHLCV data is from 2026-04-17
2026-04-19 09:13:23,724 | INFO | Latest Delivery data is from 2026-04-17
2026-04-19 09:13:23,768 | INFO | Delivery cache has 34 dates — skipping backfill.
2026-04-19 09:13:23,768 | INFO | Delivery fetch attempt [2/7] — URL: https://archives.nseindia.com/products/content/sec_bhavdata_full_17042026.csv
2026-04-19 09:13:25,564 | INFO | Delivery fetch SUCCESS — date: 2026-04-17 | size: 361601 bytes | URL: https://archives.nseindia.com/products/content/sec_bhavdata_full_17042026.csv
2026-04-19 09:13:25,911 | INFO | Delivery cache updated: 2403 symbols for 2026-04-17 (rows in cache: 82966)
2026-04-19 09:13:25,912 | INFO | Delivery data: 2403 symbols | fallback=False
2026-04-19 09:13:26,342 | INFO | Corporate actions bulk OK: 8 raw rows | 1 Nifty100 symbols with events
2026-04-19 09:13:58,049 | INFO | Corporate actions: 1/100 symbols have events (window 19-04-2026 to 19-05-2026) | Symbols: ABB
2026-04-19 09:13:58,049 | INFO | Index membership from cache: NIFTY 50 (50 symbols)
2026-04-19 09:13:58,049 | INFO | Index membership from cache: Nifty Next 50 (50 symbols)
2026-04-19 09:13:58,049 | INFO | Index membership ready: 100 symbols mapped
2026-04-19 09:13:58,676 | INFO | News RSS query for ABB: https://news.google.com/rss/search?q=%22ABB+India+Ltd.%22+NSE+when:10d&hl=en-IN&gl=IN&ceid=IN:en
2026-04-19 09:14:08,668 | INFO | News RSS status for ABB: 503
2026-04-19 09:14:08,668 | INFO | News RSS query for ABB: https://news.google.com/rss/search?q=%22ABB+India+Ltd.%22+stock+when:10d&hl=en-IN&gl=IN&ceid=IN:en
2026-04-19 09:14:17,028 | INFO | News RSS status for ABB: 503
2026-04-19 09:14:17,028 | INFO | News RSS query for ABB: https://news.google.com/rss/search?q=ABB+NSE+when:10d&hl=en-IN&gl=IN&ceid=IN:en
2026-04-19 09:14:24,623 | INFO | News RSS status for ABB: 503
2026-04-19 09:14:24,623 | INFO | News RSS query for ABB: https://news.google.com/rss/search?q=site%3Aeconomictimes.indiatimes.com+%22ABB+India+Ltd.%22+when:10d&hl=en-IN&gl=IN&ceid=IN:en
2026-04-19 09:14:31,064 | INFO | News RSS status for ABB: 503
2026-04-19 09:14:31,065 | INFO | News RSS query for ABB: https://news.google.com/rss/search?q=site%3Amoneycontrol.com+%22ABB+India+Ltd.%22+when:10d&hl=en-IN&gl=IN&ceid=IN:en
2026-04-19 09:14:36,121 | INFO | News RSS status for ABB: 503
2026-04-19 09:14:36,121 | INFO | News RSS query for ABB: https://news.google.com/rss/search?q=site%3Abusinessstandard.com+%22ABB+India+Ltd.%22+when:10d&hl=en-IN&gl=IN&ceid=IN:en
2026-04-19 09:14:42,323 | INFO | News RSS status for ABB: 503
2026-04-19 09:14:42,657 | INFO | News RSS query for ADANIENSOL: https://news.google.com/rss/search?q=%22Adani+Energy+Solutions+Ltd.%22+NSE+when:10d&hl=en-IN&gl=IN&ceid=IN:en
2026-04-19 09:14:48,043 | INFO | News RSS status for ADANIENSOL: 503
2026-04-19 09:14:48,043 | INFO | News RSS query for ADANIENSOL: https://news.google.com/rss/search?q=%22Adani+Energy+Solutions+Ltd.%22+stock+when:10d&hl=en-IN&gl=IN&ceid=IN:en
2026-04-19 09:14:56,210 | INFO | News RSS status for ADANIENSOL: 503
2026-04-19 09:14:56,210 | INFO | News RSS query for ADANIENSOL: https://news.google.com/rss/search?q=ADANIENSOL+NSE+when:10d&hl=en-IN&gl=IN&ceid=IN:en
2026-04-19 09:15:06,007 | INFO | News RSS status for ADANIENSOL: 503
2026-04-19 09:15:06,008 | INFO | News RSS query for ADANIENSOL: https://news.google.com/rss/search?q=site%3Aeconomictimes.indiatimes.com+%22Adani+Energy+Solutions+Ltd.%22+when:10d&hl=en-IN&gl=IN&ceid=IN:en
2026-04-19 09:15:12,842 | INFO | News RSS status for ADANIENSOL: 503
2026-04-19 09:15:12,842 | INFO | News RSS query for ADANIENSOL: https://news.google.com/rss/search?q=site%3Amoneycontrol.com+%22Adani+Energy+Solutions+Ltd.%22+when:10d&hl=en-IN&gl=IN&ceid=IN:en
2026-04-19 09:15:21,580 | INFO | News RSS status for ADANIENSOL: 503
2026-04-19 09:15:21,580 | INFO | News RSS query for ADANIENSOL: https://news.google.com/rss/search?q=site%3Abusinessstandard.com+%22Adani+Energy+Solutions+Ltd.%22+when:10d&hl=en-IN&gl=IN&ceid=IN:en
2026-04-19 09:15:30,317 | INFO | News RSS status for ADANIENSOL: 503
2026-04-19 09:15:32,003 | INFO | News RSS query for ADANIPORTS: https://news.google.com/rss/search?q=%22Adani+Ports+and+Special+Economic+Zone+Ltd.%22+NSE+when:10d&hl=en-IN&gl=IN&ceid=IN:en
2026-04-19 09:15:38,787 | INFO | News RSS status for ADANIPORTS: 503
2026-04-19 09:15:38,787 | INFO | News RSS query for ADANIPORTS: https://news.google.com/rss/search?q=%22Adani+Ports+and+Special+Economic+Zone+Ltd.%22+stock+when:10d&hl=en-IN&gl=IN&ceid=IN:en
2026-04-19 09:15:46,285 | INFO | News RSS status for ADANIPORTS: 503
2026-04-19 09:15:46,285 | INFO | News RSS query for ADANIPORTS: https://news.google.com/rss/search?q=ADANIPORTS+NSE+when:10d&hl=en-IN&gl=IN&ceid=IN:en
2026-04-19 09:15:54,692 | INFO | News RSS status for ADANIPORTS: 503
2026-04-19 09:15:54,692 | INFO | News RSS query for ADANIPORTS: https://news.google.com/rss/search?q=site%3Aeconomictimes.indiatimes.com+%22Adani+Ports+and+Special+Economic+Zone+Ltd.%22+when:10d&hl=en-IN&gl=IN&ceid=IN:en
2026-04-19 09:16:03,386 | INFO | News RSS status for ADANIPORTS: 503
2026-04-19 09:16:03,386 | INFO | News RSS query for ADANIPORTS: https://news.google.com/rss/search?q=site%3Amoneycontrol.com+%22Adani+Ports+and+Special+Economic+Zone+Ltd.%22+when:10d&hl=en-IN&gl=IN&ceid=IN:en
2026-04-19 09:16:09,023 | INFO | News RSS status for ADANIPORTS: 503
2026-04-19 09:16:09,023 | INFO | News RSS query for ADANIPORTS: https://news.google.com/rss/search?q=site%3Abusinessstandard.com+%22Adani+Ports+and+Special+Economic+Zone+Ltd.%22+when:10d&hl=en-IN&gl=IN&ceid=IN:en
2026-04-19 09:16:18,830 | INFO | News RSS status for ADANIPORTS: 503
2026-04-19 09:16:18,899 | INFO | News RSS query for ADANIPORTS: https://news.google.com/rss/search?q=%22Adani+Ports+and+Special+Economic+Zone+Ltd.%22+NSE+when:10d&hl=en-IN&gl=IN&ceid=IN:en
2026-04-19 09:16:25,196 | INFO | News RSS status for ADANIPORTS: 503
2026-04-19 09:16:25,197 | INFO | News RSS query for ADANIPORTS: https://news.google.com/rss/search?q=%22Adani+Ports+and+Special+Economic+Zone+Ltd.%22+stock+when:10d&hl=en-IN&gl=IN&ceid=IN:en
2026-04-19 09:16:30,866 | INFO | News RSS status for ADANIPORTS: 503
2026-04-19 09:16:30,866 | INFO | News RSS query for ADANIPORTS: https://news.google.com/rss/search?q=ADANIPORTS+NSE+when:10d&hl=en-IN&gl=IN&ceid=IN:en
2026-04-19 09:16:36,074 | INFO | News RSS status for ADANIPORTS: 503
2026-04-19 09:16:36,074 | INFO | News RSS query for ADANIPORTS: https://news.google.com/rss/search?q=site%3Aeconomictimes.indiatimes.com+%22Adani+Ports+and+Special+Economic+Zone+Ltd.%22+when:10d&hl=en-IN&gl=IN&ceid=IN:en
2026-04-19 09:16:45,943 | INFO | News RSS status for ADANIPORTS: 503
2026-04-19 09:16:45,943 | INFO | News RSS query for ADANIPORTS: https://news.google.com/rss/search?q=site%3Amoneycontrol.com+%22Adani+Ports+and+Special+Economic+Zone+Ltd.%22+when:10d&hl=en-IN&gl=IN&ceid=IN:en
2026-04-19 09:16:54,900 | INFO | News RSS status for ADANIPORTS: 503
2026-04-19 09:16:54,900 | INFO | News RSS query for ADANIPORTS: https://news.google.com/rss/search?q=site%3Abusinessstandard.com+%22Adani+Ports+and+Special+Economic+Zone+Ltd.%22+when:10d&hl=en-IN&gl=IN&ceid=IN:en
2026-04-19 09:17:03,124 | INFO | News RSS status for ADANIPORTS: 503
2026-04-19 09:17:03,192 | INFO | News RSS query for ADANIPORTS: https://news.google.com/rss/search?q=%22Adani+Ports+and+Special+Economic+Zone+Ltd.%22+NSE+when:10d&hl=en-IN&gl=IN&ceid=IN:en
2026-04-19 09:17:09,339 | INFO | News RSS status for ADANIPORTS: 503
2026-04-19 09:17:09,339 | INFO | News RSS query for ADANIPORTS: https://news.google.com/rss/search?q=%22Adani+Ports+and+Special+Economic+Zone+Ltd.%22+stock+when:10d&hl=en-IN&gl=IN&ceid=IN:en
2026-04-19 09:17:14,687 | INFO | News RSS status for ADANIPORTS: 503
2026-04-19 09:17:14,687 | INFO | News RSS query for ADANIPORTS: https://news.google.com/rss/search?q=ADANIPORTS+NSE+when:10d&hl=en-IN&gl=IN&ceid=IN:en
2026-04-19 09:17:20,476 | INFO | News RSS status for ADANIPORTS: 503
2026-04-19 09:17:20,476 | INFO | News RSS query for ADANIPORTS: https://news.google.com/rss/search?q=site%3Aeconomictimes.indiatimes.com+%22Adani+Ports+and+Special+Economic+Zone+Ltd.%22+when:10d&hl=en-IN&gl=IN&ceid=IN:en
2026-04-19 09:17:27,856 | INFO | News RSS status for ADANIPORTS: 503
2026-04-19 09:17:27,856 | INFO | News RSS query for ADANIPORTS: https://news.google.com/rss/search?q=site%3Amoneycontrol.com+%22Adani+Ports+and+Special+Economic+Zone+Ltd.%22+when:10d&hl=en-IN&gl=IN&ceid=IN:en
2026-04-19 09:17:37,678 | INFO | News RSS status for ADANIPORTS: 503
2026-04-19 09:17:37,678 | INFO | News RSS query for ADANIPORTS: https://news.google.com/rss/search?q=site%3Abusinessstandard.com+%22Adani+Ports+and+Special+Economic+Zone+Ltd.%22+when:10d&hl=en-IN&gl=IN&ceid=IN:en
2026-04-19 09:17:43,511 | INFO | News RSS status for ADANIPORTS: 503
2026-04-19 09:17:44,131 | INFO | News RSS query for ADANIPOWER: https://news.google.com/rss/search?q=%22Adani+Power+Ltd.%22+NSE+when:10d&hl=en-IN&gl=IN&ceid=IN:en
2026-04-19 09:17:53,568 | INFO | News RSS status for ADANIPOWER: 503
2026-04-19 09:17:53,568 | INFO | News RSS query for ADANIPOWER: https://news.google.com/rss/search?q=%22Adani+Power+Ltd.%22+stock+when:10d&hl=en-IN&gl=IN&ceid=IN:en
2026-04-19 09:18:03,185 | INFO | News RSS status for ADANIPOWER: 503
2026-04-19 09:18:03,185 | INFO | News RSS query for ADANIPOWER: https://news.google.com/rss/search?q=ADANIPOWER+NSE+when:10d&hl=en-IN&gl=IN&ceid=IN:en
2026-04-19 09:18:09,966 | INFO | News RSS status for ADANIPOWER: 503
2026-04-19 09:18:09,966 | INFO | News RSS query for ADANIPOWER: https://news.google.com/rss/search?q=site%3Aeconomictimes.indiatimes.com+%22Adani+Power+Ltd.%22+when:10d&hl=en-IN&gl=IN&ceid=IN:en
2026-04-19 09:18:19,091 | INFO | News RSS status for ADANIPOWER: 503
2026-04-19 09:18:19,091 | INFO | News RSS query for ADANIPOWER: https://news.google.com/rss/search?q=site%3Amoneycontrol.com+%22Adani+Power+Ltd.%22+when:10d&hl=en-IN&gl=IN&ceid=IN:en
2026-04-19 09:18:26,459 | INFO | News RSS status for ADANIPOWER: 503
2026-04-19 09:18:26,459 | INFO | News RSS query for ADANIPOWER: https://news.google.com/rss/search?q=site%3Abusinessstandard.com+%22Adani+Power+Ltd.%22+when:10d&hl=en-IN&gl=IN&ceid=IN:en
2026-04-19 09:18:35,191 | INFO | News RSS status for ADANIPOWER: 503
2026-04-19 09:18:36,389 | INFO | News RSS query for APOLLOHOSP: https://news.google.com/rss/search?q=%22Apollo+Hospitals+Enterprise+Ltd.%22+NSE+when:10d&hl=en-IN&gl=IN&ceid=IN:en
2026-04-19 09:18:43,526 | INFO | News RSS status for APOLLOHOSP: 503
2026-04-19 09:18:43,526 | INFO | News RSS query for APOLLOHOSP: https://news.google.com/rss/search?q=%22Apollo+Hospitals+Enterprise+Ltd.%22+stock+when:10d&hl=en-IN&gl=IN&ceid=IN:en
2026-04-19 09:18:52,112 | INFO | News RSS status for APOLLOHOSP: 503
2026-04-19 09:18:52,112 | INFO | News RSS query for APOLLOHOSP: https://news.google.com/rss/search?q=APOLLOHOSP+NSE+when:10d&hl=en-IN&gl=IN&ceid=IN:en
2026-04-19 09:18:57,323 | INFO | News RSS status for APOLLOHOSP: 503
2026-04-19 09:18:57,323 | INFO | News RSS query for APOLLOHOSP: https://news.google.com/rss/search?q=site%3Aeconomictimes.indiatimes.com+%22Apollo+Hospitals+Enterprise+Ltd.%22+when:10d&hl=en-IN&gl=IN&ceid=IN:en
2026-04-19 09:19:02,676 | INFO | News RSS status for APOLLOHOSP: 503
2026-04-19 09:19:02,677 | INFO | News RSS query for APOLLOHOSP: https://news.google.com/rss/search?q=site%3Amoneycontrol.com+%22Apollo+Hospitals+Enterprise+Ltd.%22+when:10d&hl=en-IN&gl=IN&ceid=IN:en
2026-04-19 09:19:11,734 | INFO | News RSS status for APOLLOHOSP: 503
2026-04-19 09:19:11,734 | INFO | News RSS query for APOLLOHOSP: https://news.google.com/rss/search?q=site%3Abusinessstandard.com+%22Apollo+Hospitals+Enterprise+Ltd.%22+when:10d&hl=en-IN&gl=IN&ceid=IN:en
2026-04-19 09:19:20,587 | INFO | News RSS status for APOLLOHOSP: 503
2026-04-19 09:19:21,726 | INFO | News RSS query for AXISBANK: https://news.google.com/rss/search?q=%22Axis+Bank+Ltd.%22+NSE+when:10d&hl=en-IN&gl=IN&ceid=IN:en
2026-04-19 09:19:31,551 | INFO | News RSS status for AXISBANK: 503
2026-04-19 09:19:31,551 | INFO | News RSS query for AXISBANK: https://news.google.com/rss/search?q=%22Axis+Bank+Ltd.%22+stock+when:10d&hl=en-IN&gl=IN&ceid=IN:en
2026-04-19 09:19:40,324 | INFO | News RSS status for AXISBANK: 503
2026-04-19 09:19:40,324 | INFO | News RSS query for AXISBANK: https://news.google.com/rss/search?q=AXISBANK+NSE+when:10d&hl=en-IN&gl=IN&ceid=IN:en
2026-04-19 09:19:46,008 | INFO | News RSS status for AXISBANK: 503
2026-04-19 09:19:46,008 | INFO | News RSS query for AXISBANK: https://news.google.com/rss/search?q=site%3Aeconomictimes.indiatimes.com+%22Axis+Bank+Ltd.%22+when:10d&hl=en-IN&gl=IN&ceid=IN:en
2026-04-19 09:19:53,785 | INFO | News RSS status for AXISBANK: 503
2026-04-19 09:19:53,786 | INFO | News RSS query for AXISBANK: https://news.google.com/rss/search?q=site%3Amoneycontrol.com+%22Axis+Bank+Ltd.%22+when:10d&hl=en-IN&gl=IN&ceid=IN:en
2026-04-19 09:20:00,886 | INFO | News RSS status for AXISBANK: 503
2026-04-19 09:20:00,886 | INFO | News RSS query for AXISBANK: https://news.google.com/rss/search?q=site%3Abusinessstandard.com+%22Axis+Bank+Ltd.%22+when:10d&hl=en-IN&gl=IN&ceid=IN:en
2026-04-19 09:20:10,576 | INFO | News RSS status for AXISBANK: 503
2026-04-19 09:20:10,647 | INFO | News RSS query for AXISBANK: https://news.google.com/rss/search?q=%22Axis+Bank+Ltd.%22+NSE+when:10d&hl=en-IN&gl=IN&ceid=IN:en
2026-04-19 09:20:16,095 | INFO | News RSS status for AXISBANK: 503
2026-04-19 09:20:16,095 | INFO | News RSS query for AXISBANK: https://news.google.com/rss/search?q=%22Axis+Bank+Ltd.%22+stock+when:10d&hl=en-IN&gl=IN&ceid=IN:en
2026-04-19 09:20:25,122 | INFO | News RSS status for AXISBANK: 503
2026-04-19 09:20:25,122 | INFO | News RSS query for AXISBANK: https://news.google.com/rss/search?q=AXISBANK+NSE+when:10d&hl=en-IN&gl=IN&ceid=IN:en
2026-04-19 09:20:34,741 | INFO | News RSS status for AXISBANK: 503
2026-04-19 09:20:34,741 | INFO | News RSS query for AXISBANK: https://news.google.com/rss/search?q=site%3Aeconomictimes.indiatimes.com+%22Axis+Bank+Ltd.%22+when:10d&hl=en-IN&gl=IN&ceid=IN:en
2026-04-19 09:20:43,119 | INFO | News RSS status for AXISBANK: 503
2026-04-19 09:20:43,119 | INFO | News RSS query for AXISBANK: https://news.google.com/rss/search?q=site%3Amoneycontrol.com+%22Axis+Bank+Ltd.%22+when:10d&hl=en-IN&gl=IN&ceid=IN:en
2026-04-19 09:20:49,922 | INFO | News RSS status for AXISBANK: 503
2026-04-19 09:20:49,923 | INFO | News RSS query for AXISBANK: https://news.google.com/rss/search?q=site%3Abusinessstandard.com+%22Axis+Bank+Ltd.%22+when:10d&hl=en-IN&gl=IN&ceid=IN:en
2026-04-19 09:20:59,597 | INFO | News RSS status for AXISBANK: 503
2026-04-19 09:21:00,216 | INFO | News RSS query for BAJAJ-AUTO: https://news.google.com/rss/search?q=%22Bajaj+Auto+Ltd.%22+NSE+when:10d&hl=en-IN&gl=IN&ceid=IN:en
2026-04-19 09:21:05,300 | INFO | News RSS status for BAJAJ-AUTO: 503
2026-04-19 09:21:05,300 | INFO | News RSS query for BAJAJ-AUTO: https://news.google.com/rss/search?q=%22Bajaj+Auto+Ltd.%22+stock+when:10d&hl=en-IN&gl=IN&ceid=IN:en
2026-04-19 09:21:14,086 | INFO | News RSS status for BAJAJ-AUTO: 503
2026-04-19 09:21:14,086 | INFO | News RSS query for BAJAJ-AUTO: https://news.google.com/rss/search?q=BAJAJ-AUTO+NSE+when:10d&hl=en-IN&gl=IN&ceid=IN:en
2026-04-19 09:21:20,483 | INFO | News RSS status for BAJAJ-AUTO: 503
2026-04-19 09:21:20,483 | INFO | News RSS query for BAJAJ-AUTO: https://news.google.com/rss/search?q=site%3Aeconomictimes.indiatimes.com+%22Bajaj+Auto+Ltd.%22+when:10d&hl=en-IN&gl=IN&ceid=IN:en
2026-04-19 09:21:26,754 | INFO | News RSS status for BAJAJ-AUTO: 503
2026-04-19 09:21:26,755 | INFO | News RSS query for BAJAJ-AUTO: https://news.google.com/rss/search?q=site%3Amoneycontrol.com+%22Bajaj+Auto+Ltd.%22+when:10d&hl=en-IN&gl=IN&ceid=IN:en
2026-04-19 09:21:34,188 | INFO | News RSS status for BAJAJ-AUTO: 503
2026-04-19 09:21:34,188 | INFO | News RSS query for BAJAJ-AUTO: https://news.google.com/rss/search?q=site%3Abusinessstandard.com+%22Bajaj+Auto+Ltd.%22+when:10d&hl=en-IN&gl=IN&ceid=IN:en
2026-04-19 09:21:39,642 | INFO | News RSS status for BAJAJ-AUTO: 503
2026-04-19 09:21:39,712 | INFO | News RSS query for BAJAJ-AUTO: https://news.google.com/rss/search?q=%22Bajaj+Auto+Ltd.%22+NSE+when:10d&hl=en-IN&gl=IN&ceid=IN:en
2026-04-19 09:21:48,819 | INFO | News RSS status for BAJAJ-AUTO: 503
2026-04-19 09:21:48,819 | INFO | News RSS query for BAJAJ-AUTO: https://news.google.com/rss/search?q=%22Bajaj+Auto+Ltd.%22+stock+when:10d&hl=en-IN&gl=IN&ceid=IN:en
2026-04-19 09:21:55,257 | INFO | News RSS status for BAJAJ-AUTO: 503
2026-04-19 09:21:55,257 | INFO | News RSS query for BAJAJ-AUTO: https://news.google.com/rss/search?q=BAJAJ-AUTO+NSE+when:10d&hl=en-IN&gl=IN&ceid=IN:en
2026-04-19 09:22:02,111 | INFO | News RSS status for BAJAJ-AUTO: 503
2026-04-19 09:22:02,111 | INFO | News RSS query for BAJAJ-AUTO: https://news.google.com/rss/search?q=site%3Aeconomictimes.indiatimes.com+%22Bajaj+Auto+Ltd.%22+when:10d&hl=en-IN&gl=IN&ceid=IN:en
2026-04-19 09:22:11,656 | INFO | News RSS status for BAJAJ-AUTO: 503
2026-04-19 09:22:11,656 | INFO | News RSS query for BAJAJ-AUTO: https://news.google.com/rss/search?q=site%3Amoneycontrol.com+%22Bajaj+Auto+Ltd.%22+when:10d&hl=en-IN&gl=IN&ceid=IN:en
2026-04-19 09:22:21,003 | INFO | News RSS status for BAJAJ-AUTO: 503
2026-04-19 09:22:21,003 | INFO | News RSS query for BAJAJ-AUTO: https://news.google.com/rss/search?q=site%3Abusinessstandard.com+%22Bajaj+Auto+Ltd.%22+when:10d&hl=en-IN&gl=IN&ceid=IN:en
2026-04-19 09:22:30,042 | INFO | News RSS status for BAJAJ-AUTO: 503
2026-04-19 09:22:32,881 | INFO | News RSS query for BEL: https://news.google.com/rss/search?q=%22Bharat+Electronics+Ltd.%22+NSE+when:10d&hl=en-IN&gl=IN&ceid=IN:en
2026-04-19 09:22:41,083 | INFO | News RSS status for BEL: 503
2026-04-19 09:22:41,083 | INFO | News RSS query for BEL: https://news.google.com/rss/search?q=%22Bharat+Electronics+Ltd.%22+stock+when:10d&hl=en-IN&gl=IN&ceid=IN:en
2026-04-19 09:22:47,526 | INFO | News RSS status for BEL: 503
2026-04-19 09:22:47,526 | INFO | News RSS query for BEL: https://news.google.com/rss/search?q=BEL+NSE+when:10d&hl=en-IN&gl=IN&ceid=IN:en
2026-04-19 09:22:54,133 | INFO | News RSS status for BEL: 503
2026-04-19 09:22:54,133 | INFO | News RSS query for BEL: https://news.google.com/rss/search?q=site%3Aeconomictimes.indiatimes.com+%22Bharat+Electronics+Ltd.%22+when:10d&hl=en-IN&gl=IN&ceid=IN:en
2026-04-19 09:23:02,854 | INFO | News RSS status for BEL: 503
2026-04-19 09:23:02,854 | INFO | News RSS query for BEL: https://news.google.com/rss/search?q=site%3Amoneycontrol.com+%22Bharat+Electronics+Ltd.%22+when:10d&hl=en-IN&gl=IN&ceid=IN:en
2026-04-19 09:23:12,060 | INFO | News RSS status for BEL: 503
2026-04-19 09:23:12,060 | INFO | News RSS query for BEL: https://news.google.com/rss/search?q=site%3Abusinessstandard.com+%22Bharat+Electronics+Ltd.%22+when:10d&hl=en-IN&gl=IN&ceid=IN:en
2026-04-19 09:23:19,308 | INFO | News RSS status for BEL: 503
2026-04-19 09:23:20,461 | INFO | News RSS query for BOSCHLTD: https://news.google.com/rss/search?q=%22Bosch+Ltd.%22+NSE+when:10d&hl=en-IN&gl=IN&ceid=IN:en
2026-04-19 09:23:29,701 | INFO | News RSS status for BOSCHLTD: 503
2026-04-19 09:23:29,701 | INFO | News RSS query for BOSCHLTD: https://news.google.com/rss/search?q=%22Bosch+Ltd.%22+stock+when:10d&hl=en-IN&gl=IN&ceid=IN:en
2026-04-19 09:23:38,496 | INFO | News RSS status for BOSCHLTD: 503
2026-04-19 09:23:38,496 | INFO | News RSS query for BOSCHLTD: https://news.google.com/rss/search?q=BOSCHLTD+NSE+when:10d&hl=en-IN&gl=IN&ceid=IN:en
2026-04-19 09:23:43,885 | INFO | News RSS status for BOSCHLTD: 503
2026-04-19 09:23:43,885 | INFO | News RSS query for BOSCHLTD: https://news.google.com/rss/search?q=site%3Aeconomictimes.indiatimes.com+%22Bosch+Ltd.%22+when:10d&hl=en-IN&gl=IN&ceid=IN:en
2026-04-19 09:23:49,328 | INFO | News RSS status for BOSCHLTD: 503
2026-04-19 09:23:49,328 | INFO | News RSS query for BOSCHLTD: https://news.google.com/rss/search?q=site%3Amoneycontrol.com+%22Bosch+Ltd.%22+when:10d&hl=en-IN&gl=IN&ceid=IN:en
2026-04-19 09:23:57,489 | INFO | News RSS status for BOSCHLTD: 503
2026-04-19 09:23:57,489 | INFO | News RSS query for BOSCHLTD: https://news.google.com/rss/search?q=site%3Abusinessstandard.com+%22Bosch+Ltd.%22+when:10d&hl=en-IN&gl=IN&ceid=IN:en
2026-04-19 09:24:07,232 | INFO | News RSS status for BOSCHLTD: 503
2026-04-19 09:24:09,495 | INFO | News RSS query for CGPOWER: https://news.google.com/rss/search?q=%22CG+Power+and+Industrial+Solutions+Ltd.%22+NSE+when:10d&hl=en-IN&gl=IN&ceid=IN:en
2026-04-19 09:24:16,167 | INFO | News RSS status for CGPOWER: 503
2026-04-19 09:24:16,167 | INFO | News RSS query for CGPOWER: https://news.google.com/rss/search?q=%22CG+Power+and+Industrial+Solutions+Ltd.%22+stock+when:10d&hl=en-IN&gl=IN&ceid=IN:en
2026-04-19 09:24:25,344 | INFO | News RSS status for CGPOWER: 503
2026-04-19 09:24:25,345 | INFO | News RSS query for CGPOWER: https://news.google.com/rss/search?q=CGPOWER+NSE+when:10d&hl=en-IN&gl=IN&ceid=IN:en
2026-04-19 09:24:31,908 | INFO | News RSS status for CGPOWER: 503
2026-04-19 09:24:31,908 | INFO | News RSS query for CGPOWER: https://news.google.com/rss/search?q=site%3Aeconomictimes.indiatimes.com+%22CG+Power+and+Industrial+Solutions+Ltd.%22+when:10d&hl=en-IN&gl=IN&ceid=IN:en
2026-04-19 09:24:38,871 | INFO | News RSS status for CGPOWER: 503
2026-04-19 09:24:38,871 | INFO | News RSS query for CGPOWER: https://news.google.com/rss/search?q=site%3Amoneycontrol.com+%22CG+Power+and+Industrial+Solutions+Ltd.%22+when:10d&hl=en-IN&gl=IN&ceid=IN:en
2026-04-19 09:24:45,480 | INFO | News RSS status for CGPOWER: 503
2026-04-19 09:24:45,480 | INFO | News RSS query for CGPOWER: https://news.google.com/rss/search?q=site%3Abusinessstandard.com+%22CG+Power+and+Industrial+Solutions+Ltd.%22+when:10d&hl=en-IN&gl=IN&ceid=IN:en
2026-04-19 09:24:54,876 | INFO | News RSS status for CGPOWER: 503
2026-04-19 09:24:57,122 | INFO | News RSS query for CUMMINSIND: https://news.google.com/rss/search?q=%22Cummins+India+Ltd.%22+NSE+when:10d&hl=en-IN&gl=IN&ceid=IN:en
2026-04-19 09:25:05,014 | INFO | News RSS status for CUMMINSIND: 503
2026-04-19 09:25:05,014 | INFO | News RSS query for CUMMINSIND: https://news.google.com/rss/search?q=%22Cummins+India+Ltd.%22+stock+when:10d&hl=en-IN&gl=IN&ceid=IN:en
2026-04-19 09:25:12,780 | INFO | News RSS status for CUMMINSIND: 503
2026-04-19 09:25:12,780 | INFO | News RSS query for CUMMINSIND: https://news.google.com/rss/search?q=CUMMINSIND+NSE+when:10d&hl=en-IN&gl=IN&ceid=IN:en
2026-04-19 09:25:21,645 | INFO | News RSS status for CUMMINSIND: 503
2026-04-19 09:25:21,645 | INFO | News RSS query for CUMMINSIND: https://news.google.com/rss/search?q=site%3Aeconomictimes.indiatimes.com+%22Cummins+India+Ltd.%22+when:10d&hl=en-IN&gl=IN&ceid=IN:en
2026-04-19 09:25:28,951 | INFO | News RSS status for CUMMINSIND: 503
2026-04-19 09:25:28,952 | INFO | News RSS query for CUMMINSIND: https://news.google.com/rss/search?q=site%3Amoneycontrol.com+%22Cummins+India+Ltd.%22+when:10d&hl=en-IN&gl=IN&ceid=IN:en
2026-04-19 09:25:35,107 | INFO | News RSS status for CUMMINSIND: 503
2026-04-19 09:25:35,108 | INFO | News RSS query for CUMMINSIND: https://news.google.com/rss/search?q=site%3Abusinessstandard.com+%22Cummins+India+Ltd.%22+when:10d&hl=en-IN&gl=IN&ceid=IN:en
2026-04-19 09:25:43,030 | INFO | News RSS status for CUMMINSIND: 503
2026-04-19 09:25:44,729 | INFO | News RSS query for DMART: https://news.google.com/rss/search?q=%22Avenue+Supermarts+Ltd.%22+NSE+when:10d&hl=en-IN&gl=IN&ceid=IN:en
2026-04-19 09:25:54,038 | INFO | News RSS status for DMART: 503
2026-04-19 09:25:54,038 | INFO | News RSS query for DMART: https://news.google.com/rss/search?q=%22Avenue+Supermarts+Ltd.%22+stock+when:10d&hl=en-IN&gl=IN&ceid=IN:en
2026-04-19 09:26:00,153 | INFO | News RSS status for DMART: 503
2026-04-19 09:26:00,153 | INFO | News RSS query for DMART: https://news.google.com/rss/search?q=DMART+NSE+when:10d&hl=en-IN&gl=IN&ceid=IN:en
2026-04-19 09:26:05,340 | INFO | News RSS status for DMART: 503
2026-04-19 09:26:05,340 | INFO | News RSS query for DMART: https://news.google.com/rss/search?q=site%3Aeconomictimes.indiatimes.com+%22Avenue+Supermarts+Ltd.%22+when:10d&hl=en-IN&gl=IN&ceid=IN:en
2026-04-19 09:26:14,468 | INFO | News RSS status for DMART: 503
2026-04-19 09:26:14,469 | INFO | News RSS query for DMART: https://news.google.com/rss/search?q=site%3Amoneycontrol.com+%22Avenue+Supermarts+Ltd.%22+when:10d&hl=en-IN&gl=IN&ceid=IN:en
2026-04-19 09:26:20,711 | INFO | News RSS status for DMART: 503
2026-04-19 09:26:20,711 | INFO | News RSS query for DMART: https://news.google.com/rss/search?q=site%3Abusinessstandard.com+%22Avenue+Supermarts+Ltd.%22+when:10d&hl=en-IN&gl=IN&ceid=IN:en
2026-04-19 09:26:27,476 | INFO | News RSS status for DMART: 503
2026-04-19 09:26:27,542 | INFO | News RSS query for DMART: https://news.google.com/rss/search?q=%22Avenue+Supermarts+Ltd.%22+NSE+when:10d&hl=en-IN&gl=IN&ceid=IN:en
2026-04-19 09:26:35,343 | INFO | News RSS status for DMART: 503
2026-04-19 09:26:35,343 | INFO | News RSS query for DMART: https://news.google.com/rss/search?q=%22Avenue+Supermarts+Ltd.%22+stock+when:10d&hl=en-IN&gl=IN&ceid=IN:en
2026-04-19 09:26:43,465 | INFO | News RSS status for DMART: 503
2026-04-19 09:26:43,465 | INFO | News RSS query for DMART: https://news.google.com/rss/search?q=DMART+NSE+when:10d&hl=en-IN&gl=IN&ceid=IN:en
2026-04-19 09:26:52,870 | INFO | News RSS status for DMART: 503
2026-04-19 09:26:52,870 | INFO | News RSS query for DMART: https://news.google.com/rss/search?q=site%3Aeconomictimes.indiatimes.com+%22Avenue+Supermarts+Ltd.%22+when:10d&hl=en-IN&gl=IN&ceid=IN:en
2026-04-19 09:27:01,327 | INFO | News RSS status for DMART: 503
2026-04-19 09:27:01,327 | INFO | News RSS query for DMART: https://news.google.com/rss/search?q=site%3Amoneycontrol.com+%22Avenue+Supermarts+Ltd.%22+when:10d&hl=en-IN&gl=IN&ceid=IN:en
2026-04-19 09:27:11,203 | INFO | News RSS status for DMART: 503
2026-04-19 09:27:11,203 | INFO | News RSS query for DMART: https://news.google.com/rss/search?q=site%3Abusinessstandard.com+%22Avenue+Supermarts+Ltd.%22+when:10d&hl=en-IN&gl=IN&ceid=IN:en
2026-04-19 09:27:19,640 | INFO | News RSS status for DMART: 503
2026-04-19 09:27:20,733 | WARNING | Skipping ENRIN — only 203 bars available (need 220). Extend history_backfill_days in config.json to include this symbol.
2026-04-19 09:27:26,182 | INFO | News RSS query for HINDALCO: https://news.google.com/rss/search?q=%22Hindalco+Industries+Ltd.%22+NSE+when:10d&hl=en-IN&gl=IN&ceid=IN:en
2026-04-19 09:27:33,870 | INFO | News RSS status for HINDALCO: 503
2026-04-19 09:27:33,870 | INFO | News RSS query for HINDALCO: https://news.google.com/rss/search?q=%22Hindalco+Industries+Ltd.%22+stock+when:10d&hl=en-IN&gl=IN&ceid=IN:en
2026-04-19 09:27:41,195 | INFO | News RSS status for HINDALCO: 503
2026-04-19 09:27:41,195 | INFO | News RSS query for HINDALCO: https://news.google.com/rss/search?q=HINDALCO+NSE+when:10d&hl=en-IN&gl=IN&ceid=IN:en
2026-04-19 09:27:47,727 | INFO | News RSS status for HINDALCO: 503
2026-04-19 09:27:47,727 | INFO | News RSS query for HINDALCO: https://news.google.com/rss/search?q=site%3Aeconomictimes.indiatimes.com+%22Hindalco+Industries+Ltd.%22+when:10d&hl=en-IN&gl=IN&ceid=IN:en
2026-04-19 09:27:56,054 | INFO | News RSS status for HINDALCO: 503
2026-04-19 09:27:56,054 | INFO | News RSS query for HINDALCO: https://news.google.com/rss/search?q=site%3Amoneycontrol.com+%22Hindalco+Industries+Ltd.%22+when:10d&hl=en-IN&gl=IN&ceid=IN:en
2026-04-19 09:28:02,104 | INFO | News RSS status for HINDALCO: 503
2026-04-19 09:28:02,105 | INFO | News RSS query for HINDALCO: https://news.google.com/rss/search?q=site%3Abusinessstandard.com+%22Hindalco+Industries+Ltd.%22+when:10d&hl=en-IN&gl=IN&ceid=IN:en
2026-04-19 09:28:11,064 | INFO | News RSS status for HINDALCO: 503
2026-04-19 09:28:11,678 | INFO | News RSS query for HINDUNILVR: https://news.google.com/rss/search?q=%22Hindustan+Unilever+Ltd.%22+NSE+when:10d&hl=en-IN&gl=IN&ceid=IN:en
2026-04-19 09:28:21,374 | INFO | News RSS status for HINDUNILVR: 503
2026-04-19 09:28:21,374 | INFO | News RSS query for HINDUNILVR: https://news.google.com/rss/search?q=%22Hindustan+Unilever+Ltd.%22+stock+when:10d&hl=en-IN&gl=IN&ceid=IN:en
2026-04-19 09:28:27,248 | INFO | News RSS status for HINDUNILVR: 503
2026-04-19 09:28:27,248 | INFO | News RSS query for HINDUNILVR: https://news.google.com/rss/search?q=HINDUNILVR+NSE+when:10d&hl=en-IN&gl=IN&ceid=IN:en
2026-04-19 09:28:36,409 | INFO | News RSS status for HINDUNILVR: 503
2026-04-19 09:28:36,409 | INFO | News RSS query for HINDUNILVR: https://news.google.com/rss/search?q=site%3Aeconomictimes.indiatimes.com+%22Hindustan+Unilever+Ltd.%22+when:10d&hl=en-IN&gl=IN&ceid=IN:en
2026-04-19 09:28:44,018 | INFO | News RSS status for HINDUNILVR: 503
2026-04-19 09:28:44,018 | INFO | News RSS query for HINDUNILVR: https://news.google.com/rss/search?q=site%3Amoneycontrol.com+%22Hindustan+Unilever+Ltd.%22+when:10d&hl=en-IN&gl=IN&ceid=IN:en
2026-04-19 09:28:50,778 | INFO | News RSS status for HINDUNILVR: 503
2026-04-19 09:28:50,778 | INFO | News RSS query for HINDUNILVR: https://news.google.com/rss/search?q=site%3Abusinessstandard.com+%22Hindustan+Unilever+Ltd.%22+when:10d&hl=en-IN&gl=IN&ceid=IN:en
2026-04-19 09:28:56,652 | INFO | News RSS status for HINDUNILVR: 503
2026-04-19 09:29:01,211 | INFO | News RSS query for ITC: https://news.google.com/rss/search?q=%22ITC+Ltd.%22+NSE+when:10d&hl=en-IN&gl=IN&ceid=IN:en
2026-04-19 09:29:08,022 | INFO | News RSS status for ITC: 503
2026-04-19 09:29:08,023 | INFO | News RSS query for ITC: https://news.google.com/rss/search?q=%22ITC+Ltd.%22+stock+when:10d&hl=en-IN&gl=IN&ceid=IN:en
2026-04-19 09:29:13,254 | INFO | News RSS status for ITC: 503
2026-04-19 09:29:13,254 | INFO | News RSS query for ITC: https://news.google.com/rss/search?q=ITC+NSE+when:10d&hl=en-IN&gl=IN&ceid=IN:en
2026-04-19 09:29:19,995 | INFO | News RSS status for ITC: 503
2026-04-19 09:29:19,995 | INFO | News RSS query for ITC: https://news.google.com/rss/search?q=site%3Aeconomictimes.indiatimes.com+%22ITC+Ltd.%22+when:10d&hl=en-IN&gl=IN&ceid=IN:en
2026-04-19 09:29:26,150 | INFO | News RSS status for ITC: 503
2026-04-19 09:29:26,150 | INFO | News RSS query for ITC: https://news.google.com/rss/search?q=site%3Amoneycontrol.com+%22ITC+Ltd.%22+when:10d&hl=en-IN&gl=IN&ceid=IN:en
2026-04-19 09:29:33,053 | INFO | News RSS status for ITC: 503
2026-04-19 09:29:33,053 | INFO | News RSS query for ITC: https://news.google.com/rss/search?q=site%3Abusinessstandard.com+%22ITC+Ltd.%22+when:10d&hl=en-IN&gl=IN&ceid=IN:en
2026-04-19 09:29:41,684 | INFO | News RSS status for ITC: 503
2026-04-19 09:29:42,302 | INFO | News RSS query for JINDALSTEL: https://news.google.com/rss/search?q=%22Jindal+Steel+Ltd.%22+NSE+when:10d&hl=en-IN&gl=IN&ceid=IN:en
2026-04-19 09:29:50,649 | INFO | News RSS status for JINDALSTEL: 503
2026-04-19 09:29:50,649 | INFO | News RSS query for JINDALSTEL: https://news.google.com/rss/search?q=%22Jindal+Steel+Ltd.%22+stock+when:10d&hl=en-IN&gl=IN&ceid=IN:en
2026-04-19 09:30:00,137 | INFO | News RSS status for JINDALSTEL: 503
2026-04-19 09:30:00,137 | INFO | News RSS query for JINDALSTEL: https://news.google.com/rss/search?q=JINDALSTEL+NSE+when:10d&hl=en-IN&gl=IN&ceid=IN:en
2026-04-19 09:30:06,126 | INFO | News RSS status for JINDALSTEL: 503
2026-04-19 09:30:06,126 | INFO | News RSS query for JINDALSTEL: https://news.google.com/rss/search?q=site%3Aeconomictimes.indiatimes.com+%22Jindal+Steel+Ltd.%22+when:10d&hl=en-IN&gl=IN&ceid=IN:en
2026-04-19 09:30:14,799 | INFO | News RSS status for JINDALSTEL: 503
2026-04-19 09:30:14,799 | INFO | News RSS query for JINDALSTEL: https://news.google.com/rss/search?q=site%3Amoneycontrol.com+%22Jindal+Steel+Ltd.%22+when:10d&hl=en-IN&gl=IN&ceid=IN:en
2026-04-19 09:30:21,987 | INFO | News RSS status for JINDALSTEL: 503
2026-04-19 09:30:21,987 | INFO | News RSS query for JINDALSTEL: https://news.google.com/rss/search?q=site%3Abusinessstandard.com+%22Jindal+Steel+Ltd.%22+when:10d&hl=en-IN&gl=IN&ceid=IN:en
2026-04-19 09:30:28,763 | INFO | News RSS status for JINDALSTEL: 503
2026-04-19 09:30:29,097 | INFO | News RSS query for JIOFIN: https://news.google.com/rss/search?q=%22Jio+Financial+Services+Ltd.%22+NSE+when:10d&hl=en-IN&gl=IN&ceid=IN:en
2026-04-19 09:30:37,257 | INFO | News RSS status for JIOFIN: 503
2026-04-19 09:30:37,257 | INFO | News RSS query for JIOFIN: https://news.google.com/rss/search?q=%22Jio+Financial+Services+Ltd.%22+stock+when:10d&hl=en-IN&gl=IN&ceid=IN:en
2026-04-19 09:30:46,144 | INFO | News RSS status for JIOFIN: 503
2026-04-19 09:30:46,144 | INFO | News RSS query for JIOFIN: https://news.google.com/rss/search?q=JIOFIN+NSE+when:10d&hl=en-IN&gl=IN&ceid=IN:en
2026-04-19 09:30:52,580 | INFO | News RSS status for JIOFIN: 503
2026-04-19 09:30:52,580 | INFO | News RSS query for JIOFIN: https://news.google.com/rss/search?q=site%3Aeconomictimes.indiatimes.com+%22Jio+Financial+Services+Ltd.%22+when:10d&hl=en-IN&gl=IN&ceid=IN:en
2026-04-19 09:31:00,055 | INFO | News RSS status for JIOFIN: 503
2026-04-19 09:31:00,056 | INFO | News RSS query for JIOFIN: https://news.google.com/rss/search?q=site%3Amoneycontrol.com+%22Jio+Financial+Services+Ltd.%22+when:10d&hl=en-IN&gl=IN&ceid=IN:en
2026-04-19 09:31:05,571 | INFO | News RSS status for JIOFIN: 503
2026-04-19 09:31:05,571 | INFO | News RSS query for JIOFIN: https://news.google.com/rss/search?q=site%3Abusinessstandard.com+%22Jio+Financial+Services+Ltd.%22+when:10d&hl=en-IN&gl=IN&ceid=IN:en
2026-04-19 09:31:13,671 | INFO | News RSS status for JIOFIN: 503
2026-04-19 09:31:14,288 | INFO | News RSS query for JSWSTEEL: https://news.google.com/rss/search?q=%22JSW+Steel+Ltd.%22+NSE+when:10d&hl=en-IN&gl=IN&ceid=IN:en
2026-04-19 09:31:23,251 | INFO | News RSS status for JSWSTEEL: 503
2026-04-19 09:31:23,251 | INFO | News RSS query for JSWSTEEL: https://news.google.com/rss/search?q=%22JSW+Steel+Ltd.%22+stock+when:10d&hl=en-IN&gl=IN&ceid=IN:en
2026-04-19 09:31:29,344 | INFO | News RSS status for JSWSTEEL: 503
2026-04-19 09:31:29,344 | INFO | News RSS query for JSWSTEEL: https://news.google.com/rss/search?q=JSWSTEEL+NSE+when:10d&hl=en-IN&gl=IN&ceid=IN:en
2026-04-19 09:31:38,650 | INFO | News RSS status for JSWSTEEL: 503
2026-04-19 09:31:38,651 | INFO | News RSS query for JSWSTEEL: https://news.google.com/rss/search?q=site%3Aeconomictimes.indiatimes.com+%22JSW+Steel+Ltd.%22+when:10d&hl=en-IN&gl=IN&ceid=IN:en
2026-04-19 09:31:47,147 | INFO | News RSS status for JSWSTEEL: 503
2026-04-19 09:31:47,147 | INFO | News RSS query for JSWSTEEL: https://news.google.com/rss/search?q=site%3Amoneycontrol.com+%22JSW+Steel+Ltd.%22+when:10d&hl=en-IN&gl=IN&ceid=IN:en
2026-04-19 09:31:54,937 | INFO | News RSS status for JSWSTEEL: 503
2026-04-19 09:31:54,937 | INFO | News RSS query for JSWSTEEL: https://news.google.com/rss/search?q=site%3Abusinessstandard.com+%22JSW+Steel+Ltd.%22+when:10d&hl=en-IN&gl=IN&ceid=IN:en
2026-04-19 09:32:04,570 | INFO | News RSS status for JSWSTEEL: 503
2026-04-19 09:32:04,638 | INFO | News RSS query for JSWSTEEL: https://news.google.com/rss/search?q=%22JSW+Steel+Ltd.%22+NSE+when:10d&hl=en-IN&gl=IN&ceid=IN:en
2026-04-19 09:32:13,740 | INFO | News RSS status for JSWSTEEL: 503
2026-04-19 09:32:13,740 | INFO | News RSS query for JSWSTEEL: https://news.google.com/rss/search?q=%22JSW+Steel+Ltd.%22+stock+when:10d&hl=en-IN&gl=IN&ceid=IN:en
2026-04-19 09:32:23,470 | INFO | News RSS status for JSWSTEEL: 503
2026-04-19 09:32:23,471 | INFO | News RSS query for JSWSTEEL: https://news.google.com/rss/search?q=JSWSTEEL+NSE+when:10d&hl=en-IN&gl=IN&ceid=IN:en
2026-04-19 09:32:29,320 | INFO | News RSS status for JSWSTEEL: 503
2026-04-19 09:32:29,320 | INFO | News RSS query for JSWSTEEL: https://news.google.com/rss/search?q=site%3Aeconomictimes.indiatimes.com+%22JSW+Steel+Ltd.%22+when:10d&hl=en-IN&gl=IN&ceid=IN:en
2026-04-19 09:32:36,350 | INFO | News RSS status for JSWSTEEL: 503
2026-04-19 09:32:36,351 | INFO | News RSS query for JSWSTEEL: https://news.google.com/rss/search?q=site%3Amoneycontrol.com+%22JSW+Steel+Ltd.%22+when:10d&hl=en-IN&gl=IN&ceid=IN:en
2026-04-19 09:32:42,176 | INFO | News RSS status for JSWSTEEL: 503
2026-04-19 09:32:42,177 | INFO | News RSS query for JSWSTEEL: https://news.google.com/rss/search?q=site%3Abusinessstandard.com+%22JSW+Steel+Ltd.%22+when:10d&hl=en-IN&gl=IN&ceid=IN:en
2026-04-19 09:32:48,599 | INFO | News RSS status for JSWSTEEL: 503
2026-04-19 09:32:48,666 | INFO | News RSS query for JSWSTEEL: https://news.google.com/rss/search?q=%22JSW+Steel+Ltd.%22+NSE+when:10d&hl=en-IN&gl=IN&ceid=IN:en
2026-04-19 09:32:55,057 | INFO | News RSS status for JSWSTEEL: 503
2026-04-19 09:32:55,057 | INFO | News RSS query for JSWSTEEL: https://news.google.com/rss/search?q=%22JSW+Steel+Ltd.%22+stock+when:10d&hl=en-IN&gl=IN&ceid=IN:en
2026-04-19 09:33:02,720 | INFO | News RSS status for JSWSTEEL: 503
2026-04-19 09:33:02,720 | INFO | News RSS query for JSWSTEEL: https://news.google.com/rss/search?q=JSWSTEEL+NSE+when:10d&hl=en-IN&gl=IN&ceid=IN:en
2026-04-19 09:33:11,966 | INFO | News RSS status for JSWSTEEL: 503
2026-04-19 09:33:11,966 | INFO | News RSS query for JSWSTEEL: https://news.google.com/rss/search?q=site%3Aeconomictimes.indiatimes.com+%22JSW+Steel+Ltd.%22+when:10d&hl=en-IN&gl=IN&ceid=IN:en
2026-04-19 09:33:20,447 | INFO | News RSS status for JSWSTEEL: 503
2026-04-19 09:33:20,447 | INFO | News RSS query for JSWSTEEL: https://news.google.com/rss/search?q=site%3Amoneycontrol.com+%22JSW+Steel+Ltd.%22+when:10d&hl=en-IN&gl=IN&ceid=IN:en
2026-04-19 09:33:26,085 | INFO | News RSS status for JSWSTEEL: 503
2026-04-19 09:33:26,086 | INFO | News RSS query for JSWSTEEL: https://news.google.com/rss/search?q=site%3Abusinessstandard.com+%22JSW+Steel+Ltd.%22+when:10d&hl=en-IN&gl=IN&ceid=IN:en
2026-04-19 09:33:34,203 | INFO | News RSS status for JSWSTEEL: 503
2026-04-19 09:33:35,313 | INFO | News RSS query for LODHA: https://news.google.com/rss/search?q=%22Lodha+Developers+Ltd.%22+NSE+when:10d&hl=en-IN&gl=IN&ceid=IN:en
2026-04-19 09:33:40,724 | INFO | News RSS status for LODHA: 503
2026-04-19 09:33:40,724 | INFO | News RSS query for LODHA: https://news.google.com/rss/search?q=%22Lodha+Developers+Ltd.%22+stock+when:10d&hl=en-IN&gl=IN&ceid=IN:en
2026-04-19 09:33:49,906 | INFO | News RSS status for LODHA: 503
2026-04-19 09:33:49,906 | INFO | News RSS query for LODHA: https://news.google.com/rss/search?q=LODHA+NSE+when:10d&hl=en-IN&gl=IN&ceid=IN:en
2026-04-19 09:33:59,021 | INFO | News RSS status for LODHA: 503
2026-04-19 09:33:59,021 | INFO | News RSS query for LODHA: https://news.google.com/rss/search?q=site%3Aeconomictimes.indiatimes.com+%22Lodha+Developers+Ltd.%22+when:10d&hl=en-IN&gl=IN&ceid=IN:en
2026-04-19 09:34:04,394 | INFO | News RSS status for LODHA: 503
2026-04-19 09:34:04,394 | INFO | News RSS query for LODHA: https://news.google.com/rss/search?q=site%3Amoneycontrol.com+%22Lodha+Developers+Ltd.%22+when:10d&hl=en-IN&gl=IN&ceid=IN:en
2026-04-19 09:34:12,222 | INFO | News RSS status for LODHA: 503
2026-04-19 09:34:12,222 | INFO | News RSS query for LODHA: https://news.google.com/rss/search?q=site%3Abusinessstandard.com+%22Lodha+Developers+Ltd.%22+when:10d&hl=en-IN&gl=IN&ceid=IN:en
2026-04-19 09:34:18,183 | INFO | News RSS status for LODHA: 503
2026-04-19 09:34:18,731 | WARNING | Skipping LTM — only 38 bars available (need 220). Extend history_backfill_days in config.json to include this symbol.
2026-04-19 09:34:19,892 | INFO | News RSS query for MARUTI: https://news.google.com/rss/search?q=%22Maruti+Suzuki+India+Ltd.%22+NSE+when:10d&hl=en-IN&gl=IN&ceid=IN:en
2026-04-19 09:34:28,837 | INFO | News RSS status for MARUTI: 503
2026-04-19 09:34:28,837 | INFO | News RSS query for MARUTI: https://news.google.com/rss/search?q=%22Maruti+Suzuki+India+Ltd.%22+stock+when:10d&hl=en-IN&gl=IN&ceid=IN:en
2026-04-19 09:34:36,905 | INFO | News RSS status for MARUTI: 503
2026-04-19 09:34:36,905 | INFO | News RSS query for MARUTI: https://news.google.com/rss/search?q=MARUTI+NSE+when:10d&hl=en-IN&gl=IN&ceid=IN:en
2026-04-19 09:34:42,280 | INFO | News RSS status for MARUTI: 503
2026-04-19 09:34:42,280 | INFO | News RSS query for MARUTI: https://news.google.com/rss/search?q=site%3Aeconomictimes.indiatimes.com+%22Maruti+Suzuki+India+Ltd.%22+when:10d&hl=en-IN&gl=IN&ceid=IN:en
2026-04-19 09:34:51,858 | INFO | News RSS status for MARUTI: 503
2026-04-19 09:34:51,858 | INFO | News RSS query for MARUTI: https://news.google.com/rss/search?q=site%3Amoneycontrol.com+%22Maruti+Suzuki+India+Ltd.%22+when:10d&hl=en-IN&gl=IN&ceid=IN:en
2026-04-19 09:34:57,477 | INFO | News RSS status for MARUTI: 503
2026-04-19 09:34:57,477 | INFO | News RSS query for MARUTI: https://news.google.com/rss/search?q=site%3Abusinessstandard.com+%22Maruti+Suzuki+India+Ltd.%22+when:10d&hl=en-IN&gl=IN&ceid=IN:en
2026-04-19 09:35:03,184 | INFO | News RSS status for MARUTI: 503
2026-04-19 09:35:06,539 | INFO | News RSS query for NTPC: https://news.google.com/rss/search?q=%22NTPC+Ltd.%22+NSE+when:10d&hl=en-IN&gl=IN&ceid=IN:en
2026-04-19 09:35:13,718 | INFO | News RSS status for NTPC: 503
2026-04-19 09:35:13,719 | INFO | News RSS query for NTPC: https://news.google.com/rss/search?q=%22NTPC+Ltd.%22+stock+when:10d&hl=en-IN&gl=IN&ceid=IN:en
2026-04-19 09:35:20,567 | INFO | News RSS status for NTPC: 503
2026-04-19 09:35:20,567 | INFO | News RSS query for NTPC: https://news.google.com/rss/search?q=NTPC+NSE+when:10d&hl=en-IN&gl=IN&ceid=IN:en
2026-04-19 09:35:26,437 | INFO | News RSS status for NTPC: 503
2026-04-19 09:35:26,437 | INFO | News RSS query for NTPC: https://news.google.com/rss/search?q=site%3Aeconomictimes.indiatimes.com+%22NTPC+Ltd.%22+when:10d&hl=en-IN&gl=IN&ceid=IN:en
2026-04-19 09:35:32,216 | INFO | News RSS status for NTPC: 503
2026-04-19 09:35:32,216 | INFO | News RSS query for NTPC: https://news.google.com/rss/search?q=site%3Amoneycontrol.com+%22NTPC+Ltd.%22+when:10d&hl=en-IN&gl=IN&ceid=IN:en
2026-04-19 09:35:41,663 | INFO | News RSS status for NTPC: 503
2026-04-19 09:35:41,663 | INFO | News RSS query for NTPC: https://news.google.com/rss/search?q=site%3Abusinessstandard.com+%22NTPC+Ltd.%22+when:10d&hl=en-IN&gl=IN&ceid=IN:en
2026-04-19 09:35:50,910 | INFO | News RSS status for NTPC: 503
2026-04-19 09:35:51,526 | INFO | News RSS query for ONGC: https://news.google.com/rss/search?q=%22Oil+%26+Natural+Gas+Corporation+Ltd.%22+NSE+when:10d&hl=en-IN&gl=IN&ceid=IN:en
2026-04-19 09:35:57,177 | INFO | News RSS status for ONGC: 503
2026-04-19 09:35:57,177 | INFO | News RSS query for ONGC: https://news.google.com/rss/search?q=%22Oil+%26+Natural+Gas+Corporation+Ltd.%22+stock+when:10d&hl=en-IN&gl=IN&ceid=IN:en
2026-04-19 09:36:04,028 | INFO | News RSS status for ONGC: 503
2026-04-19 09:36:04,028 | INFO | News RSS query for ONGC: https://news.google.com/rss/search?q=ONGC+NSE+when:10d&hl=en-IN&gl=IN&ceid=IN:en
2026-04-19 09:36:12,832 | INFO | News RSS status for ONGC: 503
2026-04-19 09:36:12,832 | INFO | News RSS query for ONGC: https://news.google.com/rss/search?q=site%3Aeconomictimes.indiatimes.com+%22Oil+%26+Natural+Gas+Corporation+Ltd.%22+when:10d&hl=en-IN&gl=IN&ceid=IN:en
2026-04-19 09:36:20,603 | INFO | News RSS status for ONGC: 503
2026-04-19 09:36:20,603 | INFO | News RSS query for ONGC: https://news.google.com/rss/search?q=site%3Amoneycontrol.com+%22Oil+%26+Natural+Gas+Corporation+Ltd.%22+when:10d&hl=en-IN&gl=IN&ceid=IN:en
2026-04-19 09:36:28,174 | INFO | News RSS status for ONGC: 503
2026-04-19 09:36:28,174 | INFO | News RSS query for ONGC: https://news.google.com/rss/search?q=site%3Abusinessstandard.com+%22Oil+%26+Natural+Gas+Corporation+Ltd.%22+when:10d&hl=en-IN&gl=IN&ceid=IN:en
2026-04-19 09:36:38,065 | INFO | News RSS status for ONGC: 503
2026-04-19 09:36:38,132 | INFO | News RSS query for ONGC: https://news.google.com/rss/search?q=%22Oil+%26+Natural+Gas+Corporation+Ltd.%22+NSE+when:10d&hl=en-IN&gl=IN&ceid=IN:en
2026-04-19 09:36:47,312 | INFO | News RSS status for ONGC: 503
2026-04-19 09:36:47,312 | INFO | News RSS query for ONGC: https://news.google.com/rss/search?q=%22Oil+%26+Natural+Gas+Corporation+Ltd.%22+stock+when:10d&hl=en-IN&gl=IN&ceid=IN:en
2026-04-19 09:36:55,399 | INFO | News RSS status for ONGC: 503
2026-04-19 09:36:55,399 | INFO | News RSS query for ONGC: https://news.google.com/rss/search?q=ONGC+NSE+when:10d&hl=en-IN&gl=IN&ceid=IN:en
2026-04-19 09:37:00,487 | INFO | News RSS status for ONGC: 503
2026-04-19 09:37:00,488 | INFO | News RSS query for ONGC: https://news.google.com/rss/search?q=site%3Aeconomictimes.indiatimes.com+%22Oil+%26+Natural+Gas+Corporation+Ltd.%22+when:10d&hl=en-IN&gl=IN&ceid=IN:en
2026-04-19 09:37:10,400 | INFO | News RSS status for ONGC: 503
2026-04-19 09:37:10,400 | INFO | News RSS query for ONGC: https://news.google.com/rss/search?q=site%3Amoneycontrol.com+%22Oil+%26+Natural+Gas+Corporation+Ltd.%22+when:10d&hl=en-IN&gl=IN&ceid=IN:en
2026-04-19 09:37:18,001 | INFO | News RSS status for ONGC: 503
2026-04-19 09:37:18,001 | INFO | News RSS query for ONGC: https://news.google.com/rss/search?q=site%3Abusinessstandard.com+%22Oil+%26+Natural+Gas+Corporation+Ltd.%22+when:10d&hl=en-IN&gl=IN&ceid=IN:en
2026-04-19 09:37:24,679 | INFO | News RSS status for ONGC: 503
2026-04-19 09:37:25,304 | INFO | News RSS query for PFC: https://news.google.com/rss/search?q=%22Power+Finance+Corporation+Ltd.%22+NSE+when:10d&hl=en-IN&gl=IN&ceid=IN:en
2026-04-19 09:37:31,124 | INFO | News RSS status for PFC: 503
2026-04-19 09:37:31,125 | INFO | News RSS query for PFC: https://news.google.com/rss/search?q=%22Power+Finance+Corporation+Ltd.%22+stock+when:10d&hl=en-IN&gl=IN&ceid=IN:en
2026-04-19 09:37:39,446 | INFO | News RSS status for PFC: 503
2026-04-19 09:37:39,446 | INFO | News RSS query for PFC: https://news.google.com/rss/search?q=PFC+NSE+when:10d&hl=en-IN&gl=IN&ceid=IN:en
2026-04-19 09:37:46,659 | INFO | News RSS status for PFC: 503
2026-04-19 09:37:46,659 | INFO | News RSS query for PFC: https://news.google.com/rss/search?q=site%3Aeconomictimes.indiatimes.com+%22Power+Finance+Corporation+Ltd.%22+when:10d&hl=en-IN&gl=IN&ceid=IN:en
2026-04-19 09:37:56,069 | INFO | News RSS status for PFC: 503
2026-04-19 09:37:56,069 | INFO | News RSS query for PFC: https://news.google.com/rss/search?q=site%3Amoneycontrol.com+%22Power+Finance+Corporation+Ltd.%22+when:10d&hl=en-IN&gl=IN&ceid=IN:en
2026-04-19 09:38:03,563 | INFO | News RSS status for PFC: 503
2026-04-19 09:38:03,563 | INFO | News RSS query for PFC: https://news.google.com/rss/search?q=site%3Abusinessstandard.com+%22Power+Finance+Corporation+Ltd.%22+when:10d&hl=en-IN&gl=IN&ceid=IN:en
2026-04-19 09:38:12,287 | INFO | News RSS status for PFC: 503
2026-04-19 09:38:14,007 | INFO | News RSS query for POWERGRID: https://news.google.com/rss/search?q=%22Power+Grid+Corporation+of+India+Ltd.%22+NSE+when:10d&hl=en-IN&gl=IN&ceid=IN:en
2026-04-19 09:38:21,669 | INFO | News RSS status for POWERGRID: 503
2026-04-19 09:38:21,669 | INFO | News RSS query for POWERGRID: https://news.google.com/rss/search?q=%22Power+Grid+Corporation+of+India+Ltd.%22+stock+when:10d&hl=en-IN&gl=IN&ceid=IN:en
2026-04-19 09:38:30,891 | INFO | News RSS status for POWERGRID: 503
2026-04-19 09:38:30,891 | INFO | News RSS query for POWERGRID: https://news.google.com/rss/search?q=POWERGRID+NSE+when:10d&hl=en-IN&gl=IN&ceid=IN:en
2026-04-19 09:38:39,497 | INFO | News RSS status for POWERGRID: 503
2026-04-19 09:38:39,497 | INFO | News RSS query for POWERGRID: https://news.google.com/rss/search?q=site%3Aeconomictimes.indiatimes.com+%22Power+Grid+Corporation+of+India+Ltd.%22+when:10d&hl=en-IN&gl=IN&ceid=IN:en
2026-04-19 09:38:47,783 | INFO | News RSS status for POWERGRID: 503
2026-04-19 09:38:47,783 | INFO | News RSS query for POWERGRID: https://news.google.com/rss/search?q=site%3Amoneycontrol.com+%22Power+Grid+Corporation+of+India+Ltd.%22+when:10d&hl=en-IN&gl=IN&ceid=IN:en
2026-04-19 09:38:54,602 | INFO | News RSS status for POWERGRID: 503
2026-04-19 09:38:54,602 | INFO | News RSS query for POWERGRID: https://news.google.com/rss/search?q=site%3Abusinessstandard.com+%22Power+Grid+Corporation+of+India+Ltd.%22+when:10d&hl=en-IN&gl=IN&ceid=IN:en
2026-04-19 09:39:00,739 | INFO | News RSS status for POWERGRID: 503
2026-04-19 09:39:04,118 | INFO | News RSS query for SHRIRAMFIN: https://news.google.com/rss/search?q=%22Shriram+Finance+Ltd.%22+NSE+when:10d&hl=en-IN&gl=IN&ceid=IN:en
2026-04-19 09:39:10,240 | INFO | News RSS status for SHRIRAMFIN: 503
2026-04-19 09:39:10,240 | INFO | News RSS query for SHRIRAMFIN: https://news.google.com/rss/search?q=%22Shriram+Finance+Ltd.%22+stock+when:10d&hl=en-IN&gl=IN&ceid=IN:en
2026-04-19 09:39:17,488 | INFO | News RSS status for SHRIRAMFIN: 503
2026-04-19 09:39:17,488 | INFO | News RSS query for SHRIRAMFIN: https://news.google.com/rss/search?q=SHRIRAMFIN+NSE+when:10d&hl=en-IN&gl=IN&ceid=IN:en
2026-04-19 09:39:26,845 | INFO | News RSS status for SHRIRAMFIN: 503
2026-04-19 09:39:26,845 | INFO | News RSS query for SHRIRAMFIN: https://news.google.com/rss/search?q=site%3Aeconomictimes.indiatimes.com+%22Shriram+Finance+Ltd.%22+when:10d&hl=en-IN&gl=IN&ceid=IN:en
2026-04-19 09:39:32,886 | INFO | News RSS status for SHRIRAMFIN: 503
2026-04-19 09:39:32,886 | INFO | News RSS query for SHRIRAMFIN: https://news.google.com/rss/search?q=site%3Amoneycontrol.com+%22Shriram+Finance+Ltd.%22+when:10d&hl=en-IN&gl=IN&ceid=IN:en
2026-04-19 09:39:38,117 | INFO | News RSS status for SHRIRAMFIN: 503
2026-04-19 09:39:38,117 | INFO | News RSS query for SHRIRAMFIN: https://news.google.com/rss/search?q=site%3Abusinessstandard.com+%22Shriram+Finance+Ltd.%22+when:10d&hl=en-IN&gl=IN&ceid=IN:en
2026-04-19 09:39:47,950 | INFO | News RSS status for SHRIRAMFIN: 503
2026-04-19 09:39:48,018 | INFO | News RSS query for SHRIRAMFIN: https://news.google.com/rss/search?q=%22Shriram+Finance+Ltd.%22+NSE+when:10d&hl=en-IN&gl=IN&ceid=IN:en
2026-04-19 09:39:55,659 | INFO | News RSS status for SHRIRAMFIN: 503
2026-04-19 09:39:55,659 | INFO | News RSS query for SHRIRAMFIN: https://news.google.com/rss/search?q=%22Shriram+Finance+Ltd.%22+stock+when:10d&hl=en-IN&gl=IN&ceid=IN:en
2026-04-19 09:40:02,893 | INFO | News RSS status for SHRIRAMFIN: 503
2026-04-19 09:40:02,894 | INFO | News RSS query for SHRIRAMFIN: https://news.google.com/rss/search?q=SHRIRAMFIN+NSE+when:10d&hl=en-IN&gl=IN&ceid=IN:en
2026-04-19 09:40:08,077 | INFO | News RSS status for SHRIRAMFIN: 503
2026-04-19 09:40:08,077 | INFO | News RSS query for SHRIRAMFIN: https://news.google.com/rss/search?q=site%3Aeconomictimes.indiatimes.com+%22Shriram+Finance+Ltd.%22+when:10d&hl=en-IN&gl=IN&ceid=IN:en
2026-04-19 09:40:15,850 | INFO | News RSS status for SHRIRAMFIN: 503
2026-04-19 09:40:15,850 | INFO | News RSS query for SHRIRAMFIN: https://news.google.com/rss/search?q=site%3Amoneycontrol.com+%22Shriram+Finance+Ltd.%22+when:10d&hl=en-IN&gl=IN&ceid=IN:en
2026-04-19 09:40:21,603 | INFO | News RSS status for SHRIRAMFIN: 503
2026-04-19 09:40:21,603 | INFO | News RSS query for SHRIRAMFIN: https://news.google.com/rss/search?q=site%3Abusinessstandard.com+%22Shriram+Finance+Ltd.%22+when:10d&hl=en-IN&gl=IN&ceid=IN:en
2026-04-19 09:40:30,142 | INFO | News RSS status for SHRIRAMFIN: 503
2026-04-19 09:40:30,210 | INFO | News RSS query for SHRIRAMFIN: https://news.google.com/rss/search?q=%22Shriram+Finance+Ltd.%22+NSE+when:10d&hl=en-IN&gl=IN&ceid=IN:en
2026-04-19 09:40:38,512 | INFO | News RSS status for SHRIRAMFIN: 503
2026-04-19 09:40:38,513 | INFO | News RSS query for SHRIRAMFIN: https://news.google.com/rss/search?q=%22Shriram+Finance+Ltd.%22+stock+when:10d&hl=en-IN&gl=IN&ceid=IN:en
2026-04-19 09:40:47,782 | INFO | News RSS status for SHRIRAMFIN: 503
2026-04-19 09:40:47,782 | INFO | News RSS query for SHRIRAMFIN: https://news.google.com/rss/search?q=SHRIRAMFIN+NSE+when:10d&hl=en-IN&gl=IN&ceid=IN:en
2026-04-19 09:40:54,585 | INFO | News RSS status for SHRIRAMFIN: 503
2026-04-19 09:40:54,586 | INFO | News RSS query for SHRIRAMFIN: https://news.google.com/rss/search?q=site%3Aeconomictimes.indiatimes.com+%22Shriram+Finance+Ltd.%22+when:10d&hl=en-IN&gl=IN&ceid=IN:en
2026-04-19 09:41:01,096 | INFO | News RSS status for SHRIRAMFIN: 503
2026-04-19 09:41:01,096 | INFO | News RSS query for SHRIRAMFIN: https://news.google.com/rss/search?q=site%3Amoneycontrol.com+%22Shriram+Finance+Ltd.%22+when:10d&hl=en-IN&gl=IN&ceid=IN:en
2026-04-19 09:41:09,246 | INFO | News RSS status for SHRIRAMFIN: 503
2026-04-19 09:41:09,246 | INFO | News RSS query for SHRIRAMFIN: https://news.google.com/rss/search?q=site%3Abusinessstandard.com+%22Shriram+Finance+Ltd.%22+when:10d&hl=en-IN&gl=IN&ceid=IN:en
2026-04-19 09:41:17,303 | INFO | News RSS status for SHRIRAMFIN: 503
2026-04-19 09:41:17,917 | INFO | News RSS query for SIEMENS: https://news.google.com/rss/search?q=%22Siemens+Ltd.%22+NSE+when:10d&hl=en-IN&gl=IN&ceid=IN:en
2026-04-19 09:41:27,107 | INFO | News RSS status for SIEMENS: 503
2026-04-19 09:41:27,107 | INFO | News RSS query for SIEMENS: https://news.google.com/rss/search?q=%22Siemens+Ltd.%22+stock+when:10d&hl=en-IN&gl=IN&ceid=IN:en
2026-04-19 09:41:34,969 | INFO | News RSS status for SIEMENS: 503
2026-04-19 09:41:34,969 | INFO | News RSS query for SIEMENS: https://news.google.com/rss/search?q=SIEMENS+NSE+when:10d&hl=en-IN&gl=IN&ceid=IN:en
2026-04-19 09:41:44,524 | INFO | News RSS status for SIEMENS: 503
2026-04-19 09:41:44,524 | INFO | News RSS query for SIEMENS: https://news.google.com/rss/search?q=site%3Aeconomictimes.indiatimes.com+%22Siemens+Ltd.%22+when:10d&hl=en-IN&gl=IN&ceid=IN:en
2026-04-19 09:41:53,566 | INFO | News RSS status for SIEMENS: 503
2026-04-19 09:41:53,566 | INFO | News RSS query for SIEMENS: https://news.google.com/rss/search?q=site%3Amoneycontrol.com+%22Siemens+Ltd.%22+when:10d&hl=en-IN&gl=IN&ceid=IN:en
2026-04-19 09:42:02,660 | INFO | News RSS status for SIEMENS: 503
2026-04-19 09:42:02,660 | INFO | News RSS query for SIEMENS: https://news.google.com/rss/search?q=site%3Abusinessstandard.com+%22Siemens+Ltd.%22+when:10d&hl=en-IN&gl=IN&ceid=IN:en
2026-04-19 09:42:08,484 | INFO | News RSS status for SIEMENS: 503
2026-04-19 09:42:09,098 | INFO | News RSS query for SOLARINDS: https://news.google.com/rss/search?q=%22Solar+Industries+India+Ltd.%22+NSE+when:10d&hl=en-IN&gl=IN&ceid=IN:en
2026-04-19 09:42:19,031 | INFO | News RSS status for SOLARINDS: 503
2026-04-19 09:42:19,032 | INFO | News RSS query for SOLARINDS: https://news.google.com/rss/search?q=%22Solar+Industries+India+Ltd.%22+stock+when:10d&hl=en-IN&gl=IN&ceid=IN:en
2026-04-19 09:42:27,167 | INFO | News RSS status for SOLARINDS: 503
2026-04-19 09:42:27,167 | INFO | News RSS query for SOLARINDS: https://news.google.com/rss/search?q=SOLARINDS+NSE+when:10d&hl=en-IN&gl=IN&ceid=IN:en
2026-04-19 09:42:33,500 | INFO | News RSS status for SOLARINDS: 503
2026-04-19 09:42:33,500 | INFO | News RSS query for SOLARINDS: https://news.google.com/rss/search?q=site%3Aeconomictimes.indiatimes.com+%22Solar+Industries+India+Ltd.%22+when:10d&hl=en-IN&gl=IN&ceid=IN:en
2026-04-19 09:42:41,894 | INFO | News RSS status for SOLARINDS: 503
2026-04-19 09:42:41,894 | INFO | News RSS query for SOLARINDS: https://news.google.com/rss/search?q=site%3Amoneycontrol.com+%22Solar+Industries+India+Ltd.%22+when:10d&hl=en-IN&gl=IN&ceid=IN:en
2026-04-19 09:42:49,238 | INFO | News RSS status for SOLARINDS: 503
2026-04-19 09:42:49,238 | INFO | News RSS query for SOLARINDS: https://news.google.com/rss/search?q=site%3Abusinessstandard.com+%22Solar+Industries+India+Ltd.%22+when:10d&hl=en-IN&gl=IN&ceid=IN:en
2026-04-19 09:42:54,515 | INFO | News RSS status for SOLARINDS: 503
2026-04-19 09:42:55,068 | WARNING | Skipping TATACAP — only 126 bars available (need 220). Extend history_backfill_days in config.json to include this symbol.
2026-04-19 09:42:56,235 | INFO | News RSS query for TATAPOWER: https://news.google.com/rss/search?q=%22Tata+Power+Co.+Ltd.%22+NSE+when:10d&hl=en-IN&gl=IN&ceid=IN:en
2026-04-19 09:43:06,078 | INFO | News RSS status for TATAPOWER: 503
2026-04-19 09:43:06,078 | INFO | News RSS query for TATAPOWER: https://news.google.com/rss/search?q=%22Tata+Power+Co.+Ltd.%22+stock+when:10d&hl=en-IN&gl=IN&ceid=IN:en
2026-04-19 09:43:13,633 | INFO | News RSS status for TATAPOWER: 503
2026-04-19 09:43:13,633 | INFO | News RSS query for TATAPOWER: https://news.google.com/rss/search?q=TATAPOWER+NSE+when:10d&hl=en-IN&gl=IN&ceid=IN:en
2026-04-19 09:43:20,951 | INFO | News RSS status for TATAPOWER: 503
2026-04-19 09:43:20,951 | INFO | News RSS query for TATAPOWER: https://news.google.com/rss/search?q=site%3Aeconomictimes.indiatimes.com+%22Tata+Power+Co.+Ltd.%22+when:10d&hl=en-IN&gl=IN&ceid=IN:en
2026-04-19 09:43:29,026 | INFO | News RSS status for TATAPOWER: 503
2026-04-19 09:43:29,026 | INFO | News RSS query for TATAPOWER: https://news.google.com/rss/search?q=site%3Amoneycontrol.com+%22Tata+Power+Co.+Ltd.%22+when:10d&hl=en-IN&gl=IN&ceid=IN:en
2026-04-19 09:43:36,667 | INFO | News RSS status for TATAPOWER: 503
2026-04-19 09:43:36,668 | INFO | News RSS query for TATAPOWER: https://news.google.com/rss/search?q=site%3Abusinessstandard.com+%22Tata+Power+Co.+Ltd.%22+when:10d&hl=en-IN&gl=IN&ceid=IN:en
2026-04-19 09:43:44,035 | INFO | News RSS status for TATAPOWER: 503
2026-04-19 09:43:44,643 | INFO | News RSS query for TATASTEEL: https://news.google.com/rss/search?q=%22Tata+Steel+Ltd.%22+NSE+when:10d&hl=en-IN&gl=IN&ceid=IN:en
2026-04-19 09:43:50,335 | INFO | News RSS status for TATASTEEL: 503
2026-04-19 09:43:50,335 | INFO | News RSS query for TATASTEEL: https://news.google.com/rss/search?q=%22Tata+Steel+Ltd.%22+stock+when:10d&hl=en-IN&gl=IN&ceid=IN:en
2026-04-19 09:44:00,186 | INFO | News RSS status for TATASTEEL: 503
2026-04-19 09:44:00,186 | INFO | News RSS query for TATASTEEL: https://news.google.com/rss/search?q=TATASTEEL+NSE+when:10d&hl=en-IN&gl=IN&ceid=IN:en
2026-04-19 09:44:07,424 | INFO | News RSS status for TATASTEEL: 503
2026-04-19 09:44:07,424 | INFO | News RSS query for TATASTEEL: https://news.google.com/rss/search?q=site%3Aeconomictimes.indiatimes.com+%22Tata+Steel+Ltd.%22+when:10d&hl=en-IN&gl=IN&ceid=IN:en
2026-04-19 09:44:13,453 | INFO | News RSS status for TATASTEEL: 503
2026-04-19 09:44:13,453 | INFO | News RSS query for TATASTEEL: https://news.google.com/rss/search?q=site%3Amoneycontrol.com+%22Tata+Steel+Ltd.%22+when:10d&hl=en-IN&gl=IN&ceid=IN:en
2026-04-19 09:44:19,554 | INFO | News RSS status for TATASTEEL: 503
2026-04-19 09:44:19,554 | INFO | News RSS query for TATASTEEL: https://news.google.com/rss/search?q=site%3Abusinessstandard.com+%22Tata+Steel+Ltd.%22+when:10d&hl=en-IN&gl=IN&ceid=IN:en
2026-04-19 09:44:27,796 | INFO | News RSS status for TATASTEEL: 503
2026-04-19 09:44:29,527 | INFO | News RSS query for TITAN: https://news.google.com/rss/search?q=%22Titan+Company+Ltd.%22+NSE+when:10d&hl=en-IN&gl=IN&ceid=IN:en
2026-04-19 09:44:35,933 | INFO | News RSS status for TITAN: 503
2026-04-19 09:44:35,933 | INFO | News RSS query for TITAN: https://news.google.com/rss/search?q=%22Titan+Company+Ltd.%22+stock+when:10d&hl=en-IN&gl=IN&ceid=IN:en
2026-04-19 09:44:43,311 | INFO | News RSS status for TITAN: 503
2026-04-19 09:44:43,311 | INFO | News RSS query for TITAN: https://news.google.com/rss/search?q=TITAN+NSE+when:10d&hl=en-IN&gl=IN&ceid=IN:en
2026-04-19 09:44:52,025 | INFO | News RSS status for TITAN: 503
2026-04-19 09:44:52,025 | INFO | News RSS query for TITAN: https://news.google.com/rss/search?q=site%3Aeconomictimes.indiatimes.com+%22Titan+Company+Ltd.%22+when:10d&hl=en-IN&gl=IN&ceid=IN:en
2026-04-19 09:45:01,446 | INFO | News RSS status for TITAN: 503
2026-04-19 09:45:01,446 | INFO | News RSS query for TITAN: https://news.google.com/rss/search?q=site%3Amoneycontrol.com+%22Titan+Company+Ltd.%22+when:10d&hl=en-IN&gl=IN&ceid=IN:en
2026-04-19 09:45:10,655 | INFO | News RSS status for TITAN: 503
2026-04-19 09:45:10,655 | INFO | News RSS query for TITAN: https://news.google.com/rss/search?q=site%3Abusinessstandard.com+%22Titan+Company+Ltd.%22+when:10d&hl=en-IN&gl=IN&ceid=IN:en
2026-04-19 09:45:20,032 | INFO | News RSS status for TITAN: 503
2026-04-19 09:45:20,033 | WARNING | Skipping TMCV — only 106 bars available (need 220). Extend history_backfill_days in config.json to include this symbol.
2026-04-19 09:45:20,034 | WARNING | Skipping TMPV — only 123 bars available (need 220). Extend history_backfill_days in config.json to include this symbol.
2026-04-19 09:45:22,831 | INFO | News RSS query for UNIONBANK: https://news.google.com/rss/search?q=%22Union+Bank+of+India%22+NSE+when:10d&hl=en-IN&gl=IN&ceid=IN:en
2026-04-19 09:45:30,810 | INFO | News RSS status for UNIONBANK: 503
2026-04-19 09:45:30,811 | INFO | News RSS query for UNIONBANK: https://news.google.com/rss/search?q=%22Union+Bank+of+India%22+stock+when:10d&hl=en-IN&gl=IN&ceid=IN:en
2026-04-19 09:45:36,105 | INFO | News RSS status for UNIONBANK: 503
2026-04-19 09:45:36,105 | INFO | News RSS query for UNIONBANK: https://news.google.com/rss/search?q=UNIONBANK+NSE+when:10d&hl=en-IN&gl=IN&ceid=IN:en
2026-04-19 09:45:43,768 | INFO | News RSS status for UNIONBANK: 503
2026-04-19 09:45:43,768 | INFO | News RSS query for UNIONBANK: https://news.google.com/rss/search?q=site%3Aeconomictimes.indiatimes.com+%22Union+Bank+of+India%22+when:10d&hl=en-IN&gl=IN&ceid=IN:en
2026-04-19 09:45:49,607 | INFO | News RSS status for UNIONBANK: 503
2026-04-19 09:45:49,607 | INFO | News RSS query for UNIONBANK: https://news.google.com/rss/search?q=site%3Amoneycontrol.com+%22Union+Bank+of+India%22+when:10d&hl=en-IN&gl=IN&ceid=IN:en
2026-04-19 09:45:57,511 | INFO | News RSS status for UNIONBANK: 503
2026-04-19 09:45:57,511 | INFO | News RSS query for UNIONBANK: https://news.google.com/rss/search?q=site%3Abusinessstandard.com+%22Union+Bank+of+India%22+when:10d&hl=en-IN&gl=IN&ceid=IN:en
2026-04-19 09:46:04,054 | INFO | News RSS status for UNIONBANK: 503
2026-04-19 09:46:05,424 | INFO | News RSS query for VEDL: https://news.google.com/rss/search?q=%22Vedanta+Ltd.%22+NSE+when:10d&hl=en-IN&gl=IN&ceid=IN:en
2026-04-19 09:46:13,051 | INFO | News RSS status for VEDL: 503
2026-04-19 09:46:13,051 | INFO | News RSS query for VEDL: https://news.google.com/rss/search?q=%22Vedanta+Ltd.%22+stock+when:10d&hl=en-IN&gl=IN&ceid=IN:en
2026-04-19 09:46:18,358 | INFO | News RSS status for VEDL: 503
2026-04-19 09:46:18,358 | INFO | News RSS query for VEDL: https://news.google.com/rss/search?q=VEDL+NSE+when:10d&hl=en-IN&gl=IN&ceid=IN:en
2026-04-19 09:46:25,171 | INFO | News RSS status for VEDL: 503
2026-04-19 09:46:25,171 | INFO | News RSS query for VEDL: https://news.google.com/rss/search?q=site%3Aeconomictimes.indiatimes.com+%22Vedanta+Ltd.%22+when:10d&hl=en-IN&gl=IN&ceid=IN:en
2026-04-19 09:46:33,099 | INFO | News RSS status for VEDL: 503
2026-04-19 09:46:33,099 | INFO | News RSS query for VEDL: https://news.google.com/rss/search?q=site%3Amoneycontrol.com+%22Vedanta+Ltd.%22+when:10d&hl=en-IN&gl=IN&ceid=IN:en
2026-04-19 09:46:39,282 | INFO | News RSS status for VEDL: 503
2026-04-19 09:46:39,283 | INFO | News RSS query for VEDL: https://news.google.com/rss/search?q=site%3Abusinessstandard.com+%22Vedanta+Ltd.%22+when:10d&hl=en-IN&gl=IN&ceid=IN:en
2026-04-19 09:46:47,985 | INFO | News RSS status for VEDL: 503
2026-04-19 09:46:49,158 | INFO | News RSS query for ZYDUSLIFE: https://news.google.com/rss/search?q=%22Zydus+Lifesciences+Ltd.%22+NSE+when:10d&hl=en-IN&gl=IN&ceid=IN:en
2026-04-19 09:46:57,673 | INFO | News RSS status for ZYDUSLIFE: 503
2026-04-19 09:46:57,673 | INFO | News RSS query for ZYDUSLIFE: https://news.google.com/rss/search?q=%22Zydus+Lifesciences+Ltd.%22+stock+when:10d&hl=en-IN&gl=IN&ceid=IN:en
2026-04-19 09:47:02,903 | INFO | News RSS status for ZYDUSLIFE: 503
2026-04-19 09:47:02,903 | INFO | News RSS query for ZYDUSLIFE: https://news.google.com/rss/search?q=ZYDUSLIFE+NSE+when:10d&hl=en-IN&gl=IN&ceid=IN:en
2026-04-19 09:47:09,702 | INFO | News RSS status for ZYDUSLIFE: 503
2026-04-19 09:47:09,702 | INFO | News RSS query for ZYDUSLIFE: https://news.google.com/rss/search?q=site%3Aeconomictimes.indiatimes.com+%22Zydus+Lifesciences+Ltd.%22+when:10d&hl=en-IN&gl=IN&ceid=IN:en
2026-04-19 09:47:19,364 | INFO | News RSS status for ZYDUSLIFE: 503
2026-04-19 09:47:19,364 | INFO | News RSS query for ZYDUSLIFE: https://news.google.com/rss/search?q=site%3Amoneycontrol.com+%22Zydus+Lifesciences+Ltd.%22+when:10d&hl=en-IN&gl=IN&ceid=IN:en
2026-04-19 09:47:27,694 | INFO | News RSS status for ZYDUSLIFE: 503
2026-04-19 09:47:27,694 | INFO | News RSS query for ZYDUSLIFE: https://news.google.com/rss/search?q=site%3Abusinessstandard.com+%22Zydus+Lifesciences+Ltd.%22+when:10d&hl=en-IN&gl=IN&ceid=IN:en
2026-04-19 09:47:34,905 | INFO | News RSS status for ZYDUSLIFE: 503
2026-04-19 09:47:34,916 | INFO | Index membership from cache: NIFTY 50 (50 symbols)
2026-04-19 09:47:34,916 | INFO | Index membership from cache: Nifty Next 50 (50 symbols)
2026-04-19 09:47:34,916 | INFO | Index membership ready: 100 symbols mapped
2026-04-19 09:47:34,916 | INFO | Market Health: fetching index OHLCV...
2026-04-19 09:47:34,919 | INFO | Index OHLCV cache fresh for NIFTY 50 (1362 rows)
2026-04-19 09:47:34,922 | INFO | Index OHLCV cache fresh for NIFTY NEXT 50 (1362 rows)
2026-04-19 09:47:34,922 | INFO | Market Health: fetching VIX...
2026-04-19 09:47:34,924 | INFO | VIX cache fresh (60 rows)
2026-04-19 09:47:34,924 | INFO | Market Health: updating breadth EMA cache...
2026-04-19 09:47:36,088 | INFO | Market Health [NIFTY 50]: Score=32.0 | Weak Bull &#x1F7E1;
2026-04-19 09:47:36,105 | INFO | Market Health [Nifty Next 50]: Score=48.0 | Weak Bull &#x1F7E1;
2026-04-19 09:47:36,184 | INFO | Signal log: skipping new signal insertion — 2026-04-19 is a weekend.
2026-04-19 09:47:36,318 | INFO | Signal tracker: updated 17 Active signal rows.
2026-04-19 09:47:36,336 | INFO | HTML report written: /home/runner/work/nifty100-reporter/nifty100-reporter/reports/nifty100_daily_report_20260419.html
2026-04-19 09:47:36,345 | INFO | Market Health Excel sheet written.
2026-04-19 09:47:36,449 | INFO | Excel report written: /home/runner/work/nifty100-reporter/nifty100-reporter/reports/nifty100_daily_report_20260419.xlsx
2026-04-19 09:47:36,449 | INFO | GitHub Actions detected — skipping Gmail API send (workflow handles email).
2026-04-19 09:47:36,449 | INFO | Run completed successfully.
2026-04-19 09:47:36,449 | INFO | Artifacts: /home/runner/work/nifty100-reporter/nifty100-reporter/reports/nifty100_daily_report_20260419.html | /home/runner/work/nifty100-reporter/nifty100-reporter/reports/nifty100_daily_report_20260419.xlsx | log: /home/runner/work/nifty100-reporter/nifty100-reporter/logs/run_20260419_144236.log
