2026-05-08 12:45:51,422 | INFO | Nifty 100 Daily EMA Cross Reporter | Version 3.3.8 | Released 2026-04-17
2026-05-08 12:45:51,422 | INFO | Base directory: /home/runner/work/nifty100-reporter/nifty100-reporter
2026-05-08 12:45:51,423 | INFO | Loaded config. Email enabled: True | Recipients: 1
2026-05-08 12:45:51,498 | WARNING | NSE session bootstrap HTTP 403 (attempt 1/5) — refreshing NSE session cookie …
2026-05-08 12:46:01,641 | WARNING | NSE session bootstrap HTTP 403 (attempt 2/5) — refreshing NSE session cookie …
2026-05-08 12:46:11,842 | WARNING | NSE session bootstrap HTTP 403 (attempt 3/5) — refreshing NSE session cookie …
2026-05-08 12:46:22,076 | WARNING | NSE session bootstrap HTTP 403 (attempt 4/5) — refreshing NSE session cookie …
2026-05-08 12:46:32,224 | INFO | NSE session bootstrap status: 403
2026-05-08 12:46:32,225 | INFO | Downloading Nifty 100 universe from https://www.niftyindices.com/IndexConstituent/ind_nifty100list.csv
2026-05-08 12:46:32,734 | INFO | Universe download status: 200
2026-05-08 12:46:32,739 | INFO | Universe rows loaded: 104
2026-05-08 12:46:32,856 | INFO | Loaded history rows: 126763
2026-05-08 12:46:32,863 | INFO | yfinance history update: 104 symbols | 2026-05-06 → 2026-05-09
2026-05-08 12:46:32,863 | INFO | yfinance batch download: 104 symbols | 2026-05-06 → 2026-05-09
2026-05-08 12:46:32,865 | INFO | Failed to create TzCache, reason: Error creating TzCache folder: '/home/runner/.cache/py-yfinance' reason: [Errno 17] File exists: '/home/runner/.cache/py-yfinance'. TzCache will not be used. Tip: You can direct cache to use a different location with 'set_tz_cache_location(mylocation)'
2026-05-08 12:46:33,708 | ERROR | HTTP Error 404: {"quoteSummary":{"result":null,"error":{"code":"Not Found","description":"Quote not found for symbol: DUMMYVEDL1.NS"}}}
2026-05-08 12:46:33,828 | ERROR | $DUMMYVEDL1.NS: possibly delisted; no timezone found
2026-05-08 12:46:35,252 | ERROR | HTTP Error 404: {"quoteSummary":{"result":null,"error":{"code":"Not Found","description":"Quote not found for symbol: DUMMYVEDL3.NS"}}}
2026-05-08 12:46:35,373 | ERROR | $DUMMYVEDL3.NS: possibly delisted; no timezone found
2026-05-08 12:46:36,027 | ERROR | $DUMMYVEDL4.NS: possibly delisted; no timezone found
2026-05-08 12:46:36,683 | ERROR | $DUMMYVEDL2.NS: possibly delisted; no timezone found
2026-05-08 12:46:39,757 | ERROR | 
4 Failed downloads:
2026-05-08 12:46:39,757 | ERROR | ['DUMMYVEDL1.NS', 'DUMMYVEDL3.NS', 'DUMMYVEDL4.NS', 'DUMMYVEDL2.NS']: possibly delisted; no timezone found
2026-05-08 12:46:39,770 | INFO | yfinance raw shape: (3, 524)
2026-05-08 12:46:40,093 | INFO | yfinance parsed rows after date-filter: 300
2026-05-08 12:46:40,094 | INFO | New rows from yfinance: 300
2026-05-08 12:46:40,905 | INFO | Saved history rows: 126864 | file: /home/runner/work/nifty100-reporter/nifty100-reporter/data/nifty100_ohlcv_history.csv
2026-05-08 12:46:41,005 | INFO | Loaded history rows: 126864
2026-05-08 12:46:41,005 | INFO | Latest OHLCV data is from 2026-05-08
2026-05-08 12:46:41,033 | INFO | Latest Delivery data is from 2026-05-07
2026-05-08 12:46:41,078 | INFO | Delivery cache has 34 dates — skipping backfill.
2026-05-08 12:46:41,079 | INFO | Delivery fetch attempt [0/7] — URL: https://archives.nseindia.com/products/content/sec_bhavdata_full_08052026.csv
2026-05-08 12:46:42,022 | INFO | Delivery fetch SUCCESS — date: 2026-05-08 | size: 368476 bytes | URL: https://archives.nseindia.com/products/content/sec_bhavdata_full_08052026.csv
2026-05-08 12:46:42,360 | INFO | Delivery cache updated: 2449 symbols for 2026-05-08 (rows in cache: 83592)
2026-05-08 12:46:42,361 | INFO | Delivery data: 2449 symbols | fallback=False
2026-05-08 12:46:42,742 | INFO | Corporate actions bulk OK: 33 raw rows | 5 Nifty100 symbols with events
2026-05-08 12:47:18,961 | INFO | Corporate actions: 5/104 symbols have events (window 08-05-2026 to 07-06-2026) | Symbols: BAJAJ-AUTO, GODREJCP, LT, LTM, TCS
2026-05-08 12:47:18,961 | INFO | Index membership from cache: NIFTY 50 (50 symbols)
2026-05-08 12:47:18,961 | INFO | Index membership from cache: Nifty Next 50 (50 symbols)
2026-05-08 12:47:18,961 | INFO | Index membership ready: 100 symbols mapped
2026-05-08 12:47:19,411 | INFO | News RSS query for ABB: https://news.google.com/rss/search?q=%22ABB+India+Ltd.%22+NSE+when:10d&hl=en-IN&gl=IN&ceid=IN:en
2026-05-08 12:47:19,675 | INFO | News RSS status for ABB: 200
2026-05-08 12:47:19,932 | INFO | News RSS query for ADANIENSOL: https://news.google.com/rss/search?q=%22Adani+Energy+Solutions+Ltd.%22+NSE+when:10d&hl=en-IN&gl=IN&ceid=IN:en
2026-05-08 12:47:20,132 | INFO | News RSS status for ADANIENSOL: 200
2026-05-08 12:47:20,957 | INFO | News RSS query for ADANIGREEN: https://news.google.com/rss/search?q=%22Adani+Green+Energy+Ltd.%22+NSE+when:10d&hl=en-IN&gl=IN&ceid=IN:en
2026-05-08 12:47:21,179 | INFO | News RSS status for ADANIGREEN: 200
2026-05-08 12:47:21,663 | INFO | News RSS query for ADANIPORTS: https://news.google.com/rss/search?q=%22Adani+Ports+and+Special+Economic+Zone+Ltd.%22+NSE+when:10d&hl=en-IN&gl=IN&ceid=IN:en
2026-05-08 12:47:21,879 | INFO | News RSS status for ADANIPORTS: 200
2026-05-08 12:47:22,318 | INFO | News RSS query for ADANIPOWER: https://news.google.com/rss/search?q=%22Adani+Power+Ltd.%22+NSE+when:10d&hl=en-IN&gl=IN&ceid=IN:en
2026-05-08 12:47:22,569 | INFO | News RSS status for ADANIPOWER: 200
2026-05-08 12:47:23,379 | INFO | News RSS query for APOLLOHOSP: https://news.google.com/rss/search?q=%22Apollo+Hospitals+Enterprise+Ltd.%22+NSE+when:10d&hl=en-IN&gl=IN&ceid=IN:en
2026-05-08 12:47:23,576 | INFO | News RSS status for APOLLOHOSP: 200
2026-05-08 12:47:24,754 | INFO | News RSS query for BAJAJ-AUTO: https://news.google.com/rss/search?q=%22Bajaj+Auto+Ltd.%22+NSE+when:10d&hl=en-IN&gl=IN&ceid=IN:en
2026-05-08 12:47:25,034 | INFO | News RSS status for BAJAJ-AUTO: 200
2026-05-08 12:47:25,845 | INFO | News RSS query for BAJAJHLDNG: https://news.google.com/rss/search?q=%22Bajaj+Holdings+%26+Investment+Ltd.%22+NSE+when:10d&hl=en-IN&gl=IN&ceid=IN:en
2026-05-08 12:47:26,065 | INFO | News RSS status for BAJAJHLDNG: 200
2026-05-08 12:47:28,009 | INFO | News RSS query for BOSCHLTD: https://news.google.com/rss/search?q=%22Bosch+Ltd.%22+NSE+when:10d&hl=en-IN&gl=IN&ceid=IN:en
2026-05-08 12:47:28,243 | INFO | News RSS status for BOSCHLTD: 200
2026-05-08 12:47:28,311 | INFO | News RSS query for BOSCHLTD: https://news.google.com/rss/search?q=%22Bosch+Ltd.%22+NSE+when:10d&hl=en-IN&gl=IN&ceid=IN:en
2026-05-08 12:47:28,323 | INFO | News RSS status for BOSCHLTD: 200
2026-05-08 12:47:29,870 | INFO | News RSS query for CGPOWER: https://news.google.com/rss/search?q=%22CG+Power+and+Industrial+Solutions+Ltd.%22+NSE+when:10d&hl=en-IN&gl=IN&ceid=IN:en
2026-05-08 12:47:30,086 | INFO | News RSS status for CGPOWER: 200
2026-05-08 12:47:30,897 | INFO | News RSS query for CIPLA: https://news.google.com/rss/search?q=%22Cipla+Ltd.%22+NSE+when:10d&hl=en-IN&gl=IN&ceid=IN:en
2026-05-08 12:47:31,166 | INFO | News RSS status for CIPLA: 200
2026-05-08 12:47:31,168 | INFO | News RSS query for CIPLA: https://news.google.com/rss/search?q=%22Cipla+Ltd.%22+stock+when:10d&hl=en-IN&gl=IN&ceid=IN:en
2026-05-08 12:47:31,416 | INFO | News RSS status for CIPLA: 200
2026-05-08 12:47:31,852 | INFO | News RSS query for COALINDIA: https://news.google.com/rss/search?q=%22Coal+India+Ltd.%22+NSE+when:10d&hl=en-IN&gl=IN&ceid=IN:en
2026-05-08 12:47:32,071 | INFO | News RSS status for COALINDIA: 200
2026-05-08 12:47:32,510 | INFO | News RSS query for CUMMINSIND: https://news.google.com/rss/search?q=%22Cummins+India+Ltd.%22+NSE+when:10d&hl=en-IN&gl=IN&ceid=IN:en
2026-05-08 12:47:32,739 | INFO | News RSS status for CUMMINSIND: 200
2026-05-08 12:47:33,179 | INFO | News RSS query for DIVISLAB: https://news.google.com/rss/search?q=%22Divi%27s+Laboratories+Ltd.%22+NSE+when:10d&hl=en-IN&gl=IN&ceid=IN:en
2026-05-08 12:47:33,380 | INFO | News RSS status for DIVISLAB: 200
2026-05-08 12:47:33,381 | INFO | News RSS query for DIVISLAB: https://news.google.com/rss/search?q=%22Divi%27s+Laboratories+Ltd.%22+stock+when:10d&hl=en-IN&gl=IN&ceid=IN:en
2026-05-08 12:47:33,631 | INFO | News RSS status for DIVISLAB: 200
2026-05-08 12:47:34,434 | INFO | News RSS query for DMART: https://news.google.com/rss/search?q=%22Avenue+Supermarts+Ltd.%22+NSE+when:10d&hl=en-IN&gl=IN&ceid=IN:en
2026-05-08 12:47:34,629 | INFO | News RSS status for DMART: 200
2026-05-08 12:47:35,063 | INFO | News RSS query for DRREDDY: https://news.google.com/rss/search?q=%22Dr.+Reddy%27s+Laboratories+Ltd.%22+NSE+when:10d&hl=en-IN&gl=IN&ceid=IN:en
2026-05-08 12:47:35,270 | INFO | News RSS status for DRREDDY: 200
2026-05-08 12:47:35,643 | WARNING | Skipping ENRIN — only 217 bars available (need 220). Extend history_backfill_days in config.json to include this symbol.
2026-05-08 12:47:37,130 | INFO | News RSS query for GRASIM: https://news.google.com/rss/search?q=%22Grasim+Industries+Ltd.%22+NSE+when:10d&hl=en-IN&gl=IN&ceid=IN:en
2026-05-08 12:47:37,325 | INFO | News RSS status for GRASIM: 200
2026-05-08 12:47:37,326 | INFO | News RSS query for GRASIM: https://news.google.com/rss/search?q=%22Grasim+Industries+Ltd.%22+stock+when:10d&hl=en-IN&gl=IN&ceid=IN:en
2026-05-08 12:47:37,532 | INFO | News RSS status for GRASIM: 200
2026-05-08 12:47:38,695 | INFO | News RSS query for HDFCAMC: https://news.google.com/rss/search?q=%22HDFC+Asset+Management+Company+Ltd.%22+NSE+when:10d&hl=en-IN&gl=IN&ceid=IN:en
2026-05-08 12:47:38,984 | INFO | News RSS status for HDFCAMC: 200
2026-05-08 12:47:38,986 | INFO | News RSS query for HDFCAMC: https://news.google.com/rss/search?q=%22HDFC+Asset+Management+Company+Ltd.%22+stock+when:10d&hl=en-IN&gl=IN&ceid=IN:en
2026-05-08 12:47:39,229 | INFO | News RSS status for HDFCAMC: 200
2026-05-08 12:47:40,395 | INFO | News RSS query for HINDALCO: https://news.google.com/rss/search?q=%22Hindalco+Industries+Ltd.%22+NSE+when:10d&hl=en-IN&gl=IN&ceid=IN:en
2026-05-08 12:47:40,659 | INFO | News RSS status for HINDALCO: 200
2026-05-08 12:47:41,459 | INFO | News RSS query for HINDZINC: https://news.google.com/rss/search?q=%22Hindustan+Zinc+Ltd.%22+NSE+when:10d&hl=en-IN&gl=IN&ceid=IN:en
2026-05-08 12:47:41,659 | INFO | News RSS status for HINDZINC: 200
2026-05-08 12:47:42,571 | INFO | News RSS query for INDHOTEL: https://news.google.com/rss/search?q=%22Indian+Hotels+Co.+Ltd.%22+NSE+when:10d&hl=en-IN&gl=IN&ceid=IN:en
2026-05-08 12:47:42,818 | INFO | News RSS status for INDHOTEL: 200
2026-05-08 12:47:42,820 | INFO | News RSS query for INDHOTEL: https://news.google.com/rss/search?q=%22Indian+Hotels+Co.+Ltd.%22+stock+when:10d&hl=en-IN&gl=IN&ceid=IN:en
2026-05-08 12:47:43,019 | INFO | News RSS status for INDHOTEL: 200
2026-05-08 12:47:44,525 | INFO | News RSS query for IRFC: https://news.google.com/rss/search?q=%22Indian+Railway+Finance+Corporation+Ltd.%22+NSE+when:10d&hl=en-IN&gl=IN&ceid=IN:en
2026-05-08 12:47:44,745 | INFO | News RSS status for IRFC: 200
2026-05-08 12:47:44,747 | INFO | News RSS query for IRFC: https://news.google.com/rss/search?q=%22Indian+Railway+Finance+Corporation+Ltd.%22+stock+when:10d&hl=en-IN&gl=IN&ceid=IN:en
2026-05-08 12:47:45,030 | INFO | News RSS status for IRFC: 200
2026-05-08 12:47:45,827 | INFO | News RSS query for JINDALSTEL: https://news.google.com/rss/search?q=%22Jindal+Steel+Ltd.%22+NSE+when:10d&hl=en-IN&gl=IN&ceid=IN:en
2026-05-08 12:47:46,069 | INFO | News RSS status for JINDALSTEL: 200
2026-05-08 12:47:46,071 | INFO | News RSS query for JINDALSTEL: https://news.google.com/rss/search?q=%22Jindal+Steel+Ltd.%22+stock+when:10d&hl=en-IN&gl=IN&ceid=IN:en
2026-05-08 12:47:46,322 | INFO | News RSS status for JINDALSTEL: 200
2026-05-08 12:47:46,940 | INFO | News RSS query for JSWSTEEL: https://news.google.com/rss/search?q=%22JSW+Steel+Ltd.%22+NSE+when:10d&hl=en-IN&gl=IN&ceid=IN:en
2026-05-08 12:47:47,183 | INFO | News RSS status for JSWSTEEL: 200
2026-05-08 12:47:47,186 | INFO | News RSS query for JSWSTEEL: https://news.google.com/rss/search?q=%22JSW+Steel+Ltd.%22+stock+when:10d&hl=en-IN&gl=IN&ceid=IN:en
2026-05-08 12:47:47,440 | INFO | News RSS status for JSWSTEEL: 200
2026-05-08 12:47:48,567 | INFO | News RSS query for LT: https://news.google.com/rss/search?q=%22Larsen+%26+Toubro+Ltd.%22+NSE+when:10d&hl=en-IN&gl=IN&ceid=IN:en
2026-05-08 12:47:48,824 | INFO | News RSS status for LT: 200
2026-05-08 12:47:48,829 | WARNING | Skipping LTM — only 52 bars available (need 220). Extend history_backfill_days in config.json to include this symbol.
2026-05-08 12:47:50,724 | INFO | News RSS query for MOTHERSON: https://news.google.com/rss/search?q=%22Samvardhana+Motherson+International+Ltd.%22+NSE+when:10d&hl=en-IN&gl=IN&ceid=IN:en
2026-05-08 12:47:50,939 | INFO | News RSS status for MOTHERSON: 200
2026-05-08 12:47:50,940 | INFO | News RSS query for MOTHERSON: https://news.google.com/rss/search?q=%22Samvardhana+Motherson+International+Ltd.%22+stock+when:10d&hl=en-IN&gl=IN&ceid=IN:en
2026-05-08 12:47:51,210 | INFO | News RSS status for MOTHERSON: 200
2026-05-08 12:47:51,646 | INFO | News RSS query for MUTHOOTFIN: https://news.google.com/rss/search?q=%22Muthoot+Finance+Ltd.%22+NSE+when:10d&hl=en-IN&gl=IN&ceid=IN:en
2026-05-08 12:47:51,941 | INFO | News RSS status for MUTHOOTFIN: 200
2026-05-08 12:47:51,943 | INFO | News RSS query for MUTHOOTFIN: https://news.google.com/rss/search?q=%22Muthoot+Finance+Ltd.%22+stock+when:10d&hl=en-IN&gl=IN&ceid=IN:en
2026-05-08 12:47:52,177 | INFO | News RSS status for MUTHOOTFIN: 200
2026-05-08 12:47:52,614 | INFO | News RSS query for NESTLEIND: https://news.google.com/rss/search?q=%22Nestle+India+Ltd.%22+NSE+when:10d&hl=en-IN&gl=IN&ceid=IN:en
2026-05-08 12:47:52,818 | INFO | News RSS status for NESTLEIND: 200
2026-05-08 12:47:52,820 | INFO | News RSS query for NESTLEIND: https://news.google.com/rss/search?q=%22Nestle+India+Ltd.%22+stock+when:10d&hl=en-IN&gl=IN&ceid=IN:en
2026-05-08 12:47:53,107 | INFO | News RSS status for NESTLEIND: 200
2026-05-08 12:47:53,542 | INFO | News RSS query for NTPC: https://news.google.com/rss/search?q=%22NTPC+Ltd.%22+NSE+when:10d&hl=en-IN&gl=IN&ceid=IN:en
2026-05-08 12:47:53,785 | INFO | News RSS status for NTPC: 200
2026-05-08 12:47:53,787 | INFO | News RSS query for NTPC: https://news.google.com/rss/search?q=%22NTPC+Ltd.%22+stock+when:10d&hl=en-IN&gl=IN&ceid=IN:en
2026-05-08 12:47:54,021 | INFO | News RSS status for NTPC: 200
2026-05-08 12:47:54,453 | INFO | News RSS query for ONGC: https://news.google.com/rss/search?q=%22Oil+%26+Natural+Gas+Corporation+Ltd.%22+NSE+when:10d&hl=en-IN&gl=IN&ceid=IN:en
2026-05-08 12:47:54,641 | INFO | News RSS status for ONGC: 200
2026-05-08 12:47:54,642 | INFO | News RSS query for ONGC: https://news.google.com/rss/search?q=%22Oil+%26+Natural+Gas+Corporation+Ltd.%22+stock+when:10d&hl=en-IN&gl=IN&ceid=IN:en
2026-05-08 12:47:54,846 | INFO | News RSS status for ONGC: 200
2026-05-08 12:47:55,281 | INFO | News RSS query for PFC: https://news.google.com/rss/search?q=%22Power+Finance+Corporation+Ltd.%22+NSE+when:10d&hl=en-IN&gl=IN&ceid=IN:en
2026-05-08 12:47:55,492 | INFO | News RSS status for PFC: 200
2026-05-08 12:47:55,495 | INFO | News RSS query for PFC: https://news.google.com/rss/search?q=%22Power+Finance+Corporation+Ltd.%22+stock+when:10d&hl=en-IN&gl=IN&ceid=IN:en
2026-05-08 12:47:55,733 | INFO | News RSS status for PFC: 200
2026-05-08 12:47:55,801 | INFO | News RSS query for PFC: https://news.google.com/rss/search?q=%22Power+Finance+Corporation+Ltd.%22+NSE+when:10d&hl=en-IN&gl=IN&ceid=IN:en
2026-05-08 12:47:55,813 | INFO | News RSS status for PFC: 200
2026-05-08 12:47:55,815 | INFO | News RSS query for PFC: https://news.google.com/rss/search?q=%22Power+Finance+Corporation+Ltd.%22+stock+when:10d&hl=en-IN&gl=IN&ceid=IN:en
2026-05-08 12:47:55,829 | INFO | News RSS status for PFC: 200
2026-05-08 12:47:56,998 | INFO | News RSS query for POWERGRID: https://news.google.com/rss/search?q=%22Power+Grid+Corporation+of+India+Ltd.%22+NSE+when:10d&hl=en-IN&gl=IN&ceid=IN:en
2026-05-08 12:47:57,273 | INFO | News RSS status for POWERGRID: 200
2026-05-08 12:47:59,554 | INFO | News RSS query for SHRIRAMFIN: https://news.google.com/rss/search?q=%22Shriram+Finance+Ltd.%22+NSE+when:10d&hl=en-IN&gl=IN&ceid=IN:en
2026-05-08 12:47:59,765 | INFO | News RSS status for SHRIRAMFIN: 200
2026-05-08 12:47:59,834 | INFO | News RSS query for SHRIRAMFIN: https://news.google.com/rss/search?q=%22Shriram+Finance+Ltd.%22+NSE+when:10d&hl=en-IN&gl=IN&ceid=IN:en
2026-05-08 12:47:59,846 | INFO | News RSS status for SHRIRAMFIN: 200
2026-05-08 12:47:59,914 | INFO | News RSS query for SHRIRAMFIN: https://news.google.com/rss/search?q=%22Shriram+Finance+Ltd.%22+NSE+when:10d&hl=en-IN&gl=IN&ceid=IN:en
2026-05-08 12:47:59,926 | INFO | News RSS status for SHRIRAMFIN: 200
2026-05-08 12:48:00,358 | INFO | News RSS query for SIEMENS: https://news.google.com/rss/search?q=%22Siemens+Ltd.%22+NSE+when:10d&hl=en-IN&gl=IN&ceid=IN:en
2026-05-08 12:48:00,549 | INFO | News RSS status for SIEMENS: 200
2026-05-08 12:48:00,550 | INFO | News RSS query for SIEMENS: https://news.google.com/rss/search?q=%22Siemens+Ltd.%22+stock+when:10d&hl=en-IN&gl=IN&ceid=IN:en
2026-05-08 12:48:00,763 | INFO | News RSS status for SIEMENS: 200
2026-05-08 12:48:01,197 | INFO | News RSS query for SOLARINDS: https://news.google.com/rss/search?q=%22Solar+Industries+India+Ltd.%22+NSE+when:10d&hl=en-IN&gl=IN&ceid=IN:en
2026-05-08 12:48:01,405 | INFO | News RSS status for SOLARINDS: 200
2026-05-08 12:48:01,407 | INFO | News RSS query for SOLARINDS: https://news.google.com/rss/search?q=%22Solar+Industries+India+Ltd.%22+stock+when:10d&hl=en-IN&gl=IN&ceid=IN:en
2026-05-08 12:48:01,659 | INFO | News RSS status for SOLARINDS: 200
2026-05-08 12:48:02,093 | INFO | News RSS query for SUNPHARMA: https://news.google.com/rss/search?q=%22Sun+Pharmaceutical+Industries+Ltd.%22+NSE+when:10d&hl=en-IN&gl=IN&ceid=IN:en
2026-05-08 12:48:02,358 | INFO | News RSS status for SUNPHARMA: 200
2026-05-08 12:48:02,363 | WARNING | Skipping TATACAP — only 140 bars available (need 220). Extend history_backfill_days in config.json to include this symbol.
2026-05-08 12:48:02,796 | INFO | News RSS query for TATACONSUM: https://news.google.com/rss/search?q=%22Tata+Consumer+Products+Ltd.%22+NSE+when:10d&hl=en-IN&gl=IN&ceid=IN:en
2026-05-08 12:48:03,029 | INFO | News RSS status for TATACONSUM: 200
2026-05-08 12:48:03,032 | INFO | News RSS query for TATACONSUM: https://news.google.com/rss/search?q=%22Tata+Consumer+Products+Ltd.%22+stock+when:10d&hl=en-IN&gl=IN&ceid=IN:en
2026-05-08 12:48:03,327 | INFO | News RSS status for TATACONSUM: 200
2026-05-08 12:48:03,759 | INFO | News RSS query for TATAPOWER: https://news.google.com/rss/search?q=%22Tata+Power+Co.+Ltd.%22+NSE+when:10d&hl=en-IN&gl=IN&ceid=IN:en
2026-05-08 12:48:03,965 | INFO | News RSS status for TATAPOWER: 200
2026-05-08 12:48:03,966 | INFO | News RSS query for TATAPOWER: https://news.google.com/rss/search?q=%22Tata+Power+Co.+Ltd.%22+stock+when:10d&hl=en-IN&gl=IN&ceid=IN:en
2026-05-08 12:48:04,210 | INFO | News RSS status for TATAPOWER: 200
2026-05-08 12:48:04,212 | INFO | News RSS query for TATAPOWER: https://news.google.com/rss/search?q=TATAPOWER+NSE+when:10d&hl=en-IN&gl=IN&ceid=IN:en
2026-05-08 12:48:04,436 | INFO | News RSS status for TATAPOWER: 200
2026-05-08 12:48:04,869 | INFO | News RSS query for TATASTEEL: https://news.google.com/rss/search?q=%22Tata+Steel+Ltd.%22+NSE+when:10d&hl=en-IN&gl=IN&ceid=IN:en
2026-05-08 12:48:05,148 | INFO | News RSS status for TATASTEEL: 200
2026-05-08 12:48:06,335 | INFO | News RSS query for TITAN: https://news.google.com/rss/search?q=%22Titan+Company+Ltd.%22+NSE+when:10d&hl=en-IN&gl=IN&ceid=IN:en
2026-05-08 12:48:06,557 | INFO | News RSS status for TITAN: 200
2026-05-08 12:48:06,562 | WARNING | Skipping TMCV — only 120 bars available (need 220). Extend history_backfill_days in config.json to include this symbol.
2026-05-08 12:48:06,562 | WARNING | Skipping TMPV — only 137 bars available (need 220). Extend history_backfill_days in config.json to include this symbol.
2026-05-08 12:48:07,012 | INFO | News RSS query for TORNTPHARM: https://news.google.com/rss/search?q=%22Torrent+Pharmaceuticals+Ltd.%22+NSE+when:10d&hl=en-IN&gl=IN&ceid=IN:en
2026-05-08 12:48:07,249 | INFO | News RSS status for TORNTPHARM: 200
2026-05-08 12:48:08,052 | INFO | News RSS query for TVSMOTOR: https://news.google.com/rss/search?q=%22TVS+Motor+Company+Ltd.%22+NSE+when:10d&hl=en-IN&gl=IN&ceid=IN:en
2026-05-08 12:48:08,294 | INFO | News RSS status for TVSMOTOR: 200
2026-05-08 12:48:10,658 | INFO | Index membership from cache: NIFTY 50 (50 symbols)
2026-05-08 12:48:10,658 | INFO | Index membership from cache: Nifty Next 50 (50 symbols)
2026-05-08 12:48:10,658 | INFO | Index membership ready: 100 symbols mapped
2026-05-08 12:48:10,658 | INFO | Market Health: fetching index OHLCV...
2026-05-08 12:48:12,869 | INFO | Index OHLCV via niftyindices for NIFTY 50: 1376 rows (+4)
2026-05-08 12:48:12,873 | INFO | Index OHLCV cache fresh for NIFTY NEXT 50 (1374 rows)
2026-05-08 12:48:12,873 | INFO | Market Health: fetching VIX...
2026-05-08 12:48:13,764 | INFO | VIX via niftyindices: 74 rows (+4)
2026-05-08 12:48:13,765 | INFO | Market Health: updating breadth EMA cache...
2026-05-08 12:48:15,519 | INFO | Breadth EMA cache: 126864 total rows (+101)
2026-05-08 12:48:15,541 | INFO | Market Health [NIFTY 50]: Score=38.5 | Weak Bull &#x1F7E1;
2026-05-08 12:48:15,559 | INFO | Market Health [Nifty Next 50]: Score=30.0 | Weak Bull &#x1F7E1;
2026-05-08 12:48:15,632 | INFO | Signal log: appended 9 new signals. Total rows: 125
2026-05-08 12:48:15,632 | INFO | Signal log written/updated: /home/runner/work/nifty100-reporter/nifty100-reporter/data/nifty100_signal_log.csv
2026-05-08 12:48:16,147 | INFO | Signal tracker: updated 75 Active signal rows.
2026-05-08 12:48:16,164 | INFO | HTML report written: /home/runner/work/nifty100-reporter/nifty100-reporter/reports/nifty100_daily_report_20260508.html
2026-05-08 12:48:16,172 | INFO | Market Health Excel sheet written.
2026-05-08 12:48:16,458 | INFO | Excel report written: /home/runner/work/nifty100-reporter/nifty100-reporter/reports/nifty100_daily_report_20260508.xlsx
2026-05-08 12:48:16,459 | INFO | GitHub Actions detected — skipping Gmail API send (workflow handles email).
2026-05-08 12:48:16,459 | INFO | Run completed successfully.
2026-05-08 12:48:16,459 | INFO | Artifacts: /home/runner/work/nifty100-reporter/nifty100-reporter/reports/nifty100_daily_report_20260508.html | /home/runner/work/nifty100-reporter/nifty100-reporter/reports/nifty100_daily_report_20260508.xlsx | log: /home/runner/work/nifty100-reporter/nifty100-reporter/logs/run_20260508_181551.log
