2026-05-01 12:45:39,693 | INFO | Nifty 100 Daily EMA Cross Reporter | Version 3.3.8 | Released 2026-04-17
2026-05-01 12:45:39,693 | INFO | Base directory: /home/runner/work/nifty100-reporter/nifty100-reporter
2026-05-01 12:45:39,694 | INFO | Loaded config. Email enabled: True | Recipients: 1
2026-05-01 12:45:39,839 | WARNING | NSE session bootstrap HTTP 403 (attempt 1/5) — refreshing NSE session cookie …
2026-05-01 12:45:50,032 | WARNING | NSE session bootstrap HTTP 403 (attempt 2/5) — refreshing NSE session cookie …
2026-05-01 12:46:00,131 | WARNING | NSE session bootstrap HTTP 403 (attempt 3/5) — refreshing NSE session cookie …
2026-05-01 12:46:10,326 | WARNING | NSE session bootstrap HTTP 403 (attempt 4/5) — refreshing NSE session cookie …
2026-05-01 12:46:20,613 | INFO | NSE session bootstrap status: 403
2026-05-01 12:46:20,614 | INFO | Downloading Nifty 100 universe from https://www.niftyindices.com/IndexConstituent/ind_nifty100list.csv
2026-05-01 12:46:21,271 | INFO | Universe download status: 200
2026-05-01 12:46:21,276 | INFO | Universe rows loaded: 104
2026-05-01 12:46:21,379 | INFO | Loaded history rows: 126364
2026-05-01 12:46:21,387 | INFO | yfinance history update: 104 symbols | 2026-04-29 → 2026-05-02
2026-05-01 12:46:21,387 | INFO | yfinance batch download: 104 symbols | 2026-04-29 → 2026-05-02
2026-05-01 12:46:23,843 | ERROR | HTTP Error 404: {"quoteSummary":{"result":null,"error":{"code":"Not Found","description":"Quote not found for symbol: DUMMYVEDL2.NS"}}}
2026-05-01 12:46:23,942 | ERROR | $DUMMYVEDL2.NS: possibly delisted; no timezone found
2026-05-01 12:46:24,783 | ERROR | HTTP Error 404: {"quoteSummary":{"result":null,"error":{"code":"Not Found","description":"Quote not found for symbol: DUMMYVEDL4.NS"}}}
2026-05-01 12:46:24,898 | ERROR | $DUMMYVEDL4.NS: possibly delisted; no timezone found
2026-05-01 12:46:25,950 | ERROR | $DUMMYVEDL3.NS: possibly delisted; no timezone found
2026-05-01 12:46:26,485 | ERROR | $DUMMYVEDL1.NS: possibly delisted; no timezone found
2026-05-01 12:46:26,877 | ERROR | 
4 Failed downloads:
2026-05-01 12:46:26,877 | ERROR | ['DUMMYVEDL2.NS', 'DUMMYVEDL4.NS', 'DUMMYVEDL3.NS', 'DUMMYVEDL1.NS']: possibly delisted; no timezone found
2026-05-01 12:46:26,891 | INFO | yfinance raw shape: (2, 524)
2026-05-01 12:46:27,199 | INFO | yfinance parsed rows after date-filter: 200
2026-05-01 12:46:27,200 | INFO | New rows from yfinance: 200
2026-05-01 12:46:28,050 | INFO | Saved history rows: 126364 | file: /home/runner/work/nifty100-reporter/nifty100-reporter/data/nifty100_ohlcv_history.csv
2026-05-01 12:46:28,148 | INFO | Loaded history rows: 126364
2026-05-01 12:46:28,149 | INFO | Latest OHLCV data is from 2026-04-30
2026-05-01 12:46:28,177 | INFO | Latest Delivery data is from 2026-04-30
2026-05-01 12:46:28,225 | INFO | Delivery cache has 34 dates — skipping backfill.
2026-05-01 12:46:28,225 | INFO | Delivery fetch attempt [0/7] — URL: https://archives.nseindia.com/products/content/sec_bhavdata_full_01052026.csv
2026-05-01 12:46:28,792 | INFO | Delivery fetch SUCCESS — date: 2026-05-01 | size: 365181 bytes | URL: https://archives.nseindia.com/products/content/sec_bhavdata_full_01052026.csv
2026-05-01 12:46:29,146 | INFO | Delivery cache updated: 2455 symbols for 2026-05-01 (rows in cache: 83505)
2026-05-01 12:46:29,147 | INFO | Delivery data: 2455 symbols | fallback=False
2026-05-01 12:46:29,527 | INFO | Corporate actions bulk OK: 14 raw rows | 0 Nifty100 symbols with events
2026-05-01 12:46:59,208 | INFO | Corporate actions: 0/104 symbols have events (window 01-05-2026 to 31-05-2026) | Symbols: none
2026-05-01 12:46:59,208 | INFO | Index membership from cache: NIFTY 50 (50 symbols)
2026-05-01 12:46:59,208 | INFO | Index membership from cache: Nifty Next 50 (50 symbols)
2026-05-01 12:46:59,208 | INFO | Index membership ready: 100 symbols mapped
2026-05-01 12:46:59,760 | INFO | News RSS query for ABB: https://news.google.com/rss/search?q=%22ABB+India+Ltd.%22+NSE+when:10d&hl=en-IN&gl=IN&ceid=IN:en
2026-05-01 12:47:00,020 | INFO | News RSS status for ABB: 200
2026-05-01 12:47:00,325 | INFO | News RSS query for ADANIENSOL: https://news.google.com/rss/search?q=%22Adani+Energy+Solutions+Ltd.%22+NSE+when:10d&hl=en-IN&gl=IN&ceid=IN:en
2026-05-01 12:47:00,570 | INFO | News RSS status for ADANIENSOL: 200
2026-05-01 12:47:01,630 | INFO | News RSS query for ADANIGREEN: https://news.google.com/rss/search?q=%22Adani+Green+Energy+Ltd.%22+NSE+when:10d&hl=en-IN&gl=IN&ceid=IN:en
2026-05-01 12:47:01,893 | INFO | News RSS status for ADANIGREEN: 200
2026-05-01 12:47:02,439 | INFO | News RSS query for ADANIPORTS: https://news.google.com/rss/search?q=%22Adani+Ports+and+Special+Economic+Zone+Ltd.%22+NSE+when:10d&hl=en-IN&gl=IN&ceid=IN:en
2026-05-01 12:47:02,685 | INFO | News RSS status for ADANIPORTS: 200
2026-05-01 12:47:03,231 | INFO | News RSS query for ADANIPOWER: https://news.google.com/rss/search?q=%22Adani+Power+Ltd.%22+NSE+when:10d&hl=en-IN&gl=IN&ceid=IN:en
2026-05-01 12:47:03,441 | INFO | News RSS status for ADANIPOWER: 200
2026-05-01 12:47:04,466 | INFO | News RSS query for APOLLOHOSP: https://news.google.com/rss/search?q=%22Apollo+Hospitals+Enterprise+Ltd.%22+NSE+when:10d&hl=en-IN&gl=IN&ceid=IN:en
2026-05-01 12:47:04,696 | INFO | News RSS status for APOLLOHOSP: 200
2026-05-01 12:47:05,717 | INFO | News RSS query for AXISBANK: https://news.google.com/rss/search?q=%22Axis+Bank+Ltd.%22+NSE+when:10d&hl=en-IN&gl=IN&ceid=IN:en
2026-05-01 12:47:05,999 | INFO | News RSS status for AXISBANK: 200
2026-05-01 12:47:06,542 | INFO | News RSS query for BAJAJ-AUTO: https://news.google.com/rss/search?q=%22Bajaj+Auto+Ltd.%22+NSE+when:10d&hl=en-IN&gl=IN&ceid=IN:en
2026-05-01 12:47:06,757 | INFO | News RSS status for BAJAJ-AUTO: 200
2026-05-01 12:47:09,193 | INFO | News RSS query for BEL: https://news.google.com/rss/search?q=%22Bharat+Electronics+Ltd.%22+NSE+when:10d&hl=en-IN&gl=IN&ceid=IN:en
2026-05-01 12:47:09,409 | INFO | News RSS status for BEL: 200
2026-05-01 12:47:12,322 | INFO | News RSS query for CGPOWER: https://news.google.com/rss/search?q=%22CG+Power+and+Industrial+Solutions+Ltd.%22+NSE+when:10d&hl=en-IN&gl=IN&ceid=IN:en
2026-05-01 12:47:12,519 | INFO | News RSS status for CGPOWER: 200
2026-05-01 12:47:12,521 | INFO | News RSS query for CGPOWER: https://news.google.com/rss/search?q=%22CG+Power+and+Industrial+Solutions+Ltd.%22+stock+when:10d&hl=en-IN&gl=IN&ceid=IN:en
2026-05-01 12:47:12,806 | INFO | News RSS status for CGPOWER: 200
2026-05-01 12:47:14,291 | INFO | News RSS query for COALINDIA: https://news.google.com/rss/search?q=%22Coal+India+Ltd.%22+NSE+when:10d&hl=en-IN&gl=IN&ceid=IN:en
2026-05-01 12:47:14,567 | INFO | News RSS status for COALINDIA: 200
2026-05-01 12:47:15,110 | INFO | News RSS query for CUMMINSIND: https://news.google.com/rss/search?q=%22Cummins+India+Ltd.%22+NSE+when:10d&hl=en-IN&gl=IN&ceid=IN:en
2026-05-01 12:47:15,334 | INFO | News RSS status for CUMMINSIND: 200
2026-05-01 12:47:15,335 | INFO | News RSS query for CUMMINSIND: https://news.google.com/rss/search?q=%22Cummins+India+Ltd.%22+stock+when:10d&hl=en-IN&gl=IN&ceid=IN:en
2026-05-01 12:47:15,558 | INFO | News RSS status for CUMMINSIND: 200
2026-05-01 12:47:16,125 | INFO | News RSS query for DIVISLAB: https://news.google.com/rss/search?q=%22Divi%27s+Laboratories+Ltd.%22+NSE+when:10d&hl=en-IN&gl=IN&ceid=IN:en
2026-05-01 12:47:16,391 | INFO | News RSS status for DIVISLAB: 200
2026-05-01 12:47:16,392 | INFO | News RSS query for DIVISLAB: https://news.google.com/rss/search?q=%22Divi%27s+Laboratories+Ltd.%22+stock+when:10d&hl=en-IN&gl=IN&ceid=IN:en
2026-05-01 12:47:16,636 | INFO | News RSS status for DIVISLAB: 200
2026-05-01 12:47:16,705 | INFO | News RSS query for DIVISLAB: https://news.google.com/rss/search?q=%22Divi%27s+Laboratories+Ltd.%22+NSE+when:10d&hl=en-IN&gl=IN&ceid=IN:en
2026-05-01 12:47:16,710 | INFO | News RSS status for DIVISLAB: 200
2026-05-01 12:47:16,711 | INFO | News RSS query for DIVISLAB: https://news.google.com/rss/search?q=%22Divi%27s+Laboratories+Ltd.%22+stock+when:10d&hl=en-IN&gl=IN&ceid=IN:en
2026-05-01 12:47:16,715 | INFO | News RSS status for DIVISLAB: 200
2026-05-01 12:47:17,731 | INFO | News RSS query for DMART: https://news.google.com/rss/search?q=%22Avenue+Supermarts+Ltd.%22+NSE+when:10d&hl=en-IN&gl=IN&ceid=IN:en
2026-05-01 12:47:17,991 | INFO | News RSS status for DMART: 200
2026-05-01 12:47:18,531 | INFO | News RSS query for DRREDDY: https://news.google.com/rss/search?q=%22Dr.+Reddy%27s+Laboratories+Ltd.%22+NSE+when:10d&hl=en-IN&gl=IN&ceid=IN:en
2026-05-01 12:47:18,827 | INFO | News RSS status for DRREDDY: 200
2026-05-01 12:47:19,326 | WARNING | Skipping ENRIN — only 212 bars available (need 220). Extend history_backfill_days in config.json to include this symbol.
2026-05-01 12:47:21,215 | INFO | News RSS query for GRASIM: https://news.google.com/rss/search?q=%22Grasim+Industries+Ltd.%22+NSE+when:10d&hl=en-IN&gl=IN&ceid=IN:en
2026-05-01 12:47:21,452 | INFO | News RSS status for GRASIM: 200
2026-05-01 12:47:21,454 | INFO | News RSS query for GRASIM: https://news.google.com/rss/search?q=%22Grasim+Industries+Ltd.%22+stock+when:10d&hl=en-IN&gl=IN&ceid=IN:en
2026-05-01 12:47:21,744 | INFO | News RSS status for GRASIM: 200
2026-05-01 12:47:23,235 | INFO | News RSS query for HDFCAMC: https://news.google.com/rss/search?q=%22HDFC+Asset+Management+Company+Ltd.%22+NSE+when:10d&hl=en-IN&gl=IN&ceid=IN:en
2026-05-01 12:47:23,466 | INFO | News RSS status for HDFCAMC: 200
2026-05-01 12:47:23,468 | INFO | News RSS query for HDFCAMC: https://news.google.com/rss/search?q=%22HDFC+Asset+Management+Company+Ltd.%22+stock+when:10d&hl=en-IN&gl=IN&ceid=IN:en
2026-05-01 12:47:23,665 | INFO | News RSS status for HDFCAMC: 200
2026-05-01 12:47:25,158 | INFO | News RSS query for HINDALCO: https://news.google.com/rss/search?q=%22Hindalco+Industries+Ltd.%22+NSE+when:10d&hl=en-IN&gl=IN&ceid=IN:en
2026-05-01 12:47:25,367 | INFO | News RSS status for HINDALCO: 200
2026-05-01 12:47:26,390 | INFO | News RSS query for HINDZINC: https://news.google.com/rss/search?q=%22Hindustan+Zinc+Ltd.%22+NSE+when:10d&hl=en-IN&gl=IN&ceid=IN:en
2026-05-01 12:47:26,631 | INFO | News RSS status for HINDZINC: 200
2026-05-01 12:47:30,611 | INFO | News RSS query for JINDALSTEL: https://news.google.com/rss/search?q=%22Jindal+Steel+Ltd.%22+NSE+when:10d&hl=en-IN&gl=IN&ceid=IN:en
2026-05-01 12:47:30,841 | INFO | News RSS status for JINDALSTEL: 200
2026-05-01 12:47:30,844 | INFO | News RSS query for JINDALSTEL: https://news.google.com/rss/search?q=%22Jindal+Steel+Ltd.%22+stock+when:10d&hl=en-IN&gl=IN&ceid=IN:en
2026-05-01 12:47:31,096 | INFO | News RSS status for JINDALSTEL: 200
2026-05-01 12:47:31,873 | INFO | News RSS query for JSWSTEEL: https://news.google.com/rss/search?q=%22JSW+Steel+Ltd.%22+NSE+when:10d&hl=en-IN&gl=IN&ceid=IN:en
2026-05-01 12:47:32,098 | INFO | News RSS status for JSWSTEEL: 200
2026-05-01 12:47:33,540 | INFO | News RSS query for LT: https://news.google.com/rss/search?q=%22Larsen+%26+Toubro+Ltd.%22+NSE+when:10d&hl=en-IN&gl=IN&ceid=IN:en
2026-05-01 12:47:33,809 | INFO | News RSS status for LT: 200
2026-05-01 12:47:33,814 | WARNING | Skipping LTM — only 47 bars available (need 220). Extend history_backfill_days in config.json to include this symbol.
2026-05-01 12:47:36,249 | INFO | News RSS query for MOTHERSON: https://news.google.com/rss/search?q=%22Samvardhana+Motherson+International+Ltd.%22+NSE+when:10d&hl=en-IN&gl=IN&ceid=IN:en
2026-05-01 12:47:36,474 | INFO | News RSS status for MOTHERSON: 200
2026-05-01 12:47:36,474 | INFO | News RSS query for MOTHERSON: https://news.google.com/rss/search?q=%22Samvardhana+Motherson+International+Ltd.%22+stock+when:10d&hl=en-IN&gl=IN&ceid=IN:en
2026-05-01 12:47:36,717 | INFO | News RSS status for MOTHERSON: 200
2026-05-01 12:47:37,259 | INFO | News RSS query for MUTHOOTFIN: https://news.google.com/rss/search?q=%22Muthoot+Finance+Ltd.%22+NSE+when:10d&hl=en-IN&gl=IN&ceid=IN:en
2026-05-01 12:47:37,477 | INFO | News RSS status for MUTHOOTFIN: 200
2026-05-01 12:47:38,021 | INFO | News RSS query for NESTLEIND: https://news.google.com/rss/search?q=%22Nestle+India+Ltd.%22+NSE+when:10d&hl=en-IN&gl=IN&ceid=IN:en
2026-05-01 12:47:38,260 | INFO | News RSS status for NESTLEIND: 200
2026-05-01 12:47:38,806 | INFO | News RSS query for NTPC: https://news.google.com/rss/search?q=%22NTPC+Ltd.%22+NSE+when:10d&hl=en-IN&gl=IN&ceid=IN:en
2026-05-01 12:47:39,008 | INFO | News RSS status for NTPC: 200
2026-05-01 12:47:39,551 | INFO | News RSS query for ONGC: https://news.google.com/rss/search?q=%22Oil+%26+Natural+Gas+Corporation+Ltd.%22+NSE+when:10d&hl=en-IN&gl=IN&ceid=IN:en
2026-05-01 12:47:39,753 | INFO | News RSS status for ONGC: 200
2026-05-01 12:47:39,755 | INFO | News RSS query for ONGC: https://news.google.com/rss/search?q=%22Oil+%26+Natural+Gas+Corporation+Ltd.%22+stock+when:10d&hl=en-IN&gl=IN&ceid=IN:en
2026-05-01 12:47:39,991 | INFO | News RSS status for ONGC: 200
2026-05-01 12:47:40,530 | INFO | News RSS query for PFC: https://news.google.com/rss/search?q=%22Power+Finance+Corporation+Ltd.%22+NSE+when:10d&hl=en-IN&gl=IN&ceid=IN:en
2026-05-01 12:47:40,778 | INFO | News RSS status for PFC: 200
2026-05-01 12:47:40,779 | INFO | News RSS query for PFC: https://news.google.com/rss/search?q=%22Power+Finance+Corporation+Ltd.%22+stock+when:10d&hl=en-IN&gl=IN&ceid=IN:en
2026-05-01 12:47:41,027 | INFO | News RSS status for PFC: 200
2026-05-01 12:47:42,512 | INFO | News RSS query for POWERGRID: https://news.google.com/rss/search?q=%22Power+Grid+Corporation+of+India+Ltd.%22+NSE+when:10d&hl=en-IN&gl=IN&ceid=IN:en
2026-05-01 12:47:42,737 | INFO | News RSS status for POWERGRID: 200
2026-05-01 12:47:44,690 | INFO | News RSS query for SBIN: https://news.google.com/rss/search?q=%22State+Bank+of+India%22+NSE+when:10d&hl=en-IN&gl=IN&ceid=IN:en
2026-05-01 12:47:45,108 | INFO | News RSS status for SBIN: 200
2026-05-01 12:47:46,576 | INFO | News RSS query for SIEMENS: https://news.google.com/rss/search?q=%22Siemens+Ltd.%22+NSE+when:10d&hl=en-IN&gl=IN&ceid=IN:en
2026-05-01 12:47:46,851 | INFO | News RSS status for SIEMENS: 200
2026-05-01 12:47:47,392 | INFO | News RSS query for SOLARINDS: https://news.google.com/rss/search?q=%22Solar+Industries+India+Ltd.%22+NSE+when:10d&hl=en-IN&gl=IN&ceid=IN:en
2026-05-01 12:47:47,614 | INFO | News RSS status for SOLARINDS: 200
2026-05-01 12:47:48,093 | WARNING | Skipping TATACAP — only 135 bars available (need 220). Extend history_backfill_days in config.json to include this symbol.
2026-05-01 12:47:49,104 | INFO | News RSS query for TATAPOWER: https://news.google.com/rss/search?q=%22Tata+Power+Co.+Ltd.%22+NSE+when:10d&hl=en-IN&gl=IN&ceid=IN:en
2026-05-01 12:47:49,325 | INFO | News RSS status for TATAPOWER: 200
2026-05-01 12:47:49,325 | INFO | News RSS query for TATAPOWER: https://news.google.com/rss/search?q=%22Tata+Power+Co.+Ltd.%22+stock+when:10d&hl=en-IN&gl=IN&ceid=IN:en
2026-05-01 12:47:49,537 | INFO | News RSS status for TATAPOWER: 200
2026-05-01 12:47:50,077 | INFO | News RSS query for TATASTEEL: https://news.google.com/rss/search?q=%22Tata+Steel+Ltd.%22+NSE+when:10d&hl=en-IN&gl=IN&ceid=IN:en
2026-05-01 12:47:50,370 | INFO | News RSS status for TATASTEEL: 200
2026-05-01 12:47:51,387 | INFO | News RSS query for TECHM: https://news.google.com/rss/search?q=%22Tech+Mahindra+Ltd.%22+NSE+when:10d&hl=en-IN&gl=IN&ceid=IN:en
2026-05-01 12:47:51,660 | INFO | News RSS status for TECHM: 200
2026-05-01 12:47:52,199 | INFO | News RSS query for TITAN: https://news.google.com/rss/search?q=%22Titan+Company+Ltd.%22+NSE+when:10d&hl=en-IN&gl=IN&ceid=IN:en
2026-05-01 12:47:52,443 | INFO | News RSS status for TITAN: 200
2026-05-01 12:47:52,448 | WARNING | Skipping TMCV — only 115 bars available (need 220). Extend history_backfill_days in config.json to include this symbol.
2026-05-01 12:47:52,448 | WARNING | Skipping TMPV — only 132 bars available (need 220). Extend history_backfill_days in config.json to include this symbol.
2026-05-01 12:47:52,989 | INFO | News RSS query for TORNTPHARM: https://news.google.com/rss/search?q=%22Torrent+Pharmaceuticals+Ltd.%22+NSE+when:10d&hl=en-IN&gl=IN&ceid=IN:en
2026-05-01 12:47:53,227 | INFO | News RSS status for TORNTPHARM: 200
2026-05-01 12:47:53,229 | INFO | News RSS query for TORNTPHARM: https://news.google.com/rss/search?q=%22Torrent+Pharmaceuticals+Ltd.%22+stock+when:10d&hl=en-IN&gl=IN&ceid=IN:en
2026-05-01 12:47:53,482 | INFO | News RSS status for TORNTPHARM: 200
2026-05-01 12:47:53,551 | INFO | News RSS query for TORNTPHARM: https://news.google.com/rss/search?q=%22Torrent+Pharmaceuticals+Ltd.%22+NSE+when:10d&hl=en-IN&gl=IN&ceid=IN:en
2026-05-01 12:47:53,559 | INFO | News RSS status for TORNTPHARM: 200
2026-05-01 12:47:53,560 | INFO | News RSS query for TORNTPHARM: https://news.google.com/rss/search?q=%22Torrent+Pharmaceuticals+Ltd.%22+stock+when:10d&hl=en-IN&gl=IN&ceid=IN:en
2026-05-01 12:47:53,565 | INFO | News RSS status for TORNTPHARM: 200
2026-05-01 12:47:57,554 | INFO | Index membership from cache: NIFTY 50 (50 symbols)
2026-05-01 12:47:57,554 | INFO | Index membership from cache: Nifty Next 50 (50 symbols)
2026-05-01 12:47:57,554 | INFO | Index membership ready: 100 symbols mapped
2026-05-01 12:47:57,554 | INFO | Market Health: fetching index OHLCV...
2026-05-01 12:47:57,557 | INFO | Index OHLCV cache fresh for NIFTY 50 (1369 rows)
2026-05-01 12:47:57,559 | INFO | Index OHLCV cache fresh for NIFTY NEXT 50 (1369 rows)
2026-05-01 12:47:57,559 | INFO | Market Health: fetching VIX...
2026-05-01 12:47:57,561 | INFO | VIX cache fresh (67 rows)
2026-05-01 12:47:57,561 | INFO | Market Health: updating breadth EMA cache...
2026-05-01 12:47:58,783 | INFO | Market Health [NIFTY 50]: Score=-10.0 | Sideways &#x1F7E0;
2026-05-01 12:47:58,800 | INFO | Market Health [Nifty Next 50]: Score=-34.0 | Weak Bear &#x1F534;
2026-05-01 12:47:58,843 | INFO | Signal log: appended 4 new signals. Total rows: 98
2026-05-01 12:47:58,843 | INFO | Signal log written/updated: /home/runner/work/nifty100-reporter/nifty100-reporter/data/nifty100_signal_log.csv
2026-05-01 12:47:59,272 | INFO | Signal tracker: updated 63 Active signal rows.
2026-05-01 12:47:59,289 | INFO | HTML report written: /home/runner/work/nifty100-reporter/nifty100-reporter/reports/nifty100_daily_report_20260501.html
2026-05-01 12:47:59,297 | INFO | Market Health Excel sheet written.
2026-05-01 12:47:59,530 | INFO | Excel report written: /home/runner/work/nifty100-reporter/nifty100-reporter/reports/nifty100_daily_report_20260501.xlsx
2026-05-01 12:47:59,530 | INFO | GitHub Actions detected — skipping Gmail API send (workflow handles email).
2026-05-01 12:47:59,530 | INFO | Run completed successfully.
2026-05-01 12:47:59,530 | INFO | Artifacts: /home/runner/work/nifty100-reporter/nifty100-reporter/reports/nifty100_daily_report_20260501.html | /home/runner/work/nifty100-reporter/nifty100-reporter/reports/nifty100_daily_report_20260501.xlsx | log: /home/runner/work/nifty100-reporter/nifty100-reporter/logs/run_20260501_181539.log
