2026-04-19 19:22:19,880 | INFO | Nifty 100 Daily EMA Cross Reporter | Version 3.3.8 | Released 2026-04-17
2026-04-19 19:22:19,880 | INFO | Base directory: /home/runner/work/nifty100-reporter/nifty100-reporter
2026-04-19 19:22:19,880 | INFO | Loaded config. Email enabled: True | Recipients: 1
2026-04-19 19:22:20,100 | WARNING | NSE session bootstrap HTTP 403 (attempt 1/5) — refreshing NSE session cookie …
2026-04-19 19:22:30,395 | WARNING | NSE session bootstrap HTTP 403 (attempt 2/5) — refreshing NSE session cookie …
2026-04-19 19:22:40,728 | WARNING | NSE session bootstrap HTTP 403 (attempt 3/5) — refreshing NSE session cookie …
2026-04-19 19:22:51,138 | WARNING | NSE session bootstrap HTTP 403 (attempt 4/5) — refreshing NSE session cookie …
2026-04-19 19:23:01,410 | INFO | NSE session bootstrap status: 403
2026-04-19 19:23:01,411 | INFO | Downloading Nifty 100 universe from https://www.niftyindices.com/IndexConstituent/ind_nifty100list.csv
2026-04-19 19:23:01,885 | INFO | Universe download status: 200
2026-04-19 19:23:01,890 | INFO | Universe rows loaded: 100
2026-04-19 19:23:01,993 | INFO | Loaded history rows: 125464
2026-04-19 19:23:02,000 | INFO | yfinance history update: 100 symbols | 2026-04-16 → 2026-04-21
2026-04-19 19:23:02,001 | INFO | yfinance batch download: 100 symbols | 2026-04-16 → 2026-04-21
2026-04-19 19:23:07,060 | INFO | yfinance raw shape: (2, 500)
2026-04-19 19:23:07,388 | INFO | yfinance parsed rows after date-filter: 200
2026-04-19 19:23:07,389 | INFO | New rows from yfinance: 200
2026-04-19 19:23:08,178 | INFO | Saved history rows: 125464 | file: /home/runner/work/nifty100-reporter/nifty100-reporter/data/nifty100_ohlcv_history.csv
2026-04-19 19:23:08,275 | INFO | Loaded history rows: 125464
2026-04-19 19:23:08,276 | INFO | Latest OHLCV data is from 2026-04-17
2026-04-19 19:23:08,304 | INFO | Latest Delivery data is from 2026-04-17
2026-04-19 19:23:08,350 | INFO | Delivery cache has 34 dates — skipping backfill.
2026-04-19 19:23:08,351 | INFO | Delivery fetch attempt [0/7] — URL: https://archives.nseindia.com/products/content/sec_bhavdata_full_20042026.csv
2026-04-19 19:23:08,823 | INFO | Delivery fetch FAILED for 2026-04-20 — HTTP 404 — URL: https://archives.nseindia.com/products/content/sec_bhavdata_full_20042026.csv
2026-04-19 19:23:08,823 | INFO | Delivery fetch attempt [3/7] — URL: https://archives.nseindia.com/products/content/sec_bhavdata_full_17042026.csv
2026-04-19 19:23:09,209 | INFO | Delivery fetch SUCCESS — date: 2026-04-17 | size: 361601 bytes | URL: https://archives.nseindia.com/products/content/sec_bhavdata_full_17042026.csv
2026-04-19 19:23:09,557 | INFO | Delivery cache updated: 2403 symbols for 2026-04-17 (rows in cache: 82966)
2026-04-19 19:23:09,558 | INFO | Delivery data: 2403 symbols | fallback=False
2026-04-19 19:23:10,047 | INFO | Corporate actions bulk OK: 8 raw rows | 1 Nifty100 symbols with events
2026-04-19 19:23:50,669 | INFO | Corporate actions: 1/100 symbols have events (window 20-04-2026 to 20-05-2026) | Symbols: ABB
2026-04-19 19:23:50,669 | INFO | Index membership from cache: NIFTY 50 (50 symbols)
2026-04-19 19:23:50,669 | INFO | Index membership from cache: Nifty Next 50 (50 symbols)
2026-04-19 19:23:50,669 | INFO | Index membership ready: 100 symbols mapped
2026-04-19 19:23:51,290 | INFO | News RSS query for ABB: https://news.google.com/rss/search?q=%22ABB+India+Ltd.%22+NSE+when:10d&hl=en-IN&gl=IN&ceid=IN:en
2026-04-19 19:23:51,528 | INFO | News RSS status for ABB: 200
2026-04-19 19:23:51,865 | INFO | News RSS query for ADANIENSOL: https://news.google.com/rss/search?q=%22Adani+Energy+Solutions+Ltd.%22+NSE+when:10d&hl=en-IN&gl=IN&ceid=IN:en
2026-04-19 19:23:52,076 | INFO | News RSS status for ADANIENSOL: 200
2026-04-19 19:23:53,801 | INFO | News RSS query for ADANIPORTS: https://news.google.com/rss/search?q=%22Adani+Ports+and+Special+Economic+Zone+Ltd.%22+NSE+when:10d&hl=en-IN&gl=IN&ceid=IN:en
2026-04-19 19:23:54,049 | INFO | News RSS status for ADANIPORTS: 200
2026-04-19 19:23:54,121 | INFO | News RSS query for ADANIPORTS: https://news.google.com/rss/search?q=%22Adani+Ports+and+Special+Economic+Zone+Ltd.%22+NSE+when:10d&hl=en-IN&gl=IN&ceid=IN:en
2026-04-19 19:23:54,125 | INFO | News RSS status for ADANIPORTS: 200
2026-04-19 19:23:54,196 | INFO | News RSS query for ADANIPORTS: https://news.google.com/rss/search?q=%22Adani+Ports+and+Special+Economic+Zone+Ltd.%22+NSE+when:10d&hl=en-IN&gl=IN&ceid=IN:en
2026-04-19 19:23:54,200 | INFO | News RSS status for ADANIPORTS: 200
2026-04-19 19:23:54,802 | INFO | News RSS query for ADANIPOWER: https://news.google.com/rss/search?q=%22Adani+Power+Ltd.%22+NSE+when:10d&hl=en-IN&gl=IN&ceid=IN:en
2026-04-19 19:23:55,056 | INFO | News RSS status for ADANIPOWER: 200
2026-04-19 19:23:55,059 | INFO | News RSS query for ADANIPOWER: https://news.google.com/rss/search?q=%22Adani+Power+Ltd.%22+stock+when:10d&hl=en-IN&gl=IN&ceid=IN:en
2026-04-19 19:23:55,354 | INFO | News RSS status for ADANIPOWER: 200
2026-04-19 19:23:56,505 | INFO | News RSS query for APOLLOHOSP: https://news.google.com/rss/search?q=%22Apollo+Hospitals+Enterprise+Ltd.%22+NSE+when:10d&hl=en-IN&gl=IN&ceid=IN:en
2026-04-19 19:23:56,762 | INFO | News RSS status for APOLLOHOSP: 200
2026-04-19 19:23:57,948 | INFO | News RSS query for AXISBANK: https://news.google.com/rss/search?q=%22Axis+Bank+Ltd.%22+NSE+when:10d&hl=en-IN&gl=IN&ceid=IN:en
2026-04-19 19:23:58,227 | INFO | News RSS status for AXISBANK: 200
2026-04-19 19:23:58,300 | INFO | News RSS query for AXISBANK: https://news.google.com/rss/search?q=%22Axis+Bank+Ltd.%22+NSE+when:10d&hl=en-IN&gl=IN&ceid=IN:en
2026-04-19 19:23:58,308 | INFO | News RSS status for AXISBANK: 200
2026-04-19 19:23:58,921 | INFO | News RSS query for BAJAJ-AUTO: https://news.google.com/rss/search?q=%22Bajaj+Auto+Ltd.%22+NSE+when:10d&hl=en-IN&gl=IN&ceid=IN:en
2026-04-19 19:23:59,145 | INFO | News RSS status for BAJAJ-AUTO: 200
2026-04-19 19:23:59,217 | INFO | News RSS query for BAJAJ-AUTO: https://news.google.com/rss/search?q=%22Bajaj+Auto+Ltd.%22+NSE+when:10d&hl=en-IN&gl=IN&ceid=IN:en
2026-04-19 19:23:59,222 | INFO | News RSS status for BAJAJ-AUTO: 200
2026-04-19 19:24:01,992 | INFO | News RSS query for BEL: https://news.google.com/rss/search?q=%22Bharat+Electronics+Ltd.%22+NSE+when:10d&hl=en-IN&gl=IN&ceid=IN:en
2026-04-19 19:24:02,249 | INFO | News RSS status for BEL: 200
2026-04-19 19:24:03,402 | INFO | News RSS query for BOSCHLTD: https://news.google.com/rss/search?q=%22Bosch+Ltd.%22+NSE+when:10d&hl=en-IN&gl=IN&ceid=IN:en
2026-04-19 19:24:03,688 | INFO | News RSS status for BOSCHLTD: 200
2026-04-19 19:24:05,923 | INFO | News RSS query for CGPOWER: https://news.google.com/rss/search?q=%22CG+Power+and+Industrial+Solutions+Ltd.%22+NSE+when:10d&hl=en-IN&gl=IN&ceid=IN:en
2026-04-19 19:24:06,258 | INFO | News RSS status for CGPOWER: 200
2026-04-19 19:24:06,260 | INFO | News RSS query for CGPOWER: https://news.google.com/rss/search?q=%22CG+Power+and+Industrial+Solutions+Ltd.%22+stock+when:10d&hl=en-IN&gl=IN&ceid=IN:en
2026-04-19 19:24:06,542 | INFO | News RSS status for CGPOWER: 200
2026-04-19 19:24:08,789 | INFO | News RSS query for CUMMINSIND: https://news.google.com/rss/search?q=%22Cummins+India+Ltd.%22+NSE+when:10d&hl=en-IN&gl=IN&ceid=IN:en
2026-04-19 19:24:08,979 | INFO | News RSS status for CUMMINSIND: 200
2026-04-19 19:24:08,980 | INFO | News RSS query for CUMMINSIND: https://news.google.com/rss/search?q=%22Cummins+India+Ltd.%22+stock+when:10d&hl=en-IN&gl=IN&ceid=IN:en
2026-04-19 19:24:09,175 | INFO | News RSS status for CUMMINSIND: 200
2026-04-19 19:24:10,847 | INFO | News RSS query for DMART: https://news.google.com/rss/search?q=%22Avenue+Supermarts+Ltd.%22+NSE+when:10d&hl=en-IN&gl=IN&ceid=IN:en
2026-04-19 19:24:11,037 | INFO | News RSS status for DMART: 200
2026-04-19 19:24:11,039 | INFO | News RSS query for DMART: https://news.google.com/rss/search?q=%22Avenue+Supermarts+Ltd.%22+stock+when:10d&hl=en-IN&gl=IN&ceid=IN:en
2026-04-19 19:24:11,262 | INFO | News RSS status for DMART: 200
2026-04-19 19:24:11,333 | INFO | News RSS query for DMART: https://news.google.com/rss/search?q=%22Avenue+Supermarts+Ltd.%22+NSE+when:10d&hl=en-IN&gl=IN&ceid=IN:en
2026-04-19 19:24:11,337 | INFO | News RSS status for DMART: 200
2026-04-19 19:24:11,338 | INFO | News RSS query for DMART: https://news.google.com/rss/search?q=%22Avenue+Supermarts+Ltd.%22+stock+when:10d&hl=en-IN&gl=IN&ceid=IN:en
2026-04-19 19:24:11,344 | INFO | News RSS status for DMART: 200
2026-04-19 19:24:12,416 | WARNING | Skipping ENRIN — only 203 bars available (need 220). Extend history_backfill_days in config.json to include this symbol.
2026-04-19 19:24:17,789 | INFO | News RSS query for HINDALCO: https://news.google.com/rss/search?q=%22Hindalco+Industries+Ltd.%22+NSE+when:10d&hl=en-IN&gl=IN&ceid=IN:en
2026-04-19 19:24:18,066 | INFO | News RSS status for HINDALCO: 200
2026-04-19 19:24:18,680 | INFO | News RSS query for HINDUNILVR: https://news.google.com/rss/search?q=%22Hindustan+Unilever+Ltd.%22+NSE+when:10d&hl=en-IN&gl=IN&ceid=IN:en
2026-04-19 19:24:18,946 | INFO | News RSS status for HINDUNILVR: 200
2026-04-19 19:24:23,428 | INFO | News RSS query for ITC: https://news.google.com/rss/search?q=%22ITC+Ltd.%22+NSE+when:10d&hl=en-IN&gl=IN&ceid=IN:en
2026-04-19 19:24:23,637 | INFO | News RSS status for ITC: 200
2026-04-19 19:24:24,243 | INFO | News RSS query for JINDALSTEL: https://news.google.com/rss/search?q=%22Jindal+Steel+Ltd.%22+NSE+when:10d&hl=en-IN&gl=IN&ceid=IN:en
2026-04-19 19:24:24,488 | INFO | News RSS status for JINDALSTEL: 200
2026-04-19 19:24:24,824 | INFO | News RSS query for JIOFIN: https://news.google.com/rss/search?q=%22Jio+Financial+Services+Ltd.%22+NSE+when:10d&hl=en-IN&gl=IN&ceid=IN:en
2026-04-19 19:24:25,094 | INFO | News RSS status for JIOFIN: 200
2026-04-19 19:24:25,703 | INFO | News RSS query for JSWSTEEL: https://news.google.com/rss/search?q=%22JSW+Steel+Ltd.%22+NSE+when:10d&hl=en-IN&gl=IN&ceid=IN:en
2026-04-19 19:24:25,905 | INFO | News RSS status for JSWSTEEL: 200
2026-04-19 19:24:25,977 | INFO | News RSS query for JSWSTEEL: https://news.google.com/rss/search?q=%22JSW+Steel+Ltd.%22+NSE+when:10d&hl=en-IN&gl=IN&ceid=IN:en
2026-04-19 19:24:25,982 | INFO | News RSS status for JSWSTEEL: 200
2026-04-19 19:24:26,053 | INFO | News RSS query for JSWSTEEL: https://news.google.com/rss/search?q=%22JSW+Steel+Ltd.%22+NSE+when:10d&hl=en-IN&gl=IN&ceid=IN:en
2026-04-19 19:24:26,057 | INFO | News RSS status for JSWSTEEL: 200
2026-04-19 19:24:27,154 | INFO | News RSS query for LODHA: https://news.google.com/rss/search?q=%22Lodha+Developers+Ltd.%22+NSE+when:10d&hl=en-IN&gl=IN&ceid=IN:en
2026-04-19 19:24:27,364 | INFO | News RSS status for LODHA: 200
2026-04-19 19:24:27,364 | INFO | News RSS query for LODHA: https://news.google.com/rss/search?q=%22Lodha+Developers+Ltd.%22+stock+when:10d&hl=en-IN&gl=IN&ceid=IN:en
2026-04-19 19:24:27,605 | INFO | News RSS status for LODHA: 200
2026-04-19 19:24:28,147 | WARNING | Skipping LTM — only 38 bars available (need 220). Extend history_backfill_days in config.json to include this symbol.
2026-04-19 19:24:29,305 | INFO | News RSS query for MARUTI: https://news.google.com/rss/search?q=%22Maruti+Suzuki+India+Ltd.%22+NSE+when:10d&hl=en-IN&gl=IN&ceid=IN:en
2026-04-19 19:24:29,582 | INFO | News RSS status for MARUTI: 200
2026-04-19 19:24:32,903 | INFO | News RSS query for NTPC: https://news.google.com/rss/search?q=%22NTPC+Ltd.%22+NSE+when:10d&hl=en-IN&gl=IN&ceid=IN:en
2026-04-19 19:24:33,164 | INFO | News RSS status for NTPC: 200
2026-04-19 19:24:33,166 | INFO | News RSS query for NTPC: https://news.google.com/rss/search?q=%22NTPC+Ltd.%22+stock+when:10d&hl=en-IN&gl=IN&ceid=IN:en
2026-04-19 19:24:33,430 | INFO | News RSS status for NTPC: 200
2026-04-19 19:24:34,035 | INFO | News RSS query for ONGC: https://news.google.com/rss/search?q=%22Oil+%26+Natural+Gas+Corporation+Ltd.%22+NSE+when:10d&hl=en-IN&gl=IN&ceid=IN:en
2026-04-19 19:24:34,297 | INFO | News RSS status for ONGC: 200
2026-04-19 19:24:34,299 | INFO | News RSS query for ONGC: https://news.google.com/rss/search?q=%22Oil+%26+Natural+Gas+Corporation+Ltd.%22+stock+when:10d&hl=en-IN&gl=IN&ceid=IN:en
2026-04-19 19:24:34,511 | INFO | News RSS status for ONGC: 200
2026-04-19 19:24:34,582 | INFO | News RSS query for ONGC: https://news.google.com/rss/search?q=%22Oil+%26+Natural+Gas+Corporation+Ltd.%22+NSE+when:10d&hl=en-IN&gl=IN&ceid=IN:en
2026-04-19 19:24:34,589 | INFO | News RSS status for ONGC: 200
2026-04-19 19:24:34,591 | INFO | News RSS query for ONGC: https://news.google.com/rss/search?q=%22Oil+%26+Natural+Gas+Corporation+Ltd.%22+stock+when:10d&hl=en-IN&gl=IN&ceid=IN:en
2026-04-19 19:24:34,597 | INFO | News RSS status for ONGC: 200
2026-04-19 19:24:35,226 | INFO | News RSS query for PFC: https://news.google.com/rss/search?q=%22Power+Finance+Corporation+Ltd.%22+NSE+when:10d&hl=en-IN&gl=IN&ceid=IN:en
2026-04-19 19:24:35,478 | INFO | News RSS status for PFC: 200
2026-04-19 19:24:37,198 | INFO | News RSS query for POWERGRID: https://news.google.com/rss/search?q=%22Power+Grid+Corporation+of+India+Ltd.%22+NSE+when:10d&hl=en-IN&gl=IN&ceid=IN:en
2026-04-19 19:24:37,492 | INFO | News RSS status for POWERGRID: 200
2026-04-19 19:24:40,786 | INFO | News RSS query for SHRIRAMFIN: https://news.google.com/rss/search?q=%22Shriram+Finance+Ltd.%22+NSE+when:10d&hl=en-IN&gl=IN&ceid=IN:en
2026-04-19 19:24:41,048 | INFO | News RSS status for SHRIRAMFIN: 200
2026-04-19 19:24:41,120 | INFO | News RSS query for SHRIRAMFIN: https://news.google.com/rss/search?q=%22Shriram+Finance+Ltd.%22+NSE+when:10d&hl=en-IN&gl=IN&ceid=IN:en
2026-04-19 19:24:41,127 | INFO | News RSS status for SHRIRAMFIN: 200
2026-04-19 19:24:41,198 | INFO | News RSS query for SHRIRAMFIN: https://news.google.com/rss/search?q=%22Shriram+Finance+Ltd.%22+NSE+when:10d&hl=en-IN&gl=IN&ceid=IN:en
2026-04-19 19:24:41,202 | INFO | News RSS status for SHRIRAMFIN: 200
2026-04-19 19:24:41,808 | INFO | News RSS query for SIEMENS: https://news.google.com/rss/search?q=%22Siemens+Ltd.%22+NSE+when:10d&hl=en-IN&gl=IN&ceid=IN:en
2026-04-19 19:24:41,998 | INFO | News RSS status for SIEMENS: 200
2026-04-19 19:24:42,001 | INFO | News RSS query for SIEMENS: https://news.google.com/rss/search?q=%22Siemens+Ltd.%22+stock+when:10d&hl=en-IN&gl=IN&ceid=IN:en
2026-04-19 19:24:42,247 | INFO | News RSS status for SIEMENS: 200
2026-04-19 19:24:42,854 | INFO | News RSS query for SOLARINDS: https://news.google.com/rss/search?q=%22Solar+Industries+India+Ltd.%22+NSE+when:10d&hl=en-IN&gl=IN&ceid=IN:en
2026-04-19 19:24:43,049 | INFO | News RSS status for SOLARINDS: 200
2026-04-19 19:24:43,589 | WARNING | Skipping TATACAP — only 126 bars available (need 220). Extend history_backfill_days in config.json to include this symbol.
2026-04-19 19:24:44,735 | INFO | News RSS query for TATAPOWER: https://news.google.com/rss/search?q=%22Tata+Power+Co.+Ltd.%22+NSE+when:10d&hl=en-IN&gl=IN&ceid=IN:en
2026-04-19 19:24:44,977 | INFO | News RSS status for TATAPOWER: 200
2026-04-19 19:24:44,979 | INFO | News RSS query for TATAPOWER: https://news.google.com/rss/search?q=%22Tata+Power+Co.+Ltd.%22+stock+when:10d&hl=en-IN&gl=IN&ceid=IN:en
2026-04-19 19:24:45,210 | INFO | News RSS status for TATAPOWER: 200
2026-04-19 19:24:45,821 | INFO | News RSS query for TATASTEEL: https://news.google.com/rss/search?q=%22Tata+Steel+Ltd.%22+NSE+when:10d&hl=en-IN&gl=IN&ceid=IN:en
2026-04-19 19:24:46,026 | INFO | News RSS status for TATASTEEL: 200
2026-04-19 19:24:47,709 | INFO | News RSS query for TITAN: https://news.google.com/rss/search?q=%22Titan+Company+Ltd.%22+NSE+when:10d&hl=en-IN&gl=IN&ceid=IN:en
2026-04-19 19:24:47,947 | INFO | News RSS status for TITAN: 200
2026-04-19 19:24:47,952 | WARNING | Skipping TMCV — only 106 bars available (need 220). Extend history_backfill_days in config.json to include this symbol.
2026-04-19 19:24:47,953 | WARNING | Skipping TMPV — only 123 bars available (need 220). Extend history_backfill_days in config.json to include this symbol.
2026-04-19 19:24:50,797 | INFO | News RSS query for UNIONBANK: https://news.google.com/rss/search?q=%22Union+Bank+of+India%22+NSE+when:10d&hl=en-IN&gl=IN&ceid=IN:en
2026-04-19 19:24:51,072 | INFO | News RSS status for UNIONBANK: 200
2026-04-19 19:24:52,432 | INFO | News RSS query for VEDL: https://news.google.com/rss/search?q=%22Vedanta+Ltd.%22+NSE+when:10d&hl=en-IN&gl=IN&ceid=IN:en
2026-04-19 19:24:52,828 | INFO | News RSS status for VEDL: 200
2026-04-19 19:24:53,974 | INFO | News RSS query for ZYDUSLIFE: https://news.google.com/rss/search?q=%22Zydus+Lifesciences+Ltd.%22+NSE+when:10d&hl=en-IN&gl=IN&ceid=IN:en
2026-04-19 19:24:54,179 | INFO | News RSS status for ZYDUSLIFE: 200
2026-04-19 19:24:54,180 | INFO | News RSS query for ZYDUSLIFE: https://news.google.com/rss/search?q=%22Zydus+Lifesciences+Ltd.%22+stock+when:10d&hl=en-IN&gl=IN&ceid=IN:en
2026-04-19 19:24:54,416 | INFO | News RSS status for ZYDUSLIFE: 200
2026-04-19 19:24:54,429 | INFO | Index membership from cache: NIFTY 50 (50 symbols)
2026-04-19 19:24:54,430 | INFO | Index membership from cache: Nifty Next 50 (50 symbols)
2026-04-19 19:24:54,430 | INFO | Index membership ready: 100 symbols mapped
2026-04-19 19:24:54,430 | INFO | Market Health: fetching index OHLCV...
2026-04-19 19:24:54,433 | INFO | Index OHLCV cache fresh for NIFTY 50 (1362 rows)
2026-04-19 19:24:54,435 | INFO | Index OHLCV cache fresh for NIFTY NEXT 50 (1362 rows)
2026-04-19 19:24:54,435 | INFO | Market Health: fetching VIX...
2026-04-19 19:24:54,437 | INFO | VIX cache fresh (60 rows)
2026-04-19 19:24:54,437 | INFO | Market Health: updating breadth EMA cache...
2026-04-19 19:24:55,633 | INFO | Market Health [NIFTY 50]: Score=32.0 | Weak Bull &#x1F7E1;
2026-04-19 19:24:55,650 | INFO | Market Health [Nifty Next 50]: Score=48.0 | Weak Bull &#x1F7E1;
2026-04-19 19:24:55,733 | INFO | Signal log: no new signals to append today.
2026-04-19 19:24:55,970 | INFO | Signal tracker: updated 34 Active signal rows.
2026-04-19 19:24:55,989 | INFO | HTML report written: /home/runner/work/nifty100-reporter/nifty100-reporter/reports/nifty100_daily_report_20260420.html
2026-04-19 19:24:55,998 | INFO | Market Health Excel sheet written.
2026-04-19 19:24:56,137 | INFO | Excel report written: /home/runner/work/nifty100-reporter/nifty100-reporter/reports/nifty100_daily_report_20260420.xlsx
2026-04-19 19:24:56,137 | INFO | GitHub Actions detected — skipping Gmail API send (workflow handles email).
2026-04-19 19:24:56,137 | INFO | Run completed successfully.
2026-04-19 19:24:56,137 | INFO | Artifacts: /home/runner/work/nifty100-reporter/nifty100-reporter/reports/nifty100_daily_report_20260420.html | /home/runner/work/nifty100-reporter/nifty100-reporter/reports/nifty100_daily_report_20260420.xlsx | log: /home/runner/work/nifty100-reporter/nifty100-reporter/logs/run_20260420_005219.log
