2026-04-26 12:45:37,271 | INFO | Nifty 100 Daily EMA Cross Reporter | Version 3.3.8 | Released 2026-04-17
2026-04-26 12:45:37,271 | INFO | Base directory: /home/runner/work/nifty100-reporter/nifty100-reporter
2026-04-26 12:45:37,271 | INFO | Loaded config. Email enabled: True | Recipients: 1
2026-04-26 12:45:37,369 | WARNING | NSE session bootstrap HTTP 403 (attempt 1/5) — refreshing NSE session cookie …
2026-04-26 12:45:47,554 | WARNING | NSE session bootstrap HTTP 403 (attempt 2/5) — refreshing NSE session cookie …
2026-04-26 12:45:57,785 | WARNING | NSE session bootstrap HTTP 403 (attempt 3/5) — refreshing NSE session cookie …
2026-04-26 12:46:09,282 | WARNING | NSE session bootstrap HTTP 403 (attempt 4/5) — refreshing NSE session cookie …
2026-04-26 12:46:19,506 | INFO | NSE session bootstrap status: 403
2026-04-26 12:46:19,507 | INFO | Downloading Nifty 100 universe from https://www.niftyindices.com/IndexConstituent/ind_nifty100list.csv
2026-04-26 12:46:20,899 | INFO | Universe download status: 200
2026-04-26 12:46:20,904 | INFO | Universe rows loaded: 100
2026-04-26 12:46:21,007 | INFO | Loaded history rows: 125964
2026-04-26 12:46:21,015 | INFO | yfinance history update: 100 symbols | 2026-04-23 → 2026-04-27
2026-04-26 12:46:21,015 | INFO | yfinance batch download: 100 symbols | 2026-04-23 → 2026-04-27
2026-04-26 12:46:25,039 | ERROR | 
1 Failed download:
2026-04-26 12:46:25,040 | ERROR | ['TATACONSUM.NS']: OperationalError('database is locked')
2026-04-26 12:46:25,057 | INFO | yfinance raw shape: (2, 501)
2026-04-26 12:46:25,382 | INFO | yfinance parsed rows after date-filter: 198
2026-04-26 12:46:25,383 | INFO | New rows from yfinance: 198
2026-04-26 12:46:26,141 | INFO | Saved history rows: 125964 | file: /home/runner/work/nifty100-reporter/nifty100-reporter/data/nifty100_ohlcv_history.csv
2026-04-26 12:46:26,248 | INFO | Loaded history rows: 125964
2026-04-26 12:46:26,248 | INFO | Latest OHLCV data is from 2026-04-24
2026-04-26 12:46:26,276 | INFO | Latest Delivery data is from 2026-04-24
2026-04-26 12:46:26,321 | INFO | Delivery cache has 34 dates — skipping backfill.
2026-04-26 12:46:26,321 | INFO | Delivery fetch attempt [2/7] — URL: https://archives.nseindia.com/products/content/sec_bhavdata_full_24042026.csv
2026-04-26 12:46:28,020 | INFO | Delivery fetch SUCCESS — date: 2026-04-24 | size: 368593 bytes | URL: https://archives.nseindia.com/products/content/sec_bhavdata_full_24042026.csv
2026-04-26 12:46:28,365 | INFO | Delivery cache updated: 2486 symbols for 2026-04-24 (rows in cache: 83328)
2026-04-26 12:46:28,366 | INFO | Delivery data: 2486 symbols | fallback=False
2026-04-26 12:46:29,044 | INFO | Corporate actions bulk OK: 9 raw rows | 2 Nifty100 symbols with events
2026-04-26 12:46:59,922 | INFO | Corporate actions: 2/100 symbols have events (window 26-04-2026 to 26-05-2026) | Symbols: ABB, VEDL
2026-04-26 12:46:59,922 | INFO | Index membership from cache: NIFTY 50 (50 symbols)
2026-04-26 12:46:59,923 | INFO | Index membership from cache: Nifty Next 50 (50 symbols)
2026-04-26 12:46:59,923 | INFO | Index membership ready: 100 symbols mapped
2026-04-26 12:47:00,563 | INFO | News RSS query for ABB: https://news.google.com/rss/search?q=%22ABB+India+Ltd.%22+NSE+when:10d&hl=en-IN&gl=IN&ceid=IN:en
2026-04-26 12:47:00,835 | INFO | News RSS status for ABB: 200
2026-04-26 12:47:01,224 | INFO | News RSS query for ADANIENSOL: https://news.google.com/rss/search?q=%22Adani+Energy+Solutions+Ltd.%22+NSE+when:10d&hl=en-IN&gl=IN&ceid=IN:en
2026-04-26 12:47:01,483 | INFO | News RSS status for ADANIENSOL: 200
2026-04-26 12:47:03,215 | INFO | News RSS query for ADANIPORTS: https://news.google.com/rss/search?q=%22Adani+Ports+and+Special+Economic+Zone+Ltd.%22+NSE+when:10d&hl=en-IN&gl=IN&ceid=IN:en
2026-04-26 12:47:03,453 | INFO | News RSS status for ADANIPORTS: 200
2026-04-26 12:47:04,081 | INFO | News RSS query for ADANIPOWER: https://news.google.com/rss/search?q=%22Adani+Power+Ltd.%22+NSE+when:10d&hl=en-IN&gl=IN&ceid=IN:en
2026-04-26 12:47:04,300 | INFO | News RSS status for ADANIPOWER: 200
2026-04-26 12:47:05,469 | INFO | News RSS query for APOLLOHOSP: https://news.google.com/rss/search?q=%22Apollo+Hospitals+Enterprise+Ltd.%22+NSE+when:10d&hl=en-IN&gl=IN&ceid=IN:en
2026-04-26 12:47:05,682 | INFO | News RSS status for APOLLOHOSP: 200
2026-04-26 12:47:06,307 | INFO | News RSS query for ASIANPAINT: https://news.google.com/rss/search?q=%22Asian+Paints+Ltd.%22+NSE+when:10d&hl=en-IN&gl=IN&ceid=IN:en
2026-04-26 12:47:06,540 | INFO | News RSS status for ASIANPAINT: 200
2026-04-26 12:47:07,170 | INFO | News RSS query for AXISBANK: https://news.google.com/rss/search?q=%22Axis+Bank+Ltd.%22+NSE+when:10d&hl=en-IN&gl=IN&ceid=IN:en
2026-04-26 12:47:07,482 | INFO | News RSS status for AXISBANK: 200
2026-04-26 12:47:08,106 | INFO | News RSS query for BAJAJ-AUTO: https://news.google.com/rss/search?q=%22Bajaj+Auto+Ltd.%22+NSE+when:10d&hl=en-IN&gl=IN&ceid=IN:en
2026-04-26 12:47:08,317 | INFO | News RSS status for BAJAJ-AUTO: 200
2026-04-26 12:47:11,142 | INFO | News RSS query for BEL: https://news.google.com/rss/search?q=%22Bharat+Electronics+Ltd.%22+NSE+when:10d&hl=en-IN&gl=IN&ceid=IN:en
2026-04-26 12:47:11,413 | INFO | News RSS status for BEL: 200
2026-04-26 12:47:14,820 | INFO | News RSS query for CGPOWER: https://news.google.com/rss/search?q=%22CG+Power+and+Industrial+Solutions+Ltd.%22+NSE+when:10d&hl=en-IN&gl=IN&ceid=IN:en
2026-04-26 12:47:15,029 | INFO | News RSS status for CGPOWER: 200
2026-04-26 12:47:15,032 | INFO | News RSS query for CGPOWER: https://news.google.com/rss/search?q=%22CG+Power+and+Industrial+Solutions+Ltd.%22+stock+when:10d&hl=en-IN&gl=IN&ceid=IN:en
2026-04-26 12:47:15,288 | INFO | News RSS status for CGPOWER: 200
2026-04-26 12:47:17,009 | INFO | News RSS query for COALINDIA: https://news.google.com/rss/search?q=%22Coal+India+Ltd.%22+NSE+when:10d&hl=en-IN&gl=IN&ceid=IN:en
2026-04-26 12:47:17,243 | INFO | News RSS status for COALINDIA: 200
2026-04-26 12:47:17,314 | INFO | News RSS query for COALINDIA: https://news.google.com/rss/search?q=%22Coal+India+Ltd.%22+NSE+when:10d&hl=en-IN&gl=IN&ceid=IN:en
2026-04-26 12:47:17,322 | INFO | News RSS status for COALINDIA: 200
2026-04-26 12:47:17,391 | INFO | News RSS query for COALINDIA: https://news.google.com/rss/search?q=%22Coal+India+Ltd.%22+NSE+when:10d&hl=en-IN&gl=IN&ceid=IN:en
2026-04-26 12:47:17,399 | INFO | News RSS status for COALINDIA: 200
2026-04-26 12:47:18,013 | INFO | News RSS query for CUMMINSIND: https://news.google.com/rss/search?q=%22Cummins+India+Ltd.%22+NSE+when:10d&hl=en-IN&gl=IN&ceid=IN:en
2026-04-26 12:47:18,238 | INFO | News RSS status for CUMMINSIND: 200
2026-04-26 12:47:18,240 | INFO | News RSS query for CUMMINSIND: https://news.google.com/rss/search?q=%22Cummins+India+Ltd.%22+stock+when:10d&hl=en-IN&gl=IN&ceid=IN:en
2026-04-26 12:47:18,469 | INFO | News RSS status for CUMMINSIND: 200
2026-04-26 12:47:20,182 | INFO | News RSS query for DMART: https://news.google.com/rss/search?q=%22Avenue+Supermarts+Ltd.%22+NSE+when:10d&hl=en-IN&gl=IN&ceid=IN:en
2026-04-26 12:47:20,396 | INFO | News RSS status for DMART: 200
2026-04-26 12:47:20,398 | INFO | News RSS query for DMART: https://news.google.com/rss/search?q=%22Avenue+Supermarts+Ltd.%22+stock+when:10d&hl=en-IN&gl=IN&ceid=IN:en
2026-04-26 12:47:20,607 | INFO | News RSS status for DMART: 200
2026-04-26 12:47:21,717 | WARNING | Skipping ENRIN — only 208 bars available (need 220). Extend history_backfill_days in config.json to include this symbol.
2026-04-26 12:47:22,803 | INFO | News RSS query for GAIL: https://news.google.com/rss/search?q=%22GAIL+%28India%29+Ltd.%22+NSE+when:10d&hl=en-IN&gl=IN&ceid=IN:en
2026-04-26 12:47:23,055 | INFO | News RSS status for GAIL: 200
2026-04-26 12:47:25,896 | INFO | News RSS query for HDFCAMC: https://news.google.com/rss/search?q=%22HDFC+Asset+Management+Company+Ltd.%22+NSE+when:10d&hl=en-IN&gl=IN&ceid=IN:en
2026-04-26 12:47:26,125 | INFO | News RSS status for HDFCAMC: 200
2026-04-26 12:47:27,856 | INFO | News RSS query for HINDALCO: https://news.google.com/rss/search?q=%22Hindalco+Industries+Ltd.%22+NSE+when:10d&hl=en-IN&gl=IN&ceid=IN:en
2026-04-26 12:47:28,063 | INFO | News RSS status for HINDALCO: 200
2026-04-26 12:47:33,720 | INFO | News RSS query for JINDALSTEL: https://news.google.com/rss/search?q=%22Jindal+Steel+Ltd.%22+NSE+when:10d&hl=en-IN&gl=IN&ceid=IN:en
2026-04-26 12:47:33,987 | INFO | News RSS status for JINDALSTEL: 200
2026-04-26 12:47:34,885 | INFO | News RSS query for JSWSTEEL: https://news.google.com/rss/search?q=%22JSW+Steel+Ltd.%22+NSE+when:10d&hl=en-IN&gl=IN&ceid=IN:en
2026-04-26 12:47:35,103 | INFO | News RSS status for JSWSTEEL: 200
2026-04-26 12:47:36,779 | INFO | News RSS query for LT: https://news.google.com/rss/search?q=%22Larsen+%26+Toubro+Ltd.%22+NSE+when:10d&hl=en-IN&gl=IN&ceid=IN:en
2026-04-26 12:47:37,034 | INFO | News RSS status for LT: 200
2026-04-26 12:47:37,039 | WARNING | Skipping LTM — only 43 bars available (need 220). Extend history_backfill_days in config.json to include this symbol.
2026-04-26 12:47:39,883 | INFO | News RSS query for MOTHERSON: https://news.google.com/rss/search?q=%22Samvardhana+Motherson+International+Ltd.%22+NSE+when:10d&hl=en-IN&gl=IN&ceid=IN:en
2026-04-26 12:47:40,119 | INFO | News RSS status for MOTHERSON: 200
2026-04-26 12:47:40,120 | INFO | News RSS query for MOTHERSON: https://news.google.com/rss/search?q=%22Samvardhana+Motherson+International+Ltd.%22+stock+when:10d&hl=en-IN&gl=IN&ceid=IN:en
2026-04-26 12:47:40,433 | INFO | News RSS status for MOTHERSON: 200
2026-04-26 12:47:41,053 | INFO | News RSS query for MUTHOOTFIN: https://news.google.com/rss/search?q=%22Muthoot+Finance+Ltd.%22+NSE+when:10d&hl=en-IN&gl=IN&ceid=IN:en
2026-04-26 12:47:41,270 | INFO | News RSS status for MUTHOOTFIN: 200
2026-04-26 12:47:41,900 | INFO | News RSS query for NESTLEIND: https://news.google.com/rss/search?q=%22Nestle+India+Ltd.%22+NSE+when:10d&hl=en-IN&gl=IN&ceid=IN:en
2026-04-26 12:47:42,103 | INFO | News RSS status for NESTLEIND: 200
2026-04-26 12:47:42,736 | INFO | News RSS query for NTPC: https://news.google.com/rss/search?q=%22NTPC+Ltd.%22+NSE+when:10d&hl=en-IN&gl=IN&ceid=IN:en
2026-04-26 12:47:42,973 | INFO | News RSS status for NTPC: 200
2026-04-26 12:47:43,591 | INFO | News RSS query for ONGC: https://news.google.com/rss/search?q=%22Oil+%26+Natural+Gas+Corporation+Ltd.%22+NSE+when:10d&hl=en-IN&gl=IN&ceid=IN:en
2026-04-26 12:47:43,797 | INFO | News RSS status for ONGC: 200
2026-04-26 12:47:43,799 | INFO | News RSS query for ONGC: https://news.google.com/rss/search?q=%22Oil+%26+Natural+Gas+Corporation+Ltd.%22+stock+when:10d&hl=en-IN&gl=IN&ceid=IN:en
2026-04-26 12:47:44,018 | INFO | News RSS status for ONGC: 200
2026-04-26 12:47:44,088 | INFO | News RSS query for ONGC: https://news.google.com/rss/search?q=%22Oil+%26+Natural+Gas+Corporation+Ltd.%22+NSE+when:10d&hl=en-IN&gl=IN&ceid=IN:en
2026-04-26 12:47:44,096 | INFO | News RSS status for ONGC: 200
2026-04-26 12:47:44,098 | INFO | News RSS query for ONGC: https://news.google.com/rss/search?q=%22Oil+%26+Natural+Gas+Corporation+Ltd.%22+stock+when:10d&hl=en-IN&gl=IN&ceid=IN:en
2026-04-26 12:47:44,107 | INFO | News RSS status for ONGC: 200
2026-04-26 12:47:44,733 | INFO | News RSS query for PFC: https://news.google.com/rss/search?q=%22Power+Finance+Corporation+Ltd.%22+NSE+when:10d&hl=en-IN&gl=IN&ceid=IN:en
2026-04-26 12:47:44,927 | INFO | News RSS status for PFC: 200
2026-04-26 12:47:46,635 | INFO | News RSS query for POWERGRID: https://news.google.com/rss/search?q=%22Power+Grid+Corporation+of+India+Ltd.%22+NSE+when:10d&hl=en-IN&gl=IN&ceid=IN:en
2026-04-26 12:47:46,860 | INFO | News RSS status for POWERGRID: 200
2026-04-26 12:47:49,153 | INFO | News RSS query for SBIN: https://news.google.com/rss/search?q=%22State+Bank+of+India%22+NSE+when:10d&hl=en-IN&gl=IN&ceid=IN:en
2026-04-26 12:47:49,492 | INFO | News RSS status for SBIN: 200
2026-04-26 12:47:49,565 | INFO | News RSS query for SBIN: https://news.google.com/rss/search?q=%22State+Bank+of+India%22+NSE+when:10d&hl=en-IN&gl=IN&ceid=IN:en
2026-04-26 12:47:49,576 | INFO | News RSS status for SBIN: 200
2026-04-26 12:47:49,646 | INFO | News RSS query for SBIN: https://news.google.com/rss/search?q=%22State+Bank+of+India%22+NSE+when:10d&hl=en-IN&gl=IN&ceid=IN:en
2026-04-26 12:47:49,655 | INFO | News RSS status for SBIN: 200
2026-04-26 12:47:50,832 | INFO | News RSS query for SHRIRAMFIN: https://news.google.com/rss/search?q=%22Shriram+Finance+Ltd.%22+NSE+when:10d&hl=en-IN&gl=IN&ceid=IN:en
2026-04-26 12:47:51,071 | INFO | News RSS status for SHRIRAMFIN: 200
2026-04-26 12:47:51,693 | INFO | News RSS query for SIEMENS: https://news.google.com/rss/search?q=%22Siemens+Ltd.%22+NSE+when:10d&hl=en-IN&gl=IN&ceid=IN:en
2026-04-26 12:47:51,904 | INFO | News RSS status for SIEMENS: 200
2026-04-26 12:47:52,525 | INFO | News RSS query for SOLARINDS: https://news.google.com/rss/search?q=%22Solar+Industries+India+Ltd.%22+NSE+when:10d&hl=en-IN&gl=IN&ceid=IN:en
2026-04-26 12:47:52,766 | INFO | News RSS status for SOLARINDS: 200
2026-04-26 12:47:53,319 | WARNING | Skipping TATACAP — only 131 bars available (need 220). Extend history_backfill_days in config.json to include this symbol.
2026-04-26 12:47:53,939 | INFO | News RSS query for TATACONSUM: https://news.google.com/rss/search?q=%22Tata+Consumer+Products+Ltd.%22+NSE+when:10d&hl=en-IN&gl=IN&ceid=IN:en
2026-04-26 12:47:54,158 | INFO | News RSS status for TATACONSUM: 200
2026-04-26 12:47:54,786 | INFO | News RSS query for TATAPOWER: https://news.google.com/rss/search?q=%22Tata+Power+Co.+Ltd.%22+NSE+when:10d&hl=en-IN&gl=IN&ceid=IN:en
2026-04-26 12:47:54,975 | INFO | News RSS status for TATAPOWER: 200
2026-04-26 12:47:54,975 | INFO | News RSS query for TATAPOWER: https://news.google.com/rss/search?q=%22Tata+Power+Co.+Ltd.%22+stock+when:10d&hl=en-IN&gl=IN&ceid=IN:en
2026-04-26 12:47:55,191 | INFO | News RSS status for TATAPOWER: 200
2026-04-26 12:47:55,812 | INFO | News RSS query for TATASTEEL: https://news.google.com/rss/search?q=%22Tata+Steel+Ltd.%22+NSE+when:10d&hl=en-IN&gl=IN&ceid=IN:en
2026-04-26 12:47:56,005 | INFO | News RSS status for TATASTEEL: 200
2026-04-26 12:47:57,737 | INFO | News RSS query for TITAN: https://news.google.com/rss/search?q=%22Titan+Company+Ltd.%22+NSE+when:10d&hl=en-IN&gl=IN&ceid=IN:en
2026-04-26 12:47:57,972 | INFO | News RSS status for TITAN: 200
2026-04-26 12:47:57,977 | WARNING | Skipping TMCV — only 111 bars available (need 220). Extend history_backfill_days in config.json to include this symbol.
2026-04-26 12:47:57,978 | WARNING | Skipping TMPV — only 128 bars available (need 220). Extend history_backfill_days in config.json to include this symbol.
2026-04-26 12:48:00,782 | INFO | News RSS query for UNIONBANK: https://news.google.com/rss/search?q=%22Union+Bank+of+India%22+NSE+when:10d&hl=en-IN&gl=IN&ceid=IN:en
2026-04-26 12:48:01,082 | INFO | News RSS status for UNIONBANK: 200
2026-04-26 12:48:02,461 | INFO | News RSS query for VEDL: https://news.google.com/rss/search?q=%22Vedanta+Ltd.%22+NSE+when:10d&hl=en-IN&gl=IN&ceid=IN:en
2026-04-26 12:48:02,748 | INFO | News RSS status for VEDL: 200
2026-04-26 12:48:03,868 | INFO | Index membership from cache: NIFTY 50 (50 symbols)
2026-04-26 12:48:03,868 | INFO | Index membership from cache: Nifty Next 50 (50 symbols)
2026-04-26 12:48:03,868 | INFO | Index membership ready: 100 symbols mapped
2026-04-26 12:48:03,868 | INFO | Market Health: fetching index OHLCV...
2026-04-26 12:48:03,871 | INFO | Index OHLCV cache fresh for NIFTY 50 (1367 rows)
2026-04-26 12:48:03,874 | INFO | Index OHLCV cache fresh for NIFTY NEXT 50 (1367 rows)
2026-04-26 12:48:03,874 | INFO | Market Health: fetching VIX...
2026-04-26 12:48:03,876 | INFO | VIX cache fresh (65 rows)
2026-04-26 12:48:03,876 | INFO | Market Health: updating breadth EMA cache...
2026-04-26 12:48:05,030 | INFO | Market Health [NIFTY 50]: Score=12.5 | Sideways &#x1F7E0;
2026-04-26 12:48:05,047 | INFO | Market Health [Nifty Next 50]: Score=53.5 | Weak Bull &#x1F7E1;
2026-04-26 12:48:05,085 | INFO | Signal log: skipping new signal insertion — 2026-04-26 is a weekend.
2026-04-26 12:48:05,507 | INFO | Signal tracker: updated 64 Active signal rows.
2026-04-26 12:48:05,526 | INFO | HTML report written: /home/runner/work/nifty100-reporter/nifty100-reporter/reports/nifty100_daily_report_20260426.html
2026-04-26 12:48:05,535 | INFO | Market Health Excel sheet written.
2026-04-26 12:48:05,757 | INFO | Excel report written: /home/runner/work/nifty100-reporter/nifty100-reporter/reports/nifty100_daily_report_20260426.xlsx
2026-04-26 12:48:05,757 | INFO | GitHub Actions detected — skipping Gmail API send (workflow handles email).
2026-04-26 12:48:05,758 | INFO | Run completed successfully.
2026-04-26 12:48:05,758 | INFO | Artifacts: /home/runner/work/nifty100-reporter/nifty100-reporter/reports/nifty100_daily_report_20260426.html | /home/runner/work/nifty100-reporter/nifty100-reporter/reports/nifty100_daily_report_20260426.xlsx | log: /home/runner/work/nifty100-reporter/nifty100-reporter/logs/run_20260426_181537.log
