2026-04-20 06:22:17,186 | INFO | Nifty 100 Daily EMA Cross Reporter | Version 3.3.8 | Released 2026-04-17
2026-04-20 06:22:17,186 | INFO | Base directory: /home/runner/work/nifty100-reporter/nifty100-reporter
2026-04-20 06:22:17,186 | INFO | Loaded config. Email enabled: True | Recipients: 1
2026-04-20 06:22:17,358 | WARNING | NSE session bootstrap HTTP 403 (attempt 1/5) — refreshing NSE session cookie …
2026-04-20 06:22:27,674 | WARNING | NSE session bootstrap HTTP 403 (attempt 2/5) — refreshing NSE session cookie …
2026-04-20 06:22:38,003 | WARNING | NSE session bootstrap HTTP 403 (attempt 3/5) — refreshing NSE session cookie …
2026-04-20 06:22:48,297 | WARNING | NSE session bootstrap HTTP 403 (attempt 4/5) — refreshing NSE session cookie …
2026-04-20 06:22:58,604 | INFO | NSE session bootstrap status: 403
2026-04-20 06:22:58,605 | INFO | Downloading Nifty 100 universe from https://www.niftyindices.com/IndexConstituent/ind_nifty100list.csv
2026-04-20 06:22:59,128 | INFO | Universe download status: 200
2026-04-20 06:22:59,133 | INFO | Universe rows loaded: 100
2026-04-20 06:22:59,236 | INFO | Loaded history rows: 125464
2026-04-20 06:22:59,243 | INFO | yfinance history update: 100 symbols | 2026-04-16 → 2026-04-21
2026-04-20 06:22:59,244 | INFO | yfinance batch download: 100 symbols | 2026-04-16 → 2026-04-21
2026-04-20 06:23:03,946 | INFO | yfinance raw shape: (3, 500)
2026-04-20 06:23:04,309 | INFO | yfinance parsed rows after date-filter: 200
2026-04-20 06:23:04,310 | INFO | New rows from yfinance: 200
2026-04-20 06:23:05,064 | INFO | Saved history rows: 125464 | file: /home/runner/work/nifty100-reporter/nifty100-reporter/data/nifty100_ohlcv_history.csv
2026-04-20 06:23:05,172 | INFO | Loaded history rows: 125464
2026-04-20 06:23:05,173 | INFO | Latest OHLCV data is from 2026-04-17
2026-04-20 06:23:05,200 | INFO | Latest Delivery data is from 2026-04-17
2026-04-20 06:23:05,245 | INFO | Delivery cache has 34 dates — skipping backfill.
2026-04-20 06:23:05,245 | INFO | Delivery fetch attempt [2/7] — URL: https://archives.nseindia.com/products/content/sec_bhavdata_full_17042026.csv
2026-04-20 06:23:05,973 | INFO | Delivery fetch SUCCESS — date: 2026-04-17 | size: 361601 bytes | URL: https://archives.nseindia.com/products/content/sec_bhavdata_full_17042026.csv
2026-04-20 06:23:06,317 | INFO | Delivery cache updated: 2403 symbols for 2026-04-17 (rows in cache: 82966)
2026-04-20 06:23:06,318 | INFO | Delivery data: 2403 symbols | fallback=False
2026-04-20 06:23:06,790 | INFO | Corporate actions bulk OK: 8 raw rows | 1 Nifty100 symbols with events
2026-04-20 06:23:38,958 | INFO | Corporate actions: 1/100 symbols have events (window 19-04-2026 to 19-05-2026) | Symbols: ABB
2026-04-20 06:23:38,958 | INFO | Index membership from cache: NIFTY 50 (50 symbols)
2026-04-20 06:23:38,959 | INFO | Index membership from cache: Nifty Next 50 (50 symbols)
2026-04-20 06:23:38,959 | INFO | Index membership ready: 100 symbols mapped
2026-04-20 06:23:39,581 | INFO | News RSS query for ABB: https://news.google.com/rss/search?q=%22ABB+India+Ltd.%22+NSE+when:10d&hl=en-IN&gl=IN&ceid=IN:en
2026-04-20 06:23:39,822 | INFO | News RSS status for ABB: 200
2026-04-20 06:23:40,165 | INFO | News RSS query for ADANIENSOL: https://news.google.com/rss/search?q=%22Adani+Energy+Solutions+Ltd.%22+NSE+when:10d&hl=en-IN&gl=IN&ceid=IN:en
2026-04-20 06:23:40,378 | INFO | News RSS status for ADANIENSOL: 200
2026-04-20 06:23:42,141 | INFO | News RSS query for ADANIPORTS: https://news.google.com/rss/search?q=%22Adani+Ports+and+Special+Economic+Zone+Ltd.%22+NSE+when:10d&hl=en-IN&gl=IN&ceid=IN:en
2026-04-20 06:23:42,356 | INFO | News RSS status for ADANIPORTS: 200
2026-04-20 06:23:42,426 | INFO | News RSS query for ADANIPORTS: https://news.google.com/rss/search?q=%22Adani+Ports+and+Special+Economic+Zone+Ltd.%22+NSE+when:10d&hl=en-IN&gl=IN&ceid=IN:en
2026-04-20 06:23:42,431 | INFO | News RSS status for ADANIPORTS: 200
2026-04-20 06:23:42,499 | INFO | News RSS query for ADANIPORTS: https://news.google.com/rss/search?q=%22Adani+Ports+and+Special+Economic+Zone+Ltd.%22+NSE+when:10d&hl=en-IN&gl=IN&ceid=IN:en
2026-04-20 06:23:42,503 | INFO | News RSS status for ADANIPORTS: 200
2026-04-20 06:23:43,128 | INFO | News RSS query for ADANIPOWER: https://news.google.com/rss/search?q=%22Adani+Power+Ltd.%22+NSE+when:10d&hl=en-IN&gl=IN&ceid=IN:en
2026-04-20 06:23:43,328 | INFO | News RSS status for ADANIPOWER: 200
2026-04-20 06:23:44,514 | INFO | News RSS query for APOLLOHOSP: https://news.google.com/rss/search?q=%22Apollo+Hospitals+Enterprise+Ltd.%22+NSE+when:10d&hl=en-IN&gl=IN&ceid=IN:en
2026-04-20 06:23:44,710 | INFO | News RSS status for APOLLOHOSP: 200
2026-04-20 06:23:45,890 | INFO | News RSS query for AXISBANK: https://news.google.com/rss/search?q=%22Axis+Bank+Ltd.%22+NSE+when:10d&hl=en-IN&gl=IN&ceid=IN:en
2026-04-20 06:23:46,121 | INFO | News RSS status for AXISBANK: 200
2026-04-20 06:23:46,191 | INFO | News RSS query for AXISBANK: https://news.google.com/rss/search?q=%22Axis+Bank+Ltd.%22+NSE+when:10d&hl=en-IN&gl=IN&ceid=IN:en
2026-04-20 06:23:46,195 | INFO | News RSS status for AXISBANK: 200
2026-04-20 06:23:46,813 | INFO | News RSS query for BAJAJ-AUTO: https://news.google.com/rss/search?q=%22Bajaj+Auto+Ltd.%22+NSE+when:10d&hl=en-IN&gl=IN&ceid=IN:en
2026-04-20 06:23:46,999 | INFO | News RSS status for BAJAJ-AUTO: 200
2026-04-20 06:23:47,069 | INFO | News RSS query for BAJAJ-AUTO: https://news.google.com/rss/search?q=%22Bajaj+Auto+Ltd.%22+NSE+when:10d&hl=en-IN&gl=IN&ceid=IN:en
2026-04-20 06:23:47,073 | INFO | News RSS status for BAJAJ-AUTO: 200
2026-04-20 06:23:49,910 | INFO | News RSS query for BEL: https://news.google.com/rss/search?q=%22Bharat+Electronics+Ltd.%22+NSE+when:10d&hl=en-IN&gl=IN&ceid=IN:en
2026-04-20 06:23:50,136 | INFO | News RSS status for BEL: 200
2026-04-20 06:23:51,314 | INFO | News RSS query for BOSCHLTD: https://news.google.com/rss/search?q=%22Bosch+Ltd.%22+NSE+when:10d&hl=en-IN&gl=IN&ceid=IN:en
2026-04-20 06:23:51,532 | INFO | News RSS status for BOSCHLTD: 200
2026-04-20 06:23:53,849 | INFO | News RSS query for CGPOWER: https://news.google.com/rss/search?q=%22CG+Power+and+Industrial+Solutions+Ltd.%22+NSE+when:10d&hl=en-IN&gl=IN&ceid=IN:en
2026-04-20 06:23:54,060 | INFO | News RSS status for CGPOWER: 200
2026-04-20 06:23:54,063 | INFO | News RSS query for CGPOWER: https://news.google.com/rss/search?q=%22CG+Power+and+Industrial+Solutions+Ltd.%22+stock+when:10d&hl=en-IN&gl=IN&ceid=IN:en
2026-04-20 06:23:54,299 | INFO | News RSS status for CGPOWER: 200
2026-04-20 06:23:56,577 | INFO | News RSS query for CUMMINSIND: https://news.google.com/rss/search?q=%22Cummins+India+Ltd.%22+NSE+when:10d&hl=en-IN&gl=IN&ceid=IN:en
2026-04-20 06:23:56,745 | INFO | News RSS status for CUMMINSIND: 200
2026-04-20 06:23:56,746 | INFO | News RSS query for CUMMINSIND: https://news.google.com/rss/search?q=%22Cummins+India+Ltd.%22+stock+when:10d&hl=en-IN&gl=IN&ceid=IN:en
2026-04-20 06:23:56,958 | INFO | News RSS status for CUMMINSIND: 200
2026-04-20 06:23:58,681 | INFO | News RSS query for DMART: https://news.google.com/rss/search?q=%22Avenue+Supermarts+Ltd.%22+NSE+when:10d&hl=en-IN&gl=IN&ceid=IN:en
2026-04-20 06:23:58,872 | INFO | News RSS status for DMART: 200
2026-04-20 06:23:58,873 | INFO | News RSS query for DMART: https://news.google.com/rss/search?q=%22Avenue+Supermarts+Ltd.%22+stock+when:10d&hl=en-IN&gl=IN&ceid=IN:en
2026-04-20 06:23:59,071 | INFO | News RSS status for DMART: 200
2026-04-20 06:23:59,139 | INFO | News RSS query for DMART: https://news.google.com/rss/search?q=%22Avenue+Supermarts+Ltd.%22+NSE+when:10d&hl=en-IN&gl=IN&ceid=IN:en
2026-04-20 06:23:59,144 | INFO | News RSS status for DMART: 200
2026-04-20 06:23:59,145 | INFO | News RSS query for DMART: https://news.google.com/rss/search?q=%22Avenue+Supermarts+Ltd.%22+stock+when:10d&hl=en-IN&gl=IN&ceid=IN:en
2026-04-20 06:23:59,149 | INFO | News RSS status for DMART: 200
2026-04-20 06:24:00,257 | WARNING | Skipping ENRIN — only 203 bars available (need 220). Extend history_backfill_days in config.json to include this symbol.
2026-04-20 06:24:05,761 | INFO | News RSS query for HINDALCO: https://news.google.com/rss/search?q=%22Hindalco+Industries+Ltd.%22+NSE+when:10d&hl=en-IN&gl=IN&ceid=IN:en
2026-04-20 06:24:06,007 | INFO | News RSS status for HINDALCO: 200
2026-04-20 06:24:06,010 | INFO | News RSS query for HINDALCO: https://news.google.com/rss/search?q=%22Hindalco+Industries+Ltd.%22+stock+when:10d&hl=en-IN&gl=IN&ceid=IN:en
2026-04-20 06:24:06,234 | INFO | News RSS status for HINDALCO: 200
2026-04-20 06:24:06,849 | INFO | News RSS query for HINDUNILVR: https://news.google.com/rss/search?q=%22Hindustan+Unilever+Ltd.%22+NSE+when:10d&hl=en-IN&gl=IN&ceid=IN:en
2026-04-20 06:24:07,053 | INFO | News RSS status for HINDUNILVR: 200
2026-04-20 06:24:11,572 | INFO | News RSS query for ITC: https://news.google.com/rss/search?q=%22ITC+Ltd.%22+NSE+when:10d&hl=en-IN&gl=IN&ceid=IN:en
2026-04-20 06:24:11,789 | INFO | News RSS status for ITC: 200
2026-04-20 06:24:12,409 | INFO | News RSS query for JINDALSTEL: https://news.google.com/rss/search?q=%22Jindal+Steel+Ltd.%22+NSE+when:10d&hl=en-IN&gl=IN&ceid=IN:en
2026-04-20 06:24:12,585 | INFO | News RSS status for JINDALSTEL: 200
2026-04-20 06:24:12,924 | INFO | News RSS query for JIOFIN: https://news.google.com/rss/search?q=%22Jio+Financial+Services+Ltd.%22+NSE+when:10d&hl=en-IN&gl=IN&ceid=IN:en
2026-04-20 06:24:13,149 | INFO | News RSS status for JIOFIN: 200
2026-04-20 06:24:13,769 | INFO | News RSS query for JSWSTEEL: https://news.google.com/rss/search?q=%22JSW+Steel+Ltd.%22+NSE+when:10d&hl=en-IN&gl=IN&ceid=IN:en
2026-04-20 06:24:13,977 | INFO | News RSS status for JSWSTEEL: 200
2026-04-20 06:24:14,047 | INFO | News RSS query for JSWSTEEL: https://news.google.com/rss/search?q=%22JSW+Steel+Ltd.%22+NSE+when:10d&hl=en-IN&gl=IN&ceid=IN:en
2026-04-20 06:24:14,052 | INFO | News RSS status for JSWSTEEL: 200
2026-04-20 06:24:14,120 | INFO | News RSS query for JSWSTEEL: https://news.google.com/rss/search?q=%22JSW+Steel+Ltd.%22+NSE+when:10d&hl=en-IN&gl=IN&ceid=IN:en
2026-04-20 06:24:14,124 | INFO | News RSS status for JSWSTEEL: 200
2026-04-20 06:24:15,255 | INFO | News RSS query for LODHA: https://news.google.com/rss/search?q=%22Lodha+Developers+Ltd.%22+NSE+when:10d&hl=en-IN&gl=IN&ceid=IN:en
2026-04-20 06:24:15,418 | INFO | News RSS status for LODHA: 200
2026-04-20 06:24:15,419 | INFO | News RSS query for LODHA: https://news.google.com/rss/search?q=%22Lodha+Developers+Ltd.%22+stock+when:10d&hl=en-IN&gl=IN&ceid=IN:en
2026-04-20 06:24:15,656 | INFO | News RSS status for LODHA: 200
2026-04-20 06:24:16,200 | WARNING | Skipping LTM — only 38 bars available (need 220). Extend history_backfill_days in config.json to include this symbol.
2026-04-20 06:24:17,352 | INFO | News RSS query for MARUTI: https://news.google.com/rss/search?q=%22Maruti+Suzuki+India+Ltd.%22+NSE+when:10d&hl=en-IN&gl=IN&ceid=IN:en
2026-04-20 06:24:17,609 | INFO | News RSS status for MARUTI: 200
2026-04-20 06:24:20,945 | INFO | News RSS query for NTPC: https://news.google.com/rss/search?q=%22NTPC+Ltd.%22+NSE+when:10d&hl=en-IN&gl=IN&ceid=IN:en
2026-04-20 06:24:21,162 | INFO | News RSS status for NTPC: 200
2026-04-20 06:24:21,165 | INFO | News RSS query for NTPC: https://news.google.com/rss/search?q=%22NTPC+Ltd.%22+stock+when:10d&hl=en-IN&gl=IN&ceid=IN:en
2026-04-20 06:24:21,384 | INFO | News RSS status for NTPC: 200
2026-04-20 06:24:21,993 | INFO | News RSS query for ONGC: https://news.google.com/rss/search?q=%22Oil+%26+Natural+Gas+Corporation+Ltd.%22+NSE+when:10d&hl=en-IN&gl=IN&ceid=IN:en
2026-04-20 06:24:22,189 | INFO | News RSS status for ONGC: 200
2026-04-20 06:24:22,191 | INFO | News RSS query for ONGC: https://news.google.com/rss/search?q=%22Oil+%26+Natural+Gas+Corporation+Ltd.%22+stock+when:10d&hl=en-IN&gl=IN&ceid=IN:en
2026-04-20 06:24:22,405 | INFO | News RSS status for ONGC: 200
2026-04-20 06:24:22,473 | INFO | News RSS query for ONGC: https://news.google.com/rss/search?q=%22Oil+%26+Natural+Gas+Corporation+Ltd.%22+NSE+when:10d&hl=en-IN&gl=IN&ceid=IN:en
2026-04-20 06:24:22,477 | INFO | News RSS status for ONGC: 200
2026-04-20 06:24:22,479 | INFO | News RSS query for ONGC: https://news.google.com/rss/search?q=%22Oil+%26+Natural+Gas+Corporation+Ltd.%22+stock+when:10d&hl=en-IN&gl=IN&ceid=IN:en
2026-04-20 06:24:22,483 | INFO | News RSS status for ONGC: 200
2026-04-20 06:24:23,101 | INFO | News RSS query for PFC: https://news.google.com/rss/search?q=%22Power+Finance+Corporation+Ltd.%22+NSE+when:10d&hl=en-IN&gl=IN&ceid=IN:en
2026-04-20 06:24:23,319 | INFO | News RSS status for PFC: 200
2026-04-20 06:24:25,054 | INFO | News RSS query for POWERGRID: https://news.google.com/rss/search?q=%22Power+Grid+Corporation+of+India+Ltd.%22+NSE+when:10d&hl=en-IN&gl=IN&ceid=IN:en
2026-04-20 06:24:25,282 | INFO | News RSS status for POWERGRID: 200
2026-04-20 06:24:28,627 | INFO | News RSS query for SHRIRAMFIN: https://news.google.com/rss/search?q=%22Shriram+Finance+Ltd.%22+NSE+when:10d&hl=en-IN&gl=IN&ceid=IN:en
2026-04-20 06:24:28,814 | INFO | News RSS status for SHRIRAMFIN: 200
2026-04-20 06:24:28,884 | INFO | News RSS query for SHRIRAMFIN: https://news.google.com/rss/search?q=%22Shriram+Finance+Ltd.%22+NSE+when:10d&hl=en-IN&gl=IN&ceid=IN:en
2026-04-20 06:24:28,889 | INFO | News RSS status for SHRIRAMFIN: 200
2026-04-20 06:24:28,958 | INFO | News RSS query for SHRIRAMFIN: https://news.google.com/rss/search?q=%22Shriram+Finance+Ltd.%22+NSE+when:10d&hl=en-IN&gl=IN&ceid=IN:en
2026-04-20 06:24:28,963 | INFO | News RSS status for SHRIRAMFIN: 200
2026-04-20 06:24:29,578 | INFO | News RSS query for SIEMENS: https://news.google.com/rss/search?q=%22Siemens+Ltd.%22+NSE+when:10d&hl=en-IN&gl=IN&ceid=IN:en
2026-04-20 06:24:29,773 | INFO | News RSS status for SIEMENS: 200
2026-04-20 06:24:29,775 | INFO | News RSS query for SIEMENS: https://news.google.com/rss/search?q=%22Siemens+Ltd.%22+stock+when:10d&hl=en-IN&gl=IN&ceid=IN:en
2026-04-20 06:24:30,013 | INFO | News RSS status for SIEMENS: 200
2026-04-20 06:24:30,631 | INFO | News RSS query for SOLARINDS: https://news.google.com/rss/search?q=%22Solar+Industries+India+Ltd.%22+NSE+when:10d&hl=en-IN&gl=IN&ceid=IN:en
2026-04-20 06:24:30,862 | INFO | News RSS status for SOLARINDS: 200
2026-04-20 06:24:31,414 | WARNING | Skipping TATACAP — only 126 bars available (need 220). Extend history_backfill_days in config.json to include this symbol.
2026-04-20 06:24:32,568 | INFO | News RSS query for TATAPOWER: https://news.google.com/rss/search?q=%22Tata+Power+Co.+Ltd.%22+NSE+when:10d&hl=en-IN&gl=IN&ceid=IN:en
2026-04-20 06:24:32,747 | INFO | News RSS status for TATAPOWER: 200
2026-04-20 06:24:32,748 | INFO | News RSS query for TATAPOWER: https://news.google.com/rss/search?q=%22Tata+Power+Co.+Ltd.%22+stock+when:10d&hl=en-IN&gl=IN&ceid=IN:en
2026-04-20 06:24:32,956 | INFO | News RSS status for TATAPOWER: 200
2026-04-20 06:24:33,582 | INFO | News RSS query for TATASTEEL: https://news.google.com/rss/search?q=%22Tata+Steel+Ltd.%22+NSE+when:10d&hl=en-IN&gl=IN&ceid=IN:en
2026-04-20 06:24:33,870 | INFO | News RSS status for TATASTEEL: 200
2026-04-20 06:24:35,593 | INFO | News RSS query for TITAN: https://news.google.com/rss/search?q=%22Titan+Company+Ltd.%22+NSE+when:10d&hl=en-IN&gl=IN&ceid=IN:en
2026-04-20 06:24:35,806 | INFO | News RSS status for TITAN: 200
2026-04-20 06:24:35,810 | WARNING | Skipping TMCV — only 106 bars available (need 220). Extend history_backfill_days in config.json to include this symbol.
2026-04-20 06:24:35,811 | WARNING | Skipping TMPV — only 123 bars available (need 220). Extend history_backfill_days in config.json to include this symbol.
2026-04-20 06:24:38,608 | INFO | News RSS query for UNIONBANK: https://news.google.com/rss/search?q=%22Union+Bank+of+India%22+NSE+when:10d&hl=en-IN&gl=IN&ceid=IN:en
2026-04-20 06:24:38,858 | INFO | News RSS status for UNIONBANK: 200
2026-04-20 06:24:40,233 | INFO | News RSS query for VEDL: https://news.google.com/rss/search?q=%22Vedanta+Ltd.%22+NSE+when:10d&hl=en-IN&gl=IN&ceid=IN:en
2026-04-20 06:24:40,458 | INFO | News RSS status for VEDL: 200
2026-04-20 06:24:41,614 | INFO | News RSS query for ZYDUSLIFE: https://news.google.com/rss/search?q=%22Zydus+Lifesciences+Ltd.%22+NSE+when:10d&hl=en-IN&gl=IN&ceid=IN:en
2026-04-20 06:24:41,781 | INFO | News RSS status for ZYDUSLIFE: 200
2026-04-20 06:24:41,782 | INFO | News RSS query for ZYDUSLIFE: https://news.google.com/rss/search?q=%22Zydus+Lifesciences+Ltd.%22+stock+when:10d&hl=en-IN&gl=IN&ceid=IN:en
2026-04-20 06:24:41,996 | INFO | News RSS status for ZYDUSLIFE: 200
2026-04-20 06:24:42,009 | INFO | Index membership from cache: NIFTY 50 (50 symbols)
2026-04-20 06:24:42,009 | INFO | Index membership from cache: Nifty Next 50 (50 symbols)
2026-04-20 06:24:42,009 | INFO | Index membership ready: 100 symbols mapped
2026-04-20 06:24:42,009 | INFO | Market Health: fetching index OHLCV...
2026-04-20 06:24:42,012 | INFO | Index OHLCV cache fresh for NIFTY 50 (1362 rows)
2026-04-20 06:24:42,015 | INFO | Index OHLCV cache fresh for NIFTY NEXT 50 (1362 rows)
2026-04-20 06:24:42,015 | INFO | Market Health: fetching VIX...
2026-04-20 06:24:42,016 | INFO | VIX cache fresh (60 rows)
2026-04-20 06:24:42,016 | INFO | Market Health: updating breadth EMA cache...
2026-04-20 06:24:43,170 | INFO | Market Health [NIFTY 50]: Score=32.0 | Weak Bull &#x1F7E1;
2026-04-20 06:24:43,186 | INFO | Market Health [Nifty Next 50]: Score=48.0 | Weak Bull &#x1F7E1;
2026-04-20 06:24:43,268 | INFO | Signal log: skipping new signal insertion — 2026-04-19 is a weekend.
2026-04-20 06:24:43,502 | INFO | Signal tracker: updated 34 Active signal rows.
2026-04-20 06:24:43,521 | INFO | HTML report written: /home/runner/work/nifty100-reporter/nifty100-reporter/reports/nifty100_daily_report_20260420.html
2026-04-20 06:24:43,530 | INFO | Market Health Excel sheet written.
2026-04-20 06:24:43,669 | INFO | Excel report written: /home/runner/work/nifty100-reporter/nifty100-reporter/reports/nifty100_daily_report_20260420.xlsx
2026-04-20 06:24:43,669 | INFO | GitHub Actions detected — skipping Gmail API send (workflow handles email).
2026-04-20 06:24:43,669 | INFO | Run completed successfully.
2026-04-20 06:24:43,669 | INFO | Artifacts: /home/runner/work/nifty100-reporter/nifty100-reporter/reports/nifty100_daily_report_20260420.html | /home/runner/work/nifty100-reporter/nifty100-reporter/reports/nifty100_daily_report_20260420.xlsx | log: /home/runner/work/nifty100-reporter/nifty100-reporter/logs/run_20260420_115217.log
