2026-04-20 12:45:40,768 | INFO | Nifty 100 Daily EMA Cross Reporter | Version 3.3.8 | Released 2026-04-17
2026-04-20 12:45:40,769 | INFO | Base directory: /home/runner/work/nifty100-reporter/nifty100-reporter
2026-04-20 12:45:40,769 | INFO | Loaded config. Email enabled: True | Recipients: 1
2026-04-20 12:45:40,903 | WARNING | NSE session bootstrap HTTP 403 (attempt 1/5) — refreshing NSE session cookie …
2026-04-20 12:45:51,153 | WARNING | NSE session bootstrap HTTP 403 (attempt 2/5) — refreshing NSE session cookie …
2026-04-20 12:46:01,403 | WARNING | NSE session bootstrap HTTP 403 (attempt 3/5) — refreshing NSE session cookie …
2026-04-20 12:46:11,645 | WARNING | NSE session bootstrap HTTP 403 (attempt 4/5) — refreshing NSE session cookie …
2026-04-20 12:46:21,899 | INFO | NSE session bootstrap status: 403
2026-04-20 12:46:21,901 | INFO | Downloading Nifty 100 universe from https://www.niftyindices.com/IndexConstituent/ind_nifty100list.csv
2026-04-20 12:46:22,342 | INFO | Universe download status: 200
2026-04-20 12:46:22,348 | INFO | Universe rows loaded: 100
2026-04-20 12:46:22,457 | INFO | Loaded history rows: 125464
2026-04-20 12:46:22,464 | INFO | yfinance history update: 100 symbols | 2026-04-16 → 2026-04-21
2026-04-20 12:46:22,465 | INFO | yfinance batch download: 100 symbols | 2026-04-16 → 2026-04-21
2026-04-20 12:46:28,051 | INFO | yfinance raw shape: (3, 500)
2026-04-20 12:46:28,411 | INFO | yfinance parsed rows after date-filter: 300
2026-04-20 12:46:28,412 | INFO | New rows from yfinance: 300
2026-04-20 12:46:29,183 | INFO | Saved history rows: 125564 | file: /home/runner/work/nifty100-reporter/nifty100-reporter/data/nifty100_ohlcv_history.csv
2026-04-20 12:46:29,290 | INFO | Loaded history rows: 125564
2026-04-20 12:46:29,290 | INFO | Latest OHLCV data is from 2026-04-20
2026-04-20 12:46:29,317 | INFO | Latest Delivery data is from 2026-04-17
2026-04-20 12:46:29,362 | INFO | Delivery cache has 34 dates — skipping backfill.
2026-04-20 12:46:29,362 | INFO | Delivery fetch attempt [0/7] — URL: https://archives.nseindia.com/products/content/sec_bhavdata_full_20042026.csv
2026-04-20 12:46:30,978 | INFO | Delivery fetch SUCCESS — date: 2026-04-20 | size: 371096 bytes | URL: https://archives.nseindia.com/products/content/sec_bhavdata_full_20042026.csv
2026-04-20 12:46:31,314 | INFO | Delivery cache updated: 2503 symbols for 2026-04-20 (rows in cache: 78193)
2026-04-20 12:46:31,315 | INFO | Delivery data: 2503 symbols | fallback=False
2026-04-20 12:46:31,846 | INFO | Corporate actions bulk OK: 12 raw rows | 1 Nifty100 symbols with events
2026-04-20 12:47:06,610 | INFO | Corporate actions: 1/100 symbols have events (window 20-04-2026 to 20-05-2026) | Symbols: ABB
2026-04-20 12:47:06,610 | INFO | Index membership from cache: NIFTY 50 (50 symbols)
2026-04-20 12:47:06,611 | INFO | Index membership from cache: Nifty Next 50 (50 symbols)
2026-04-20 12:47:06,611 | INFO | Index membership ready: 100 symbols mapped
2026-04-20 12:47:07,244 | INFO | News RSS query for ABB: https://news.google.com/rss/search?q=%22ABB+India+Ltd.%22+NSE+when:10d&hl=en-IN&gl=IN&ceid=IN:en
2026-04-20 12:47:07,547 | INFO | News RSS status for ABB: 200
2026-04-20 12:47:07,889 | INFO | News RSS query for ADANIENSOL: https://news.google.com/rss/search?q=%22Adani+Energy+Solutions+Ltd.%22+NSE+when:10d&hl=en-IN&gl=IN&ceid=IN:en
2026-04-20 12:47:08,158 | INFO | News RSS status for ADANIENSOL: 200
2026-04-20 12:47:09,895 | INFO | News RSS query for ADANIPORTS: https://news.google.com/rss/search?q=%22Adani+Ports+and+Special+Economic+Zone+Ltd.%22+NSE+when:10d&hl=en-IN&gl=IN&ceid=IN:en
2026-04-20 12:47:10,134 | INFO | News RSS status for ADANIPORTS: 200
2026-04-20 12:47:10,792 | INFO | News RSS query for ADANIPOWER: https://news.google.com/rss/search?q=%22Adani+Power+Ltd.%22+NSE+when:10d&hl=en-IN&gl=IN&ceid=IN:en
2026-04-20 12:47:11,009 | INFO | News RSS status for ADANIPOWER: 200
2026-04-20 12:47:12,201 | INFO | News RSS query for APOLLOHOSP: https://news.google.com/rss/search?q=%22Apollo+Hospitals+Enterprise+Ltd.%22+NSE+when:10d&hl=en-IN&gl=IN&ceid=IN:en
2026-04-20 12:47:12,410 | INFO | News RSS status for APOLLOHOSP: 200
2026-04-20 12:47:12,413 | INFO | News RSS query for APOLLOHOSP: https://news.google.com/rss/search?q=%22Apollo+Hospitals+Enterprise+Ltd.%22+stock+when:10d&hl=en-IN&gl=IN&ceid=IN:en
2026-04-20 12:47:12,655 | INFO | News RSS status for APOLLOHOSP: 200
2026-04-20 12:47:13,819 | INFO | News RSS query for AXISBANK: https://news.google.com/rss/search?q=%22Axis+Bank+Ltd.%22+NSE+when:10d&hl=en-IN&gl=IN&ceid=IN:en
2026-04-20 12:47:14,072 | INFO | News RSS status for AXISBANK: 200
2026-04-20 12:47:14,688 | INFO | News RSS query for BAJAJ-AUTO: https://news.google.com/rss/search?q=%22Bajaj+Auto+Ltd.%22+NSE+when:10d&hl=en-IN&gl=IN&ceid=IN:en
2026-04-20 12:47:14,873 | INFO | News RSS status for BAJAJ-AUTO: 200
2026-04-20 12:47:17,148 | INFO | News RSS query for BANKBARODA: https://news.google.com/rss/search?q=%22Bank+of+Baroda%22+NSE+when:10d&hl=en-IN&gl=IN&ceid=IN:en
2026-04-20 12:47:17,478 | INFO | News RSS status for BANKBARODA: 200
2026-04-20 12:47:18,096 | INFO | News RSS query for BEL: https://news.google.com/rss/search?q=%22Bharat+Electronics+Ltd.%22+NSE+when:10d&hl=en-IN&gl=IN&ceid=IN:en
2026-04-20 12:47:18,305 | INFO | News RSS status for BEL: 200
2026-04-20 12:47:21,682 | INFO | News RSS query for CGPOWER: https://news.google.com/rss/search?q=%22CG+Power+and+Industrial+Solutions+Ltd.%22+NSE+when:10d&hl=en-IN&gl=IN&ceid=IN:en
2026-04-20 12:47:21,947 | INFO | News RSS status for CGPOWER: 200
2026-04-20 12:47:21,950 | INFO | News RSS query for CGPOWER: https://news.google.com/rss/search?q=%22CG+Power+and+Industrial+Solutions+Ltd.%22+stock+when:10d&hl=en-IN&gl=IN&ceid=IN:en
2026-04-20 12:47:22,183 | INFO | News RSS status for CGPOWER: 200
2026-04-20 12:47:24,436 | INFO | News RSS query for CUMMINSIND: https://news.google.com/rss/search?q=%22Cummins+India+Ltd.%22+NSE+when:10d&hl=en-IN&gl=IN&ceid=IN:en
2026-04-20 12:47:24,684 | INFO | News RSS status for CUMMINSIND: 200
2026-04-20 12:47:24,686 | INFO | News RSS query for CUMMINSIND: https://news.google.com/rss/search?q=%22Cummins+India+Ltd.%22+stock+when:10d&hl=en-IN&gl=IN&ceid=IN:en
2026-04-20 12:47:24,924 | INFO | News RSS status for CUMMINSIND: 200
2026-04-20 12:47:26,619 | INFO | News RSS query for DMART: https://news.google.com/rss/search?q=%22Avenue+Supermarts+Ltd.%22+NSE+when:10d&hl=en-IN&gl=IN&ceid=IN:en
2026-04-20 12:47:26,858 | INFO | News RSS status for DMART: 200
2026-04-20 12:47:26,860 | INFO | News RSS query for DMART: https://news.google.com/rss/search?q=%22Avenue+Supermarts+Ltd.%22+stock+when:10d&hl=en-IN&gl=IN&ceid=IN:en
2026-04-20 12:47:27,102 | INFO | News RSS status for DMART: 200
2026-04-20 12:47:28,226 | WARNING | Skipping ENRIN — only 204 bars available (need 220). Extend history_backfill_days in config.json to include this symbol.
2026-04-20 12:47:33,758 | INFO | News RSS query for HINDALCO: https://news.google.com/rss/search?q=%22Hindalco+Industries+Ltd.%22+NSE+when:10d&hl=en-IN&gl=IN&ceid=IN:en
2026-04-20 12:47:34,028 | INFO | News RSS status for HINDALCO: 200
2026-04-20 12:47:39,730 | INFO | News RSS query for JINDALSTEL: https://news.google.com/rss/search?q=%22Jindal+Steel+Ltd.%22+NSE+when:10d&hl=en-IN&gl=IN&ceid=IN:en
2026-04-20 12:47:39,997 | INFO | News RSS status for JINDALSTEL: 200
2026-04-20 12:47:40,883 | INFO | News RSS query for JSWSTEEL: https://news.google.com/rss/search?q=%22JSW+Steel+Ltd.%22+NSE+when:10d&hl=en-IN&gl=IN&ceid=IN:en
2026-04-20 12:47:41,158 | INFO | News RSS status for JSWSTEEL: 200
2026-04-20 12:47:41,768 | INFO | News RSS query for KOTAKBANK: https://news.google.com/rss/search?q=%22Kotak+Mahindra+Bank+Ltd.%22+NSE+when:10d&hl=en-IN&gl=IN&ceid=IN:en
2026-04-20 12:47:42,020 | INFO | News RSS status for KOTAKBANK: 200
2026-04-20 12:47:43,067 | WARNING | Skipping LTM — only 39 bars available (need 220). Extend history_backfill_days in config.json to include this symbol.
2026-04-20 12:47:44,768 | INFO | News RSS query for MAXHEALTH: https://news.google.com/rss/search?q=%22Max+Healthcare+Institute+Ltd.%22+NSE+when:10d&hl=en-IN&gl=IN&ceid=IN:en
2026-04-20 12:47:44,993 | INFO | News RSS status for MAXHEALTH: 200
2026-04-20 12:47:47,772 | INFO | News RSS query for NTPC: https://news.google.com/rss/search?q=%22NTPC+Ltd.%22+NSE+when:10d&hl=en-IN&gl=IN&ceid=IN:en
2026-04-20 12:47:47,964 | INFO | News RSS status for NTPC: 200
2026-04-20 12:47:47,965 | INFO | News RSS query for NTPC: https://news.google.com/rss/search?q=%22NTPC+Ltd.%22+stock+when:10d&hl=en-IN&gl=IN&ceid=IN:en
2026-04-20 12:47:48,169 | INFO | News RSS status for NTPC: 200
2026-04-20 12:47:48,781 | INFO | News RSS query for ONGC: https://news.google.com/rss/search?q=%22Oil+%26+Natural+Gas+Corporation+Ltd.%22+NSE+when:10d&hl=en-IN&gl=IN&ceid=IN:en
2026-04-20 12:47:49,002 | INFO | News RSS status for ONGC: 200
2026-04-20 12:47:49,005 | INFO | News RSS query for ONGC: https://news.google.com/rss/search?q=%22Oil+%26+Natural+Gas+Corporation+Ltd.%22+stock+when:10d&hl=en-IN&gl=IN&ceid=IN:en
2026-04-20 12:47:49,250 | INFO | News RSS status for ONGC: 200
2026-04-20 12:47:49,316 | INFO | News RSS query for ONGC: https://news.google.com/rss/search?q=%22Oil+%26+Natural+Gas+Corporation+Ltd.%22+NSE+when:10d&hl=en-IN&gl=IN&ceid=IN:en
2026-04-20 12:47:49,321 | INFO | News RSS status for ONGC: 200
2026-04-20 12:47:49,323 | INFO | News RSS query for ONGC: https://news.google.com/rss/search?q=%22Oil+%26+Natural+Gas+Corporation+Ltd.%22+stock+when:10d&hl=en-IN&gl=IN&ceid=IN:en
2026-04-20 12:47:49,328 | INFO | News RSS status for ONGC: 200
2026-04-20 12:47:49,931 | INFO | News RSS query for PFC: https://news.google.com/rss/search?q=%22Power+Finance+Corporation+Ltd.%22+NSE+when:10d&hl=en-IN&gl=IN&ceid=IN:en
2026-04-20 12:47:50,196 | INFO | News RSS status for PFC: 200
2026-04-20 12:47:50,806 | INFO | News RSS query for PIDILITIND: https://news.google.com/rss/search?q=%22Pidilite+Industries+Ltd.%22+NSE+when:10d&hl=en-IN&gl=IN&ceid=IN:en
2026-04-20 12:47:51,030 | INFO | News RSS status for PIDILITIND: 200
2026-04-20 12:47:51,031 | INFO | News RSS query for PIDILITIND: https://news.google.com/rss/search?q=%22Pidilite+Industries+Ltd.%22+stock+when:10d&hl=en-IN&gl=IN&ceid=IN:en
2026-04-20 12:47:51,259 | INFO | News RSS status for PIDILITIND: 200
2026-04-20 12:47:51,864 | INFO | News RSS query for PNB: https://news.google.com/rss/search?q=%22Punjab+National+Bank%22+NSE+when:10d&hl=en-IN&gl=IN&ceid=IN:en
2026-04-20 12:47:52,231 | INFO | News RSS status for PNB: 200
2026-04-20 12:47:52,837 | INFO | News RSS query for POWERGRID: https://news.google.com/rss/search?q=%22Power+Grid+Corporation+of+India+Ltd.%22+NSE+when:10d&hl=en-IN&gl=IN&ceid=IN:en
2026-04-20 12:47:53,084 | INFO | News RSS status for POWERGRID: 200
2026-04-20 12:47:53,692 | INFO | News RSS query for RECLTD: https://news.google.com/rss/search?q=%22REC+Ltd.%22+NSE+when:10d&hl=en-IN&gl=IN&ceid=IN:en
2026-04-20 12:47:53,914 | INFO | News RSS status for RECLTD: 200
2026-04-20 12:47:53,917 | INFO | News RSS query for RECLTD: https://news.google.com/rss/search?q=%22REC+Ltd.%22+stock+when:10d&hl=en-IN&gl=IN&ceid=IN:en
2026-04-20 12:47:54,129 | INFO | News RSS status for RECLTD: 200
2026-04-20 12:47:55,836 | INFO | News RSS query for SBIN: https://news.google.com/rss/search?q=%22State+Bank+of+India%22+NSE+when:10d&hl=en-IN&gl=IN&ceid=IN:en
2026-04-20 12:47:56,167 | INFO | News RSS status for SBIN: 200
2026-04-20 12:47:57,334 | INFO | News RSS query for SHRIRAMFIN: https://news.google.com/rss/search?q=%22Shriram+Finance+Ltd.%22+NSE+when:10d&hl=en-IN&gl=IN&ceid=IN:en
2026-04-20 12:47:57,578 | INFO | News RSS status for SHRIRAMFIN: 200
2026-04-20 12:47:58,186 | INFO | News RSS query for SIEMENS: https://news.google.com/rss/search?q=%22Siemens+Ltd.%22+NSE+when:10d&hl=en-IN&gl=IN&ceid=IN:en
2026-04-20 12:47:58,438 | INFO | News RSS status for SIEMENS: 200
2026-04-20 12:47:58,440 | INFO | News RSS query for SIEMENS: https://news.google.com/rss/search?q=%22Siemens+Ltd.%22+stock+when:10d&hl=en-IN&gl=IN&ceid=IN:en
2026-04-20 12:47:58,697 | INFO | News RSS status for SIEMENS: 200
2026-04-20 12:47:59,303 | INFO | News RSS query for SOLARINDS: https://news.google.com/rss/search?q=%22Solar+Industries+India+Ltd.%22+NSE+when:10d&hl=en-IN&gl=IN&ceid=IN:en
2026-04-20 12:47:59,508 | INFO | News RSS status for SOLARINDS: 200
2026-04-20 12:48:00,064 | WARNING | Skipping TATACAP — only 127 bars available (need 220). Extend history_backfill_days in config.json to include this symbol.
2026-04-20 12:48:01,213 | INFO | News RSS query for TATAPOWER: https://news.google.com/rss/search?q=%22Tata+Power+Co.+Ltd.%22+NSE+when:10d&hl=en-IN&gl=IN&ceid=IN:en
2026-04-20 12:48:01,425 | INFO | News RSS status for TATAPOWER: 200
2026-04-20 12:48:01,426 | INFO | News RSS query for TATAPOWER: https://news.google.com/rss/search?q=%22Tata+Power+Co.+Ltd.%22+stock+when:10d&hl=en-IN&gl=IN&ceid=IN:en
2026-04-20 12:48:01,622 | INFO | News RSS status for TATAPOWER: 200
2026-04-20 12:48:02,231 | INFO | News RSS query for TATASTEEL: https://news.google.com/rss/search?q=%22Tata+Steel+Ltd.%22+NSE+when:10d&hl=en-IN&gl=IN&ceid=IN:en
2026-04-20 12:48:02,437 | INFO | News RSS status for TATASTEEL: 200
2026-04-20 12:48:04,145 | INFO | News RSS query for TITAN: https://news.google.com/rss/search?q=%22Titan+Company+Ltd.%22+NSE+when:10d&hl=en-IN&gl=IN&ceid=IN:en
2026-04-20 12:48:04,347 | INFO | News RSS status for TITAN: 200
2026-04-20 12:48:04,354 | WARNING | Skipping TMCV — only 107 bars available (need 220). Extend history_backfill_days in config.json to include this symbol.
2026-04-20 12:48:04,354 | WARNING | Skipping TMPV — only 124 bars available (need 220). Extend history_backfill_days in config.json to include this symbol.
2026-04-20 12:48:06,047 | INFO | News RSS query for TVSMOTOR: https://news.google.com/rss/search?q=%22TVS+Motor+Company+Ltd.%22+NSE+when:10d&hl=en-IN&gl=IN&ceid=IN:en
2026-04-20 12:48:06,297 | INFO | News RSS status for TVSMOTOR: 200
2026-04-20 12:48:06,366 | INFO | News RSS query for TVSMOTOR: https://news.google.com/rss/search?q=%22TVS+Motor+Company+Ltd.%22+NSE+when:10d&hl=en-IN&gl=IN&ceid=IN:en
2026-04-20 12:48:06,371 | INFO | News RSS status for TVSMOTOR: 200
2026-04-20 12:48:06,438 | INFO | News RSS query for TVSMOTOR: https://news.google.com/rss/search?q=%22TVS+Motor+Company+Ltd.%22+NSE+when:10d&hl=en-IN&gl=IN&ceid=IN:en
2026-04-20 12:48:06,442 | INFO | News RSS status for TVSMOTOR: 200
2026-04-20 12:48:07,615 | INFO | News RSS query for UNIONBANK: https://news.google.com/rss/search?q=%22Union+Bank+of+India%22+NSE+when:10d&hl=en-IN&gl=IN&ceid=IN:en
2026-04-20 12:48:07,874 | INFO | News RSS status for UNIONBANK: 200
2026-04-20 12:48:09,251 | INFO | News RSS query for VEDL: https://news.google.com/rss/search?q=%22Vedanta+Ltd.%22+NSE+when:10d&hl=en-IN&gl=IN&ceid=IN:en
2026-04-20 12:48:09,497 | INFO | News RSS status for VEDL: 200
2026-04-20 12:48:10,609 | INFO | Index membership from cache: NIFTY 50 (50 symbols)
2026-04-20 12:48:10,610 | INFO | Index membership from cache: Nifty Next 50 (50 symbols)
2026-04-20 12:48:10,610 | INFO | Index membership ready: 100 symbols mapped
2026-04-20 12:48:10,610 | INFO | Market Health: fetching index OHLCV...
2026-04-20 12:48:10,613 | INFO | Index OHLCV cache fresh for NIFTY 50 (1362 rows)
2026-04-20 12:48:10,615 | INFO | Index OHLCV cache fresh for NIFTY NEXT 50 (1362 rows)
2026-04-20 12:48:10,615 | INFO | Market Health: fetching VIX...
2026-04-20 12:48:10,617 | INFO | VIX cache fresh (60 rows)
2026-04-20 12:48:10,617 | INFO | Market Health: updating breadth EMA cache...
2026-04-20 12:48:12,288 | INFO | Breadth EMA cache: 125564 total rows (+100)
2026-04-20 12:48:12,307 | INFO | Market Health [NIFTY 50]: Score=32.0 | Weak Bull &#x1F7E1;
2026-04-20 12:48:12,324 | INFO | Market Health [Nifty Next 50]: Score=48.0 | Weak Bull &#x1F7E1;
2026-04-20 12:48:12,397 | INFO | Signal log: appended 9 new signals. Total rows: 43
2026-04-20 12:48:12,397 | INFO | Signal log written/updated: /home/runner/work/nifty100-reporter/nifty100-reporter/data/nifty100_signal_log.csv
2026-04-20 12:48:12,686 | INFO | Signal tracker: updated 43 Active signal rows.
2026-04-20 12:48:12,704 | INFO | HTML report written: /home/runner/work/nifty100-reporter/nifty100-reporter/reports/nifty100_daily_report_20260420.html
2026-04-20 12:48:12,713 | INFO | Market Health Excel sheet written.
2026-04-20 12:48:12,866 | INFO | Excel report written: /home/runner/work/nifty100-reporter/nifty100-reporter/reports/nifty100_daily_report_20260420.xlsx
2026-04-20 12:48:12,866 | INFO | GitHub Actions detected — skipping Gmail API send (workflow handles email).
2026-04-20 12:48:12,866 | INFO | Run completed successfully.
2026-04-20 12:48:12,866 | INFO | Artifacts: /home/runner/work/nifty100-reporter/nifty100-reporter/reports/nifty100_daily_report_20260420.html | /home/runner/work/nifty100-reporter/nifty100-reporter/reports/nifty100_daily_report_20260420.xlsx | log: /home/runner/work/nifty100-reporter/nifty100-reporter/logs/run_20260420_181540.log
