2026-04-25 12:45:42,842 | INFO | Nifty 100 Daily EMA Cross Reporter | Version 3.3.8 | Released 2026-04-17
2026-04-25 12:45:42,842 | INFO | Base directory: /home/runner/work/nifty100-reporter/nifty100-reporter
2026-04-25 12:45:42,842 | INFO | Loaded config. Email enabled: True | Recipients: 1
2026-04-25 12:45:42,988 | WARNING | NSE session bootstrap HTTP 403 (attempt 1/5) — refreshing NSE session cookie …
2026-04-25 12:45:53,180 | WARNING | NSE session bootstrap HTTP 403 (attempt 2/5) — refreshing NSE session cookie …
2026-04-25 12:46:03,302 | WARNING | NSE session bootstrap HTTP 403 (attempt 3/5) — refreshing NSE session cookie …
2026-04-25 12:46:13,408 | WARNING | NSE session bootstrap HTTP 403 (attempt 4/5) — refreshing NSE session cookie …
2026-04-25 12:46:23,577 | INFO | NSE session bootstrap status: 403
2026-04-25 12:46:23,578 | INFO | Downloading Nifty 100 universe from https://www.niftyindices.com/IndexConstituent/ind_nifty100list.csv
2026-04-25 12:46:24,004 | INFO | Universe download status: 200
2026-04-25 12:46:24,009 | INFO | Universe rows loaded: 100
2026-04-25 12:46:24,113 | INFO | Loaded history rows: 125964
2026-04-25 12:46:24,121 | INFO | yfinance history update: 100 symbols | 2026-04-23 → 2026-04-26
2026-04-25 12:46:24,121 | INFO | yfinance batch download: 100 symbols | 2026-04-23 → 2026-04-26
2026-04-25 12:46:24,122 | INFO | Failed to create TzCache, reason: Error creating TzCache folder: '/home/runner/.cache/py-yfinance' reason: [Errno 17] File exists: '/home/runner/.cache/py-yfinance'. TzCache will not be used. Tip: You can direct cache to use a different location with 'set_tz_cache_location(mylocation)'
2026-04-25 12:46:28,241 | INFO | yfinance raw shape: (2, 500)
2026-04-25 12:46:28,572 | INFO | yfinance parsed rows after date-filter: 200
2026-04-25 12:46:28,572 | INFO | New rows from yfinance: 200
2026-04-25 12:46:29,355 | INFO | Saved history rows: 125964 | file: /home/runner/work/nifty100-reporter/nifty100-reporter/data/nifty100_ohlcv_history.csv
2026-04-25 12:46:29,462 | INFO | Loaded history rows: 125964
2026-04-25 12:46:29,463 | INFO | Latest OHLCV data is from 2026-04-24
2026-04-25 12:46:29,490 | INFO | Latest Delivery data is from 2026-04-24
2026-04-25 12:46:29,538 | INFO | Delivery cache has 34 dates — skipping backfill.
2026-04-25 12:46:29,539 | INFO | Delivery fetch attempt [1/7] — URL: https://archives.nseindia.com/products/content/sec_bhavdata_full_24042026.csv
2026-04-25 12:46:30,278 | INFO | Delivery fetch SUCCESS — date: 2026-04-24 | size: 368593 bytes | URL: https://archives.nseindia.com/products/content/sec_bhavdata_full_24042026.csv
2026-04-25 12:46:30,629 | INFO | Delivery cache updated: 2486 symbols for 2026-04-24 (rows in cache: 83328)
2026-04-25 12:46:30,629 | INFO | Delivery data: 2486 symbols | fallback=False
2026-04-25 12:46:30,993 | INFO | Corporate actions bulk OK: 9 raw rows | 2 Nifty100 symbols with events
2026-04-25 12:47:00,275 | INFO | Corporate actions: 2/100 symbols have events (window 25-04-2026 to 25-05-2026) | Symbols: ABB, VEDL
2026-04-25 12:47:00,275 | INFO | Index membership from cache: NIFTY 50 (50 symbols)
2026-04-25 12:47:00,275 | INFO | Index membership from cache: Nifty Next 50 (50 symbols)
2026-04-25 12:47:00,276 | INFO | Index membership ready: 100 symbols mapped
2026-04-25 12:47:00,950 | INFO | News RSS query for ABB: https://news.google.com/rss/search?q=%22ABB+India+Ltd.%22+NSE+when:10d&hl=en-IN&gl=IN&ceid=IN:en
2026-04-25 12:47:01,200 | INFO | News RSS status for ABB: 200
2026-04-25 12:47:01,571 | INFO | News RSS query for ADANIENSOL: https://news.google.com/rss/search?q=%22Adani+Energy+Solutions+Ltd.%22+NSE+when:10d&hl=en-IN&gl=IN&ceid=IN:en
2026-04-25 12:47:01,763 | INFO | News RSS status for ADANIENSOL: 200
2026-04-25 12:47:03,627 | INFO | News RSS query for ADANIPORTS: https://news.google.com/rss/search?q=%22Adani+Ports+and+Special+Economic+Zone+Ltd.%22+NSE+when:10d&hl=en-IN&gl=IN&ceid=IN:en
2026-04-25 12:47:03,821 | INFO | News RSS status for ADANIPORTS: 200
2026-04-25 12:47:04,514 | INFO | News RSS query for ADANIPOWER: https://news.google.com/rss/search?q=%22Adani+Power+Ltd.%22+NSE+when:10d&hl=en-IN&gl=IN&ceid=IN:en
2026-04-25 12:47:04,697 | INFO | News RSS status for ADANIPOWER: 200
2026-04-25 12:47:05,960 | INFO | News RSS query for APOLLOHOSP: https://news.google.com/rss/search?q=%22Apollo+Hospitals+Enterprise+Ltd.%22+NSE+when:10d&hl=en-IN&gl=IN&ceid=IN:en
2026-04-25 12:47:06,218 | INFO | News RSS status for APOLLOHOSP: 200
2026-04-25 12:47:06,882 | INFO | News RSS query for ASIANPAINT: https://news.google.com/rss/search?q=%22Asian+Paints+Ltd.%22+NSE+when:10d&hl=en-IN&gl=IN&ceid=IN:en
2026-04-25 12:47:07,094 | INFO | News RSS status for ASIANPAINT: 200
2026-04-25 12:47:07,768 | INFO | News RSS query for AXISBANK: https://news.google.com/rss/search?q=%22Axis+Bank+Ltd.%22+NSE+when:10d&hl=en-IN&gl=IN&ceid=IN:en
2026-04-25 12:47:07,975 | INFO | News RSS status for AXISBANK: 200
2026-04-25 12:47:08,621 | INFO | News RSS query for BAJAJ-AUTO: https://news.google.com/rss/search?q=%22Bajaj+Auto+Ltd.%22+NSE+when:10d&hl=en-IN&gl=IN&ceid=IN:en
2026-04-25 12:47:08,828 | INFO | News RSS status for BAJAJ-AUTO: 200
2026-04-25 12:47:11,785 | INFO | News RSS query for BEL: https://news.google.com/rss/search?q=%22Bharat+Electronics+Ltd.%22+NSE+when:10d&hl=en-IN&gl=IN&ceid=IN:en
2026-04-25 12:47:11,969 | INFO | News RSS status for BEL: 200
2026-04-25 12:47:15,547 | INFO | News RSS query for CGPOWER: https://news.google.com/rss/search?q=%22CG+Power+and+Industrial+Solutions+Ltd.%22+NSE+when:10d&hl=en-IN&gl=IN&ceid=IN:en
2026-04-25 12:47:15,718 | INFO | News RSS status for CGPOWER: 200
2026-04-25 12:47:15,719 | INFO | News RSS query for CGPOWER: https://news.google.com/rss/search?q=%22CG+Power+and+Industrial+Solutions+Ltd.%22+stock+when:10d&hl=en-IN&gl=IN&ceid=IN:en
2026-04-25 12:47:15,912 | INFO | News RSS status for CGPOWER: 200
2026-04-25 12:47:17,708 | INFO | News RSS query for COALINDIA: https://news.google.com/rss/search?q=%22Coal+India+Ltd.%22+NSE+when:10d&hl=en-IN&gl=IN&ceid=IN:en
2026-04-25 12:47:17,904 | INFO | News RSS status for COALINDIA: 200
2026-04-25 12:47:17,975 | INFO | News RSS query for COALINDIA: https://news.google.com/rss/search?q=%22Coal+India+Ltd.%22+NSE+when:10d&hl=en-IN&gl=IN&ceid=IN:en
2026-04-25 12:47:17,979 | INFO | News RSS status for COALINDIA: 200
2026-04-25 12:47:18,048 | INFO | News RSS query for COALINDIA: https://news.google.com/rss/search?q=%22Coal+India+Ltd.%22+NSE+when:10d&hl=en-IN&gl=IN&ceid=IN:en
2026-04-25 12:47:18,051 | INFO | News RSS status for COALINDIA: 200
2026-04-25 12:47:18,701 | INFO | News RSS query for CUMMINSIND: https://news.google.com/rss/search?q=%22Cummins+India+Ltd.%22+NSE+when:10d&hl=en-IN&gl=IN&ceid=IN:en
2026-04-25 12:47:18,906 | INFO | News RSS status for CUMMINSIND: 200
2026-04-25 12:47:18,908 | INFO | News RSS query for CUMMINSIND: https://news.google.com/rss/search?q=%22Cummins+India+Ltd.%22+stock+when:10d&hl=en-IN&gl=IN&ceid=IN:en
2026-04-25 12:47:19,111 | INFO | News RSS status for CUMMINSIND: 200
2026-04-25 12:47:20,910 | INFO | News RSS query for DMART: https://news.google.com/rss/search?q=%22Avenue+Supermarts+Ltd.%22+NSE+when:10d&hl=en-IN&gl=IN&ceid=IN:en
2026-04-25 12:47:21,088 | INFO | News RSS status for DMART: 200
2026-04-25 12:47:21,090 | INFO | News RSS query for DMART: https://news.google.com/rss/search?q=%22Avenue+Supermarts+Ltd.%22+stock+when:10d&hl=en-IN&gl=IN&ceid=IN:en
2026-04-25 12:47:21,303 | INFO | News RSS status for DMART: 200
2026-04-25 12:47:22,453 | WARNING | Skipping ENRIN — only 208 bars available (need 220). Extend history_backfill_days in config.json to include this symbol.
2026-04-25 12:47:23,586 | INFO | News RSS query for GAIL: https://news.google.com/rss/search?q=%22GAIL+%28India%29+Ltd.%22+NSE+when:10d&hl=en-IN&gl=IN&ceid=IN:en
2026-04-25 12:47:23,776 | INFO | News RSS status for GAIL: 200
2026-04-25 12:47:23,779 | INFO | News RSS query for GAIL: https://news.google.com/rss/search?q=%22GAIL+%28India%29+Ltd.%22+stock+when:10d&hl=en-IN&gl=IN&ceid=IN:en
2026-04-25 12:47:23,982 | INFO | News RSS status for GAIL: 200
2026-04-25 12:47:26,924 | INFO | News RSS query for HDFCAMC: https://news.google.com/rss/search?q=%22HDFC+Asset+Management+Company+Ltd.%22+NSE+when:10d&hl=en-IN&gl=IN&ceid=IN:en
2026-04-25 12:47:27,116 | INFO | News RSS status for HDFCAMC: 200
2026-04-25 12:47:28,899 | INFO | News RSS query for HINDALCO: https://news.google.com/rss/search?q=%22Hindalco+Industries+Ltd.%22+NSE+when:10d&hl=en-IN&gl=IN&ceid=IN:en
2026-04-25 12:47:29,083 | INFO | News RSS status for HINDALCO: 200
2026-04-25 12:47:35,087 | INFO | News RSS query for JINDALSTEL: https://news.google.com/rss/search?q=%22Jindal+Steel+Ltd.%22+NSE+when:10d&hl=en-IN&gl=IN&ceid=IN:en
2026-04-25 12:47:35,278 | INFO | News RSS status for JINDALSTEL: 200
2026-04-25 12:47:36,203 | INFO | News RSS query for JSWSTEEL: https://news.google.com/rss/search?q=%22JSW+Steel+Ltd.%22+NSE+when:10d&hl=en-IN&gl=IN&ceid=IN:en
2026-04-25 12:47:36,395 | INFO | News RSS status for JSWSTEEL: 200
2026-04-25 12:47:38,123 | INFO | News RSS query for LT: https://news.google.com/rss/search?q=%22Larsen+%26+Toubro+Ltd.%22+NSE+when:10d&hl=en-IN&gl=IN&ceid=IN:en
2026-04-25 12:47:38,327 | INFO | News RSS status for LT: 200
2026-04-25 12:47:38,333 | WARNING | Skipping LTM — only 43 bars available (need 220). Extend history_backfill_days in config.json to include this symbol.
2026-04-25 12:47:41,275 | INFO | News RSS query for MOTHERSON: https://news.google.com/rss/search?q=%22Samvardhana+Motherson+International+Ltd.%22+NSE+when:10d&hl=en-IN&gl=IN&ceid=IN:en
2026-04-25 12:47:41,484 | INFO | News RSS status for MOTHERSON: 200
2026-04-25 12:47:41,485 | INFO | News RSS query for MOTHERSON: https://news.google.com/rss/search?q=%22Samvardhana+Motherson+International+Ltd.%22+stock+when:10d&hl=en-IN&gl=IN&ceid=IN:en
2026-04-25 12:47:41,677 | INFO | News RSS status for MOTHERSON: 200
2026-04-25 12:47:42,311 | INFO | News RSS query for MUTHOOTFIN: https://news.google.com/rss/search?q=%22Muthoot+Finance+Ltd.%22+NSE+when:10d&hl=en-IN&gl=IN&ceid=IN:en
2026-04-25 12:47:42,509 | INFO | News RSS status for MUTHOOTFIN: 200
2026-04-25 12:47:43,152 | INFO | News RSS query for NESTLEIND: https://news.google.com/rss/search?q=%22Nestle+India+Ltd.%22+NSE+when:10d&hl=en-IN&gl=IN&ceid=IN:en
2026-04-25 12:47:43,350 | INFO | News RSS status for NESTLEIND: 200
2026-04-25 12:47:44,004 | INFO | News RSS query for NTPC: https://news.google.com/rss/search?q=%22NTPC+Ltd.%22+NSE+when:10d&hl=en-IN&gl=IN&ceid=IN:en
2026-04-25 12:47:44,203 | INFO | News RSS status for NTPC: 200
2026-04-25 12:47:44,855 | INFO | News RSS query for ONGC: https://news.google.com/rss/search?q=%22Oil+%26+Natural+Gas+Corporation+Ltd.%22+NSE+when:10d&hl=en-IN&gl=IN&ceid=IN:en
2026-04-25 12:47:45,053 | INFO | News RSS status for ONGC: 200
2026-04-25 12:47:45,056 | INFO | News RSS query for ONGC: https://news.google.com/rss/search?q=%22Oil+%26+Natural+Gas+Corporation+Ltd.%22+stock+when:10d&hl=en-IN&gl=IN&ceid=IN:en
2026-04-25 12:47:45,241 | INFO | News RSS status for ONGC: 200
2026-04-25 12:47:45,310 | INFO | News RSS query for ONGC: https://news.google.com/rss/search?q=%22Oil+%26+Natural+Gas+Corporation+Ltd.%22+NSE+when:10d&hl=en-IN&gl=IN&ceid=IN:en
2026-04-25 12:47:45,314 | INFO | News RSS status for ONGC: 200
2026-04-25 12:47:45,317 | INFO | News RSS query for ONGC: https://news.google.com/rss/search?q=%22Oil+%26+Natural+Gas+Corporation+Ltd.%22+stock+when:10d&hl=en-IN&gl=IN&ceid=IN:en
2026-04-25 12:47:45,320 | INFO | News RSS status for ONGC: 200
2026-04-25 12:47:45,963 | INFO | News RSS query for PFC: https://news.google.com/rss/search?q=%22Power+Finance+Corporation+Ltd.%22+NSE+when:10d&hl=en-IN&gl=IN&ceid=IN:en
2026-04-25 12:47:46,145 | INFO | News RSS status for PFC: 200
2026-04-25 12:47:47,940 | INFO | News RSS query for POWERGRID: https://news.google.com/rss/search?q=%22Power+Grid+Corporation+of+India+Ltd.%22+NSE+when:10d&hl=en-IN&gl=IN&ceid=IN:en
2026-04-25 12:47:48,143 | INFO | News RSS status for POWERGRID: 200
2026-04-25 12:47:50,505 | INFO | News RSS query for SBIN: https://news.google.com/rss/search?q=%22State+Bank+of+India%22+NSE+when:10d&hl=en-IN&gl=IN&ceid=IN:en
2026-04-25 12:47:50,794 | INFO | News RSS status for SBIN: 200
2026-04-25 12:47:50,865 | INFO | News RSS query for SBIN: https://news.google.com/rss/search?q=%22State+Bank+of+India%22+NSE+when:10d&hl=en-IN&gl=IN&ceid=IN:en
2026-04-25 12:47:50,870 | INFO | News RSS status for SBIN: 200
2026-04-25 12:47:50,939 | INFO | News RSS query for SBIN: https://news.google.com/rss/search?q=%22State+Bank+of+India%22+NSE+when:10d&hl=en-IN&gl=IN&ceid=IN:en
2026-04-25 12:47:50,943 | INFO | News RSS status for SBIN: 200
2026-04-25 12:47:52,141 | INFO | News RSS query for SHRIRAMFIN: https://news.google.com/rss/search?q=%22Shriram+Finance+Ltd.%22+NSE+when:10d&hl=en-IN&gl=IN&ceid=IN:en
2026-04-25 12:47:52,343 | INFO | News RSS status for SHRIRAMFIN: 200
2026-04-25 12:47:52,979 | INFO | News RSS query for SIEMENS: https://news.google.com/rss/search?q=%22Siemens+Ltd.%22+NSE+when:10d&hl=en-IN&gl=IN&ceid=IN:en
2026-04-25 12:47:53,145 | INFO | News RSS status for SIEMENS: 200
2026-04-25 12:47:53,789 | INFO | News RSS query for SOLARINDS: https://news.google.com/rss/search?q=%22Solar+Industries+India+Ltd.%22+NSE+when:10d&hl=en-IN&gl=IN&ceid=IN:en
2026-04-25 12:47:53,974 | INFO | News RSS status for SOLARINDS: 200
2026-04-25 12:47:54,564 | WARNING | Skipping TATACAP — only 131 bars available (need 220). Extend history_backfill_days in config.json to include this symbol.
2026-04-25 12:47:55,204 | INFO | News RSS query for TATACONSUM: https://news.google.com/rss/search?q=%22Tata+Consumer+Products+Ltd.%22+NSE+when:10d&hl=en-IN&gl=IN&ceid=IN:en
2026-04-25 12:47:55,411 | INFO | News RSS status for TATACONSUM: 200
2026-04-25 12:47:56,065 | INFO | News RSS query for TATAPOWER: https://news.google.com/rss/search?q=%22Tata+Power+Co.+Ltd.%22+NSE+when:10d&hl=en-IN&gl=IN&ceid=IN:en
2026-04-25 12:47:56,217 | INFO | News RSS status for TATAPOWER: 200
2026-04-25 12:47:56,217 | INFO | News RSS query for TATAPOWER: https://news.google.com/rss/search?q=%22Tata+Power+Co.+Ltd.%22+stock+when:10d&hl=en-IN&gl=IN&ceid=IN:en
2026-04-25 12:47:56,402 | INFO | News RSS status for TATAPOWER: 200
2026-04-25 12:47:57,053 | INFO | News RSS query for TATASTEEL: https://news.google.com/rss/search?q=%22Tata+Steel+Ltd.%22+NSE+when:10d&hl=en-IN&gl=IN&ceid=IN:en
2026-04-25 12:47:57,251 | INFO | News RSS status for TATASTEEL: 200
2026-04-25 12:47:59,036 | INFO | News RSS query for TITAN: https://news.google.com/rss/search?q=%22Titan+Company+Ltd.%22+NSE+when:10d&hl=en-IN&gl=IN&ceid=IN:en
2026-04-25 12:47:59,246 | INFO | News RSS status for TITAN: 200
2026-04-25 12:47:59,251 | WARNING | Skipping TMCV — only 111 bars available (need 220). Extend history_backfill_days in config.json to include this symbol.
2026-04-25 12:47:59,252 | WARNING | Skipping TMPV — only 128 bars available (need 220). Extend history_backfill_days in config.json to include this symbol.
2026-04-25 12:48:02,187 | INFO | News RSS query for UNIONBANK: https://news.google.com/rss/search?q=%22Union+Bank+of+India%22+NSE+when:10d&hl=en-IN&gl=IN&ceid=IN:en
2026-04-25 12:48:02,429 | INFO | News RSS status for UNIONBANK: 200
2026-04-25 12:48:03,858 | INFO | News RSS query for VEDL: https://news.google.com/rss/search?q=%22Vedanta+Ltd.%22+NSE+when:10d&hl=en-IN&gl=IN&ceid=IN:en
2026-04-25 12:48:04,045 | INFO | News RSS status for VEDL: 200
2026-04-25 12:48:05,221 | INFO | Index membership from cache: NIFTY 50 (50 symbols)
2026-04-25 12:48:05,221 | INFO | Index membership from cache: Nifty Next 50 (50 symbols)
2026-04-25 12:48:05,221 | INFO | Index membership ready: 100 symbols mapped
2026-04-25 12:48:05,221 | INFO | Market Health: fetching index OHLCV...
2026-04-25 12:48:05,880 | INFO | Index OHLCV via niftyindices for NIFTY 50: 1367 rows (+3)
2026-04-25 12:48:07,253 | INFO | Index OHLCV via niftyindices for NIFTY NEXT 50: 1367 rows (+3)
2026-04-25 12:48:07,254 | INFO | Market Health: fetching VIX...
2026-04-25 12:48:27,963 | WARNING | niftyindices VIX failed 2026-04-22-2026-04-25: HTTPSConnectionPool(host='www.niftyindices.com', port=443): Read timed out. (read timeout=20)
2026-04-25 12:48:28,122 | INFO | VIX via yfinance (^INDIAVIX): 65 rows
2026-04-25 12:48:28,122 | INFO | Market Health: updating breadth EMA cache...
2026-04-25 12:48:29,290 | INFO | Market Health [NIFTY 50]: Score=12.5 | Sideways &#x1F7E0;
2026-04-25 12:48:29,307 | INFO | Market Health [Nifty Next 50]: Score=53.5 | Weak Bull &#x1F7E1;
2026-04-25 12:48:29,347 | INFO | Signal log: skipping new signal insertion — 2026-04-25 is a weekend.
2026-04-25 12:48:29,767 | INFO | Signal tracker: updated 64 Active signal rows.
2026-04-25 12:48:29,787 | INFO | HTML report written: /home/runner/work/nifty100-reporter/nifty100-reporter/reports/nifty100_daily_report_20260425.html
2026-04-25 12:48:29,796 | INFO | Market Health Excel sheet written.
2026-04-25 12:48:30,022 | INFO | Excel report written: /home/runner/work/nifty100-reporter/nifty100-reporter/reports/nifty100_daily_report_20260425.xlsx
2026-04-25 12:48:30,022 | INFO | GitHub Actions detected — skipping Gmail API send (workflow handles email).
2026-04-25 12:48:30,022 | INFO | Run completed successfully.
2026-04-25 12:48:30,023 | INFO | Artifacts: /home/runner/work/nifty100-reporter/nifty100-reporter/reports/nifty100_daily_report_20260425.html | /home/runner/work/nifty100-reporter/nifty100-reporter/reports/nifty100_daily_report_20260425.xlsx | log: /home/runner/work/nifty100-reporter/nifty100-reporter/logs/run_20260425_181542.log
