2026-04-19 08:06:33,889 | INFO | Nifty 100 Daily EMA Cross Reporter | Version 3.3.8 | Released 2026-04-17
2026-04-19 08:06:33,889 | INFO | Base directory: /home/runner/work/nifty100-reporter/nifty100-reporter
2026-04-19 08:06:33,889 | INFO | Loaded config. Email enabled: True | Recipients: 1
2026-04-19 08:06:34,065 | WARNING | NSE session bootstrap HTTP 403 (attempt 1/5) — refreshing NSE session cookie …
2026-04-19 08:06:44,194 | WARNING | NSE session bootstrap HTTP 403 (attempt 2/5) — refreshing NSE session cookie …
2026-04-19 08:06:54,318 | WARNING | NSE session bootstrap HTTP 403 (attempt 3/5) — refreshing NSE session cookie …
2026-04-19 08:07:04,423 | WARNING | NSE session bootstrap HTTP 403 (attempt 4/5) — refreshing NSE session cookie …
2026-04-19 08:07:14,702 | INFO | NSE session bootstrap status: 403
2026-04-19 08:07:14,703 | INFO | Downloading Nifty 100 universe from https://www.niftyindices.com/IndexConstituent/ind_nifty100list.csv
2026-04-19 08:07:15,150 | INFO | Universe download status: 200
2026-04-19 08:07:15,155 | INFO | Universe rows loaded: 100
2026-04-19 08:07:15,264 | INFO | Loaded history rows: 125464
2026-04-19 08:07:15,272 | INFO | yfinance history update: 100 symbols | 2026-04-16 → 2026-04-20
2026-04-19 08:07:15,272 | INFO | yfinance batch download: 100 symbols | 2026-04-16 → 2026-04-20
2026-04-19 08:07:19,954 | INFO | yfinance raw shape: (2, 500)
2026-04-19 08:07:20,281 | INFO | yfinance parsed rows after date-filter: 200
2026-04-19 08:07:20,282 | INFO | New rows from yfinance: 200
2026-04-19 08:07:21,072 | INFO | Saved history rows: 125464 | file: /home/runner/work/nifty100-reporter/nifty100-reporter/data/nifty100_ohlcv_history.csv
2026-04-19 08:07:21,183 | INFO | Loaded history rows: 125464
2026-04-19 08:07:21,184 | INFO | Latest OHLCV data is from 2026-04-17
2026-04-19 08:07:21,210 | INFO | Latest Delivery data is from 2026-04-17
2026-04-19 08:07:21,257 | INFO | Delivery cache has 34 dates — skipping backfill.
2026-04-19 08:07:21,258 | INFO | Delivery fetch attempt [2/7] — URL: https://archives.nseindia.com/products/content/sec_bhavdata_full_17042026.csv
2026-04-19 08:07:21,851 | INFO | Delivery fetch SUCCESS — date: 2026-04-17 | size: 361601 bytes | URL: https://archives.nseindia.com/products/content/sec_bhavdata_full_17042026.csv
2026-04-19 08:07:22,201 | INFO | Delivery cache updated: 2403 symbols for 2026-04-17 (rows in cache: 82966)
2026-04-19 08:07:22,201 | INFO | Delivery data: 2403 symbols | fallback=False
2026-04-19 08:07:22,610 | INFO | Corporate actions bulk OK: 8 raw rows | 1 Nifty100 symbols with events
2026-04-19 08:07:59,532 | INFO | Corporate actions: 1/100 symbols have events (window 19-04-2026 to 19-05-2026) | Symbols: ABB
2026-04-19 08:07:59,532 | INFO | Index membership from cache: NIFTY 50 (50 symbols)
2026-04-19 08:07:59,532 | INFO | Index membership from cache: Nifty Next 50 (50 symbols)
2026-04-19 08:07:59,532 | INFO | Index membership ready: 100 symbols mapped
2026-04-19 08:08:00,201 | INFO | News RSS query for ABB: https://news.google.com/rss/search?q=%22ABB+India+Ltd.%22+NSE+when:10d&hl=en-IN&gl=IN&ceid=IN:en
2026-04-19 08:08:00,449 | INFO | News RSS status for ABB: 200
2026-04-19 08:08:00,786 | INFO | News RSS query for ADANIENSOL: https://news.google.com/rss/search?q=%22Adani+Energy+Solutions+Ltd.%22+NSE+when:10d&hl=en-IN&gl=IN&ceid=IN:en
2026-04-19 08:08:00,969 | INFO | News RSS status for ADANIENSOL: 200
2026-04-19 08:08:02,667 | INFO | News RSS query for ADANIPORTS: https://news.google.com/rss/search?q=%22Adani+Ports+and+Special+Economic+Zone+Ltd.%22+NSE+when:10d&hl=en-IN&gl=IN&ceid=IN:en
2026-04-19 08:08:02,878 | INFO | News RSS status for ADANIPORTS: 200
2026-04-19 08:08:02,947 | INFO | News RSS query for ADANIPORTS: https://news.google.com/rss/search?q=%22Adani+Ports+and+Special+Economic+Zone+Ltd.%22+NSE+when:10d&hl=en-IN&gl=IN&ceid=IN:en
2026-04-19 08:08:02,952 | INFO | News RSS status for ADANIPORTS: 200
2026-04-19 08:08:03,021 | INFO | News RSS query for ADANIPORTS: https://news.google.com/rss/search?q=%22Adani+Ports+and+Special+Economic+Zone+Ltd.%22+NSE+when:10d&hl=en-IN&gl=IN&ceid=IN:en
2026-04-19 08:08:03,025 | INFO | News RSS status for ADANIPORTS: 200
2026-04-19 08:08:03,636 | INFO | News RSS query for ADANIPOWER: https://news.google.com/rss/search?q=%22Adani+Power+Ltd.%22+NSE+when:10d&hl=en-IN&gl=IN&ceid=IN:en
2026-04-19 08:08:03,835 | INFO | News RSS status for ADANIPOWER: 200
2026-04-19 08:08:04,990 | INFO | News RSS query for APOLLOHOSP: https://news.google.com/rss/search?q=%22Apollo+Hospitals+Enterprise+Ltd.%22+NSE+when:10d&hl=en-IN&gl=IN&ceid=IN:en
2026-04-19 08:08:05,184 | INFO | News RSS status for APOLLOHOSP: 200
2026-04-19 08:08:06,344 | INFO | News RSS query for AXISBANK: https://news.google.com/rss/search?q=%22Axis+Bank+Ltd.%22+NSE+when:10d&hl=en-IN&gl=IN&ceid=IN:en
2026-04-19 08:08:06,577 | INFO | News RSS status for AXISBANK: 200
2026-04-19 08:08:06,647 | INFO | News RSS query for AXISBANK: https://news.google.com/rss/search?q=%22Axis+Bank+Ltd.%22+NSE+when:10d&hl=en-IN&gl=IN&ceid=IN:en
2026-04-19 08:08:06,651 | INFO | News RSS status for AXISBANK: 200
2026-04-19 08:08:07,260 | INFO | News RSS query for BAJAJ-AUTO: https://news.google.com/rss/search?q=%22Bajaj+Auto+Ltd.%22+NSE+when:10d&hl=en-IN&gl=IN&ceid=IN:en
2026-04-19 08:08:07,492 | INFO | News RSS status for BAJAJ-AUTO: 200
2026-04-19 08:08:07,561 | INFO | News RSS query for BAJAJ-AUTO: https://news.google.com/rss/search?q=%22Bajaj+Auto+Ltd.%22+NSE+when:10d&hl=en-IN&gl=IN&ceid=IN:en
2026-04-19 08:08:07,566 | INFO | News RSS status for BAJAJ-AUTO: 200
2026-04-19 08:08:10,330 | INFO | News RSS query for BEL: https://news.google.com/rss/search?q=%22Bharat+Electronics+Ltd.%22+NSE+when:10d&hl=en-IN&gl=IN&ceid=IN:en
2026-04-19 08:08:10,557 | INFO | News RSS status for BEL: 200
2026-04-19 08:08:11,721 | INFO | News RSS query for BOSCHLTD: https://news.google.com/rss/search?q=%22Bosch+Ltd.%22+NSE+when:10d&hl=en-IN&gl=IN&ceid=IN:en
2026-04-19 08:08:11,927 | INFO | News RSS status for BOSCHLTD: 200
2026-04-19 08:08:14,176 | INFO | News RSS query for CGPOWER: https://news.google.com/rss/search?q=%22CG+Power+and+Industrial+Solutions+Ltd.%22+NSE+when:10d&hl=en-IN&gl=IN&ceid=IN:en
2026-04-19 08:08:14,388 | INFO | News RSS status for CGPOWER: 200
2026-04-19 08:08:16,622 | INFO | News RSS query for CUMMINSIND: https://news.google.com/rss/search?q=%22Cummins+India+Ltd.%22+NSE+when:10d&hl=en-IN&gl=IN&ceid=IN:en
2026-04-19 08:08:16,835 | INFO | News RSS status for CUMMINSIND: 200
2026-04-19 08:08:16,837 | INFO | News RSS query for CUMMINSIND: https://news.google.com/rss/search?q=%22Cummins+India+Ltd.%22+stock+when:10d&hl=en-IN&gl=IN&ceid=IN:en
2026-04-19 08:08:17,076 | INFO | News RSS status for CUMMINSIND: 200
2026-04-19 08:08:18,768 | INFO | News RSS query for DMART: https://news.google.com/rss/search?q=%22Avenue+Supermarts+Ltd.%22+NSE+when:10d&hl=en-IN&gl=IN&ceid=IN:en
2026-04-19 08:08:18,979 | INFO | News RSS status for DMART: 200
2026-04-19 08:08:18,981 | INFO | News RSS query for DMART: https://news.google.com/rss/search?q=%22Avenue+Supermarts+Ltd.%22+stock+when:10d&hl=en-IN&gl=IN&ceid=IN:en
2026-04-19 08:08:19,204 | INFO | News RSS status for DMART: 200
2026-04-19 08:08:19,271 | INFO | News RSS query for DMART: https://news.google.com/rss/search?q=%22Avenue+Supermarts+Ltd.%22+NSE+when:10d&hl=en-IN&gl=IN&ceid=IN:en
2026-04-19 08:08:19,275 | INFO | News RSS status for DMART: 200
2026-04-19 08:08:19,276 | INFO | News RSS query for DMART: https://news.google.com/rss/search?q=%22Avenue+Supermarts+Ltd.%22+stock+when:10d&hl=en-IN&gl=IN&ceid=IN:en
2026-04-19 08:08:19,281 | INFO | News RSS status for DMART: 200
2026-04-19 08:08:20,367 | WARNING | Skipping ENRIN — only 203 bars available (need 220). Extend history_backfill_days in config.json to include this symbol.
2026-04-19 08:08:25,752 | INFO | News RSS query for HINDALCO: https://news.google.com/rss/search?q=%22Hindalco+Industries+Ltd.%22+NSE+when:10d&hl=en-IN&gl=IN&ceid=IN:en
2026-04-19 08:08:25,982 | INFO | News RSS status for HINDALCO: 200
2026-04-19 08:08:26,593 | INFO | News RSS query for HINDUNILVR: https://news.google.com/rss/search?q=%22Hindustan+Unilever+Ltd.%22+NSE+when:10d&hl=en-IN&gl=IN&ceid=IN:en
2026-04-19 08:08:26,832 | INFO | News RSS status for HINDUNILVR: 200
2026-04-19 08:08:31,341 | INFO | News RSS query for ITC: https://news.google.com/rss/search?q=%22ITC+Ltd.%22+NSE+when:10d&hl=en-IN&gl=IN&ceid=IN:en
2026-04-19 08:08:31,568 | INFO | News RSS status for ITC: 200
2026-04-19 08:08:32,168 | INFO | News RSS query for JINDALSTEL: https://news.google.com/rss/search?q=%22Jindal+Steel+Ltd.%22+NSE+when:10d&hl=en-IN&gl=IN&ceid=IN:en
2026-04-19 08:08:32,392 | INFO | News RSS status for JINDALSTEL: 200
2026-04-19 08:08:32,394 | INFO | News RSS query for JINDALSTEL: https://news.google.com/rss/search?q=%22Jindal+Steel+Ltd.%22+stock+when:10d&hl=en-IN&gl=IN&ceid=IN:en
2026-04-19 08:08:32,617 | INFO | News RSS status for JINDALSTEL: 200
2026-04-19 08:08:32,953 | INFO | News RSS query for JIOFIN: https://news.google.com/rss/search?q=%22Jio+Financial+Services+Ltd.%22+NSE+when:10d&hl=en-IN&gl=IN&ceid=IN:en
2026-04-19 08:08:33,170 | INFO | News RSS status for JIOFIN: 200
2026-04-19 08:08:33,790 | INFO | News RSS query for JSWSTEEL: https://news.google.com/rss/search?q=%22JSW+Steel+Ltd.%22+NSE+when:10d&hl=en-IN&gl=IN&ceid=IN:en
2026-04-19 08:08:33,985 | INFO | News RSS status for JSWSTEEL: 200
2026-04-19 08:08:34,055 | INFO | News RSS query for JSWSTEEL: https://news.google.com/rss/search?q=%22JSW+Steel+Ltd.%22+NSE+when:10d&hl=en-IN&gl=IN&ceid=IN:en
2026-04-19 08:08:34,059 | INFO | News RSS status for JSWSTEEL: 200
2026-04-19 08:08:34,127 | INFO | News RSS query for JSWSTEEL: https://news.google.com/rss/search?q=%22JSW+Steel+Ltd.%22+NSE+when:10d&hl=en-IN&gl=IN&ceid=IN:en
2026-04-19 08:08:34,131 | INFO | News RSS status for JSWSTEEL: 200
2026-04-19 08:08:35,222 | INFO | News RSS query for LODHA: https://news.google.com/rss/search?q=%22Lodha+Developers+Ltd.%22+NSE+when:10d&hl=en-IN&gl=IN&ceid=IN:en
2026-04-19 08:08:35,405 | INFO | News RSS status for LODHA: 200
2026-04-19 08:08:35,406 | INFO | News RSS query for LODHA: https://news.google.com/rss/search?q=%22Lodha+Developers+Ltd.%22+stock+when:10d&hl=en-IN&gl=IN&ceid=IN:en
2026-04-19 08:08:35,589 | INFO | News RSS status for LODHA: 200
2026-04-19 08:08:36,131 | WARNING | Skipping LTM — only 38 bars available (need 220). Extend history_backfill_days in config.json to include this symbol.
2026-04-19 08:08:37,271 | INFO | News RSS query for MARUTI: https://news.google.com/rss/search?q=%22Maruti+Suzuki+India+Ltd.%22+NSE+when:10d&hl=en-IN&gl=IN&ceid=IN:en
2026-04-19 08:08:37,517 | INFO | News RSS status for MARUTI: 200
2026-04-19 08:08:40,845 | INFO | News RSS query for NTPC: https://news.google.com/rss/search?q=%22NTPC+Ltd.%22+NSE+when:10d&hl=en-IN&gl=IN&ceid=IN:en
2026-04-19 08:08:41,049 | INFO | News RSS status for NTPC: 200
2026-04-19 08:08:41,051 | INFO | News RSS query for NTPC: https://news.google.com/rss/search?q=%22NTPC+Ltd.%22+stock+when:10d&hl=en-IN&gl=IN&ceid=IN:en
2026-04-19 08:08:41,288 | INFO | News RSS status for NTPC: 200
2026-04-19 08:08:41,922 | INFO | News RSS query for ONGC: https://news.google.com/rss/search?q=%22Oil+%26+Natural+Gas+Corporation+Ltd.%22+NSE+when:10d&hl=en-IN&gl=IN&ceid=IN:en
2026-04-19 08:08:42,164 | INFO | News RSS status for ONGC: 200
2026-04-19 08:08:42,165 | INFO | News RSS query for ONGC: https://news.google.com/rss/search?q=%22Oil+%26+Natural+Gas+Corporation+Ltd.%22+stock+when:10d&hl=en-IN&gl=IN&ceid=IN:en
2026-04-19 08:08:42,448 | INFO | News RSS status for ONGC: 200
2026-04-19 08:08:42,517 | INFO | News RSS query for ONGC: https://news.google.com/rss/search?q=%22Oil+%26+Natural+Gas+Corporation+Ltd.%22+NSE+when:10d&hl=en-IN&gl=IN&ceid=IN:en
2026-04-19 08:08:42,521 | INFO | News RSS status for ONGC: 200
2026-04-19 08:08:42,522 | INFO | News RSS query for ONGC: https://news.google.com/rss/search?q=%22Oil+%26+Natural+Gas+Corporation+Ltd.%22+stock+when:10d&hl=en-IN&gl=IN&ceid=IN:en
2026-04-19 08:08:42,526 | INFO | News RSS status for ONGC: 200
2026-04-19 08:08:43,145 | INFO | News RSS query for PFC: https://news.google.com/rss/search?q=%22Power+Finance+Corporation+Ltd.%22+NSE+when:10d&hl=en-IN&gl=IN&ceid=IN:en
2026-04-19 08:08:43,353 | INFO | News RSS status for PFC: 200
2026-04-19 08:08:43,356 | INFO | News RSS query for PFC: https://news.google.com/rss/search?q=%22Power+Finance+Corporation+Ltd.%22+stock+when:10d&hl=en-IN&gl=IN&ceid=IN:en
2026-04-19 08:08:43,614 | INFO | News RSS status for PFC: 200
2026-04-19 08:08:45,287 | INFO | News RSS query for POWERGRID: https://news.google.com/rss/search?q=%22Power+Grid+Corporation+of+India+Ltd.%22+NSE+when:10d&hl=en-IN&gl=IN&ceid=IN:en
2026-04-19 08:08:45,526 | INFO | News RSS status for POWERGRID: 200
2026-04-19 08:08:48,861 | INFO | News RSS query for SHRIRAMFIN: https://news.google.com/rss/search?q=%22Shriram+Finance+Ltd.%22+NSE+when:10d&hl=en-IN&gl=IN&ceid=IN:en
2026-04-19 08:08:49,088 | INFO | News RSS status for SHRIRAMFIN: 200
2026-04-19 08:08:49,161 | INFO | News RSS query for SHRIRAMFIN: https://news.google.com/rss/search?q=%22Shriram+Finance+Ltd.%22+NSE+when:10d&hl=en-IN&gl=IN&ceid=IN:en
2026-04-19 08:08:49,166 | INFO | News RSS status for SHRIRAMFIN: 200
2026-04-19 08:08:49,242 | INFO | News RSS query for SHRIRAMFIN: https://news.google.com/rss/search?q=%22Shriram+Finance+Ltd.%22+NSE+when:10d&hl=en-IN&gl=IN&ceid=IN:en
2026-04-19 08:08:49,246 | INFO | News RSS status for SHRIRAMFIN: 200
2026-04-19 08:08:49,845 | INFO | News RSS query for SIEMENS: https://news.google.com/rss/search?q=%22Siemens+Ltd.%22+NSE+when:10d&hl=en-IN&gl=IN&ceid=IN:en
2026-04-19 08:08:50,013 | INFO | News RSS status for SIEMENS: 200
2026-04-19 08:08:50,016 | INFO | News RSS query for SIEMENS: https://news.google.com/rss/search?q=%22Siemens+Ltd.%22+stock+when:10d&hl=en-IN&gl=IN&ceid=IN:en
2026-04-19 08:08:50,243 | INFO | News RSS status for SIEMENS: 200
2026-04-19 08:08:50,853 | INFO | News RSS query for SOLARINDS: https://news.google.com/rss/search?q=%22Solar+Industries+India+Ltd.%22+NSE+when:10d&hl=en-IN&gl=IN&ceid=IN:en
2026-04-19 08:08:51,067 | INFO | News RSS status for SOLARINDS: 200
2026-04-19 08:08:51,606 | WARNING | Skipping TATACAP — only 126 bars available (need 220). Extend history_backfill_days in config.json to include this symbol.
2026-04-19 08:08:52,749 | INFO | News RSS query for TATAPOWER: https://news.google.com/rss/search?q=%22Tata+Power+Co.+Ltd.%22+NSE+when:10d&hl=en-IN&gl=IN&ceid=IN:en
2026-04-19 08:08:52,934 | INFO | News RSS status for TATAPOWER: 200
2026-04-19 08:08:52,935 | INFO | News RSS query for TATAPOWER: https://news.google.com/rss/search?q=%22Tata+Power+Co.+Ltd.%22+stock+when:10d&hl=en-IN&gl=IN&ceid=IN:en
2026-04-19 08:08:53,159 | INFO | News RSS status for TATAPOWER: 200
2026-04-19 08:08:53,775 | INFO | News RSS query for TATASTEEL: https://news.google.com/rss/search?q=%22Tata+Steel+Ltd.%22+NSE+when:10d&hl=en-IN&gl=IN&ceid=IN:en
2026-04-19 08:08:54,005 | INFO | News RSS status for TATASTEEL: 200
2026-04-19 08:08:55,681 | INFO | News RSS query for TITAN: https://news.google.com/rss/search?q=%22Titan+Company+Ltd.%22+NSE+when:10d&hl=en-IN&gl=IN&ceid=IN:en
2026-04-19 08:08:55,887 | INFO | News RSS status for TITAN: 200
2026-04-19 08:08:55,892 | WARNING | Skipping TMCV — only 106 bars available (need 220). Extend history_backfill_days in config.json to include this symbol.
2026-04-19 08:08:55,893 | WARNING | Skipping TMPV — only 123 bars available (need 220). Extend history_backfill_days in config.json to include this symbol.
2026-04-19 08:08:58,673 | INFO | News RSS query for UNIONBANK: https://news.google.com/rss/search?q=%22Union+Bank+of+India%22+NSE+when:10d&hl=en-IN&gl=IN&ceid=IN:en
2026-04-19 08:08:58,913 | INFO | News RSS status for UNIONBANK: 200
2026-04-19 08:09:00,268 | INFO | News RSS query for VEDL: https://news.google.com/rss/search?q=%22Vedanta+Ltd.%22+NSE+when:10d&hl=en-IN&gl=IN&ceid=IN:en
2026-04-19 08:09:00,512 | INFO | News RSS status for VEDL: 200
2026-04-19 08:09:01,679 | INFO | News RSS query for ZYDUSLIFE: https://news.google.com/rss/search?q=%22Zydus+Lifesciences+Ltd.%22+NSE+when:10d&hl=en-IN&gl=IN&ceid=IN:en
2026-04-19 08:09:01,910 | INFO | News RSS status for ZYDUSLIFE: 200
2026-04-19 08:09:01,912 | INFO | News RSS query for ZYDUSLIFE: https://news.google.com/rss/search?q=%22Zydus+Lifesciences+Ltd.%22+stock+when:10d&hl=en-IN&gl=IN&ceid=IN:en
2026-04-19 08:09:02,120 | INFO | News RSS status for ZYDUSLIFE: 200
2026-04-19 08:09:02,133 | INFO | Index membership from cache: NIFTY 50 (50 symbols)
2026-04-19 08:09:02,133 | INFO | Index membership from cache: Nifty Next 50 (50 symbols)
2026-04-19 08:09:02,133 | INFO | Index membership ready: 100 symbols mapped
2026-04-19 08:09:02,133 | INFO | Market Health: fetching index OHLCV...
2026-04-19 08:09:02,136 | INFO | Index OHLCV cache fresh for NIFTY 50 (1362 rows)
2026-04-19 08:09:02,139 | INFO | Index OHLCV cache fresh for NIFTY NEXT 50 (1362 rows)
2026-04-19 08:09:02,139 | INFO | Market Health: fetching VIX...
2026-04-19 08:09:02,140 | INFO | VIX cache fresh (60 rows)
2026-04-19 08:09:02,140 | INFO | Market Health: updating breadth EMA cache...
2026-04-19 08:09:03,301 | INFO | Market Health [NIFTY 50]: Score=32.0 | Weak Bull &#x1F7E1;
2026-04-19 08:09:03,319 | INFO | Market Health [Nifty Next 50]: Score=48.0 | Weak Bull &#x1F7E1;
2026-04-19 08:09:03,399 | INFO | Signal log: skipping new signal insertion — 2026-04-19 is a weekend.
2026-04-19 08:09:03,536 | INFO | Signal tracker: updated 17 Active signal rows.
2026-04-19 08:09:03,556 | INFO | HTML report written: /home/runner/work/nifty100-reporter/nifty100-reporter/reports/nifty100_daily_report_20260419.html
2026-04-19 08:09:03,565 | INFO | Market Health Excel sheet written.
2026-04-19 08:09:03,671 | INFO | Excel report written: /home/runner/work/nifty100-reporter/nifty100-reporter/reports/nifty100_daily_report_20260419.xlsx
2026-04-19 08:09:03,671 | INFO | GitHub Actions detected — skipping Gmail API send (workflow handles email).
2026-04-19 08:09:03,671 | INFO | Run completed successfully.
2026-04-19 08:09:03,672 | INFO | Artifacts: /home/runner/work/nifty100-reporter/nifty100-reporter/reports/nifty100_daily_report_20260419.html | /home/runner/work/nifty100-reporter/nifty100-reporter/reports/nifty100_daily_report_20260419.xlsx | log: /home/runner/work/nifty100-reporter/nifty100-reporter/logs/run_20260419_133633.log
