2026-04-19 19:12:49,087 | INFO | Nifty 100 Daily EMA Cross Reporter | Version 3.3.8 | Released 2026-04-17
2026-04-19 19:12:49,088 | INFO | Base directory: /home/runner/work/nifty100-reporter/nifty100-reporter
2026-04-19 19:12:49,088 | INFO | Loaded config. Email enabled: True | Recipients: 1
2026-04-19 19:12:49,212 | WARNING | NSE session bootstrap HTTP 403 (attempt 1/5) — refreshing NSE session cookie …
2026-04-19 19:12:59,338 | WARNING | NSE session bootstrap HTTP 403 (attempt 2/5) — refreshing NSE session cookie …
2026-04-19 19:13:09,604 | WARNING | NSE session bootstrap HTTP 403 (attempt 3/5) — refreshing NSE session cookie …
2026-04-19 19:13:19,761 | WARNING | NSE session bootstrap HTTP 403 (attempt 4/5) — refreshing NSE session cookie …
2026-04-19 19:13:30,060 | INFO | NSE session bootstrap status: 403
2026-04-19 19:13:30,061 | INFO | Downloading Nifty 100 universe from https://www.niftyindices.com/IndexConstituent/ind_nifty100list.csv
2026-04-19 19:13:30,644 | INFO | Universe download status: 200
2026-04-19 19:13:30,649 | INFO | Universe rows loaded: 100
2026-04-19 19:13:30,762 | INFO | Loaded history rows: 125464
2026-04-19 19:13:30,770 | INFO | yfinance history update: 100 symbols | 2026-04-16 → 2026-04-21
2026-04-19 19:13:30,770 | INFO | yfinance batch download: 100 symbols | 2026-04-16 → 2026-04-21
2026-04-19 19:13:34,710 | INFO | yfinance raw shape: (2, 500)
2026-04-19 19:13:34,984 | INFO | yfinance parsed rows after date-filter: 200
2026-04-19 19:13:34,985 | INFO | New rows from yfinance: 200
2026-04-19 19:13:35,780 | INFO | Saved history rows: 125464 | file: /home/runner/work/nifty100-reporter/nifty100-reporter/data/nifty100_ohlcv_history.csv
2026-04-19 19:13:35,878 | INFO | Loaded history rows: 125464
2026-04-19 19:13:35,879 | INFO | Latest OHLCV data is from 2026-04-17
2026-04-19 19:13:35,905 | INFO | Latest Delivery data is from 2026-04-17
2026-04-19 19:13:35,952 | INFO | Delivery cache has 34 dates — skipping backfill.
2026-04-19 19:13:35,952 | INFO | Delivery fetch attempt [0/7] — URL: https://archives.nseindia.com/products/content/sec_bhavdata_full_20042026.csv
2026-04-19 19:13:37,205 | INFO | Delivery fetch FAILED for 2026-04-20 — HTTP 404 — URL: https://archives.nseindia.com/products/content/sec_bhavdata_full_20042026.csv
2026-04-19 19:13:37,205 | INFO | Delivery fetch attempt [3/7] — URL: https://archives.nseindia.com/products/content/sec_bhavdata_full_17042026.csv
2026-04-19 19:13:38,720 | INFO | Delivery fetch SUCCESS — date: 2026-04-17 | size: 361601 bytes | URL: https://archives.nseindia.com/products/content/sec_bhavdata_full_17042026.csv
2026-04-19 19:13:39,052 | INFO | Delivery cache updated: 2403 symbols for 2026-04-17 (rows in cache: 82966)
2026-04-19 19:13:39,052 | INFO | Delivery data: 2403 symbols | fallback=False
2026-04-19 19:13:39,521 | INFO | Corporate actions bulk OK: 8 raw rows | 1 Nifty100 symbols with events
2026-04-19 19:14:48,065 | INFO | Corporate actions: 1/100 symbols have events (window 20-04-2026 to 20-05-2026) | Symbols: ABB
2026-04-19 19:14:48,065 | INFO | Index membership from cache: NIFTY 50 (50 symbols)
2026-04-19 19:14:48,065 | INFO | Index membership from cache: Nifty Next 50 (50 symbols)
2026-04-19 19:14:48,065 | INFO | Index membership ready: 100 symbols mapped
2026-04-19 19:14:48,498 | INFO | News RSS query for ABB: https://news.google.com/rss/search?q=%22ABB+India+Ltd.%22+NSE+when:10d&hl=en-IN&gl=IN&ceid=IN:en
2026-04-19 19:14:48,743 | INFO | News RSS status for ABB: 200
2026-04-19 19:14:48,990 | INFO | News RSS query for ADANIENSOL: https://news.google.com/rss/search?q=%22Adani+Energy+Solutions+Ltd.%22+NSE+when:10d&hl=en-IN&gl=IN&ceid=IN:en
2026-04-19 19:14:49,202 | INFO | News RSS status for ADANIENSOL: 200
2026-04-19 19:14:50,377 | INFO | News RSS query for ADANIPORTS: https://news.google.com/rss/search?q=%22Adani+Ports+and+Special+Economic+Zone+Ltd.%22+NSE+when:10d&hl=en-IN&gl=IN&ceid=IN:en
2026-04-19 19:14:50,584 | INFO | News RSS status for ADANIPORTS: 200
2026-04-19 19:14:50,652 | INFO | News RSS query for ADANIPORTS: https://news.google.com/rss/search?q=%22Adani+Ports+and+Special+Economic+Zone+Ltd.%22+NSE+when:10d&hl=en-IN&gl=IN&ceid=IN:en
2026-04-19 19:14:50,658 | INFO | News RSS status for ADANIPORTS: 200
2026-04-19 19:14:50,725 | INFO | News RSS query for ADANIPORTS: https://news.google.com/rss/search?q=%22Adani+Ports+and+Special+Economic+Zone+Ltd.%22+NSE+when:10d&hl=en-IN&gl=IN&ceid=IN:en
2026-04-19 19:14:50,731 | INFO | News RSS status for ADANIPORTS: 200
2026-04-19 19:14:51,159 | INFO | News RSS query for ADANIPOWER: https://news.google.com/rss/search?q=%22Adani+Power+Ltd.%22+NSE+when:10d&hl=en-IN&gl=IN&ceid=IN:en
2026-04-19 19:14:51,400 | INFO | News RSS status for ADANIPOWER: 200
2026-04-19 19:14:51,403 | INFO | News RSS query for ADANIPOWER: https://news.google.com/rss/search?q=%22Adani+Power+Ltd.%22+stock+when:10d&hl=en-IN&gl=IN&ceid=IN:en
2026-04-19 19:14:51,672 | INFO | News RSS status for ADANIPOWER: 200
2026-04-19 19:14:52,454 | INFO | News RSS query for APOLLOHOSP: https://news.google.com/rss/search?q=%22Apollo+Hospitals+Enterprise+Ltd.%22+NSE+when:10d&hl=en-IN&gl=IN&ceid=IN:en
2026-04-19 19:14:52,734 | INFO | News RSS status for APOLLOHOSP: 200
2026-04-19 19:14:53,519 | INFO | News RSS query for AXISBANK: https://news.google.com/rss/search?q=%22Axis+Bank+Ltd.%22+NSE+when:10d&hl=en-IN&gl=IN&ceid=IN:en
2026-04-19 19:14:53,771 | INFO | News RSS status for AXISBANK: 200
2026-04-19 19:14:53,839 | INFO | News RSS query for AXISBANK: https://news.google.com/rss/search?q=%22Axis+Bank+Ltd.%22+NSE+when:10d&hl=en-IN&gl=IN&ceid=IN:en
2026-04-19 19:14:53,844 | INFO | News RSS status for AXISBANK: 200
2026-04-19 19:14:54,268 | INFO | News RSS query for BAJAJ-AUTO: https://news.google.com/rss/search?q=%22Bajaj+Auto+Ltd.%22+NSE+when:10d&hl=en-IN&gl=IN&ceid=IN:en
2026-04-19 19:14:54,513 | INFO | News RSS status for BAJAJ-AUTO: 200
2026-04-19 19:14:54,580 | INFO | News RSS query for BAJAJ-AUTO: https://news.google.com/rss/search?q=%22Bajaj+Auto+Ltd.%22+NSE+when:10d&hl=en-IN&gl=IN&ceid=IN:en
2026-04-19 19:14:54,585 | INFO | News RSS status for BAJAJ-AUTO: 200
2026-04-19 19:14:56,474 | INFO | News RSS query for BEL: https://news.google.com/rss/search?q=%22Bharat+Electronics+Ltd.%22+NSE+when:10d&hl=en-IN&gl=IN&ceid=IN:en
2026-04-19 19:14:56,712 | INFO | News RSS status for BEL: 200
2026-04-19 19:14:57,502 | INFO | News RSS query for BOSCHLTD: https://news.google.com/rss/search?q=%22Bosch+Ltd.%22+NSE+when:10d&hl=en-IN&gl=IN&ceid=IN:en
2026-04-19 19:14:57,737 | INFO | News RSS status for BOSCHLTD: 200
2026-04-19 19:14:59,256 | INFO | News RSS query for CGPOWER: https://news.google.com/rss/search?q=%22CG+Power+and+Industrial+Solutions+Ltd.%22+NSE+when:10d&hl=en-IN&gl=IN&ceid=IN:en
2026-04-19 19:14:59,741 | INFO | News RSS status for CGPOWER: 200
2026-04-19 19:14:59,744 | INFO | News RSS query for CGPOWER: https://news.google.com/rss/search?q=%22CG+Power+and+Industrial+Solutions+Ltd.%22+stock+when:10d&hl=en-IN&gl=IN&ceid=IN:en
2026-04-19 19:14:59,968 | INFO | News RSS status for CGPOWER: 200
2026-04-19 19:15:01,483 | INFO | News RSS query for CUMMINSIND: https://news.google.com/rss/search?q=%22Cummins+India+Ltd.%22+NSE+when:10d&hl=en-IN&gl=IN&ceid=IN:en
2026-04-19 19:15:01,701 | INFO | News RSS status for CUMMINSIND: 200
2026-04-19 19:15:01,702 | INFO | News RSS query for CUMMINSIND: https://news.google.com/rss/search?q=%22Cummins+India+Ltd.%22+stock+when:10d&hl=en-IN&gl=IN&ceid=IN:en
2026-04-19 19:15:01,963 | INFO | News RSS status for CUMMINSIND: 200
2026-04-19 19:15:03,105 | INFO | News RSS query for DMART: https://news.google.com/rss/search?q=%22Avenue+Supermarts+Ltd.%22+NSE+when:10d&hl=en-IN&gl=IN&ceid=IN:en
2026-04-19 19:15:03,346 | INFO | News RSS status for DMART: 200
2026-04-19 19:15:03,347 | INFO | News RSS query for DMART: https://news.google.com/rss/search?q=%22Avenue+Supermarts+Ltd.%22+stock+when:10d&hl=en-IN&gl=IN&ceid=IN:en
2026-04-19 19:15:03,553 | INFO | News RSS status for DMART: 200
2026-04-19 19:15:03,619 | INFO | News RSS query for DMART: https://news.google.com/rss/search?q=%22Avenue+Supermarts+Ltd.%22+NSE+when:10d&hl=en-IN&gl=IN&ceid=IN:en
2026-04-19 19:15:03,624 | INFO | News RSS status for DMART: 200
2026-04-19 19:15:03,625 | INFO | News RSS query for DMART: https://news.google.com/rss/search?q=%22Avenue+Supermarts+Ltd.%22+stock+when:10d&hl=en-IN&gl=IN&ceid=IN:en
2026-04-19 19:15:03,631 | INFO | News RSS status for DMART: 200
2026-04-19 19:15:04,354 | WARNING | Skipping ENRIN — only 203 bars available (need 220). Extend history_backfill_days in config.json to include this symbol.
2026-04-19 19:15:07,972 | INFO | News RSS query for HINDALCO: https://news.google.com/rss/search?q=%22Hindalco+Industries+Ltd.%22+NSE+when:10d&hl=en-IN&gl=IN&ceid=IN:en
2026-04-19 19:15:08,191 | INFO | News RSS status for HINDALCO: 200
2026-04-19 19:15:08,617 | INFO | News RSS query for HINDUNILVR: https://news.google.com/rss/search?q=%22Hindustan+Unilever+Ltd.%22+NSE+when:10d&hl=en-IN&gl=IN&ceid=IN:en
2026-04-19 19:15:08,831 | INFO | News RSS status for HINDUNILVR: 200
2026-04-19 19:15:11,875 | INFO | News RSS query for ITC: https://news.google.com/rss/search?q=%22ITC+Ltd.%22+NSE+when:10d&hl=en-IN&gl=IN&ceid=IN:en
2026-04-19 19:15:12,113 | INFO | News RSS status for ITC: 200
2026-04-19 19:15:12,542 | INFO | News RSS query for JINDALSTEL: https://news.google.com/rss/search?q=%22Jindal+Steel+Ltd.%22+NSE+when:10d&hl=en-IN&gl=IN&ceid=IN:en
2026-04-19 19:15:12,773 | INFO | News RSS status for JINDALSTEL: 200
2026-04-19 19:15:13,017 | INFO | News RSS query for JIOFIN: https://news.google.com/rss/search?q=%22Jio+Financial+Services+Ltd.%22+NSE+when:10d&hl=en-IN&gl=IN&ceid=IN:en
2026-04-19 19:15:13,256 | INFO | News RSS status for JIOFIN: 200
2026-04-19 19:15:13,682 | INFO | News RSS query for JSWSTEEL: https://news.google.com/rss/search?q=%22JSW+Steel+Ltd.%22+NSE+when:10d&hl=en-IN&gl=IN&ceid=IN:en
2026-04-19 19:15:13,963 | INFO | News RSS status for JSWSTEEL: 200
2026-04-19 19:15:14,030 | INFO | News RSS query for JSWSTEEL: https://news.google.com/rss/search?q=%22JSW+Steel+Ltd.%22+NSE+when:10d&hl=en-IN&gl=IN&ceid=IN:en
2026-04-19 19:15:14,035 | INFO | News RSS status for JSWSTEEL: 200
2026-04-19 19:15:14,101 | INFO | News RSS query for JSWSTEEL: https://news.google.com/rss/search?q=%22JSW+Steel+Ltd.%22+NSE+when:10d&hl=en-IN&gl=IN&ceid=IN:en
2026-04-19 19:15:14,107 | INFO | News RSS status for JSWSTEEL: 200
2026-04-19 19:15:14,862 | INFO | News RSS query for LODHA: https://news.google.com/rss/search?q=%22Lodha+Developers+Ltd.%22+NSE+when:10d&hl=en-IN&gl=IN&ceid=IN:en
2026-04-19 19:15:15,042 | INFO | News RSS status for LODHA: 200
2026-04-19 19:15:15,043 | INFO | News RSS query for LODHA: https://news.google.com/rss/search?q=%22Lodha+Developers+Ltd.%22+stock+when:10d&hl=en-IN&gl=IN&ceid=IN:en
2026-04-19 19:15:15,316 | INFO | News RSS status for LODHA: 200
2026-04-19 19:15:15,680 | WARNING | Skipping LTM — only 38 bars available (need 220). Extend history_backfill_days in config.json to include this symbol.
2026-04-19 19:15:16,462 | INFO | News RSS query for MARUTI: https://news.google.com/rss/search?q=%22Maruti+Suzuki+India+Ltd.%22+NSE+when:10d&hl=en-IN&gl=IN&ceid=IN:en
2026-04-19 19:15:16,711 | INFO | News RSS status for MARUTI: 200
2026-04-19 19:15:18,963 | INFO | News RSS query for NTPC: https://news.google.com/rss/search?q=%22NTPC+Ltd.%22+NSE+when:10d&hl=en-IN&gl=IN&ceid=IN:en
2026-04-19 19:15:19,222 | INFO | News RSS status for NTPC: 200
2026-04-19 19:15:19,224 | INFO | News RSS query for NTPC: https://news.google.com/rss/search?q=%22NTPC+Ltd.%22+stock+when:10d&hl=en-IN&gl=IN&ceid=IN:en
2026-04-19 19:15:19,461 | INFO | News RSS status for NTPC: 200
2026-04-19 19:15:19,888 | INFO | News RSS query for ONGC: https://news.google.com/rss/search?q=%22Oil+%26+Natural+Gas+Corporation+Ltd.%22+NSE+when:10d&hl=en-IN&gl=IN&ceid=IN:en
2026-04-19 19:15:20,081 | INFO | News RSS status for ONGC: 200
2026-04-19 19:15:20,083 | INFO | News RSS query for ONGC: https://news.google.com/rss/search?q=%22Oil+%26+Natural+Gas+Corporation+Ltd.%22+stock+when:10d&hl=en-IN&gl=IN&ceid=IN:en
2026-04-19 19:15:20,375 | INFO | News RSS status for ONGC: 200
2026-04-19 19:15:20,441 | INFO | News RSS query for ONGC: https://news.google.com/rss/search?q=%22Oil+%26+Natural+Gas+Corporation+Ltd.%22+NSE+when:10d&hl=en-IN&gl=IN&ceid=IN:en
2026-04-19 19:15:20,447 | INFO | News RSS status for ONGC: 200
2026-04-19 19:15:20,448 | INFO | News RSS query for ONGC: https://news.google.com/rss/search?q=%22Oil+%26+Natural+Gas+Corporation+Ltd.%22+stock+when:10d&hl=en-IN&gl=IN&ceid=IN:en
2026-04-19 19:15:20,454 | INFO | News RSS status for ONGC: 200
2026-04-19 19:15:20,880 | INFO | News RSS query for PFC: https://news.google.com/rss/search?q=%22Power+Finance+Corporation+Ltd.%22+NSE+when:10d&hl=en-IN&gl=IN&ceid=IN:en
2026-04-19 19:15:21,081 | INFO | News RSS status for PFC: 200
2026-04-19 19:15:22,241 | INFO | News RSS query for POWERGRID: https://news.google.com/rss/search?q=%22Power+Grid+Corporation+of+India+Ltd.%22+NSE+when:10d&hl=en-IN&gl=IN&ceid=IN:en
2026-04-19 19:15:22,498 | INFO | News RSS status for POWERGRID: 200
2026-04-19 19:15:24,721 | INFO | News RSS query for SHRIRAMFIN: https://news.google.com/rss/search?q=%22Shriram+Finance+Ltd.%22+NSE+when:10d&hl=en-IN&gl=IN&ceid=IN:en
2026-04-19 19:15:24,938 | INFO | News RSS status for SHRIRAMFIN: 200
2026-04-19 19:15:25,005 | INFO | News RSS query for SHRIRAMFIN: https://news.google.com/rss/search?q=%22Shriram+Finance+Ltd.%22+NSE+when:10d&hl=en-IN&gl=IN&ceid=IN:en
2026-04-19 19:15:25,010 | INFO | News RSS status for SHRIRAMFIN: 200
2026-04-19 19:15:25,077 | INFO | News RSS query for SHRIRAMFIN: https://news.google.com/rss/search?q=%22Shriram+Finance+Ltd.%22+NSE+when:10d&hl=en-IN&gl=IN&ceid=IN:en
2026-04-19 19:15:25,082 | INFO | News RSS status for SHRIRAMFIN: 200
2026-04-19 19:15:25,515 | INFO | News RSS query for SIEMENS: https://news.google.com/rss/search?q=%22Siemens+Ltd.%22+NSE+when:10d&hl=en-IN&gl=IN&ceid=IN:en
2026-04-19 19:15:25,725 | INFO | News RSS status for SIEMENS: 200
2026-04-19 19:15:25,728 | INFO | News RSS query for SIEMENS: https://news.google.com/rss/search?q=%22Siemens+Ltd.%22+stock+when:10d&hl=en-IN&gl=IN&ceid=IN:en
2026-04-19 19:15:25,996 | INFO | News RSS status for SIEMENS: 200
2026-04-19 19:15:26,424 | INFO | News RSS query for SOLARINDS: https://news.google.com/rss/search?q=%22Solar+Industries+India+Ltd.%22+NSE+when:10d&hl=en-IN&gl=IN&ceid=IN:en
2026-04-19 19:15:26,651 | INFO | News RSS status for SOLARINDS: 200
2026-04-19 19:15:27,017 | WARNING | Skipping TATACAP — only 126 bars available (need 220). Extend history_backfill_days in config.json to include this symbol.
2026-04-19 19:15:27,803 | INFO | News RSS query for TATAPOWER: https://news.google.com/rss/search?q=%22Tata+Power+Co.+Ltd.%22+NSE+when:10d&hl=en-IN&gl=IN&ceid=IN:en
2026-04-19 19:15:28,037 | INFO | News RSS status for TATAPOWER: 200
2026-04-19 19:15:28,038 | INFO | News RSS query for TATAPOWER: https://news.google.com/rss/search?q=%22Tata+Power+Co.+Ltd.%22+stock+when:10d&hl=en-IN&gl=IN&ceid=IN:en
2026-04-19 19:15:28,270 | INFO | News RSS status for TATAPOWER: 200
2026-04-19 19:15:28,697 | INFO | News RSS query for TATASTEEL: https://news.google.com/rss/search?q=%22Tata+Steel+Ltd.%22+NSE+when:10d&hl=en-IN&gl=IN&ceid=IN:en
2026-04-19 19:15:28,989 | INFO | News RSS status for TATASTEEL: 200
2026-04-19 19:15:30,134 | INFO | News RSS query for TITAN: https://news.google.com/rss/search?q=%22Titan+Company+Ltd.%22+NSE+when:10d&hl=en-IN&gl=IN&ceid=IN:en
2026-04-19 19:15:30,371 | INFO | News RSS status for TITAN: 200
2026-04-19 19:15:30,376 | WARNING | Skipping TMCV — only 106 bars available (need 220). Extend history_backfill_days in config.json to include this symbol.
2026-04-19 19:15:30,377 | WARNING | Skipping TMPV — only 123 bars available (need 220). Extend history_backfill_days in config.json to include this symbol.
2026-04-19 19:15:32,245 | INFO | News RSS query for UNIONBANK: https://news.google.com/rss/search?q=%22Union+Bank+of+India%22+NSE+when:10d&hl=en-IN&gl=IN&ceid=IN:en
2026-04-19 19:15:32,544 | INFO | News RSS status for UNIONBANK: 200
2026-04-19 19:15:33,468 | INFO | News RSS query for VEDL: https://news.google.com/rss/search?q=%22Vedanta+Ltd.%22+NSE+when:10d&hl=en-IN&gl=IN&ceid=IN:en
2026-04-19 19:15:33,696 | INFO | News RSS status for VEDL: 200
2026-04-19 19:15:34,481 | INFO | News RSS query for ZYDUSLIFE: https://news.google.com/rss/search?q=%22Zydus+Lifesciences+Ltd.%22+NSE+when:10d&hl=en-IN&gl=IN&ceid=IN:en
2026-04-19 19:15:34,672 | INFO | News RSS status for ZYDUSLIFE: 200
2026-04-19 19:15:34,673 | INFO | News RSS query for ZYDUSLIFE: https://news.google.com/rss/search?q=%22Zydus+Lifesciences+Ltd.%22+stock+when:10d&hl=en-IN&gl=IN&ceid=IN:en
2026-04-19 19:15:34,883 | INFO | News RSS status for ZYDUSLIFE: 200
2026-04-19 19:15:34,895 | INFO | Index membership from cache: NIFTY 50 (50 symbols)
2026-04-19 19:15:34,895 | INFO | Index membership from cache: Nifty Next 50 (50 symbols)
2026-04-19 19:15:34,895 | INFO | Index membership ready: 100 symbols mapped
2026-04-19 19:15:34,895 | INFO | Market Health: fetching index OHLCV...
2026-04-19 19:15:34,898 | INFO | Index OHLCV cache fresh for NIFTY 50 (1362 rows)
2026-04-19 19:15:34,901 | INFO | Index OHLCV cache fresh for NIFTY NEXT 50 (1362 rows)
2026-04-19 19:15:34,901 | INFO | Market Health: fetching VIX...
2026-04-19 19:15:34,902 | INFO | VIX cache fresh (60 rows)
2026-04-19 19:15:34,902 | INFO | Market Health: updating breadth EMA cache...
2026-04-19 19:15:36,108 | INFO | Market Health [NIFTY 50]: Score=32.0 | Weak Bull &#x1F7E1;
2026-04-19 19:15:36,125 | INFO | Market Health [Nifty Next 50]: Score=48.0 | Weak Bull &#x1F7E1;
2026-04-19 19:15:36,234 | INFO | Signal log: appended 17 new signals. Total rows: 34
2026-04-19 19:15:36,234 | INFO | Signal log written/updated: /home/runner/work/nifty100-reporter/nifty100-reporter/data/nifty100_signal_log.csv
2026-04-19 19:15:36,477 | INFO | Signal tracker: updated 34 Active signal rows.
2026-04-19 19:15:36,493 | INFO | HTML report written: /home/runner/work/nifty100-reporter/nifty100-reporter/reports/nifty100_daily_report_20260420.html
2026-04-19 19:15:36,501 | INFO | Market Health Excel sheet written.
2026-04-19 19:15:36,626 | INFO | Excel report written: /home/runner/work/nifty100-reporter/nifty100-reporter/reports/nifty100_daily_report_20260420.xlsx
2026-04-19 19:15:36,626 | INFO | GitHub Actions detected — skipping Gmail API send (workflow handles email).
2026-04-19 19:15:36,626 | INFO | Run completed successfully.
2026-04-19 19:15:36,626 | INFO | Artifacts: /home/runner/work/nifty100-reporter/nifty100-reporter/reports/nifty100_daily_report_20260420.html | /home/runner/work/nifty100-reporter/nifty100-reporter/reports/nifty100_daily_report_20260420.xlsx | log: /home/runner/work/nifty100-reporter/nifty100-reporter/logs/run_20260420_004249.log
