2026-05-07 12:45:48,225 | INFO | Nifty 100 Daily EMA Cross Reporter | Version 3.3.8 | Released 2026-04-17
2026-05-07 12:45:48,226 | INFO | Base directory: /home/runner/work/nifty100-reporter/nifty100-reporter
2026-05-07 12:45:48,226 | INFO | Loaded config. Email enabled: True | Recipients: 1
2026-05-07 12:45:48,354 | WARNING | NSE session bootstrap HTTP 403 (attempt 1/5) — refreshing NSE session cookie …
2026-05-07 12:45:58,618 | WARNING | NSE session bootstrap HTTP 403 (attempt 2/5) — refreshing NSE session cookie …
2026-05-07 12:46:08,988 | WARNING | NSE session bootstrap HTTP 403 (attempt 3/5) — refreshing NSE session cookie …
2026-05-07 12:46:19,198 | WARNING | NSE session bootstrap HTTP 403 (attempt 4/5) — refreshing NSE session cookie …
2026-05-07 12:46:29,468 | INFO | NSE session bootstrap status: 403
2026-05-07 12:46:29,469 | INFO | Downloading Nifty 100 universe from https://www.niftyindices.com/IndexConstituent/ind_nifty100list.csv
2026-05-07 12:46:30,120 | INFO | Universe download status: 200
2026-05-07 12:46:30,125 | INFO | Universe rows loaded: 104
2026-05-07 12:46:30,230 | INFO | Loaded history rows: 126664
2026-05-07 12:46:30,237 | INFO | yfinance history update: 104 symbols | 2026-05-05 → 2026-05-08
2026-05-07 12:46:30,237 | INFO | yfinance batch download: 104 symbols | 2026-05-05 → 2026-05-08
2026-05-07 12:46:32,466 | ERROR | HTTP Error 404: {"quoteSummary":{"result":null,"error":{"code":"Not Found","description":"Quote not found for symbol: DUMMYVEDL3.NS"}}}
2026-05-07 12:46:32,619 | ERROR | $DUMMYVEDL3.NS: possibly delisted; no timezone found
2026-05-07 12:46:33,571 | ERROR | HTTP Error 404: {"quoteSummary":{"result":null,"error":{"code":"Not Found","description":"Quote not found for symbol: DUMMYVEDL2.NS"}}}
2026-05-07 12:46:33,792 | ERROR | $DUMMYVEDL2.NS: possibly delisted; no timezone found
2026-05-07 12:46:34,608 | ERROR | $DUMMYVEDL4.NS: possibly delisted; no timezone found
2026-05-07 12:46:39,146 | ERROR | $DUMMYVEDL1.NS: possibly delisted; no timezone found
2026-05-07 12:46:39,864 | ERROR | 
5 Failed downloads:
2026-05-07 12:46:39,864 | ERROR | ['BAJAJ-AUTO.NS']: OperationalError('database is locked')
2026-05-07 12:46:39,864 | ERROR | ['DUMMYVEDL3.NS', 'DUMMYVEDL2.NS', 'DUMMYVEDL4.NS', 'DUMMYVEDL1.NS']: possibly delisted; no timezone found
2026-05-07 12:46:39,882 | INFO | yfinance raw shape: (3, 525)
2026-05-07 12:46:40,253 | INFO | yfinance parsed rows after date-filter: 297
2026-05-07 12:46:40,253 | INFO | New rows from yfinance: 297
2026-05-07 12:46:41,019 | INFO | Saved history rows: 126763 | file: /home/runner/work/nifty100-reporter/nifty100-reporter/data/nifty100_ohlcv_history.csv
2026-05-07 12:46:41,127 | INFO | Loaded history rows: 126763
2026-05-07 12:46:41,128 | INFO | Latest OHLCV data is from 2026-05-07
2026-05-07 12:46:41,156 | INFO | Latest Delivery data is from 2026-05-06
2026-05-07 12:46:41,202 | INFO | Delivery cache has 33 dates — skipping backfill.
2026-05-07 12:46:41,202 | INFO | Delivery fetch attempt [0/7] — URL: https://archives.nseindia.com/products/content/sec_bhavdata_full_07052026.csv
2026-05-07 12:46:41,696 | INFO | Delivery fetch SUCCESS — date: 2026-05-07 | size: 370232 bytes | URL: https://archives.nseindia.com/products/content/sec_bhavdata_full_07052026.csv
2026-05-07 12:46:42,041 | INFO | Delivery cache updated: 2453 symbols for 2026-05-07 (rows in cache: 83582)
2026-05-07 12:46:42,042 | INFO | Delivery data: 2453 symbols | fallback=False
2026-05-07 12:46:42,551 | INFO | Corporate actions bulk OK: 33 raw rows | 5 Nifty100 symbols with events
2026-05-07 12:47:17,737 | INFO | Corporate actions: 5/104 symbols have events (window 07-05-2026 to 06-06-2026) | Symbols: BAJAJ-AUTO, GODREJCP, LT, LTM, TCS
2026-05-07 12:47:17,737 | INFO | Index membership from cache: NIFTY 50 (50 symbols)
2026-05-07 12:47:17,737 | INFO | Index membership from cache: Nifty Next 50 (50 symbols)
2026-05-07 12:47:17,738 | INFO | Index membership ready: 100 symbols mapped
2026-05-07 12:47:18,383 | INFO | News RSS query for ABB: https://news.google.com/rss/search?q=%22ABB+India+Ltd.%22+NSE+when:10d&hl=en-IN&gl=IN&ceid=IN:en
2026-05-07 12:47:18,783 | INFO | News RSS status for ABB: 200
2026-05-07 12:47:18,787 | INFO | News RSS query for ABB: https://news.google.com/rss/search?q=%22ABB+India+Ltd.%22+stock+when:10d&hl=en-IN&gl=IN&ceid=IN:en
2026-05-07 12:47:19,000 | INFO | News RSS status for ABB: 200
2026-05-07 12:47:19,354 | INFO | News RSS query for ADANIENSOL: https://news.google.com/rss/search?q=%22Adani+Energy+Solutions+Ltd.%22+NSE+when:10d&hl=en-IN&gl=IN&ceid=IN:en
2026-05-07 12:47:19,586 | INFO | News RSS status for ADANIENSOL: 200
2026-05-07 12:47:20,799 | INFO | News RSS query for ADANIGREEN: https://news.google.com/rss/search?q=%22Adani+Green+Energy+Ltd.%22+NSE+when:10d&hl=en-IN&gl=IN&ceid=IN:en
2026-05-07 12:47:21,004 | INFO | News RSS status for ADANIGREEN: 200
2026-05-07 12:47:21,678 | INFO | News RSS query for ADANIPORTS: https://news.google.com/rss/search?q=%22Adani+Ports+and+Special+Economic+Zone+Ltd.%22+NSE+when:10d&hl=en-IN&gl=IN&ceid=IN:en
2026-05-07 12:47:21,945 | INFO | News RSS status for ADANIPORTS: 200
2026-05-07 12:47:22,584 | INFO | News RSS query for ADANIPOWER: https://news.google.com/rss/search?q=%22Adani+Power+Ltd.%22+NSE+when:10d&hl=en-IN&gl=IN&ceid=IN:en
2026-05-07 12:47:22,852 | INFO | News RSS status for ADANIPOWER: 200
2026-05-07 12:47:23,508 | INFO | News RSS query for AMBUJACEM: https://news.google.com/rss/search?q=%22Ambuja+Cements+Ltd.%22+NSE+when:10d&hl=en-IN&gl=IN&ceid=IN:en
2026-05-07 12:47:23,735 | INFO | News RSS status for AMBUJACEM: 200
2026-05-07 12:47:24,371 | INFO | News RSS query for APOLLOHOSP: https://news.google.com/rss/search?q=%22Apollo+Hospitals+Enterprise+Ltd.%22+NSE+when:10d&hl=en-IN&gl=IN&ceid=IN:en
2026-05-07 12:47:24,564 | INFO | News RSS status for APOLLOHOSP: 200
2026-05-07 12:47:24,567 | INFO | News RSS query for APOLLOHOSP: https://news.google.com/rss/search?q=%22Apollo+Hospitals+Enterprise+Ltd.%22+stock+when:10d&hl=en-IN&gl=IN&ceid=IN:en
2026-05-07 12:47:24,795 | INFO | News RSS status for APOLLOHOSP: 200
2026-05-07 12:47:26,561 | INFO | News RSS query for BAJAJ-AUTO: https://news.google.com/rss/search?q=%22Bajaj+Auto+Ltd.%22+NSE+when:10d&hl=en-IN&gl=IN&ceid=IN:en
2026-05-07 12:47:26,807 | INFO | News RSS status for BAJAJ-AUTO: 200
2026-05-07 12:47:33,206 | INFO | News RSS query for CGPOWER: https://news.google.com/rss/search?q=%22CG+Power+and+Industrial+Solutions+Ltd.%22+NSE+when:10d&hl=en-IN&gl=IN&ceid=IN:en
2026-05-07 12:47:33,441 | INFO | News RSS status for CGPOWER: 200
2026-05-07 12:47:34,090 | INFO | News RSS query for CHOLAFIN: https://news.google.com/rss/search?q=%22Cholamandalam+Investment+and+Finance+Company+Ltd.%22+NSE+when:10d&hl=en-IN&gl=IN&ceid=IN:en
2026-05-07 12:47:34,296 | INFO | News RSS status for CHOLAFIN: 200
2026-05-07 12:47:35,521 | INFO | News RSS query for COALINDIA: https://news.google.com/rss/search?q=%22Coal+India+Ltd.%22+NSE+when:10d&hl=en-IN&gl=IN&ceid=IN:en
2026-05-07 12:47:35,777 | INFO | News RSS status for COALINDIA: 200
2026-05-07 12:47:36,474 | INFO | News RSS query for CUMMINSIND: https://news.google.com/rss/search?q=%22Cummins+India+Ltd.%22+NSE+when:10d&hl=en-IN&gl=IN&ceid=IN:en
2026-05-07 12:47:36,691 | INFO | News RSS status for CUMMINSIND: 200
2026-05-07 12:47:36,693 | INFO | News RSS query for CUMMINSIND: https://news.google.com/rss/search?q=%22Cummins+India+Ltd.%22+stock+when:10d&hl=en-IN&gl=IN&ceid=IN:en
2026-05-07 12:47:36,915 | INFO | News RSS status for CUMMINSIND: 200
2026-05-07 12:47:37,553 | INFO | News RSS query for DIVISLAB: https://news.google.com/rss/search?q=%22Divi%27s+Laboratories+Ltd.%22+NSE+when:10d&hl=en-IN&gl=IN&ceid=IN:en
2026-05-07 12:47:37,744 | INFO | News RSS status for DIVISLAB: 200
2026-05-07 12:47:37,746 | INFO | News RSS query for DIVISLAB: https://news.google.com/rss/search?q=%22Divi%27s+Laboratories+Ltd.%22+stock+when:10d&hl=en-IN&gl=IN&ceid=IN:en
2026-05-07 12:47:37,999 | INFO | News RSS status for DIVISLAB: 200
2026-05-07 12:47:39,213 | INFO | News RSS query for DMART: https://news.google.com/rss/search?q=%22Avenue+Supermarts+Ltd.%22+NSE+when:10d&hl=en-IN&gl=IN&ceid=IN:en
2026-05-07 12:47:39,417 | INFO | News RSS status for DMART: 200
2026-05-07 12:47:40,061 | INFO | News RSS query for DRREDDY: https://news.google.com/rss/search?q=%22Dr.+Reddy%27s+Laboratories+Ltd.%22+NSE+when:10d&hl=en-IN&gl=IN&ceid=IN:en
2026-05-07 12:47:41,043 | INFO | News RSS status for DRREDDY: 200
2026-05-07 12:47:41,625 | WARNING | Skipping ENRIN — only 216 bars available (need 220). Extend history_backfill_days in config.json to include this symbol.
2026-05-07 12:47:43,917 | INFO | News RSS query for GRASIM: https://news.google.com/rss/search?q=%22Grasim+Industries+Ltd.%22+NSE+when:10d&hl=en-IN&gl=IN&ceid=IN:en
2026-05-07 12:47:44,155 | INFO | News RSS status for GRASIM: 200
2026-05-07 12:47:44,158 | INFO | News RSS query for GRASIM: https://news.google.com/rss/search?q=%22Grasim+Industries+Ltd.%22+stock+when:10d&hl=en-IN&gl=IN&ceid=IN:en
2026-05-07 12:47:44,375 | INFO | News RSS status for GRASIM: 200
2026-05-07 12:47:46,151 | INFO | News RSS query for HDFCAMC: https://news.google.com/rss/search?q=%22HDFC+Asset+Management+Company+Ltd.%22+NSE+when:10d&hl=en-IN&gl=IN&ceid=IN:en
2026-05-07 12:47:46,386 | INFO | News RSS status for HDFCAMC: 200
2026-05-07 12:47:46,388 | INFO | News RSS query for HDFCAMC: https://news.google.com/rss/search?q=%22HDFC+Asset+Management+Company+Ltd.%22+stock+when:10d&hl=en-IN&gl=IN&ceid=IN:en
2026-05-07 12:47:47,337 | INFO | News RSS status for HDFCAMC: 200
2026-05-07 12:47:49,126 | INFO | News RSS query for HINDALCO: https://news.google.com/rss/search?q=%22Hindalco+Industries+Ltd.%22+NSE+when:10d&hl=en-IN&gl=IN&ceid=IN:en
2026-05-07 12:47:49,352 | INFO | News RSS status for HINDALCO: 200
2026-05-07 12:47:49,355 | INFO | News RSS query for HINDALCO: https://news.google.com/rss/search?q=%22Hindalco+Industries+Ltd.%22+stock+when:10d&hl=en-IN&gl=IN&ceid=IN:en
2026-05-07 12:47:49,579 | INFO | News RSS status for HINDALCO: 200
2026-05-07 12:47:50,792 | INFO | News RSS query for HINDZINC: https://news.google.com/rss/search?q=%22Hindustan+Zinc+Ltd.%22+NSE+when:10d&hl=en-IN&gl=IN&ceid=IN:en
2026-05-07 12:47:51,022 | INFO | News RSS status for HINDZINC: 200
2026-05-07 12:47:55,805 | INFO | News RSS query for JINDALSTEL: https://news.google.com/rss/search?q=%22Jindal+Steel+Ltd.%22+NSE+when:10d&hl=en-IN&gl=IN&ceid=IN:en
2026-05-07 12:47:56,012 | INFO | News RSS status for JINDALSTEL: 200
2026-05-07 12:47:56,014 | INFO | News RSS query for JINDALSTEL: https://news.google.com/rss/search?q=%22Jindal+Steel+Ltd.%22+stock+when:10d&hl=en-IN&gl=IN&ceid=IN:en
2026-05-07 12:47:56,266 | INFO | News RSS status for JINDALSTEL: 200
2026-05-07 12:47:57,199 | INFO | News RSS query for JSWSTEEL: https://news.google.com/rss/search?q=%22JSW+Steel+Ltd.%22+NSE+when:10d&hl=en-IN&gl=IN&ceid=IN:en
2026-05-07 12:47:57,464 | INFO | News RSS status for JSWSTEEL: 200
2026-05-07 12:47:57,467 | INFO | News RSS query for JSWSTEEL: https://news.google.com/rss/search?q=%22JSW+Steel+Ltd.%22+stock+when:10d&hl=en-IN&gl=IN&ceid=IN:en
2026-05-07 12:47:57,717 | INFO | News RSS status for JSWSTEEL: 200
2026-05-07 12:47:58,349 | INFO | News RSS query for KOTAKBANK: https://news.google.com/rss/search?q=%22Kotak+Mahindra+Bank+Ltd.%22+NSE+when:10d&hl=en-IN&gl=IN&ceid=IN:en
2026-05-07 12:47:58,628 | INFO | News RSS status for KOTAKBANK: 200
2026-05-07 12:47:59,778 | INFO | News RSS query for LT: https://news.google.com/rss/search?q=%22Larsen+%26+Toubro+Ltd.%22+NSE+when:10d&hl=en-IN&gl=IN&ceid=IN:en
2026-05-07 12:48:00,018 | INFO | News RSS status for LT: 200
2026-05-07 12:48:00,024 | WARNING | Skipping LTM — only 51 bars available (need 220). Extend history_backfill_days in config.json to include this symbol.
2026-05-07 12:48:02,969 | INFO | News RSS query for MOTHERSON: https://news.google.com/rss/search?q=%22Samvardhana+Motherson+International+Ltd.%22+NSE+when:10d&hl=en-IN&gl=IN&ceid=IN:en
2026-05-07 12:48:03,155 | INFO | News RSS status for MOTHERSON: 200
2026-05-07 12:48:03,156 | INFO | News RSS query for MOTHERSON: https://news.google.com/rss/search?q=%22Samvardhana+Motherson+International+Ltd.%22+stock+when:10d&hl=en-IN&gl=IN&ceid=IN:en
2026-05-07 12:48:03,409 | INFO | News RSS status for MOTHERSON: 200
2026-05-07 12:48:04,052 | INFO | News RSS query for MUTHOOTFIN: https://news.google.com/rss/search?q=%22Muthoot+Finance+Ltd.%22+NSE+when:10d&hl=en-IN&gl=IN&ceid=IN:en
2026-05-07 12:48:04,295 | INFO | News RSS status for MUTHOOTFIN: 200
2026-05-07 12:48:04,947 | INFO | News RSS query for NESTLEIND: https://news.google.com/rss/search?q=%22Nestle+India+Ltd.%22+NSE+when:10d&hl=en-IN&gl=IN&ceid=IN:en
2026-05-07 12:48:05,179 | INFO | News RSS status for NESTLEIND: 200
2026-05-07 12:48:05,182 | INFO | News RSS query for NESTLEIND: https://news.google.com/rss/search?q=%22Nestle+India+Ltd.%22+stock+when:10d&hl=en-IN&gl=IN&ceid=IN:en
2026-05-07 12:48:05,430 | INFO | News RSS status for NESTLEIND: 200
2026-05-07 12:48:06,082 | INFO | News RSS query for NTPC: https://news.google.com/rss/search?q=%22NTPC+Ltd.%22+NSE+when:10d&hl=en-IN&gl=IN&ceid=IN:en
2026-05-07 12:48:06,319 | INFO | News RSS status for NTPC: 200
2026-05-07 12:48:06,967 | INFO | News RSS query for ONGC: https://news.google.com/rss/search?q=%22Oil+%26+Natural+Gas+Corporation+Ltd.%22+NSE+when:10d&hl=en-IN&gl=IN&ceid=IN:en
2026-05-07 12:48:07,185 | INFO | News RSS status for ONGC: 200
2026-05-07 12:48:07,187 | INFO | News RSS query for ONGC: https://news.google.com/rss/search?q=%22Oil+%26+Natural+Gas+Corporation+Ltd.%22+stock+when:10d&hl=en-IN&gl=IN&ceid=IN:en
2026-05-07 12:48:07,432 | INFO | News RSS status for ONGC: 200
2026-05-07 12:48:08,072 | INFO | News RSS query for PFC: https://news.google.com/rss/search?q=%22Power+Finance+Corporation+Ltd.%22+NSE+when:10d&hl=en-IN&gl=IN&ceid=IN:en
2026-05-07 12:48:08,282 | INFO | News RSS status for PFC: 200
2026-05-07 12:48:10,059 | INFO | News RSS query for POWERGRID: https://news.google.com/rss/search?q=%22Power+Grid+Corporation+of+India+Ltd.%22+NSE+when:10d&hl=en-IN&gl=IN&ceid=IN:en
2026-05-07 12:48:10,419 | INFO | News RSS status for POWERGRID: 200
2026-05-07 12:48:11,641 | INFO | News RSS query for RELIANCE: https://news.google.com/rss/search?q=%22Reliance+Industries+Ltd.%22+NSE+when:10d&hl=en-IN&gl=IN&ceid=IN:en
2026-05-07 12:48:11,912 | INFO | News RSS status for RELIANCE: 200
2026-05-07 12:48:13,138 | INFO | News RSS query for SBIN: https://news.google.com/rss/search?q=%22State+Bank+of+India%22+NSE+when:10d&hl=en-IN&gl=IN&ceid=IN:en
2026-05-07 12:48:13,435 | INFO | News RSS status for SBIN: 200
2026-05-07 12:48:14,620 | INFO | News RSS query for SHRIRAMFIN: https://news.google.com/rss/search?q=%22Shriram+Finance+Ltd.%22+NSE+when:10d&hl=en-IN&gl=IN&ceid=IN:en
2026-05-07 12:48:14,852 | INFO | News RSS status for SHRIRAMFIN: 200
2026-05-07 12:48:15,491 | INFO | News RSS query for SIEMENS: https://news.google.com/rss/search?q=%22Siemens+Ltd.%22+NSE+when:10d&hl=en-IN&gl=IN&ceid=IN:en
2026-05-07 12:48:15,715 | INFO | News RSS status for SIEMENS: 200
2026-05-07 12:48:15,716 | INFO | News RSS query for SIEMENS: https://news.google.com/rss/search?q=%22Siemens+Ltd.%22+stock+when:10d&hl=en-IN&gl=IN&ceid=IN:en
2026-05-07 12:48:15,919 | INFO | News RSS status for SIEMENS: 200
2026-05-07 12:48:16,566 | INFO | News RSS query for SOLARINDS: https://news.google.com/rss/search?q=%22Solar+Industries+India+Ltd.%22+NSE+when:10d&hl=en-IN&gl=IN&ceid=IN:en
2026-05-07 12:48:16,774 | INFO | News RSS status for SOLARINDS: 200
2026-05-07 12:48:16,778 | INFO | News RSS query for SOLARINDS: https://news.google.com/rss/search?q=%22Solar+Industries+India+Ltd.%22+stock+when:10d&hl=en-IN&gl=IN&ceid=IN:en
2026-05-07 12:48:17,006 | INFO | News RSS status for SOLARINDS: 200
2026-05-07 12:48:17,648 | INFO | News RSS query for SUNPHARMA: https://news.google.com/rss/search?q=%22Sun+Pharmaceutical+Industries+Ltd.%22+NSE+when:10d&hl=en-IN&gl=IN&ceid=IN:en
2026-05-07 12:48:17,952 | INFO | News RSS status for SUNPHARMA: 200
2026-05-07 12:48:17,958 | WARNING | Skipping TATACAP — only 139 bars available (need 220). Extend history_backfill_days in config.json to include this symbol.
2026-05-07 12:48:18,606 | INFO | News RSS query for TATACONSUM: https://news.google.com/rss/search?q=%22Tata+Consumer+Products+Ltd.%22+NSE+when:10d&hl=en-IN&gl=IN&ceid=IN:en
2026-05-07 12:48:18,821 | INFO | News RSS status for TATACONSUM: 200
2026-05-07 12:48:19,474 | INFO | News RSS query for TATAPOWER: https://news.google.com/rss/search?q=%22Tata+Power+Co.+Ltd.%22+NSE+when:10d&hl=en-IN&gl=IN&ceid=IN:en
2026-05-07 12:48:19,657 | INFO | News RSS status for TATAPOWER: 200
2026-05-07 12:48:19,658 | INFO | News RSS query for TATAPOWER: https://news.google.com/rss/search?q=%22Tata+Power+Co.+Ltd.%22+stock+when:10d&hl=en-IN&gl=IN&ceid=IN:en
2026-05-07 12:48:19,855 | INFO | News RSS status for TATAPOWER: 200
2026-05-07 12:48:19,858 | INFO | News RSS query for TATAPOWER: https://news.google.com/rss/search?q=TATAPOWER+NSE+when:10d&hl=en-IN&gl=IN&ceid=IN:en
2026-05-07 12:48:20,099 | INFO | News RSS status for TATAPOWER: 200
2026-05-07 12:48:20,740 | INFO | News RSS query for TATASTEEL: https://news.google.com/rss/search?q=%22Tata+Steel+Ltd.%22+NSE+when:10d&hl=en-IN&gl=IN&ceid=IN:en
2026-05-07 12:48:20,972 | INFO | News RSS status for TATASTEEL: 200
2026-05-07 12:48:22,747 | INFO | News RSS query for TITAN: https://news.google.com/rss/search?q=%22Titan+Company+Ltd.%22+NSE+when:10d&hl=en-IN&gl=IN&ceid=IN:en
2026-05-07 12:48:22,966 | INFO | News RSS status for TITAN: 200
2026-05-07 12:48:22,971 | WARNING | Skipping TMCV — only 119 bars available (need 220). Extend history_backfill_days in config.json to include this symbol.
2026-05-07 12:48:22,972 | WARNING | Skipping TMPV — only 136 bars available (need 220). Extend history_backfill_days in config.json to include this symbol.
2026-05-07 12:48:23,615 | INFO | News RSS query for TORNTPHARM: https://news.google.com/rss/search?q=%22Torrent+Pharmaceuticals+Ltd.%22+NSE+when:10d&hl=en-IN&gl=IN&ceid=IN:en
2026-05-07 12:48:23,824 | INFO | News RSS status for TORNTPHARM: 200
2026-05-07 12:48:23,826 | INFO | News RSS query for TORNTPHARM: https://news.google.com/rss/search?q=%22Torrent+Pharmaceuticals+Ltd.%22+stock+when:10d&hl=en-IN&gl=IN&ceid=IN:en
2026-05-07 12:48:24,074 | INFO | News RSS status for TORNTPHARM: 200
2026-05-07 12:48:28,822 | INFO | Index membership from cache: NIFTY 50 (50 symbols)
2026-05-07 12:48:28,822 | INFO | Index membership from cache: Nifty Next 50 (50 symbols)
2026-05-07 12:48:28,822 | INFO | Index membership ready: 100 symbols mapped
2026-05-07 12:48:28,822 | INFO | Market Health: fetching index OHLCV...
2026-05-07 12:48:28,825 | INFO | Index OHLCV cache fresh for NIFTY 50 (1372 rows)
2026-05-07 12:48:28,828 | INFO | Index OHLCV cache fresh for NIFTY NEXT 50 (1374 rows)
2026-05-07 12:48:28,828 | INFO | Market Health: fetching VIX...
2026-05-07 12:48:28,830 | INFO | VIX cache fresh (70 rows)
2026-05-07 12:48:28,830 | INFO | Market Health: updating breadth EMA cache...
2026-05-07 12:48:30,513 | INFO | Breadth EMA cache: 126763 total rows (+99)
2026-05-07 12:48:30,533 | INFO | Market Health [NIFTY 50]: Score=30.0 | Weak Bull &#x1F7E1;
2026-05-07 12:48:30,550 | INFO | Market Health [Nifty Next 50]: Score=30.0 | Weak Bull &#x1F7E1;
2026-05-07 12:48:30,599 | INFO | Signal log: appended 5 new signals. Total rows: 116
2026-05-07 12:48:30,599 | INFO | Signal log written/updated: /home/runner/work/nifty100-reporter/nifty100-reporter/data/nifty100_signal_log.csv
2026-05-07 12:48:31,039 | INFO | Signal tracker: updated 66 Active signal rows.
2026-05-07 12:48:31,055 | INFO | HTML report written: /home/runner/work/nifty100-reporter/nifty100-reporter/reports/nifty100_daily_report_20260507.html
2026-05-07 12:48:31,064 | INFO | Market Health Excel sheet written.
2026-05-07 12:48:31,360 | INFO | Excel report written: /home/runner/work/nifty100-reporter/nifty100-reporter/reports/nifty100_daily_report_20260507.xlsx
2026-05-07 12:48:31,360 | INFO | GitHub Actions detected — skipping Gmail API send (workflow handles email).
2026-05-07 12:48:31,360 | INFO | Run completed successfully.
2026-05-07 12:48:31,360 | INFO | Artifacts: /home/runner/work/nifty100-reporter/nifty100-reporter/reports/nifty100_daily_report_20260507.html | /home/runner/work/nifty100-reporter/nifty100-reporter/reports/nifty100_daily_report_20260507.xlsx | log: /home/runner/work/nifty100-reporter/nifty100-reporter/logs/run_20260507_181548.log
