2026-04-18 22:38:40,736 | INFO | Nifty 100 Daily EMA Cross Reporter | Version 3.3.8 | Released 2026-04-17
2026-04-18 22:38:40,736 | INFO | Base directory: /home/runner/work/nifty100-reporter/nifty100-reporter
2026-04-18 22:38:40,736 | INFO | Loaded config. Email enabled: True | Recipients: 1
2026-04-18 22:38:40,883 | WARNING | NSE session bootstrap HTTP 403 (attempt 1/5) — refreshing NSE session cookie …
2026-04-18 22:38:51,279 | WARNING | NSE session bootstrap HTTP 403 (attempt 2/5) — refreshing NSE session cookie …
2026-04-18 22:39:02,010 | WARNING | NSE session bootstrap HTTP 403 (attempt 3/5) — refreshing NSE session cookie …
2026-04-18 22:39:12,109 | WARNING | NSE session bootstrap HTTP 403 (attempt 4/5) — refreshing NSE session cookie …
2026-04-18 22:39:22,216 | INFO | NSE session bootstrap status: 403
2026-04-18 22:39:22,217 | INFO | Downloading Nifty 100 universe from https://www.niftyindices.com/IndexConstituent/ind_nifty100list.csv
2026-04-18 22:39:22,603 | INFO | Universe download status: 200
2026-04-18 22:39:22,608 | INFO | Universe rows loaded: 100
2026-04-18 22:39:22,716 | INFO | Loaded history rows: 125464
2026-04-18 22:39:22,724 | INFO | yfinance history update: 100 symbols | 2026-04-16 → 2026-04-20
2026-04-18 22:39:22,724 | INFO | yfinance batch download: 100 symbols | 2026-04-16 → 2026-04-20
2026-04-18 22:39:26,514 | INFO | yfinance raw shape: (2, 500)
2026-04-18 22:39:26,788 | INFO | yfinance parsed rows after date-filter: 200
2026-04-18 22:39:26,789 | INFO | New rows from yfinance: 200
2026-04-18 22:39:27,565 | INFO | Saved history rows: 125464 | file: /home/runner/work/nifty100-reporter/nifty100-reporter/data/nifty100_ohlcv_history.csv
2026-04-18 22:39:27,663 | INFO | Loaded history rows: 125464
2026-04-18 22:39:27,663 | INFO | Latest OHLCV data is from 2026-04-17
2026-04-18 22:39:27,689 | INFO | Latest Delivery data is from 2026-04-17
2026-04-18 22:39:27,734 | INFO | Delivery cache has 34 dates — skipping backfill.
2026-04-18 22:39:27,734 | INFO | Delivery fetch attempt [2/7] — URL: https://archives.nseindia.com/products/content/sec_bhavdata_full_17042026.csv
2026-04-18 22:39:28,200 | INFO | Delivery fetch SUCCESS — date: 2026-04-17 | size: 361601 bytes | URL: https://archives.nseindia.com/products/content/sec_bhavdata_full_17042026.csv
2026-04-18 22:39:28,537 | INFO | Delivery cache updated: 2403 symbols for 2026-04-17 (rows in cache: 82966)
2026-04-18 22:39:28,538 | INFO | Delivery data: 2403 symbols | fallback=False
2026-04-18 22:39:28,874 | INFO | Corporate actions bulk OK: 0 raw rows | 0 Nifty100 symbols with events
2026-04-18 22:40:00,270 | INFO | Corporate actions: 0/100 symbols have events (window 19-04-2026 to 19-05-2026) | Symbols: none
2026-04-18 22:40:00,270 | INFO | Index membership from cache: NIFTY 50 (50 symbols)
2026-04-18 22:40:00,270 | INFO | Index membership from cache: Nifty Next 50 (50 symbols)
2026-04-18 22:40:00,270 | INFO | Index membership ready: 100 symbols mapped
2026-04-18 22:40:00,704 | INFO | News RSS query for ABB: https://news.google.com/rss/search?q=%22ABB+India+Ltd.%22+NSE+when:10d&hl=en-IN&gl=IN&ceid=IN:en
2026-04-18 22:40:00,932 | INFO | News RSS status for ABB: 200
2026-04-18 22:40:01,180 | INFO | News RSS query for ADANIENSOL: https://news.google.com/rss/search?q=%22Adani+Energy+Solutions+Ltd.%22+NSE+when:10d&hl=en-IN&gl=IN&ceid=IN:en
2026-04-18 22:40:01,404 | INFO | News RSS status for ADANIENSOL: 200
2026-04-18 22:40:02,565 | INFO | News RSS query for ADANIPORTS: https://news.google.com/rss/search?q=%22Adani+Ports+and+Special+Economic+Zone+Ltd.%22+NSE+when:10d&hl=en-IN&gl=IN&ceid=IN:en
2026-04-18 22:40:02,763 | INFO | News RSS status for ADANIPORTS: 200
2026-04-18 22:40:02,828 | INFO | News RSS query for ADANIPORTS: https://news.google.com/rss/search?q=%22Adani+Ports+and+Special+Economic+Zone+Ltd.%22+NSE+when:10d&hl=en-IN&gl=IN&ceid=IN:en
2026-04-18 22:40:02,832 | INFO | News RSS status for ADANIPORTS: 200
2026-04-18 22:40:02,932 | INFO | News RSS query for ADANIPORTS: https://news.google.com/rss/search?q=%22Adani+Ports+and+Special+Economic+Zone+Ltd.%22+NSE+when:10d&hl=en-IN&gl=IN&ceid=IN:en
2026-04-18 22:40:02,937 | INFO | News RSS status for ADANIPORTS: 200
2026-04-18 22:40:03,368 | INFO | News RSS query for ADANIPOWER: https://news.google.com/rss/search?q=%22Adani+Power+Ltd.%22+NSE+when:10d&hl=en-IN&gl=IN&ceid=IN:en
2026-04-18 22:40:03,573 | INFO | News RSS status for ADANIPOWER: 200
2026-04-18 22:40:04,362 | INFO | News RSS query for APOLLOHOSP: https://news.google.com/rss/search?q=%22Apollo+Hospitals+Enterprise+Ltd.%22+NSE+when:10d&hl=en-IN&gl=IN&ceid=IN:en
2026-04-18 22:40:04,681 | INFO | News RSS status for APOLLOHOSP: 200
2026-04-18 22:40:04,683 | INFO | News RSS query for APOLLOHOSP: https://news.google.com/rss/search?q=%22Apollo+Hospitals+Enterprise+Ltd.%22+stock+when:10d&hl=en-IN&gl=IN&ceid=IN:en
2026-04-18 22:40:04,912 | INFO | News RSS status for APOLLOHOSP: 200
2026-04-18 22:40:05,699 | INFO | News RSS query for AXISBANK: https://news.google.com/rss/search?q=%22Axis+Bank+Ltd.%22+NSE+when:10d&hl=en-IN&gl=IN&ceid=IN:en
2026-04-18 22:40:05,929 | INFO | News RSS status for AXISBANK: 200
2026-04-18 22:40:05,995 | INFO | News RSS query for AXISBANK: https://news.google.com/rss/search?q=%22Axis+Bank+Ltd.%22+NSE+when:10d&hl=en-IN&gl=IN&ceid=IN:en
2026-04-18 22:40:06,000 | INFO | News RSS status for AXISBANK: 200
2026-04-18 22:40:06,424 | INFO | News RSS query for BAJAJ-AUTO: https://news.google.com/rss/search?q=%22Bajaj+Auto+Ltd.%22+NSE+when:10d&hl=en-IN&gl=IN&ceid=IN:en
2026-04-18 22:40:06,631 | INFO | News RSS status for BAJAJ-AUTO: 200
2026-04-18 22:40:06,696 | INFO | News RSS query for BAJAJ-AUTO: https://news.google.com/rss/search?q=%22Bajaj+Auto+Ltd.%22+NSE+when:10d&hl=en-IN&gl=IN&ceid=IN:en
2026-04-18 22:40:06,700 | INFO | News RSS status for BAJAJ-AUTO: 200
2026-04-18 22:40:08,576 | INFO | News RSS query for BEL: https://news.google.com/rss/search?q=%22Bharat+Electronics+Ltd.%22+NSE+when:10d&hl=en-IN&gl=IN&ceid=IN:en
2026-04-18 22:40:08,820 | INFO | News RSS status for BEL: 200
2026-04-18 22:40:09,616 | INFO | News RSS query for BOSCHLTD: https://news.google.com/rss/search?q=%22Bosch+Ltd.%22+NSE+when:10d&hl=en-IN&gl=IN&ceid=IN:en
2026-04-18 22:40:09,847 | INFO | News RSS status for BOSCHLTD: 200
2026-04-18 22:40:11,368 | INFO | News RSS query for CGPOWER: https://news.google.com/rss/search?q=%22CG+Power+and+Industrial+Solutions+Ltd.%22+NSE+when:10d&hl=en-IN&gl=IN&ceid=IN:en
2026-04-18 22:40:11,572 | INFO | News RSS status for CGPOWER: 200
2026-04-18 22:40:13,093 | INFO | News RSS query for CUMMINSIND: https://news.google.com/rss/search?q=%22Cummins+India+Ltd.%22+NSE+when:10d&hl=en-IN&gl=IN&ceid=IN:en
2026-04-18 22:40:13,316 | INFO | News RSS status for CUMMINSIND: 200
2026-04-18 22:40:13,318 | INFO | News RSS query for CUMMINSIND: https://news.google.com/rss/search?q=%22Cummins+India+Ltd.%22+stock+when:10d&hl=en-IN&gl=IN&ceid=IN:en
2026-04-18 22:40:13,569 | INFO | News RSS status for CUMMINSIND: 200
2026-04-18 22:40:14,724 | INFO | News RSS query for DMART: https://news.google.com/rss/search?q=%22Avenue+Supermarts+Ltd.%22+NSE+when:10d&hl=en-IN&gl=IN&ceid=IN:en
2026-04-18 22:40:14,933 | INFO | News RSS status for DMART: 200
2026-04-18 22:40:14,934 | INFO | News RSS query for DMART: https://news.google.com/rss/search?q=%22Avenue+Supermarts+Ltd.%22+stock+when:10d&hl=en-IN&gl=IN&ceid=IN:en
2026-04-18 22:40:15,143 | INFO | News RSS status for DMART: 200
2026-04-18 22:40:15,208 | INFO | News RSS query for DMART: https://news.google.com/rss/search?q=%22Avenue+Supermarts+Ltd.%22+NSE+when:10d&hl=en-IN&gl=IN&ceid=IN:en
2026-04-18 22:40:15,212 | INFO | News RSS status for DMART: 200
2026-04-18 22:40:15,213 | INFO | News RSS query for DMART: https://news.google.com/rss/search?q=%22Avenue+Supermarts+Ltd.%22+stock+when:10d&hl=en-IN&gl=IN&ceid=IN:en
2026-04-18 22:40:15,217 | INFO | News RSS status for DMART: 200
2026-04-18 22:40:15,955 | WARNING | Skipping ENRIN — only 203 bars available (need 220). Extend history_backfill_days in config.json to include this symbol.
2026-04-18 22:40:19,608 | INFO | News RSS query for HINDALCO: https://news.google.com/rss/search?q=%22Hindalco+Industries+Ltd.%22+NSE+when:10d&hl=en-IN&gl=IN&ceid=IN:en
2026-04-18 22:40:19,889 | INFO | News RSS status for HINDALCO: 200
2026-04-18 22:40:19,892 | INFO | News RSS query for HINDALCO: https://news.google.com/rss/search?q=%22Hindalco+Industries+Ltd.%22+stock+when:10d&hl=en-IN&gl=IN&ceid=IN:en
2026-04-18 22:40:20,155 | INFO | News RSS status for HINDALCO: 200
2026-04-18 22:40:20,582 | INFO | News RSS query for HINDUNILVR: https://news.google.com/rss/search?q=%22Hindustan+Unilever+Ltd.%22+NSE+when:10d&hl=en-IN&gl=IN&ceid=IN:en
2026-04-18 22:40:20,807 | INFO | News RSS status for HINDUNILVR: 200
2026-04-18 22:40:23,881 | INFO | News RSS query for ITC: https://news.google.com/rss/search?q=%22ITC+Ltd.%22+NSE+when:10d&hl=en-IN&gl=IN&ceid=IN:en
2026-04-18 22:40:24,078 | INFO | News RSS status for ITC: 200
2026-04-18 22:40:24,510 | INFO | News RSS query for JINDALSTEL: https://news.google.com/rss/search?q=%22Jindal+Steel+Ltd.%22+NSE+when:10d&hl=en-IN&gl=IN&ceid=IN:en
2026-04-18 22:40:24,701 | INFO | News RSS status for JINDALSTEL: 200
2026-04-18 22:40:24,704 | INFO | News RSS query for JINDALSTEL: https://news.google.com/rss/search?q=%22Jindal+Steel+Ltd.%22+stock+when:10d&hl=en-IN&gl=IN&ceid=IN:en
2026-04-18 22:40:24,904 | INFO | News RSS status for JINDALSTEL: 200
2026-04-18 22:40:25,146 | INFO | News RSS query for JIOFIN: https://news.google.com/rss/search?q=%22Jio+Financial+Services+Ltd.%22+NSE+when:10d&hl=en-IN&gl=IN&ceid=IN:en
2026-04-18 22:40:25,392 | INFO | News RSS status for JIOFIN: 200
2026-04-18 22:40:25,823 | INFO | News RSS query for JSWSTEEL: https://news.google.com/rss/search?q=%22JSW+Steel+Ltd.%22+NSE+when:10d&hl=en-IN&gl=IN&ceid=IN:en
2026-04-18 22:40:26,061 | INFO | News RSS status for JSWSTEEL: 200
2026-04-18 22:40:26,126 | INFO | News RSS query for JSWSTEEL: https://news.google.com/rss/search?q=%22JSW+Steel+Ltd.%22+NSE+when:10d&hl=en-IN&gl=IN&ceid=IN:en
2026-04-18 22:40:26,131 | INFO | News RSS status for JSWSTEEL: 200
2026-04-18 22:40:26,194 | INFO | News RSS query for JSWSTEEL: https://news.google.com/rss/search?q=%22JSW+Steel+Ltd.%22+NSE+when:10d&hl=en-IN&gl=IN&ceid=IN:en
2026-04-18 22:40:26,198 | INFO | News RSS status for JSWSTEEL: 200
2026-04-18 22:40:26,963 | INFO | News RSS query for LODHA: https://news.google.com/rss/search?q=%22Lodha+Developers+Ltd.%22+NSE+when:10d&hl=en-IN&gl=IN&ceid=IN:en
2026-04-18 22:40:27,162 | INFO | News RSS status for LODHA: 200
2026-04-18 22:40:27,162 | INFO | News RSS query for LODHA: https://news.google.com/rss/search?q=%22Lodha+Developers+Ltd.%22+stock+when:10d&hl=en-IN&gl=IN&ceid=IN:en
2026-04-18 22:40:27,401 | INFO | News RSS status for LODHA: 200
2026-04-18 22:40:27,769 | WARNING | Skipping LTM — only 38 bars available (need 220). Extend history_backfill_days in config.json to include this symbol.
2026-04-18 22:40:28,556 | INFO | News RSS query for MARUTI: https://news.google.com/rss/search?q=%22Maruti+Suzuki+India+Ltd.%22+NSE+when:10d&hl=en-IN&gl=IN&ceid=IN:en
2026-04-18 22:40:28,801 | INFO | News RSS status for MARUTI: 200
2026-04-18 22:40:31,057 | INFO | News RSS query for NTPC: https://news.google.com/rss/search?q=%22NTPC+Ltd.%22+NSE+when:10d&hl=en-IN&gl=IN&ceid=IN:en
2026-04-18 22:40:31,303 | INFO | News RSS status for NTPC: 200
2026-04-18 22:40:31,306 | INFO | News RSS query for NTPC: https://news.google.com/rss/search?q=%22NTPC+Ltd.%22+stock+when:10d&hl=en-IN&gl=IN&ceid=IN:en
2026-04-18 22:40:31,563 | INFO | News RSS status for NTPC: 200
2026-04-18 22:40:31,992 | INFO | News RSS query for ONGC: https://news.google.com/rss/search?q=%22Oil+%26+Natural+Gas+Corporation+Ltd.%22+NSE+when:10d&hl=en-IN&gl=IN&ceid=IN:en
2026-04-18 22:40:32,177 | INFO | News RSS status for ONGC: 200
2026-04-18 22:40:32,177 | INFO | News RSS query for ONGC: https://news.google.com/rss/search?q=%22Oil+%26+Natural+Gas+Corporation+Ltd.%22+stock+when:10d&hl=en-IN&gl=IN&ceid=IN:en
2026-04-18 22:40:32,426 | INFO | News RSS status for ONGC: 200
2026-04-18 22:40:32,493 | INFO | News RSS query for ONGC: https://news.google.com/rss/search?q=%22Oil+%26+Natural+Gas+Corporation+Ltd.%22+NSE+when:10d&hl=en-IN&gl=IN&ceid=IN:en
2026-04-18 22:40:32,497 | INFO | News RSS status for ONGC: 200
2026-04-18 22:40:32,497 | INFO | News RSS query for ONGC: https://news.google.com/rss/search?q=%22Oil+%26+Natural+Gas+Corporation+Ltd.%22+stock+when:10d&hl=en-IN&gl=IN&ceid=IN:en
2026-04-18 22:40:32,501 | INFO | News RSS status for ONGC: 200
2026-04-18 22:40:32,926 | INFO | News RSS query for PFC: https://news.google.com/rss/search?q=%22Power+Finance+Corporation+Ltd.%22+NSE+when:10d&hl=en-IN&gl=IN&ceid=IN:en
2026-04-18 22:40:33,183 | INFO | News RSS status for PFC: 200
2026-04-18 22:40:33,185 | INFO | News RSS query for PFC: https://news.google.com/rss/search?q=%22Power+Finance+Corporation+Ltd.%22+stock+when:10d&hl=en-IN&gl=IN&ceid=IN:en
2026-04-18 22:40:33,462 | INFO | News RSS status for PFC: 200
2026-04-18 22:40:34,613 | INFO | News RSS query for POWERGRID: https://news.google.com/rss/search?q=%22Power+Grid+Corporation+of+India+Ltd.%22+NSE+when:10d&hl=en-IN&gl=IN&ceid=IN:en
2026-04-18 22:40:34,867 | INFO | News RSS status for POWERGRID: 200
2026-04-18 22:40:37,112 | INFO | News RSS query for SHRIRAMFIN: https://news.google.com/rss/search?q=%22Shriram+Finance+Ltd.%22+NSE+when:10d&hl=en-IN&gl=IN&ceid=IN:en
2026-04-18 22:40:37,354 | INFO | News RSS status for SHRIRAMFIN: 200
2026-04-18 22:40:37,420 | INFO | News RSS query for SHRIRAMFIN: https://news.google.com/rss/search?q=%22Shriram+Finance+Ltd.%22+NSE+when:10d&hl=en-IN&gl=IN&ceid=IN:en
2026-04-18 22:40:37,424 | INFO | News RSS status for SHRIRAMFIN: 200
2026-04-18 22:40:37,488 | INFO | News RSS query for SHRIRAMFIN: https://news.google.com/rss/search?q=%22Shriram+Finance+Ltd.%22+NSE+when:10d&hl=en-IN&gl=IN&ceid=IN:en
2026-04-18 22:40:37,492 | INFO | News RSS status for SHRIRAMFIN: 200
2026-04-18 22:40:37,919 | INFO | News RSS query for SIEMENS: https://news.google.com/rss/search?q=%22Siemens+Ltd.%22+NSE+when:10d&hl=en-IN&gl=IN&ceid=IN:en
2026-04-18 22:40:38,115 | INFO | News RSS status for SIEMENS: 200
2026-04-18 22:40:38,118 | INFO | News RSS query for SIEMENS: https://news.google.com/rss/search?q=%22Siemens+Ltd.%22+stock+when:10d&hl=en-IN&gl=IN&ceid=IN:en
2026-04-18 22:40:38,348 | INFO | News RSS status for SIEMENS: 200
2026-04-18 22:40:38,772 | INFO | News RSS query for SOLARINDS: https://news.google.com/rss/search?q=%22Solar+Industries+India+Ltd.%22+NSE+when:10d&hl=en-IN&gl=IN&ceid=IN:en
2026-04-18 22:40:38,985 | INFO | News RSS status for SOLARINDS: 200
2026-04-18 22:40:39,354 | WARNING | Skipping TATACAP — only 126 bars available (need 220). Extend history_backfill_days in config.json to include this symbol.
2026-04-18 22:40:40,142 | INFO | News RSS query for TATAPOWER: https://news.google.com/rss/search?q=%22Tata+Power+Co.+Ltd.%22+NSE+when:10d&hl=en-IN&gl=IN&ceid=IN:en
2026-04-18 22:40:40,347 | INFO | News RSS status for TATAPOWER: 200
2026-04-18 22:40:40,348 | INFO | News RSS query for TATAPOWER: https://news.google.com/rss/search?q=%22Tata+Power+Co.+Ltd.%22+stock+when:10d&hl=en-IN&gl=IN&ceid=IN:en
2026-04-18 22:40:40,647 | INFO | News RSS status for TATAPOWER: 200
2026-04-18 22:40:41,077 | INFO | News RSS query for TATASTEEL: https://news.google.com/rss/search?q=%22Tata+Steel+Ltd.%22+NSE+when:10d&hl=en-IN&gl=IN&ceid=IN:en
2026-04-18 22:40:41,352 | INFO | News RSS status for TATASTEEL: 200
2026-04-18 22:40:41,355 | INFO | News RSS query for TATASTEEL: https://news.google.com/rss/search?q=%22Tata+Steel+Ltd.%22+stock+when:10d&hl=en-IN&gl=IN&ceid=IN:en
2026-04-18 22:40:41,620 | INFO | News RSS status for TATASTEEL: 200
2026-04-18 22:40:42,773 | INFO | News RSS query for TITAN: https://news.google.com/rss/search?q=%22Titan+Company+Ltd.%22+NSE+when:10d&hl=en-IN&gl=IN&ceid=IN:en
2026-04-18 22:40:42,978 | INFO | News RSS status for TITAN: 200
2026-04-18 22:40:42,983 | WARNING | Skipping TMCV — only 106 bars available (need 220). Extend history_backfill_days in config.json to include this symbol.
2026-04-18 22:40:42,983 | WARNING | Skipping TMPV — only 123 bars available (need 220). Extend history_backfill_days in config.json to include this symbol.
2026-04-18 22:40:44,862 | INFO | News RSS query for UNIONBANK: https://news.google.com/rss/search?q=%22Union+Bank+of+India%22+NSE+when:10d&hl=en-IN&gl=IN&ceid=IN:en
2026-04-18 22:40:46,005 | INFO | News RSS status for UNIONBANK: 200
2026-04-18 22:40:46,005 | INFO | News RSS query for UNIONBANK: https://news.google.com/rss/search?q=%22Union+Bank+of+India%22+stock+when:10d&hl=en-IN&gl=IN&ceid=IN:en
2026-04-18 22:40:46,309 | INFO | News RSS status for UNIONBANK: 200
2026-04-18 22:40:47,233 | INFO | News RSS query for VEDL: https://news.google.com/rss/search?q=%22Vedanta+Ltd.%22+NSE+when:10d&hl=en-IN&gl=IN&ceid=IN:en
2026-04-18 22:40:47,442 | INFO | News RSS status for VEDL: 200
2026-04-18 22:40:48,235 | INFO | News RSS query for ZYDUSLIFE: https://news.google.com/rss/search?q=%22Zydus+Lifesciences+Ltd.%22+NSE+when:10d&hl=en-IN&gl=IN&ceid=IN:en
2026-04-18 22:40:48,429 | INFO | News RSS status for ZYDUSLIFE: 200
2026-04-18 22:40:48,432 | INFO | News RSS query for ZYDUSLIFE: https://news.google.com/rss/search?q=%22Zydus+Lifesciences+Ltd.%22+stock+when:10d&hl=en-IN&gl=IN&ceid=IN:en
2026-04-18 22:40:48,641 | INFO | News RSS status for ZYDUSLIFE: 200
2026-04-18 22:40:48,651 | INFO | Index membership from cache: NIFTY 50 (50 symbols)
2026-04-18 22:40:48,652 | INFO | Index membership from cache: Nifty Next 50 (50 symbols)
2026-04-18 22:40:48,652 | INFO | Index membership ready: 100 symbols mapped
2026-04-18 22:40:48,652 | INFO | Market Health: fetching index OHLCV...
2026-04-18 22:40:48,654 | INFO | Index OHLCV cache fresh for NIFTY 50 (1362 rows)
2026-04-18 22:40:48,657 | INFO | Index OHLCV cache fresh for NIFTY NEXT 50 (1362 rows)
2026-04-18 22:40:48,657 | INFO | Market Health: fetching VIX...
2026-04-18 22:40:48,658 | INFO | VIX cache fresh (60 rows)
2026-04-18 22:40:48,658 | INFO | Market Health: updating breadth EMA cache...
2026-04-18 22:40:49,862 | INFO | Market Health [NIFTY 50]: Score=32.0 | Weak Bull &#x1F7E1;
2026-04-18 22:40:49,878 | INFO | Market Health [Nifty Next 50]: Score=48.0 | Weak Bull &#x1F7E1;
2026-04-18 22:40:49,962 | INFO | Signal log: skipping new signal insertion — 2026-04-19 is a weekend.
2026-04-18 22:40:50,100 | INFO | Signal tracker: updated 17 Active signal rows.
2026-04-18 22:40:50,116 | INFO | HTML report written: /home/runner/work/nifty100-reporter/nifty100-reporter/reports/nifty100_daily_report_20260419.html
2026-04-18 22:40:50,124 | INFO | Market Health Excel sheet written.
2026-04-18 22:40:50,219 | INFO | Excel report written: /home/runner/work/nifty100-reporter/nifty100-reporter/reports/nifty100_daily_report_20260419.xlsx
2026-04-18 22:40:50,219 | INFO | GitHub Actions detected — skipping Gmail API send (workflow handles email).
2026-04-18 22:40:50,219 | INFO | Run completed successfully.
2026-04-18 22:40:50,219 | INFO | Artifacts: /home/runner/work/nifty100-reporter/nifty100-reporter/reports/nifty100_daily_report_20260419.html | /home/runner/work/nifty100-reporter/nifty100-reporter/reports/nifty100_daily_report_20260419.xlsx | log: /home/runner/work/nifty100-reporter/nifty100-reporter/logs/run_20260419_040840.log
