2026-04-19 08:59:54,176 | INFO | Nifty 100 Daily EMA Cross Reporter | Version 3.3.8 | Released 2026-04-17
2026-04-19 08:59:54,176 | INFO | Base directory: /home/runner/work/nifty100-reporter/nifty100-reporter
2026-04-19 08:59:54,176 | INFO | Loaded config. Email enabled: True | Recipients: 1
2026-04-19 08:59:54,229 | WARNING | NSE session bootstrap HTTP 403 (attempt 1/5) — refreshing NSE session cookie …
2026-04-19 09:00:04,523 | WARNING | NSE session bootstrap HTTP 403 (attempt 2/5) — refreshing NSE session cookie …
2026-04-19 09:00:14,629 | WARNING | NSE session bootstrap HTTP 403 (attempt 3/5) — refreshing NSE session cookie …
2026-04-19 09:00:24,742 | WARNING | NSE session bootstrap HTTP 403 (attempt 4/5) — refreshing NSE session cookie …
2026-04-19 09:00:34,885 | INFO | NSE session bootstrap status: 403
2026-04-19 09:00:34,886 | INFO | Downloading Nifty 100 universe from https://www.niftyindices.com/IndexConstituent/ind_nifty100list.csv
2026-04-19 09:00:35,299 | INFO | Universe download status: 200
2026-04-19 09:00:35,304 | INFO | Universe rows loaded: 100
2026-04-19 09:00:35,407 | INFO | Loaded history rows: 125464
2026-04-19 09:00:35,414 | INFO | yfinance history update: 100 symbols | 2026-04-16 → 2026-04-20
2026-04-19 09:00:35,414 | INFO | yfinance batch download: 100 symbols | 2026-04-16 → 2026-04-20
2026-04-19 09:00:40,241 | INFO | yfinance raw shape: (2, 500)
2026-04-19 09:00:40,567 | INFO | yfinance parsed rows after date-filter: 200
2026-04-19 09:00:40,568 | INFO | New rows from yfinance: 200
2026-04-19 09:00:41,326 | INFO | Saved history rows: 125464 | file: /home/runner/work/nifty100-reporter/nifty100-reporter/data/nifty100_ohlcv_history.csv
2026-04-19 09:00:41,431 | INFO | Loaded history rows: 125464
2026-04-19 09:00:41,432 | INFO | Latest OHLCV data is from 2026-04-17
2026-04-19 09:00:41,459 | INFO | Latest Delivery data is from 2026-04-17
2026-04-19 09:00:41,503 | INFO | Delivery cache has 34 dates — skipping backfill.
2026-04-19 09:00:41,503 | INFO | Delivery fetch attempt [2/7] — URL: https://archives.nseindia.com/products/content/sec_bhavdata_full_17042026.csv
2026-04-19 09:00:42,575 | INFO | Delivery fetch SUCCESS — date: 2026-04-17 | size: 361601 bytes | URL: https://archives.nseindia.com/products/content/sec_bhavdata_full_17042026.csv
2026-04-19 09:00:42,920 | INFO | Delivery cache updated: 2403 symbols for 2026-04-17 (rows in cache: 82966)
2026-04-19 09:00:42,921 | INFO | Delivery data: 2403 symbols | fallback=False
2026-04-19 09:00:43,488 | INFO | Corporate actions bulk OK: 8 raw rows | 1 Nifty100 symbols with events
2026-04-19 09:01:18,861 | INFO | Corporate actions: 1/100 symbols have events (window 19-04-2026 to 19-05-2026) | Symbols: ABB
2026-04-19 09:01:18,861 | INFO | Index membership from cache: NIFTY 50 (50 symbols)
2026-04-19 09:01:18,861 | INFO | Index membership from cache: Nifty Next 50 (50 symbols)
2026-04-19 09:01:18,862 | INFO | Index membership ready: 100 symbols mapped
2026-04-19 09:01:19,483 | INFO | News RSS query for ABB: https://news.google.com/rss/search?q=%22ABB+India+Ltd.%22+NSE+when:10d&hl=en-IN&gl=IN&ceid=IN:en
2026-04-19 09:01:19,780 | INFO | News RSS status for ABB: 200
2026-04-19 09:01:20,124 | INFO | News RSS query for ADANIENSOL: https://news.google.com/rss/search?q=%22Adani+Energy+Solutions+Ltd.%22+NSE+when:10d&hl=en-IN&gl=IN&ceid=IN:en
2026-04-19 09:01:20,326 | INFO | News RSS status for ADANIENSOL: 200
2026-04-19 09:01:22,079 | INFO | News RSS query for ADANIPORTS: https://news.google.com/rss/search?q=%22Adani+Ports+and+Special+Economic+Zone+Ltd.%22+NSE+when:10d&hl=en-IN&gl=IN&ceid=IN:en
2026-04-19 09:01:22,280 | INFO | News RSS status for ADANIPORTS: 200
2026-04-19 09:01:22,349 | INFO | News RSS query for ADANIPORTS: https://news.google.com/rss/search?q=%22Adani+Ports+and+Special+Economic+Zone+Ltd.%22+NSE+when:10d&hl=en-IN&gl=IN&ceid=IN:en
2026-04-19 09:01:22,353 | INFO | News RSS status for ADANIPORTS: 200
2026-04-19 09:01:22,421 | INFO | News RSS query for ADANIPORTS: https://news.google.com/rss/search?q=%22Adani+Ports+and+Special+Economic+Zone+Ltd.%22+NSE+when:10d&hl=en-IN&gl=IN&ceid=IN:en
2026-04-19 09:01:22,425 | INFO | News RSS status for ADANIPORTS: 200
2026-04-19 09:01:23,026 | INFO | News RSS query for ADANIPOWER: https://news.google.com/rss/search?q=%22Adani+Power+Ltd.%22+NSE+when:10d&hl=en-IN&gl=IN&ceid=IN:en
2026-04-19 09:01:23,439 | INFO | News RSS status for ADANIPOWER: 200
2026-04-19 09:01:24,584 | INFO | News RSS query for APOLLOHOSP: https://news.google.com/rss/search?q=%22Apollo+Hospitals+Enterprise+Ltd.%22+NSE+when:10d&hl=en-IN&gl=IN&ceid=IN:en
2026-04-19 09:01:24,753 | INFO | News RSS status for APOLLOHOSP: 200
2026-04-19 09:01:25,906 | INFO | News RSS query for AXISBANK: https://news.google.com/rss/search?q=%22Axis+Bank+Ltd.%22+NSE+when:10d&hl=en-IN&gl=IN&ceid=IN:en
2026-04-19 09:01:26,163 | INFO | News RSS status for AXISBANK: 200
2026-04-19 09:01:26,233 | INFO | News RSS query for AXISBANK: https://news.google.com/rss/search?q=%22Axis+Bank+Ltd.%22+NSE+when:10d&hl=en-IN&gl=IN&ceid=IN:en
2026-04-19 09:01:26,237 | INFO | News RSS status for AXISBANK: 200
2026-04-19 09:01:26,849 | INFO | News RSS query for BAJAJ-AUTO: https://news.google.com/rss/search?q=%22Bajaj+Auto+Ltd.%22+NSE+when:10d&hl=en-IN&gl=IN&ceid=IN:en
2026-04-19 09:01:27,064 | INFO | News RSS status for BAJAJ-AUTO: 200
2026-04-19 09:01:27,133 | INFO | News RSS query for BAJAJ-AUTO: https://news.google.com/rss/search?q=%22Bajaj+Auto+Ltd.%22+NSE+when:10d&hl=en-IN&gl=IN&ceid=IN:en
2026-04-19 09:01:27,137 | INFO | News RSS status for BAJAJ-AUTO: 200
2026-04-19 09:01:29,944 | INFO | News RSS query for BEL: https://news.google.com/rss/search?q=%22Bharat+Electronics+Ltd.%22+NSE+when:10d&hl=en-IN&gl=IN&ceid=IN:en
2026-04-19 09:01:30,192 | INFO | News RSS status for BEL: 200
2026-04-19 09:01:31,356 | INFO | News RSS query for BOSCHLTD: https://news.google.com/rss/search?q=%22Bosch+Ltd.%22+NSE+when:10d&hl=en-IN&gl=IN&ceid=IN:en
2026-04-19 09:01:31,593 | INFO | News RSS status for BOSCHLTD: 200
2026-04-19 09:01:33,851 | INFO | News RSS query for CGPOWER: https://news.google.com/rss/search?q=%22CG+Power+and+Industrial+Solutions+Ltd.%22+NSE+when:10d&hl=en-IN&gl=IN&ceid=IN:en
2026-04-19 09:01:34,041 | INFO | News RSS status for CGPOWER: 200
2026-04-19 09:01:36,312 | INFO | News RSS query for CUMMINSIND: https://news.google.com/rss/search?q=%22Cummins+India+Ltd.%22+NSE+when:10d&hl=en-IN&gl=IN&ceid=IN:en
2026-04-19 09:01:36,505 | INFO | News RSS status for CUMMINSIND: 200
2026-04-19 09:01:36,506 | INFO | News RSS query for CUMMINSIND: https://news.google.com/rss/search?q=%22Cummins+India+Ltd.%22+stock+when:10d&hl=en-IN&gl=IN&ceid=IN:en
2026-04-19 09:01:36,760 | INFO | News RSS status for CUMMINSIND: 200
2026-04-19 09:01:38,446 | INFO | News RSS query for DMART: https://news.google.com/rss/search?q=%22Avenue+Supermarts+Ltd.%22+NSE+when:10d&hl=en-IN&gl=IN&ceid=IN:en
2026-04-19 09:01:38,638 | INFO | News RSS status for DMART: 200
2026-04-19 09:01:38,639 | INFO | News RSS query for DMART: https://news.google.com/rss/search?q=%22Avenue+Supermarts+Ltd.%22+stock+when:10d&hl=en-IN&gl=IN&ceid=IN:en
2026-04-19 09:01:38,868 | INFO | News RSS status for DMART: 200
2026-04-19 09:01:38,936 | INFO | News RSS query for DMART: https://news.google.com/rss/search?q=%22Avenue+Supermarts+Ltd.%22+NSE+when:10d&hl=en-IN&gl=IN&ceid=IN:en
2026-04-19 09:01:38,940 | INFO | News RSS status for DMART: 200
2026-04-19 09:01:38,941 | INFO | News RSS query for DMART: https://news.google.com/rss/search?q=%22Avenue+Supermarts+Ltd.%22+stock+when:10d&hl=en-IN&gl=IN&ceid=IN:en
2026-04-19 09:01:38,945 | INFO | News RSS status for DMART: 200
2026-04-19 09:01:40,044 | WARNING | Skipping ENRIN — only 203 bars available (need 220). Extend history_backfill_days in config.json to include this symbol.
2026-04-19 09:01:45,500 | INFO | News RSS query for HINDALCO: https://news.google.com/rss/search?q=%22Hindalco+Industries+Ltd.%22+NSE+when:10d&hl=en-IN&gl=IN&ceid=IN:en
2026-04-19 09:01:45,715 | INFO | News RSS status for HINDALCO: 200
2026-04-19 09:01:46,322 | INFO | News RSS query for HINDUNILVR: https://news.google.com/rss/search?q=%22Hindustan+Unilever+Ltd.%22+NSE+when:10d&hl=en-IN&gl=IN&ceid=IN:en
2026-04-19 09:01:46,527 | INFO | News RSS status for HINDUNILVR: 200
2026-04-19 09:01:51,122 | INFO | News RSS query for ITC: https://news.google.com/rss/search?q=%22ITC+Ltd.%22+NSE+when:10d&hl=en-IN&gl=IN&ceid=IN:en
2026-04-19 09:01:51,361 | INFO | News RSS status for ITC: 200
2026-04-19 09:01:51,975 | INFO | News RSS query for JINDALSTEL: https://news.google.com/rss/search?q=%22Jindal+Steel+Ltd.%22+NSE+when:10d&hl=en-IN&gl=IN&ceid=IN:en
2026-04-19 09:01:52,201 | INFO | News RSS status for JINDALSTEL: 200
2026-04-19 09:01:52,539 | INFO | News RSS query for JIOFIN: https://news.google.com/rss/search?q=%22Jio+Financial+Services+Ltd.%22+NSE+when:10d&hl=en-IN&gl=IN&ceid=IN:en
2026-04-19 09:01:52,783 | INFO | News RSS status for JIOFIN: 200
2026-04-19 09:01:53,398 | INFO | News RSS query for JSWSTEEL: https://news.google.com/rss/search?q=%22JSW+Steel+Ltd.%22+NSE+when:10d&hl=en-IN&gl=IN&ceid=IN:en
2026-04-19 09:01:53,616 | INFO | News RSS status for JSWSTEEL: 200
2026-04-19 09:01:53,685 | INFO | News RSS query for JSWSTEEL: https://news.google.com/rss/search?q=%22JSW+Steel+Ltd.%22+NSE+when:10d&hl=en-IN&gl=IN&ceid=IN:en
2026-04-19 09:01:53,689 | INFO | News RSS status for JSWSTEEL: 200
2026-04-19 09:01:53,756 | INFO | News RSS query for JSWSTEEL: https://news.google.com/rss/search?q=%22JSW+Steel+Ltd.%22+NSE+when:10d&hl=en-IN&gl=IN&ceid=IN:en
2026-04-19 09:01:53,760 | INFO | News RSS status for JSWSTEEL: 200
2026-04-19 09:01:54,875 | INFO | News RSS query for LODHA: https://news.google.com/rss/search?q=%22Lodha+Developers+Ltd.%22+NSE+when:10d&hl=en-IN&gl=IN&ceid=IN:en
2026-04-19 09:01:55,059 | INFO | News RSS status for LODHA: 200
2026-04-19 09:01:55,059 | INFO | News RSS query for LODHA: https://news.google.com/rss/search?q=%22Lodha+Developers+Ltd.%22+stock+when:10d&hl=en-IN&gl=IN&ceid=IN:en
2026-04-19 09:01:55,239 | INFO | News RSS status for LODHA: 200
2026-04-19 09:01:55,787 | WARNING | Skipping LTM — only 38 bars available (need 220). Extend history_backfill_days in config.json to include this symbol.
2026-04-19 09:01:56,934 | INFO | News RSS query for MARUTI: https://news.google.com/rss/search?q=%22Maruti+Suzuki+India+Ltd.%22+NSE+when:10d&hl=en-IN&gl=IN&ceid=IN:en
2026-04-19 09:01:57,167 | INFO | News RSS status for MARUTI: 200
2026-04-19 09:02:00,537 | INFO | News RSS query for NTPC: https://news.google.com/rss/search?q=%22NTPC+Ltd.%22+NSE+when:10d&hl=en-IN&gl=IN&ceid=IN:en
2026-04-19 09:02:00,740 | INFO | News RSS status for NTPC: 200
2026-04-19 09:02:00,742 | INFO | News RSS query for NTPC: https://news.google.com/rss/search?q=%22NTPC+Ltd.%22+stock+when:10d&hl=en-IN&gl=IN&ceid=IN:en
2026-04-19 09:02:00,968 | INFO | News RSS status for NTPC: 200
2026-04-19 09:02:01,583 | INFO | News RSS query for ONGC: https://news.google.com/rss/search?q=%22Oil+%26+Natural+Gas+Corporation+Ltd.%22+NSE+when:10d&hl=en-IN&gl=IN&ceid=IN:en
2026-04-19 09:02:01,759 | INFO | News RSS status for ONGC: 200
2026-04-19 09:02:01,761 | INFO | News RSS query for ONGC: https://news.google.com/rss/search?q=%22Oil+%26+Natural+Gas+Corporation+Ltd.%22+stock+when:10d&hl=en-IN&gl=IN&ceid=IN:en
2026-04-19 09:02:01,968 | INFO | News RSS status for ONGC: 200
2026-04-19 09:02:02,036 | INFO | News RSS query for ONGC: https://news.google.com/rss/search?q=%22Oil+%26+Natural+Gas+Corporation+Ltd.%22+NSE+when:10d&hl=en-IN&gl=IN&ceid=IN:en
2026-04-19 09:02:02,040 | INFO | News RSS status for ONGC: 200
2026-04-19 09:02:02,041 | INFO | News RSS query for ONGC: https://news.google.com/rss/search?q=%22Oil+%26+Natural+Gas+Corporation+Ltd.%22+stock+when:10d&hl=en-IN&gl=IN&ceid=IN:en
2026-04-19 09:02:02,045 | INFO | News RSS status for ONGC: 200
2026-04-19 09:02:02,664 | INFO | News RSS query for PFC: https://news.google.com/rss/search?q=%22Power+Finance+Corporation+Ltd.%22+NSE+when:10d&hl=en-IN&gl=IN&ceid=IN:en
2026-04-19 09:02:02,848 | INFO | News RSS status for PFC: 200
2026-04-19 09:02:02,851 | INFO | News RSS query for PFC: https://news.google.com/rss/search?q=%22Power+Finance+Corporation+Ltd.%22+stock+when:10d&hl=en-IN&gl=IN&ceid=IN:en
2026-04-19 09:02:03,114 | INFO | News RSS status for PFC: 200
2026-04-19 09:02:04,830 | INFO | News RSS query for POWERGRID: https://news.google.com/rss/search?q=%22Power+Grid+Corporation+of+India+Ltd.%22+NSE+when:10d&hl=en-IN&gl=IN&ceid=IN:en
2026-04-19 09:02:05,018 | INFO | News RSS status for POWERGRID: 200
2026-04-19 09:02:08,377 | INFO | News RSS query for SHRIRAMFIN: https://news.google.com/rss/search?q=%22Shriram+Finance+Ltd.%22+NSE+when:10d&hl=en-IN&gl=IN&ceid=IN:en
2026-04-19 09:02:08,620 | INFO | News RSS status for SHRIRAMFIN: 200
2026-04-19 09:02:08,705 | INFO | News RSS query for SHRIRAMFIN: https://news.google.com/rss/search?q=%22Shriram+Finance+Ltd.%22+NSE+when:10d&hl=en-IN&gl=IN&ceid=IN:en
2026-04-19 09:02:08,709 | INFO | News RSS status for SHRIRAMFIN: 200
2026-04-19 09:02:08,780 | INFO | News RSS query for SHRIRAMFIN: https://news.google.com/rss/search?q=%22Shriram+Finance+Ltd.%22+NSE+when:10d&hl=en-IN&gl=IN&ceid=IN:en
2026-04-19 09:02:08,784 | INFO | News RSS status for SHRIRAMFIN: 200
2026-04-19 09:02:09,422 | INFO | News RSS query for SIEMENS: https://news.google.com/rss/search?q=%22Siemens+Ltd.%22+NSE+when:10d&hl=en-IN&gl=IN&ceid=IN:en
2026-04-19 09:02:09,666 | INFO | News RSS status for SIEMENS: 200
2026-04-19 09:02:09,669 | INFO | News RSS query for SIEMENS: https://news.google.com/rss/search?q=%22Siemens+Ltd.%22+stock+when:10d&hl=en-IN&gl=IN&ceid=IN:en
2026-04-19 09:02:09,900 | INFO | News RSS status for SIEMENS: 200
2026-04-19 09:02:10,519 | INFO | News RSS query for SOLARINDS: https://news.google.com/rss/search?q=%22Solar+Industries+India+Ltd.%22+NSE+when:10d&hl=en-IN&gl=IN&ceid=IN:en
2026-04-19 09:02:10,718 | INFO | News RSS status for SOLARINDS: 200
2026-04-19 09:02:11,277 | WARNING | Skipping TATACAP — only 126 bars available (need 220). Extend history_backfill_days in config.json to include this symbol.
2026-04-19 09:02:12,449 | INFO | News RSS query for TATAPOWER: https://news.google.com/rss/search?q=%22Tata+Power+Co.+Ltd.%22+NSE+when:10d&hl=en-IN&gl=IN&ceid=IN:en
2026-04-19 09:02:12,613 | INFO | News RSS status for TATAPOWER: 200
2026-04-19 09:02:12,614 | INFO | News RSS query for TATAPOWER: https://news.google.com/rss/search?q=%22Tata+Power+Co.+Ltd.%22+stock+when:10d&hl=en-IN&gl=IN&ceid=IN:en
2026-04-19 09:02:12,792 | INFO | News RSS status for TATAPOWER: 200
2026-04-19 09:02:13,412 | INFO | News RSS query for TATASTEEL: https://news.google.com/rss/search?q=%22Tata+Steel+Ltd.%22+NSE+when:10d&hl=en-IN&gl=IN&ceid=IN:en
2026-04-19 09:02:13,615 | INFO | News RSS status for TATASTEEL: 200
2026-04-19 09:02:15,323 | INFO | News RSS query for TITAN: https://news.google.com/rss/search?q=%22Titan+Company+Ltd.%22+NSE+when:10d&hl=en-IN&gl=IN&ceid=IN:en
2026-04-19 09:02:15,564 | INFO | News RSS status for TITAN: 200
2026-04-19 09:02:15,569 | WARNING | Skipping TMCV — only 106 bars available (need 220). Extend history_backfill_days in config.json to include this symbol.
2026-04-19 09:02:15,570 | WARNING | Skipping TMPV — only 123 bars available (need 220). Extend history_backfill_days in config.json to include this symbol.
2026-04-19 09:02:18,410 | INFO | News RSS query for UNIONBANK: https://news.google.com/rss/search?q=%22Union+Bank+of+India%22+NSE+when:10d&hl=en-IN&gl=IN&ceid=IN:en
2026-04-19 09:02:18,626 | INFO | News RSS status for UNIONBANK: 200
2026-04-19 09:02:19,995 | INFO | News RSS query for VEDL: https://news.google.com/rss/search?q=%22Vedanta+Ltd.%22+NSE+when:10d&hl=en-IN&gl=IN&ceid=IN:en
2026-04-19 09:02:20,242 | INFO | News RSS status for VEDL: 200
2026-04-19 09:02:21,404 | INFO | News RSS query for ZYDUSLIFE: https://news.google.com/rss/search?q=%22Zydus+Lifesciences+Ltd.%22+NSE+when:10d&hl=en-IN&gl=IN&ceid=IN:en
2026-04-19 09:02:21,570 | INFO | News RSS status for ZYDUSLIFE: 200
2026-04-19 09:02:21,572 | INFO | News RSS query for ZYDUSLIFE: https://news.google.com/rss/search?q=%22Zydus+Lifesciences+Ltd.%22+stock+when:10d&hl=en-IN&gl=IN&ceid=IN:en
2026-04-19 09:02:21,796 | INFO | News RSS status for ZYDUSLIFE: 200
2026-04-19 09:02:21,809 | INFO | Index membership from cache: NIFTY 50 (50 symbols)
2026-04-19 09:02:21,809 | INFO | Index membership from cache: Nifty Next 50 (50 symbols)
2026-04-19 09:02:21,809 | INFO | Index membership ready: 100 symbols mapped
2026-04-19 09:02:21,809 | INFO | Market Health: fetching index OHLCV...
2026-04-19 09:02:21,812 | INFO | Index OHLCV cache fresh for NIFTY 50 (1362 rows)
2026-04-19 09:02:21,815 | INFO | Index OHLCV cache fresh for NIFTY NEXT 50 (1362 rows)
2026-04-19 09:02:21,815 | INFO | Market Health: fetching VIX...
2026-04-19 09:02:21,816 | INFO | VIX cache fresh (60 rows)
2026-04-19 09:02:21,816 | INFO | Market Health: updating breadth EMA cache...
2026-04-19 09:02:22,975 | INFO | Market Health [NIFTY 50]: Score=32.0 | Weak Bull &#x1F7E1;
2026-04-19 09:02:22,992 | INFO | Market Health [Nifty Next 50]: Score=48.0 | Weak Bull &#x1F7E1;
2026-04-19 09:02:23,071 | INFO | Signal log: skipping new signal insertion — 2026-04-19 is a weekend.
2026-04-19 09:02:23,202 | INFO | Signal tracker: updated 17 Active signal rows.
2026-04-19 09:02:23,222 | INFO | HTML report written: /home/runner/work/nifty100-reporter/nifty100-reporter/reports/nifty100_daily_report_20260419.html
2026-04-19 09:02:23,230 | INFO | Market Health Excel sheet written.
2026-04-19 09:02:23,335 | INFO | Excel report written: /home/runner/work/nifty100-reporter/nifty100-reporter/reports/nifty100_daily_report_20260419.xlsx
2026-04-19 09:02:23,335 | INFO | GitHub Actions detected — skipping Gmail API send (workflow handles email).
2026-04-19 09:02:23,335 | INFO | Run completed successfully.
2026-04-19 09:02:23,335 | INFO | Artifacts: /home/runner/work/nifty100-reporter/nifty100-reporter/reports/nifty100_daily_report_20260419.html | /home/runner/work/nifty100-reporter/nifty100-reporter/reports/nifty100_daily_report_20260419.xlsx | log: /home/runner/work/nifty100-reporter/nifty100-reporter/logs/run_20260419_142954.log
