2026-04-19 15:01:20,642 | INFO | Nifty 100 Daily EMA Cross Reporter | Version 3.3.8 | Released 2026-04-17
2026-04-19 15:01:20,642 | INFO | Base directory: /home/runner/work/nifty100-reporter/nifty100-reporter
2026-04-19 15:01:20,643 | INFO | Loaded config. Email enabled: True | Recipients: 1
2026-04-19 15:01:20,866 | WARNING | NSE session bootstrap HTTP 403 (attempt 1/5) — refreshing NSE session cookie …
2026-04-19 15:01:31,167 | WARNING | NSE session bootstrap HTTP 403 (attempt 2/5) — refreshing NSE session cookie …
2026-04-19 15:01:41,419 | WARNING | NSE session bootstrap HTTP 403 (attempt 3/5) — refreshing NSE session cookie …
2026-04-19 15:01:51,736 | WARNING | NSE session bootstrap HTTP 403 (attempt 4/5) — refreshing NSE session cookie …
2026-04-19 15:02:02,067 | INFO | NSE session bootstrap status: 403
2026-04-19 15:02:02,068 | INFO | Downloading Nifty 100 universe from https://www.niftyindices.com/IndexConstituent/ind_nifty100list.csv
2026-04-19 15:02:03,582 | INFO | Universe download status: 200
2026-04-19 15:02:03,587 | INFO | Universe rows loaded: 100
2026-04-19 15:02:03,700 | INFO | Loaded history rows: 125464
2026-04-19 15:02:03,708 | INFO | yfinance history update: 100 symbols | 2026-04-16 → 2026-04-20
2026-04-19 15:02:03,708 | INFO | yfinance batch download: 100 symbols | 2026-04-16 → 2026-04-20
2026-04-19 15:02:08,414 | INFO | yfinance raw shape: (2, 500)
2026-04-19 15:02:08,747 | INFO | yfinance parsed rows after date-filter: 200
2026-04-19 15:02:08,748 | INFO | New rows from yfinance: 200
2026-04-19 15:02:09,520 | INFO | Saved history rows: 125464 | file: /home/runner/work/nifty100-reporter/nifty100-reporter/data/nifty100_ohlcv_history.csv
2026-04-19 15:02:09,627 | INFO | Loaded history rows: 125464
2026-04-19 15:02:09,627 | INFO | Latest OHLCV data is from 2026-04-17
2026-04-19 15:02:09,656 | INFO | Latest Delivery data is from 2026-04-17
2026-04-19 15:02:09,702 | INFO | Delivery cache has 34 dates — skipping backfill.
2026-04-19 15:02:09,702 | INFO | Delivery fetch attempt [2/7] — URL: https://archives.nseindia.com/products/content/sec_bhavdata_full_17042026.csv
2026-04-19 15:02:12,477 | INFO | Delivery fetch SUCCESS — date: 2026-04-17 | size: 361601 bytes | URL: https://archives.nseindia.com/products/content/sec_bhavdata_full_17042026.csv
2026-04-19 15:02:12,833 | INFO | Delivery cache updated: 2403 symbols for 2026-04-17 (rows in cache: 82966)
2026-04-19 15:02:12,834 | INFO | Delivery data: 2403 symbols | fallback=False
2026-04-19 15:02:13,398 | INFO | Corporate actions bulk OK: 8 raw rows | 1 Nifty100 symbols with events
2026-04-19 15:03:00,622 | INFO | Corporate actions: 1/100 symbols have events (window 19-04-2026 to 19-05-2026) | Symbols: ABB
2026-04-19 15:03:00,622 | INFO | Index membership from cache: NIFTY 50 (50 symbols)
2026-04-19 15:03:00,622 | INFO | Index membership from cache: Nifty Next 50 (50 symbols)
2026-04-19 15:03:00,622 | INFO | Index membership ready: 100 symbols mapped
2026-04-19 15:03:01,249 | INFO | News RSS query for ABB: https://news.google.com/rss/search?q=%22ABB+India+Ltd.%22+NSE+when:10d&hl=en-IN&gl=IN&ceid=IN:en
2026-04-19 15:03:01,493 | INFO | News RSS status for ABB: 200
2026-04-19 15:03:01,876 | INFO | News RSS query for ADANIENSOL: https://news.google.com/rss/search?q=%22Adani+Energy+Solutions+Ltd.%22+NSE+when:10d&hl=en-IN&gl=IN&ceid=IN:en
2026-04-19 15:03:02,148 | INFO | News RSS status for ADANIENSOL: 200
2026-04-19 15:03:03,916 | INFO | News RSS query for ADANIPORTS: https://news.google.com/rss/search?q=%22Adani+Ports+and+Special+Economic+Zone+Ltd.%22+NSE+when:10d&hl=en-IN&gl=IN&ceid=IN:en
2026-04-19 15:03:04,118 | INFO | News RSS status for ADANIPORTS: 200
2026-04-19 15:03:04,188 | INFO | News RSS query for ADANIPORTS: https://news.google.com/rss/search?q=%22Adani+Ports+and+Special+Economic+Zone+Ltd.%22+NSE+when:10d&hl=en-IN&gl=IN&ceid=IN:en
2026-04-19 15:03:04,194 | INFO | News RSS status for ADANIPORTS: 200
2026-04-19 15:03:04,262 | INFO | News RSS query for ADANIPORTS: https://news.google.com/rss/search?q=%22Adani+Ports+and+Special+Economic+Zone+Ltd.%22+NSE+when:10d&hl=en-IN&gl=IN&ceid=IN:en
2026-04-19 15:03:04,266 | INFO | News RSS status for ADANIPORTS: 200
2026-04-19 15:03:04,905 | INFO | News RSS query for ADANIPOWER: https://news.google.com/rss/search?q=%22Adani+Power+Ltd.%22+NSE+when:10d&hl=en-IN&gl=IN&ceid=IN:en
2026-04-19 15:03:05,126 | INFO | News RSS status for ADANIPOWER: 200
2026-04-19 15:03:05,129 | INFO | News RSS query for ADANIPOWER: https://news.google.com/rss/search?q=%22Adani+Power+Ltd.%22+stock+when:10d&hl=en-IN&gl=IN&ceid=IN:en
2026-04-19 15:03:05,347 | INFO | News RSS status for ADANIPOWER: 200
2026-04-19 15:03:06,528 | INFO | News RSS query for APOLLOHOSP: https://news.google.com/rss/search?q=%22Apollo+Hospitals+Enterprise+Ltd.%22+NSE+when:10d&hl=en-IN&gl=IN&ceid=IN:en
2026-04-19 15:03:06,791 | INFO | News RSS status for APOLLOHOSP: 200
2026-04-19 15:03:07,997 | INFO | News RSS query for AXISBANK: https://news.google.com/rss/search?q=%22Axis+Bank+Ltd.%22+NSE+when:10d&hl=en-IN&gl=IN&ceid=IN:en
2026-04-19 15:03:08,252 | INFO | News RSS status for AXISBANK: 200
2026-04-19 15:03:08,325 | INFO | News RSS query for AXISBANK: https://news.google.com/rss/search?q=%22Axis+Bank+Ltd.%22+NSE+when:10d&hl=en-IN&gl=IN&ceid=IN:en
2026-04-19 15:03:08,329 | INFO | News RSS status for AXISBANK: 200
2026-04-19 15:03:08,953 | INFO | News RSS query for BAJAJ-AUTO: https://news.google.com/rss/search?q=%22Bajaj+Auto+Ltd.%22+NSE+when:10d&hl=en-IN&gl=IN&ceid=IN:en
2026-04-19 15:03:09,200 | INFO | News RSS status for BAJAJ-AUTO: 200
2026-04-19 15:03:09,274 | INFO | News RSS query for BAJAJ-AUTO: https://news.google.com/rss/search?q=%22Bajaj+Auto+Ltd.%22+NSE+when:10d&hl=en-IN&gl=IN&ceid=IN:en
2026-04-19 15:03:09,279 | INFO | News RSS status for BAJAJ-AUTO: 200
2026-04-19 15:03:12,170 | INFO | News RSS query for BEL: https://news.google.com/rss/search?q=%22Bharat+Electronics+Ltd.%22+NSE+when:10d&hl=en-IN&gl=IN&ceid=IN:en
2026-04-19 15:03:12,436 | INFO | News RSS status for BEL: 200
2026-04-19 15:03:13,629 | INFO | News RSS query for BOSCHLTD: https://news.google.com/rss/search?q=%22Bosch+Ltd.%22+NSE+when:10d&hl=en-IN&gl=IN&ceid=IN:en
2026-04-19 15:03:13,871 | INFO | News RSS status for BOSCHLTD: 200
2026-04-19 15:03:16,224 | INFO | News RSS query for CGPOWER: https://news.google.com/rss/search?q=%22CG+Power+and+Industrial+Solutions+Ltd.%22+NSE+when:10d&hl=en-IN&gl=IN&ceid=IN:en
2026-04-19 15:03:16,470 | INFO | News RSS status for CGPOWER: 200
2026-04-19 15:03:18,787 | INFO | News RSS query for CUMMINSIND: https://news.google.com/rss/search?q=%22Cummins+India+Ltd.%22+NSE+when:10d&hl=en-IN&gl=IN&ceid=IN:en
2026-04-19 15:03:18,990 | INFO | News RSS status for CUMMINSIND: 200
2026-04-19 15:03:18,991 | INFO | News RSS query for CUMMINSIND: https://news.google.com/rss/search?q=%22Cummins+India+Ltd.%22+stock+when:10d&hl=en-IN&gl=IN&ceid=IN:en
2026-04-19 15:03:19,225 | INFO | News RSS status for CUMMINSIND: 200
2026-04-19 15:03:20,988 | INFO | News RSS query for DMART: https://news.google.com/rss/search?q=%22Avenue+Supermarts+Ltd.%22+NSE+when:10d&hl=en-IN&gl=IN&ceid=IN:en
2026-04-19 15:03:21,221 | INFO | News RSS status for DMART: 200
2026-04-19 15:03:21,222 | INFO | News RSS query for DMART: https://news.google.com/rss/search?q=%22Avenue+Supermarts+Ltd.%22+stock+when:10d&hl=en-IN&gl=IN&ceid=IN:en
2026-04-19 15:03:21,470 | INFO | News RSS status for DMART: 200
2026-04-19 15:03:21,542 | INFO | News RSS query for DMART: https://news.google.com/rss/search?q=%22Avenue+Supermarts+Ltd.%22+NSE+when:10d&hl=en-IN&gl=IN&ceid=IN:en
2026-04-19 15:03:21,546 | INFO | News RSS status for DMART: 200
2026-04-19 15:03:21,547 | INFO | News RSS query for DMART: https://news.google.com/rss/search?q=%22Avenue+Supermarts+Ltd.%22+stock+when:10d&hl=en-IN&gl=IN&ceid=IN:en
2026-04-19 15:03:21,551 | INFO | News RSS status for DMART: 200
2026-04-19 15:03:22,705 | WARNING | Skipping ENRIN — only 203 bars available (need 220). Extend history_backfill_days in config.json to include this symbol.
2026-04-19 15:03:28,335 | INFO | News RSS query for HINDALCO: https://news.google.com/rss/search?q=%22Hindalco+Industries+Ltd.%22+NSE+when:10d&hl=en-IN&gl=IN&ceid=IN:en
2026-04-19 15:03:28,583 | INFO | News RSS status for HINDALCO: 200
2026-04-19 15:03:29,224 | INFO | News RSS query for HINDUNILVR: https://news.google.com/rss/search?q=%22Hindustan+Unilever+Ltd.%22+NSE+when:10d&hl=en-IN&gl=IN&ceid=IN:en
2026-04-19 15:03:29,474 | INFO | News RSS status for HINDUNILVR: 200
2026-04-19 15:03:34,176 | INFO | News RSS query for ITC: https://news.google.com/rss/search?q=%22ITC+Ltd.%22+NSE+when:10d&hl=en-IN&gl=IN&ceid=IN:en
2026-04-19 15:03:34,402 | INFO | News RSS status for ITC: 200
2026-04-19 15:03:35,034 | INFO | News RSS query for JINDALSTEL: https://news.google.com/rss/search?q=%22Jindal+Steel+Ltd.%22+NSE+when:10d&hl=en-IN&gl=IN&ceid=IN:en
2026-04-19 15:03:35,282 | INFO | News RSS status for JINDALSTEL: 200
2026-04-19 15:03:35,637 | INFO | News RSS query for JIOFIN: https://news.google.com/rss/search?q=%22Jio+Financial+Services+Ltd.%22+NSE+when:10d&hl=en-IN&gl=IN&ceid=IN:en
2026-04-19 15:03:35,847 | INFO | News RSS status for JIOFIN: 200
2026-04-19 15:03:36,492 | INFO | News RSS query for JSWSTEEL: https://news.google.com/rss/search?q=%22JSW+Steel+Ltd.%22+NSE+when:10d&hl=en-IN&gl=IN&ceid=IN:en
2026-04-19 15:03:36,738 | INFO | News RSS status for JSWSTEEL: 200
2026-04-19 15:03:36,812 | INFO | News RSS query for JSWSTEEL: https://news.google.com/rss/search?q=%22JSW+Steel+Ltd.%22+NSE+when:10d&hl=en-IN&gl=IN&ceid=IN:en
2026-04-19 15:03:36,818 | INFO | News RSS status for JSWSTEEL: 200
2026-04-19 15:03:36,892 | INFO | News RSS query for JSWSTEEL: https://news.google.com/rss/search?q=%22JSW+Steel+Ltd.%22+NSE+when:10d&hl=en-IN&gl=IN&ceid=IN:en
2026-04-19 15:03:36,897 | INFO | News RSS status for JSWSTEEL: 200
2026-04-19 15:03:38,063 | INFO | News RSS query for LODHA: https://news.google.com/rss/search?q=%22Lodha+Developers+Ltd.%22+NSE+when:10d&hl=en-IN&gl=IN&ceid=IN:en
2026-04-19 15:03:38,269 | INFO | News RSS status for LODHA: 200
2026-04-19 15:03:38,270 | INFO | News RSS query for LODHA: https://news.google.com/rss/search?q=%22Lodha+Developers+Ltd.%22+stock+when:10d&hl=en-IN&gl=IN&ceid=IN:en
2026-04-19 15:03:38,519 | INFO | News RSS status for LODHA: 200
2026-04-19 15:03:39,100 | WARNING | Skipping LTM — only 38 bars available (need 220). Extend history_backfill_days in config.json to include this symbol.
2026-04-19 15:03:40,297 | INFO | News RSS query for MARUTI: https://news.google.com/rss/search?q=%22Maruti+Suzuki+India+Ltd.%22+NSE+when:10d&hl=en-IN&gl=IN&ceid=IN:en
2026-04-19 15:03:40,510 | INFO | News RSS status for MARUTI: 200
2026-04-19 15:03:44,002 | INFO | News RSS query for NTPC: https://news.google.com/rss/search?q=%22NTPC+Ltd.%22+NSE+when:10d&hl=en-IN&gl=IN&ceid=IN:en
2026-04-19 15:03:44,216 | INFO | News RSS status for NTPC: 200
2026-04-19 15:03:44,218 | INFO | News RSS query for NTPC: https://news.google.com/rss/search?q=%22NTPC+Ltd.%22+stock+when:10d&hl=en-IN&gl=IN&ceid=IN:en
2026-04-19 15:03:44,491 | INFO | News RSS status for NTPC: 200
2026-04-19 15:03:45,133 | INFO | News RSS query for ONGC: https://news.google.com/rss/search?q=%22Oil+%26+Natural+Gas+Corporation+Ltd.%22+NSE+when:10d&hl=en-IN&gl=IN&ceid=IN:en
2026-04-19 15:03:45,386 | INFO | News RSS status for ONGC: 200
2026-04-19 15:03:45,388 | INFO | News RSS query for ONGC: https://news.google.com/rss/search?q=%22Oil+%26+Natural+Gas+Corporation+Ltd.%22+stock+when:10d&hl=en-IN&gl=IN&ceid=IN:en
2026-04-19 15:03:45,631 | INFO | News RSS status for ONGC: 200
2026-04-19 15:03:45,703 | INFO | News RSS query for ONGC: https://news.google.com/rss/search?q=%22Oil+%26+Natural+Gas+Corporation+Ltd.%22+NSE+when:10d&hl=en-IN&gl=IN&ceid=IN:en
2026-04-19 15:03:45,707 | INFO | News RSS status for ONGC: 200
2026-04-19 15:03:45,709 | INFO | News RSS query for ONGC: https://news.google.com/rss/search?q=%22Oil+%26+Natural+Gas+Corporation+Ltd.%22+stock+when:10d&hl=en-IN&gl=IN&ceid=IN:en
2026-04-19 15:03:45,712 | INFO | News RSS status for ONGC: 200
2026-04-19 15:03:46,341 | INFO | News RSS query for PFC: https://news.google.com/rss/search?q=%22Power+Finance+Corporation+Ltd.%22+NSE+when:10d&hl=en-IN&gl=IN&ceid=IN:en
2026-04-19 15:03:46,577 | INFO | News RSS status for PFC: 200
2026-04-19 15:03:46,580 | INFO | News RSS query for PFC: https://news.google.com/rss/search?q=%22Power+Finance+Corporation+Ltd.%22+stock+when:10d&hl=en-IN&gl=IN&ceid=IN:en
2026-04-19 15:03:46,857 | INFO | News RSS status for PFC: 200
2026-04-19 15:03:48,621 | INFO | News RSS query for POWERGRID: https://news.google.com/rss/search?q=%22Power+Grid+Corporation+of+India+Ltd.%22+NSE+when:10d&hl=en-IN&gl=IN&ceid=IN:en
2026-04-19 15:03:48,847 | INFO | News RSS status for POWERGRID: 200
2026-04-19 15:03:52,287 | INFO | News RSS query for SHRIRAMFIN: https://news.google.com/rss/search?q=%22Shriram+Finance+Ltd.%22+NSE+when:10d&hl=en-IN&gl=IN&ceid=IN:en
2026-04-19 15:03:52,533 | INFO | News RSS status for SHRIRAMFIN: 200
2026-04-19 15:03:52,606 | INFO | News RSS query for SHRIRAMFIN: https://news.google.com/rss/search?q=%22Shriram+Finance+Ltd.%22+NSE+when:10d&hl=en-IN&gl=IN&ceid=IN:en
2026-04-19 15:03:52,610 | INFO | News RSS status for SHRIRAMFIN: 200
2026-04-19 15:03:52,681 | INFO | News RSS query for SHRIRAMFIN: https://news.google.com/rss/search?q=%22Shriram+Finance+Ltd.%22+NSE+when:10d&hl=en-IN&gl=IN&ceid=IN:en
2026-04-19 15:03:52,686 | INFO | News RSS status for SHRIRAMFIN: 200
2026-04-19 15:03:53,325 | INFO | News RSS query for SIEMENS: https://news.google.com/rss/search?q=%22Siemens+Ltd.%22+NSE+when:10d&hl=en-IN&gl=IN&ceid=IN:en
2026-04-19 15:03:53,554 | INFO | News RSS status for SIEMENS: 200
2026-04-19 15:03:53,557 | INFO | News RSS query for SIEMENS: https://news.google.com/rss/search?q=%22Siemens+Ltd.%22+stock+when:10d&hl=en-IN&gl=IN&ceid=IN:en
2026-04-19 15:03:53,827 | INFO | News RSS status for SIEMENS: 200
2026-04-19 15:03:54,448 | INFO | News RSS query for SOLARINDS: https://news.google.com/rss/search?q=%22Solar+Industries+India+Ltd.%22+NSE+when:10d&hl=en-IN&gl=IN&ceid=IN:en
2026-04-19 15:03:54,750 | INFO | News RSS status for SOLARINDS: 200
2026-04-19 15:03:55,311 | WARNING | Skipping TATACAP — only 126 bars available (need 220). Extend history_backfill_days in config.json to include this symbol.
2026-04-19 15:03:56,491 | INFO | News RSS query for TATAPOWER: https://news.google.com/rss/search?q=%22Tata+Power+Co.+Ltd.%22+NSE+when:10d&hl=en-IN&gl=IN&ceid=IN:en
2026-04-19 15:03:56,725 | INFO | News RSS status for TATAPOWER: 200
2026-04-19 15:03:56,726 | INFO | News RSS query for TATAPOWER: https://news.google.com/rss/search?q=%22Tata+Power+Co.+Ltd.%22+stock+when:10d&hl=en-IN&gl=IN&ceid=IN:en
2026-04-19 15:03:56,963 | INFO | News RSS status for TATAPOWER: 200
2026-04-19 15:03:57,600 | INFO | News RSS query for TATASTEEL: https://news.google.com/rss/search?q=%22Tata+Steel+Ltd.%22+NSE+when:10d&hl=en-IN&gl=IN&ceid=IN:en
2026-04-19 15:03:57,863 | INFO | News RSS status for TATASTEEL: 200
2026-04-19 15:03:59,603 | INFO | News RSS query for TITAN: https://news.google.com/rss/search?q=%22Titan+Company+Ltd.%22+NSE+when:10d&hl=en-IN&gl=IN&ceid=IN:en
2026-04-19 15:03:59,867 | INFO | News RSS status for TITAN: 200
2026-04-19 15:03:59,873 | WARNING | Skipping TMCV — only 106 bars available (need 220). Extend history_backfill_days in config.json to include this symbol.
2026-04-19 15:03:59,873 | WARNING | Skipping TMPV — only 123 bars available (need 220). Extend history_backfill_days in config.json to include this symbol.
2026-04-19 15:04:02,742 | INFO | News RSS query for UNIONBANK: https://news.google.com/rss/search?q=%22Union+Bank+of+India%22+NSE+when:10d&hl=en-IN&gl=IN&ceid=IN:en
2026-04-19 15:04:02,968 | INFO | News RSS status for UNIONBANK: 200
2026-04-19 15:04:04,363 | INFO | News RSS query for VEDL: https://news.google.com/rss/search?q=%22Vedanta+Ltd.%22+NSE+when:10d&hl=en-IN&gl=IN&ceid=IN:en
2026-04-19 15:04:04,578 | INFO | News RSS status for VEDL: 200
2026-04-19 15:04:05,776 | INFO | News RSS query for ZYDUSLIFE: https://news.google.com/rss/search?q=%22Zydus+Lifesciences+Ltd.%22+NSE+when:10d&hl=en-IN&gl=IN&ceid=IN:en
2026-04-19 15:04:05,996 | INFO | News RSS status for ZYDUSLIFE: 200
2026-04-19 15:04:05,998 | INFO | News RSS query for ZYDUSLIFE: https://news.google.com/rss/search?q=%22Zydus+Lifesciences+Ltd.%22+stock+when:10d&hl=en-IN&gl=IN&ceid=IN:en
2026-04-19 15:04:06,199 | INFO | News RSS status for ZYDUSLIFE: 200
2026-04-19 15:04:06,212 | INFO | Index membership from cache: NIFTY 50 (50 symbols)
2026-04-19 15:04:06,212 | INFO | Index membership from cache: Nifty Next 50 (50 symbols)
2026-04-19 15:04:06,212 | INFO | Index membership ready: 100 symbols mapped
2026-04-19 15:04:06,212 | INFO | Market Health: fetching index OHLCV...
2026-04-19 15:04:06,215 | INFO | Index OHLCV cache fresh for NIFTY 50 (1362 rows)
2026-04-19 15:04:06,217 | INFO | Index OHLCV cache fresh for NIFTY NEXT 50 (1362 rows)
2026-04-19 15:04:06,218 | INFO | Market Health: fetching VIX...
2026-04-19 15:04:06,219 | INFO | VIX cache fresh (60 rows)
2026-04-19 15:04:06,219 | INFO | Market Health: updating breadth EMA cache...
2026-04-19 15:04:07,389 | INFO | Market Health [NIFTY 50]: Score=32.0 | Weak Bull &#x1F7E1;
2026-04-19 15:04:07,406 | INFO | Market Health [Nifty Next 50]: Score=48.0 | Weak Bull &#x1F7E1;
2026-04-19 15:04:07,487 | INFO | Signal log: skipping new signal insertion — 2026-04-19 is a weekend.
2026-04-19 15:04:07,623 | INFO | Signal tracker: updated 17 Active signal rows.
2026-04-19 15:04:07,642 | INFO | HTML report written: /home/runner/work/nifty100-reporter/nifty100-reporter/reports/nifty100_daily_report_20260419.html
2026-04-19 15:04:07,651 | INFO | Market Health Excel sheet written.
2026-04-19 15:04:07,755 | INFO | Excel report written: /home/runner/work/nifty100-reporter/nifty100-reporter/reports/nifty100_daily_report_20260419.xlsx
2026-04-19 15:04:07,755 | INFO | GitHub Actions detected — skipping Gmail API send (workflow handles email).
2026-04-19 15:04:07,755 | INFO | Run completed successfully.
2026-04-19 15:04:07,755 | INFO | Artifacts: /home/runner/work/nifty100-reporter/nifty100-reporter/reports/nifty100_daily_report_20260419.html | /home/runner/work/nifty100-reporter/nifty100-reporter/reports/nifty100_daily_report_20260419.xlsx | log: /home/runner/work/nifty100-reporter/nifty100-reporter/logs/run_20260419_203120.log
